Simulation
Program:           programs\ADDER32.qasm
Machine:           G2x2
Model:             MUSS_Params
Ions/Region:       12
Mapper:            SABRE
Reorder:           Naive
SerialTrap:        1
SerialComm:        1
SerialAll:         1
GateType:          FM
SwapType:          PaperSwapDirect
Scheduler Family:  MUSS
Scheduler Version: V6
Analyzer Mode:     PAPER
Arch Scale:        SMALL
========== Gate Set Summary ==========
cx: 256
h: 60
t: 120
tdg: 90
x: 30
======================================
Parse object map:
{0: [2, 1], 1: [2, 0], 3: [1, 2], 5: [0, 2], 7: [1, 2], 10: [0, 2], 11: [0, 1], 16: [0, 1], 17: [4, 3], 18: [4, 2], 20: [3, 4], 22: [2, 4], 24: [3, 4], 27: [2, 4], 28: [2, 3], 33: [2, 3], 34: [6, 5], 35: [6, 4], 37: [5, 6], 39: [4, 6], 41: [5, 6], 44: [4, 6], 45: [4, 5], 50: [4, 5], 51: [8, 7], 52: [8, 6], 54: [7, 8], 56: [6, 8], 58: [7, 8], 61: [6, 8], 62: [6, 7], 67: [6, 7], 68: [10, 9], 69: [10, 8], 71: [9, 10], 73: [8, 10], 75: [9, 10], 78: [8, 10], 79: [8, 9], 84: [8, 9], 85: [12, 11], 86: [12, 10], 88: [11, 12], 90: [10, 12], 92: [11, 12], 95: [10, 12], 96: [10, 11], 101: [10, 11], 102: [14, 13], 103: [14, 12], 105: [13, 14], 107: [12, 14], 109: [13, 14], 112: [12, 14], 113: [12, 13], 118: [12, 13], 119: [16, 15], 120: [16, 14], 122: [15, 16], 124: [14, 16], 126: [15, 16], 129: [14, 16], 130: [14, 15], 135: [14, 15], 136: [18, 17], 137: [18, 16], 139: [17, 18], 141: [16, 18], 143: [17, 18], 146: [16, 18], 147: [16, 17], 152: [16, 17], 153: [20, 19], 154: [20, 18], 156: [19, 20], 158: [18, 20], 160: [19, 20], 163: [18, 20], 164: [18, 19], 169: [18, 19], 170: [22, 21], 171: [22, 20], 173: [21, 22], 175: [20, 22], 177: [21, 22], 180: [20, 22], 181: [20, 21], 186: [20, 21], 187: [24, 23], 188: [24, 22], 190: [23, 24], 192: [22, 24], 194: [23, 24], 197: [22, 24], 198: [22, 23], 203: [22, 23], 204: [26, 25], 205: [26, 24], 207: [25, 26], 209: [24, 26], 211: [25, 26], 214: [24, 26], 215: [24, 25], 220: [24, 25], 221: [28, 27], 222: [28, 26], 224: [27, 28], 226: [26, 28], 228: [27, 28], 231: [26, 28], 232: [26, 27], 237: [26, 27], 238: [30, 29], 239: [30, 28], 241: [29, 30], 243: [28, 30], 245: [29, 30], 248: [28, 30], 249: [28, 29], 254: [28, 29], 255: [30, 31], 257: [28, 29], 259: [29, 30], 261: [28, 30], 263: [29, 30], 266: [28, 30], 267: [28, 29], 272: [28, 29], 274: [30, 28], 275: [30, 29], 277: [26, 27], 279: [27, 28], 281: [26, 28], 283: [27, 28], 286: [26, 28], 287: [26, 27], 292: [26, 27], 294: [28, 26], 295: [28, 27], 297: [24, 25], 299: [25, 26], 301: [24, 26], 303: [25, 26], 306: [24, 26], 307: [24, 25], 312: [24, 25], 314: [26, 24], 315: [26, 25], 317: [22, 23], 319: [23, 24], 321: [22, 24], 323: [23, 24], 326: [22, 24], 327: [22, 23], 332: [22, 23], 334: [24, 22], 335: [24, 23], 337: [20, 21], 339: [21, 22], 341: [20, 22], 343: [21, 22], 346: [20, 22], 347: [20, 21], 352: [20, 21], 354: [22, 20], 355: [22, 21], 357: [18, 19], 359: [19, 20], 361: [18, 20], 363: [19, 20], 366: [18, 20], 367: [18, 19], 372: [18, 19], 374: [20, 18], 375: [20, 19], 377: [16, 17], 379: [17, 18], 381: [16, 18], 383: [17, 18], 386: [16, 18], 387: [16, 17], 392: [16, 17], 394: [18, 16], 395: [18, 17], 397: [14, 15], 399: [15, 16], 401: [14, 16], 403: [15, 16], 406: [14, 16], 407: [14, 15], 412: [14, 15], 414: [16, 14], 415: [16, 15], 417: [12, 13], 419: [13, 14], 421: [12, 14], 423: [13, 14], 426: [12, 14], 427: [12, 13], 432: [12, 13], 434: [14, 12], 435: [14, 13], 437: [10, 11], 439: [11, 12], 441: [10, 12], 443: [11, 12], 446: [10, 12], 447: [10, 11], 452: [10, 11], 454: [12, 10], 455: [12, 11], 457: [8, 9], 459: [9, 10], 461: [8, 10], 463: [9, 10], 466: [8, 10], 467: [8, 9], 472: [8, 9], 474: [10, 8], 475: [10, 9], 477: [6, 7], 479: [7, 8], 481: [6, 8], 483: [7, 8], 486: [6, 8], 487: [6, 7], 492: [6, 7], 494: [8, 6], 495: [8, 7], 497: [4, 5], 499: [5, 6], 501: [4, 6], 503: [5, 6], 506: [4, 6], 507: [4, 5], 512: [4, 5], 514: [6, 4], 515: [6, 5], 517: [2, 3], 519: [3, 4], 521: [2, 4], 523: [3, 4], 526: [2, 4], 527: [2, 3], 532: [2, 3], 534: [4, 2], 535: [4, 3], 537: [0, 1], 539: [1, 2], 541: [0, 2], 543: [1, 2], 546: [0, 2], 547: [0, 1], 552: [0, 1], 554: [2, 0], 555: [2, 1]}
Parse object graph:
DiGraph with 556 nodes and 780 edges
Using SABRE2 mapper (matches muss_schedule6 improved version)
Raw mapping:
{0: 0, 1: 0, 2: 0, 3: 0, 4: 0, 5: 0, 6: 0, 7: 0, 8: 0, 9: 0, 10: 0, 11: 0, 12: 1, 13: 1, 14: 1, 15: 1, 16: 1, 17: 1, 18: 1, 19: 1, 20: 1, 21: 1, 22: 1, 23: 2, 24: 2, 25: 2, 26: 2, 27: 2, 28: 2, 29: 2, 30: 2, 31: 2}
Initial layout policy: mapping_only + canonicalize_to_trap_layout
Note: reorder_choice='Naive' is ignored for mapper 'SABRE'
Skip qubit ordering for mapper 'SABRE'
Initial qubit layout:
{0: [0, 1, 2, 3, 4, 5, 6, 7, 8, 9, 10, 11], 1: [12, 13, 14, 15, 16, 17, 18, 19, 20, 21, 22], 2: [23, 24, 25, 26, 27, 28, 29, 30, 31], 3: []}
Using MUSS Scheduler (V6) with SABRE Mapping
Using muss_schedule6.py new_vision
Analyzer shuttle mode: aggregate (detected shuttle_id annotations)
Analyzer parameter wiring: alpha_bg=0.0, T1=600000000.0, k_heating=0.001, epsilon_2q=3.90625e-05, strict_paper_mainline=True
Analyzer mode: paper
Program Finish Time: 16938 us
OPCOUNTS Gate: 556 Split: 46 Move: 85 Merge: 46

Two-qubit gate chain statistics
Mean: 10.9609375 Max: 12.0
Fidelity: 0.23303413227558706

Shuttle count summary
  logical_shuttle_count      = 46   # High-level shuttle count aggregated by shuttle_id
  physical_shuttle_leg_count = 46   # Paper-facing count: each complete trap-to-trap split+move+merge leg
  split_count                = 46
  merge_count                = 46
  move_count                 = 85
[DBG SUMMARY] gates=556  gate_mult=0.289402  avg_gate_nbar=0.0000
[DBG SUMMARY] logical_shuttles=46  shuttle_mult=0.805228  min_shuttle=0.9949
[DBG SUMMARY] worst_B: Trap 0 -> 1.000000 (heat_state=0.000000, alpha_bg=0.0, move_bg_fraction=0.0, model=exp, strict_paper_mainline=True)

========== ANALYSIS RESULT ==========
{'fidelity': 0.23303413227558706, 'total_shuttle': 46, 'logical_shuttle_count': 46, 'physical_shuttle_leg_count': 46, 'split_count': 46, 'merge_count': 46, 'move_count': 85, 'time': 16938}

========== SHUTTLE TRACE ==========
[SHUTTLE 0] ion=11  T0 -> T1  route=T0->J0->J1->T1
    - SPLIT  (80 -> 160)  ion 11: T0 -> Seg0 (swap_cnt=0, swap_hops=0, ion_hops=0, i1=0, i2=0)
    - MOVE   (160 -> 174)  ion 11: Seg0 -> Seg4 via J0
    - MOVE   (174 -> 188)  ion 11: Seg4 -> Seg2 via J1
    - MERGE  (188 -> 268)  ion 11: Seg2 -> T1
[SHUTTLE 1] ion=12  T1 -> T0  route=T1->J1->J0->T0
    - SPLIT  (1120 -> 1240)  ion 12: T1 -> Seg2 (swap_cnt=1, swap_hops=11, ion_hops=0, i1=12, i2=11)
    - MOVE   (1240 -> 1254)  ion 12: Seg2 -> Seg4 via J1
    - MOVE   (1254 -> 1268)  ion 12: Seg4 -> Seg0 via J0
    - MERGE  (1268 -> 1348)  ion 12: Seg0 -> T0
[SHUTTLE 2] ion=12  T0 -> T1  route=T0->J0->J1->T1
    - SPLIT  (1388 -> 1468)  ion 12: T0 -> Seg0 (swap_cnt=0, swap_hops=0, ion_hops=0, i1=0, i2=0)
    - MOVE   (1468 -> 1482)  ion 12: Seg0 -> Seg4 via J0
    - MOVE   (1482 -> 1496)  ion 12: Seg4 -> Seg2 via J1
    - MERGE  (1496 -> 1576)  ion 12: Seg2 -> T1
[SHUTTLE 3] ion=12  T1 -> T0  route=T1->J1->J0->T0
    - SPLIT  (1616 -> 1696)  ion 12: T1 -> Seg2 (swap_cnt=0, swap_hops=0, ion_hops=0, i1=0, i2=0)
    - MOVE   (1696 -> 1710)  ion 12: Seg2 -> Seg4 via J1
    - MOVE   (1710 -> 1724)  ion 12: Seg4 -> Seg0 via J0
    - MERGE  (1724 -> 1804)  ion 12: Seg0 -> T0
[SHUTTLE 4] ion=12  T0 -> T1  route=T0->J0->J1->T1
    - SPLIT  (1844 -> 1924)  ion 12: T0 -> Seg0 (swap_cnt=0, swap_hops=0, ion_hops=0, i1=0, i2=0)
    - MOVE   (1924 -> 1938)  ion 12: Seg0 -> Seg4 via J0
    - MOVE   (1938 -> 1952)  ion 12: Seg4 -> Seg2 via J1
    - MERGE  (1952 -> 2032)  ion 12: Seg2 -> T1
[SHUTTLE 5] ion=12  T1 -> T0  route=T1->J1->J0->T0
    - SPLIT  (2072 -> 2152)  ion 12: T1 -> Seg2 (swap_cnt=0, swap_hops=0, ion_hops=0, i1=0, i2=0)
    - MOVE   (2152 -> 2166)  ion 12: Seg2 -> Seg4 via J1
    - MOVE   (2166 -> 2180)  ion 12: Seg4 -> Seg0 via J0
    - MERGE  (2180 -> 2260)  ion 12: Seg0 -> T0
[SHUTTLE 6] ion=10  T0 -> T1  route=T0->J0->J1->T1
    - SPLIT  (2300 -> 2420)  ion 10: T0 -> Seg0 (swap_cnt=1, swap_hops=1, ion_hops=0, i1=10, i2=12)
    - MOVE   (2420 -> 2434)  ion 10: Seg0 -> Seg4 via J0
    - MOVE   (2434 -> 2448)  ion 10: Seg4 -> Seg2 via J1
    - MERGE  (2448 -> 2528)  ion 10: Seg2 -> T1
[SHUTTLE 7] ion=14  T1 -> T0  route=T1->J1->J0->T0
    - SPLIT  (2608 -> 2728)  ion 14: T1 -> Seg2 (swap_cnt=1, swap_hops=10, ion_hops=0, i1=14, i2=10)
    - MOVE   (2728 -> 2742)  ion 14: Seg2 -> Seg4 via J1
    - MOVE   (2742 -> 2756)  ion 14: Seg4 -> Seg0 via J0
    - MERGE  (2756 -> 2836)  ion 14: Seg0 -> T0
[SHUTTLE 8] ion=14  T0 -> T1  route=T0->J0->J1->T1
    - SPLIT  (2876 -> 2956)  ion 14: T0 -> Seg0 (swap_cnt=0, swap_hops=0, ion_hops=0, i1=0, i2=0)
    - MOVE   (2956 -> 2970)  ion 14: Seg0 -> Seg4 via J0
    - MOVE   (2970 -> 2984)  ion 14: Seg4 -> Seg2 via J1
    - MERGE  (2984 -> 3064)  ion 14: Seg2 -> T1
[SHUTTLE 9] ion=14  T1 -> T0  route=T1->J1->J0->T0
    - SPLIT  (3104 -> 3184)  ion 14: T1 -> Seg2 (swap_cnt=0, swap_hops=0, ion_hops=0, i1=0, i2=0)
    - MOVE   (3184 -> 3198)  ion 14: Seg2 -> Seg4 via J1
    - MOVE   (3198 -> 3212)  ion 14: Seg4 -> Seg0 via J0
    - MERGE  (3212 -> 3292)  ion 14: Seg0 -> T0
[SHUTTLE 10] ion=14  T0 -> T1  route=T0->J0->J1->T1
    - SPLIT  (3332 -> 3412)  ion 14: T0 -> Seg0 (swap_cnt=0, swap_hops=0, ion_hops=0, i1=0, i2=0)
    - MOVE   (3412 -> 3426)  ion 14: Seg0 -> Seg4 via J0
    - MOVE   (3426 -> 3440)  ion 14: Seg4 -> Seg2 via J1
    - MERGE  (3440 -> 3520)  ion 14: Seg2 -> T1
[SHUTTLE 11] ion=14  T1 -> T0  route=T1->J1->J0->T0
    - SPLIT  (3560 -> 3640)  ion 14: T1 -> Seg2 (swap_cnt=0, swap_hops=0, ion_hops=0, i1=0, i2=0)
    - MOVE   (3640 -> 3654)  ion 14: Seg2 -> Seg4 via J1
    - MOVE   (3654 -> 3668)  ion 14: Seg4 -> Seg0 via J0
    - MERGE  (3668 -> 3748)  ion 14: Seg0 -> T0
[SHUTTLE 12] ion=12  T0 -> T1  route=T0->J0->J1->T1
    - SPLIT  (3788 -> 3908)  ion 12: T0 -> Seg0 (swap_cnt=1, swap_hops=1, ion_hops=0, i1=12, i2=14)
    - MOVE   (3908 -> 3922)  ion 12: Seg0 -> Seg4 via J0
    - MOVE   (3922 -> 3936)  ion 12: Seg4 -> Seg2 via J1
    - MERGE  (3936 -> 4016)  ion 12: Seg2 -> T1
[SHUTTLE 13] ion=16  T1 -> T0  route=T1->J1->J0->T0
    - SPLIT  (4096 -> 4216)  ion 16: T1 -> Seg2 (swap_cnt=1, swap_hops=9, ion_hops=0, i1=16, i2=12)
    - MOVE   (4216 -> 4230)  ion 16: Seg2 -> Seg4 via J1
    - MOVE   (4230 -> 4244)  ion 16: Seg4 -> Seg0 via J0
    - MERGE  (4244 -> 4324)  ion 16: Seg0 -> T0
[SHUTTLE 14] ion=16  T0 -> T1  route=T0->J0->J1->T1
    - SPLIT  (4364 -> 4444)  ion 16: T0 -> Seg0 (swap_cnt=0, swap_hops=0, ion_hops=0, i1=0, i2=0)
    - MOVE   (4444 -> 4458)  ion 16: Seg0 -> Seg4 via J0
    - MOVE   (4458 -> 4472)  ion 16: Seg4 -> Seg2 via J1
    - MERGE  (4472 -> 4552)  ion 16: Seg2 -> T1
[SHUTTLE 15] ion=16  T1 -> T0  route=T1->J1->J0->T0
    - SPLIT  (4592 -> 4672)  ion 16: T1 -> Seg2 (swap_cnt=0, swap_hops=0, ion_hops=0, i1=0, i2=0)
    - MOVE   (4672 -> 4686)  ion 16: Seg2 -> Seg4 via J1
    - MOVE   (4686 -> 4700)  ion 16: Seg4 -> Seg0 via J0
    - MERGE  (4700 -> 4780)  ion 16: Seg0 -> T0
[SHUTTLE 16] ion=16  T0 -> T1  route=T0->J0->J1->T1
    - SPLIT  (4820 -> 4900)  ion 16: T0 -> Seg0 (swap_cnt=0, swap_hops=0, ion_hops=0, i1=0, i2=0)
    - MOVE   (4900 -> 4914)  ion 16: Seg0 -> Seg4 via J0
    - MOVE   (4914 -> 4928)  ion 16: Seg4 -> Seg2 via J1
    - MERGE  (4928 -> 5008)  ion 16: Seg2 -> T1
[SHUTTLE 17] ion=16  T1 -> T0  route=T1->J1->J0->T0
    - SPLIT  (5048 -> 5128)  ion 16: T1 -> Seg2 (swap_cnt=0, swap_hops=0, ion_hops=0, i1=0, i2=0)
    - MOVE   (5128 -> 5142)  ion 16: Seg2 -> Seg4 via J1
    - MOVE   (5142 -> 5156)  ion 16: Seg4 -> Seg0 via J0
    - MERGE  (5156 -> 5236)  ion 16: Seg0 -> T0
[SHUTTLE 18] ion=14  T0 -> T1  route=T0->J0->J1->T1
    - SPLIT  (5276 -> 5396)  ion 14: T0 -> Seg0 (swap_cnt=1, swap_hops=1, ion_hops=0, i1=14, i2=16)
    - MOVE   (5396 -> 5410)  ion 14: Seg0 -> Seg4 via J0
    - MOVE   (5410 -> 5424)  ion 14: Seg4 -> Seg2 via J1
    - MERGE  (5424 -> 5504)  ion 14: Seg2 -> T1
[SHUTTLE 19] ion=18  T1 -> T0  route=T1->J1->J0->T0
    - SPLIT  (5584 -> 5704)  ion 18: T1 -> Seg2 (swap_cnt=1, swap_hops=8, ion_hops=0, i1=18, i2=14)
    - MOVE   (5704 -> 5718)  ion 18: Seg2 -> Seg4 via J1
    - MOVE   (5718 -> 5732)  ion 18: Seg4 -> Seg0 via J0
    - MERGE  (5732 -> 5812)  ion 18: Seg0 -> T0
[SHUTTLE 20] ion=18  T0 -> T1  route=T0->J0->J1->T1
    - SPLIT  (5852 -> 5932)  ion 18: T0 -> Seg0 (swap_cnt=0, swap_hops=0, ion_hops=0, i1=0, i2=0)
    - MOVE   (5932 -> 5946)  ion 18: Seg0 -> Seg4 via J0
    - MOVE   (5946 -> 5960)  ion 18: Seg4 -> Seg2 via J1
    - MERGE  (5960 -> 6040)  ion 18: Seg2 -> T1
[SHUTTLE 21] ion=18  T1 -> T0  route=T1->J1->J0->T0
    - SPLIT  (6080 -> 6160)  ion 18: T1 -> Seg2 (swap_cnt=0, swap_hops=0, ion_hops=0, i1=0, i2=0)
    - MOVE   (6160 -> 6174)  ion 18: Seg2 -> Seg4 via J1
    - MOVE   (6174 -> 6188)  ion 18: Seg4 -> Seg0 via J0
    - MERGE  (6188 -> 6268)  ion 18: Seg0 -> T0
[SHUTTLE 22] ion=18  T0 -> T1  route=T0->J0->J1->T1
    - SPLIT  (6308 -> 6388)  ion 18: T0 -> Seg0 (swap_cnt=0, swap_hops=0, ion_hops=0, i1=0, i2=0)
    - MOVE   (6388 -> 6402)  ion 18: Seg0 -> Seg4 via J0
    - MOVE   (6402 -> 6416)  ion 18: Seg4 -> Seg2 via J1
    - MERGE  (6416 -> 6496)  ion 18: Seg2 -> T1
[SHUTTLE 23] ion=18  T1 -> T0  route=T1->J1->J0->T0
    - SPLIT  (6536 -> 6616)  ion 18: T1 -> Seg2 (swap_cnt=0, swap_hops=0, ion_hops=0, i1=0, i2=0)
    - MOVE   (6616 -> 6630)  ion 18: Seg2 -> Seg4 via J1
    - MOVE   (6630 -> 6644)  ion 18: Seg4 -> Seg0 via J0
    - MERGE  (6644 -> 6724)  ion 18: Seg0 -> T0
[SHUTTLE 24] ion=16  T0 -> T1  route=T0->J0->J1->T1
    - SPLIT  (6764 -> 6884)  ion 16: T0 -> Seg0 (swap_cnt=1, swap_hops=1, ion_hops=0, i1=16, i2=18)
    - MOVE   (6884 -> 6898)  ion 16: Seg0 -> Seg4 via J0
    - MOVE   (6898 -> 6912)  ion 16: Seg4 -> Seg2 via J1
    - MERGE  (6912 -> 6992)  ion 16: Seg2 -> T1
[SHUTTLE 25] ion=20  T1 -> T0  route=T1->J1->J0->T0
    - SPLIT  (7072 -> 7192)  ion 20: T1 -> Seg2 (swap_cnt=1, swap_hops=7, ion_hops=0, i1=20, i2=16)
    - MOVE   (7192 -> 7206)  ion 20: Seg2 -> Seg4 via J1
    - MOVE   (7206 -> 7220)  ion 20: Seg4 -> Seg0 via J0
    - MERGE  (7220 -> 7300)  ion 20: Seg0 -> T0
[SHUTTLE 26] ion=20  T0 -> T1  route=T0->J0->J1->T1
    - SPLIT  (7340 -> 7420)  ion 20: T0 -> Seg0 (swap_cnt=0, swap_hops=0, ion_hops=0, i1=0, i2=0)
    - MOVE   (7420 -> 7434)  ion 20: Seg0 -> Seg4 via J0
    - MOVE   (7434 -> 7448)  ion 20: Seg4 -> Seg2 via J1
    - MERGE  (7448 -> 7528)  ion 20: Seg2 -> T1
[SHUTTLE 27] ion=20  T1 -> T0  route=T1->J1->J0->T0
    - SPLIT  (7568 -> 7648)  ion 20: T1 -> Seg2 (swap_cnt=0, swap_hops=0, ion_hops=0, i1=0, i2=0)
    - MOVE   (7648 -> 7662)  ion 20: Seg2 -> Seg4 via J1
    - MOVE   (7662 -> 7676)  ion 20: Seg4 -> Seg0 via J0
    - MERGE  (7676 -> 7756)  ion 20: Seg0 -> T0
[SHUTTLE 28] ion=20  T0 -> T1  route=T0->J0->J1->T1
    - SPLIT  (7796 -> 7876)  ion 20: T0 -> Seg0 (swap_cnt=0, swap_hops=0, ion_hops=0, i1=0, i2=0)
    - MOVE   (7876 -> 7890)  ion 20: Seg0 -> Seg4 via J0
    - MOVE   (7890 -> 7904)  ion 20: Seg4 -> Seg2 via J1
    - MERGE  (7904 -> 7984)  ion 20: Seg2 -> T1
[SHUTTLE 29] ion=20  T1 -> T0  route=T1->J1->J0->T0
    - SPLIT  (8024 -> 8104)  ion 20: T1 -> Seg2 (swap_cnt=0, swap_hops=0, ion_hops=0, i1=0, i2=0)
    - MOVE   (8104 -> 8118)  ion 20: Seg2 -> Seg4 via J1
    - MOVE   (8118 -> 8132)  ion 20: Seg4 -> Seg0 via J0
    - MERGE  (8132 -> 8212)  ion 20: Seg0 -> T0
[SHUTTLE 30] ion=18  T0 -> T1  route=T0->J0->J1->T1
    - SPLIT  (8252 -> 8372)  ion 18: T0 -> Seg0 (swap_cnt=1, swap_hops=1, ion_hops=0, i1=18, i2=20)
    - MOVE   (8372 -> 8386)  ion 18: Seg0 -> Seg4 via J0
    - MOVE   (8386 -> 8400)  ion 18: Seg4 -> Seg2 via J1
    - MERGE  (8400 -> 8480)  ion 18: Seg2 -> T1
[SHUTTLE 31] ion=22  T1 -> T0  route=T1->J1->J0->T0
    - SPLIT  (8560 -> 8680)  ion 22: T1 -> Seg2 (swap_cnt=1, swap_hops=6, ion_hops=0, i1=22, i2=18)
    - MOVE   (8680 -> 8694)  ion 22: Seg2 -> Seg4 via J1
    - MOVE   (8694 -> 8708)  ion 22: Seg4 -> Seg0 via J0
    - MERGE  (8708 -> 8788)  ion 22: Seg0 -> T0
[SHUTTLE 32] ion=22  T0 -> T1  route=T0->J0->J1->T1
    - SPLIT  (8828 -> 8908)  ion 22: T0 -> Seg0 (swap_cnt=0, swap_hops=0, ion_hops=0, i1=0, i2=0)
    - MOVE   (8908 -> 8922)  ion 22: Seg0 -> Seg4 via J0
    - MOVE   (8922 -> 8936)  ion 22: Seg4 -> Seg2 via J1
    - MERGE  (8936 -> 9016)  ion 22: Seg2 -> T1
[SHUTTLE 33] ion=22  T1 -> T0  route=T1->J1->J0->T0
    - SPLIT  (9056 -> 9136)  ion 22: T1 -> Seg2 (swap_cnt=0, swap_hops=0, ion_hops=0, i1=0, i2=0)
    - MOVE   (9136 -> 9150)  ion 22: Seg2 -> Seg4 via J1
    - MOVE   (9150 -> 9164)  ion 22: Seg4 -> Seg0 via J0
    - MERGE  (9164 -> 9244)  ion 22: Seg0 -> T0
[SHUTTLE 34] ion=22  T0 -> T1  route=T0->J0->J1->T1
    - SPLIT  (9284 -> 9364)  ion 22: T0 -> Seg0 (swap_cnt=0, swap_hops=0, ion_hops=0, i1=0, i2=0)
    - MOVE   (9364 -> 9378)  ion 22: Seg0 -> Seg4 via J0
    - MOVE   (9378 -> 9392)  ion 22: Seg4 -> Seg2 via J1
    - MERGE  (9392 -> 9472)  ion 22: Seg2 -> T1
[SHUTTLE 35] ion=22  T1 -> T0  route=T1->J1->J0->T0
    - SPLIT  (9512 -> 9592)  ion 22: T1 -> Seg2 (swap_cnt=0, swap_hops=0, ion_hops=0, i1=0, i2=0)
    - MOVE   (9592 -> 9606)  ion 22: Seg2 -> Seg4 via J1
    - MOVE   (9606 -> 9620)  ion 22: Seg4 -> Seg0 via J0
    - MERGE  (9620 -> 9700)  ion 22: Seg0 -> T0
[SHUTTLE 36] ion=20  T0 -> T1  route=T0->J0->J1->T1
    - SPLIT  (9740 -> 9860)  ion 20: T0 -> Seg0 (swap_cnt=1, swap_hops=1, ion_hops=0, i1=20, i2=22)
    - MOVE   (9860 -> 9874)  ion 20: Seg0 -> Seg4 via J0
    - MOVE   (9874 -> 9888)  ion 20: Seg4 -> Seg2 via J1
    - MERGE  (9888 -> 9968)  ion 20: Seg2 -> T1
[SHUTTLE 37] ion=22  T0 -> T2  route=T0->J0->J1->T2
    - SPLIT  (10048 -> 10128)  ion 22: T0 -> Seg0 (swap_cnt=0, swap_hops=0, ion_hops=0, i1=0, i2=0)
    - MOVE   (10128 -> 10142)  ion 22: Seg0 -> Seg4 via J0
    - MOVE   (10142 -> 10156)  ion 22: Seg4 -> Seg3 via J1
    - MERGE  (10156 -> 10236)  ion 22: Seg3 -> T2
[SHUTTLE 38] ion=21  T1 -> T2  route=T1->J1->T2
    - SPLIT  (12316 -> 12436)  ion 21: T1 -> Seg2 (swap_cnt=1, swap_hops=7, ion_hops=0, i1=21, i2=20)
    - MOVE   (12436 -> 12450)  ion 21: Seg2 -> Seg3 via J1
    - MERGE  (12450 -> 12530)  ion 21: Seg3 -> T2
[SHUTTLE 39] ion=22  T2 -> T1  route=T2->J1->T1
    - SPLIT  (12570 -> 12690)  ion 22: T2 -> Seg3 (swap_cnt=1, swap_hops=1, ion_hops=0, i1=22, i2=21)
    - MOVE   (12690 -> 12704)  ion 22: Seg3 -> Seg2 via J1
    - MERGE  (12704 -> 12784)  ion 22: Seg2 -> T1
[SHUTTLE 40] ion=22  T1 -> T2  route=T1->J1->T2
    - SPLIT  (12824 -> 12904)  ion 22: T1 -> Seg2 (swap_cnt=0, swap_hops=0, ion_hops=0, i1=0, i2=0)
    - MOVE   (12904 -> 12918)  ion 22: Seg2 -> Seg3 via J1
    - MERGE  (12918 -> 12998)  ion 22: Seg3 -> T2
[SHUTTLE 41] ion=22  T2 -> T1  route=T2->J1->T1
    - SPLIT  (13038 -> 13118)  ion 22: T2 -> Seg3 (swap_cnt=0, swap_hops=0, ion_hops=0, i1=0, i2=0)
    - MOVE   (13118 -> 13132)  ion 22: Seg3 -> Seg2 via J1
    - MERGE  (13132 -> 13212)  ion 22: Seg2 -> T1
[SHUTTLE 42] ion=20  T1 -> T2  route=T1->J1->T2
    - SPLIT  (13252 -> 13372)  ion 20: T1 -> Seg2 (swap_cnt=1, swap_hops=1, ion_hops=0, i1=20, i2=22)
    - MOVE   (13372 -> 13386)  ion 20: Seg2 -> Seg3 via J1
    - MERGE  (13386 -> 13466)  ion 20: Seg3 -> T2
[SHUTTLE 43] ion=20  T2 -> T1  route=T2->J1->T1
    - SPLIT  (13546 -> 13626)  ion 20: T2 -> Seg3 (swap_cnt=0, swap_hops=0, ion_hops=0, i1=0, i2=0)
    - MOVE   (13626 -> 13640)  ion 20: Seg3 -> Seg2 via J1
    - MERGE  (13640 -> 13720)  ion 20: Seg2 -> T1
[SHUTTLE 44] ion=22  T1 -> T2  route=T1->J1->T2
    - SPLIT  (13760 -> 13880)  ion 22: T1 -> Seg2 (swap_cnt=1, swap_hops=1, ion_hops=0, i1=22, i2=20)
    - MOVE   (13880 -> 13894)  ion 22: Seg2 -> Seg3 via J1
    - MERGE  (13894 -> 13974)  ion 22: Seg3 -> T2
[SHUTTLE 45] ion=10  T1 -> T0  route=T1->J1->J0->T0
    - SPLIT  (15200 -> 15320)  ion 10: T1 -> Seg2 (swap_cnt=1, swap_hops=5, ion_hops=0, i1=10, i2=20)
    - MOVE   (15320 -> 15334)  ion 10: Seg2 -> Seg4 via J1
    - MOVE   (15334 -> 15348)  ion 10: Seg4 -> Seg0 via J0
    - MERGE  (15348 -> 15428)  ion 10: Seg0 -> T0
SplitSWAP: 17
SchedulerFiredShuttle: 46
ReportedTotalShuttle: 46
----------------
