Simulation
Program:           programs\ADDER32.qasm
Machine:           G2x2
Model:             MUSS_Params
Ions/Region:       12
Mapper:            SABRE
Reorder:           Naive
SerialTrap:        1
SerialComm:        1
SerialAll:         1
GateType:          FM
SwapType:          PaperSwapDirect
Scheduler Family:  MUSS
Scheduler Version: V2
Analyzer Mode:     PAPER
qbit 1: 2 qbit 2: 0 dep gates: 0
qbit 2 dep gates: 1
qbit 1: 1 qbit 2: 2 dep gates: 0
qbit 1: 1 qbit 2: 2 dep gates: 2
qbit 2 dep gates: 3
qbit 1: 0 qbit 2: 2 dep gates: 1
qbit 1: 0 qbit 2: 2 dep gates: 4
qbit 2 dep gates: 5
qbit 1: 1 qbit 2: 2 dep gates: 3
qbit 1: 1 qbit 2: 2 dep gates: 6
qbit 1 dep gates: 7
qbit 2 dep gates: 7
qbit 1: 0 qbit 2: 2 dep gates: 5
qbit 1: 0 qbit 2: 2 dep gates: 9
qbit 1: 0 qbit 2: 1 dep gates: 10
qbit 1: 0 qbit 2: 1 dep gates: 8
qbit 2 dep gates: 10
qbit 2 dep gates: 12
qbit 0 dep gates: 11
qbit 1 dep gates: 11
qbit 1: 0 qbit 2: 1 dep gates: 14
qbit 1: 0 qbit 2: 1 dep gates: 15
qbit 1: 4 qbit 2: 2 dep gates: 17
qbit 1: 4 qbit 2: 2 dep gates: 13
qbit 4 dep gates: 18
qbit 1: 3 qbit 2: 4 dep gates: 17
qbit 1: 3 qbit 2: 4 dep gates: 19
qbit 4 dep gates: 20
qbit 1: 2 qbit 2: 4 dep gates: 18
qbit 1: 2 qbit 2: 4 dep gates: 21
qbit 4 dep gates: 22
qbit 1: 3 qbit 2: 4 dep gates: 20
qbit 1: 3 qbit 2: 4 dep gates: 23
qbit 3 dep gates: 24
qbit 4 dep gates: 24
qbit 1: 2 qbit 2: 4 dep gates: 22
qbit 1: 2 qbit 2: 4 dep gates: 26
qbit 1: 2 qbit 2: 3 dep gates: 27
qbit 1: 2 qbit 2: 3 dep gates: 25
qbit 4 dep gates: 27
qbit 4 dep gates: 29
qbit 2 dep gates: 28
qbit 3 dep gates: 28
qbit 1: 2 qbit 2: 3 dep gates: 31
qbit 1: 2 qbit 2: 3 dep gates: 32
qbit 1: 6 qbit 2: 4 dep gates: 34
qbit 1: 6 qbit 2: 4 dep gates: 30
qbit 6 dep gates: 35
qbit 1: 5 qbit 2: 6 dep gates: 34
qbit 1: 5 qbit 2: 6 dep gates: 36
qbit 6 dep gates: 37
qbit 1: 4 qbit 2: 6 dep gates: 35
qbit 1: 4 qbit 2: 6 dep gates: 38
qbit 6 dep gates: 39
qbit 1: 5 qbit 2: 6 dep gates: 37
qbit 1: 5 qbit 2: 6 dep gates: 40
qbit 5 dep gates: 41
qbit 6 dep gates: 41
qbit 1: 4 qbit 2: 6 dep gates: 39
qbit 1: 4 qbit 2: 6 dep gates: 43
qbit 1: 4 qbit 2: 5 dep gates: 44
qbit 1: 4 qbit 2: 5 dep gates: 42
qbit 6 dep gates: 44
qbit 6 dep gates: 46
qbit 4 dep gates: 45
qbit 5 dep gates: 45
qbit 1: 4 qbit 2: 5 dep gates: 48
qbit 1: 4 qbit 2: 5 dep gates: 49
qbit 1: 8 qbit 2: 6 dep gates: 51
qbit 1: 8 qbit 2: 6 dep gates: 47
qbit 8 dep gates: 52
qbit 1: 7 qbit 2: 8 dep gates: 51
qbit 1: 7 qbit 2: 8 dep gates: 53
qbit 8 dep gates: 54
qbit 1: 6 qbit 2: 8 dep gates: 52
qbit 1: 6 qbit 2: 8 dep gates: 55
qbit 8 dep gates: 56
qbit 1: 7 qbit 2: 8 dep gates: 54
qbit 1: 7 qbit 2: 8 dep gates: 57
qbit 7 dep gates: 58
qbit 8 dep gates: 58
qbit 1: 6 qbit 2: 8 dep gates: 56
qbit 1: 6 qbit 2: 8 dep gates: 60
qbit 1: 6 qbit 2: 7 dep gates: 61
qbit 1: 6 qbit 2: 7 dep gates: 59
qbit 8 dep gates: 61
qbit 8 dep gates: 63
qbit 6 dep gates: 62
qbit 7 dep gates: 62
qbit 1: 6 qbit 2: 7 dep gates: 65
qbit 1: 6 qbit 2: 7 dep gates: 66
qbit 1: 10 qbit 2: 8 dep gates: 68
qbit 1: 10 qbit 2: 8 dep gates: 64
qbit 10 dep gates: 69
qbit 1: 9 qbit 2: 10 dep gates: 68
qbit 1: 9 qbit 2: 10 dep gates: 70
qbit 10 dep gates: 71
qbit 1: 8 qbit 2: 10 dep gates: 69
qbit 1: 8 qbit 2: 10 dep gates: 72
qbit 10 dep gates: 73
qbit 1: 9 qbit 2: 10 dep gates: 71
qbit 1: 9 qbit 2: 10 dep gates: 74
qbit 9 dep gates: 75
qbit 10 dep gates: 75
qbit 1: 8 qbit 2: 10 dep gates: 73
qbit 1: 8 qbit 2: 10 dep gates: 77
qbit 1: 8 qbit 2: 9 dep gates: 78
qbit 1: 8 qbit 2: 9 dep gates: 76
qbit 10 dep gates: 78
qbit 10 dep gates: 80
qbit 8 dep gates: 79
qbit 9 dep gates: 79
qbit 1: 8 qbit 2: 9 dep gates: 82
qbit 1: 8 qbit 2: 9 dep gates: 83
qbit 1: 12 qbit 2: 10 dep gates: 85
qbit 1: 12 qbit 2: 10 dep gates: 81
qbit 12 dep gates: 86
qbit 1: 11 qbit 2: 12 dep gates: 85
qbit 1: 11 qbit 2: 12 dep gates: 87
qbit 12 dep gates: 88
qbit 1: 10 qbit 2: 12 dep gates: 86
qbit 1: 10 qbit 2: 12 dep gates: 89
qbit 12 dep gates: 90
qbit 1: 11 qbit 2: 12 dep gates: 88
qbit 1: 11 qbit 2: 12 dep gates: 91
qbit 11 dep gates: 92
qbit 12 dep gates: 92
qbit 1: 10 qbit 2: 12 dep gates: 90
qbit 1: 10 qbit 2: 12 dep gates: 94
qbit 1: 10 qbit 2: 11 dep gates: 95
qbit 1: 10 qbit 2: 11 dep gates: 93
qbit 12 dep gates: 95
qbit 12 dep gates: 97
qbit 10 dep gates: 96
qbit 11 dep gates: 96
qbit 1: 10 qbit 2: 11 dep gates: 99
qbit 1: 10 qbit 2: 11 dep gates: 100
qbit 1: 14 qbit 2: 12 dep gates: 102
qbit 1: 14 qbit 2: 12 dep gates: 98
qbit 14 dep gates: 103
qbit 1: 13 qbit 2: 14 dep gates: 102
qbit 1: 13 qbit 2: 14 dep gates: 104
qbit 14 dep gates: 105
qbit 1: 12 qbit 2: 14 dep gates: 103
qbit 1: 12 qbit 2: 14 dep gates: 106
qbit 14 dep gates: 107
qbit 1: 13 qbit 2: 14 dep gates: 105
qbit 1: 13 qbit 2: 14 dep gates: 108
qbit 13 dep gates: 109
qbit 14 dep gates: 109
qbit 1: 12 qbit 2: 14 dep gates: 107
qbit 1: 12 qbit 2: 14 dep gates: 111
qbit 1: 12 qbit 2: 13 dep gates: 112
qbit 1: 12 qbit 2: 13 dep gates: 110
qbit 14 dep gates: 112
qbit 14 dep gates: 114
qbit 12 dep gates: 113
qbit 13 dep gates: 113
qbit 1: 12 qbit 2: 13 dep gates: 116
qbit 1: 12 qbit 2: 13 dep gates: 117
qbit 1: 16 qbit 2: 14 dep gates: 119
qbit 1: 16 qbit 2: 14 dep gates: 115
qbit 16 dep gates: 120
qbit 1: 15 qbit 2: 16 dep gates: 119
qbit 1: 15 qbit 2: 16 dep gates: 121
qbit 16 dep gates: 122
qbit 1: 14 qbit 2: 16 dep gates: 120
qbit 1: 14 qbit 2: 16 dep gates: 123
qbit 16 dep gates: 124
qbit 1: 15 qbit 2: 16 dep gates: 122
qbit 1: 15 qbit 2: 16 dep gates: 125
qbit 15 dep gates: 126
qbit 16 dep gates: 126
qbit 1: 14 qbit 2: 16 dep gates: 124
qbit 1: 14 qbit 2: 16 dep gates: 128
qbit 1: 14 qbit 2: 15 dep gates: 129
qbit 1: 14 qbit 2: 15 dep gates: 127
qbit 16 dep gates: 129
qbit 16 dep gates: 131
qbit 14 dep gates: 130
qbit 15 dep gates: 130
qbit 1: 14 qbit 2: 15 dep gates: 133
qbit 1: 14 qbit 2: 15 dep gates: 134
qbit 1: 18 qbit 2: 16 dep gates: 136
qbit 1: 18 qbit 2: 16 dep gates: 132
qbit 18 dep gates: 137
qbit 1: 17 qbit 2: 18 dep gates: 136
qbit 1: 17 qbit 2: 18 dep gates: 138
qbit 18 dep gates: 139
qbit 1: 16 qbit 2: 18 dep gates: 137
qbit 1: 16 qbit 2: 18 dep gates: 140
qbit 18 dep gates: 141
qbit 1: 17 qbit 2: 18 dep gates: 139
qbit 1: 17 qbit 2: 18 dep gates: 142
qbit 17 dep gates: 143
qbit 18 dep gates: 143
qbit 1: 16 qbit 2: 18 dep gates: 141
qbit 1: 16 qbit 2: 18 dep gates: 145
qbit 1: 16 qbit 2: 17 dep gates: 146
qbit 1: 16 qbit 2: 17 dep gates: 144
qbit 18 dep gates: 146
qbit 18 dep gates: 148
qbit 16 dep gates: 147
qbit 17 dep gates: 147
qbit 1: 16 qbit 2: 17 dep gates: 150
qbit 1: 16 qbit 2: 17 dep gates: 151
qbit 1: 20 qbit 2: 18 dep gates: 153
qbit 1: 20 qbit 2: 18 dep gates: 149
qbit 20 dep gates: 154
qbit 1: 19 qbit 2: 20 dep gates: 153
qbit 1: 19 qbit 2: 20 dep gates: 155
qbit 20 dep gates: 156
qbit 1: 18 qbit 2: 20 dep gates: 154
qbit 1: 18 qbit 2: 20 dep gates: 157
qbit 20 dep gates: 158
qbit 1: 19 qbit 2: 20 dep gates: 156
qbit 1: 19 qbit 2: 20 dep gates: 159
qbit 19 dep gates: 160
qbit 20 dep gates: 160
qbit 1: 18 qbit 2: 20 dep gates: 158
qbit 1: 18 qbit 2: 20 dep gates: 162
qbit 1: 18 qbit 2: 19 dep gates: 163
qbit 1: 18 qbit 2: 19 dep gates: 161
qbit 20 dep gates: 163
qbit 20 dep gates: 165
qbit 18 dep gates: 164
qbit 19 dep gates: 164
qbit 1: 18 qbit 2: 19 dep gates: 167
qbit 1: 18 qbit 2: 19 dep gates: 168
qbit 1: 22 qbit 2: 20 dep gates: 170
qbit 1: 22 qbit 2: 20 dep gates: 166
qbit 22 dep gates: 171
qbit 1: 21 qbit 2: 22 dep gates: 170
qbit 1: 21 qbit 2: 22 dep gates: 172
qbit 22 dep gates: 173
qbit 1: 20 qbit 2: 22 dep gates: 171
qbit 1: 20 qbit 2: 22 dep gates: 174
qbit 22 dep gates: 175
qbit 1: 21 qbit 2: 22 dep gates: 173
qbit 1: 21 qbit 2: 22 dep gates: 176
qbit 21 dep gates: 177
qbit 22 dep gates: 177
qbit 1: 20 qbit 2: 22 dep gates: 175
qbit 1: 20 qbit 2: 22 dep gates: 179
qbit 1: 20 qbit 2: 21 dep gates: 180
qbit 1: 20 qbit 2: 21 dep gates: 178
qbit 22 dep gates: 180
qbit 22 dep gates: 182
qbit 20 dep gates: 181
qbit 21 dep gates: 181
qbit 1: 20 qbit 2: 21 dep gates: 184
qbit 1: 20 qbit 2: 21 dep gates: 185
qbit 1: 24 qbit 2: 22 dep gates: 187
qbit 1: 24 qbit 2: 22 dep gates: 183
qbit 24 dep gates: 188
qbit 1: 23 qbit 2: 24 dep gates: 187
qbit 1: 23 qbit 2: 24 dep gates: 189
qbit 24 dep gates: 190
qbit 1: 22 qbit 2: 24 dep gates: 188
qbit 1: 22 qbit 2: 24 dep gates: 191
qbit 24 dep gates: 192
qbit 1: 23 qbit 2: 24 dep gates: 190
qbit 1: 23 qbit 2: 24 dep gates: 193
qbit 23 dep gates: 194
qbit 24 dep gates: 194
qbit 1: 22 qbit 2: 24 dep gates: 192
qbit 1: 22 qbit 2: 24 dep gates: 196
qbit 1: 22 qbit 2: 23 dep gates: 197
qbit 1: 22 qbit 2: 23 dep gates: 195
qbit 24 dep gates: 197
qbit 24 dep gates: 199
qbit 22 dep gates: 198
qbit 23 dep gates: 198
qbit 1: 22 qbit 2: 23 dep gates: 201
qbit 1: 22 qbit 2: 23 dep gates: 202
qbit 1: 26 qbit 2: 24 dep gates: 204
qbit 1: 26 qbit 2: 24 dep gates: 200
qbit 26 dep gates: 205
qbit 1: 25 qbit 2: 26 dep gates: 204
qbit 1: 25 qbit 2: 26 dep gates: 206
qbit 26 dep gates: 207
qbit 1: 24 qbit 2: 26 dep gates: 205
qbit 1: 24 qbit 2: 26 dep gates: 208
qbit 26 dep gates: 209
qbit 1: 25 qbit 2: 26 dep gates: 207
qbit 1: 25 qbit 2: 26 dep gates: 210
qbit 25 dep gates: 211
qbit 26 dep gates: 211
qbit 1: 24 qbit 2: 26 dep gates: 209
qbit 1: 24 qbit 2: 26 dep gates: 213
qbit 1: 24 qbit 2: 25 dep gates: 214
qbit 1: 24 qbit 2: 25 dep gates: 212
qbit 26 dep gates: 214
qbit 26 dep gates: 216
qbit 24 dep gates: 215
qbit 25 dep gates: 215
qbit 1: 24 qbit 2: 25 dep gates: 218
qbit 1: 24 qbit 2: 25 dep gates: 219
qbit 1: 28 qbit 2: 26 dep gates: 221
qbit 1: 28 qbit 2: 26 dep gates: 217
qbit 28 dep gates: 222
qbit 1: 27 qbit 2: 28 dep gates: 221
qbit 1: 27 qbit 2: 28 dep gates: 223
qbit 28 dep gates: 224
qbit 1: 26 qbit 2: 28 dep gates: 222
qbit 1: 26 qbit 2: 28 dep gates: 225
qbit 28 dep gates: 226
qbit 1: 27 qbit 2: 28 dep gates: 224
qbit 1: 27 qbit 2: 28 dep gates: 227
qbit 27 dep gates: 228
qbit 28 dep gates: 228
qbit 1: 26 qbit 2: 28 dep gates: 226
qbit 1: 26 qbit 2: 28 dep gates: 230
qbit 1: 26 qbit 2: 27 dep gates: 231
qbit 1: 26 qbit 2: 27 dep gates: 229
qbit 28 dep gates: 231
qbit 28 dep gates: 233
qbit 26 dep gates: 232
qbit 27 dep gates: 232
qbit 1: 26 qbit 2: 27 dep gates: 235
qbit 1: 26 qbit 2: 27 dep gates: 236
qbit 1: 30 qbit 2: 28 dep gates: 238
qbit 1: 30 qbit 2: 28 dep gates: 234
qbit 30 dep gates: 239
qbit 1: 29 qbit 2: 30 dep gates: 238
qbit 1: 29 qbit 2: 30 dep gates: 240
qbit 30 dep gates: 241
qbit 1: 28 qbit 2: 30 dep gates: 239
qbit 1: 28 qbit 2: 30 dep gates: 242
qbit 30 dep gates: 243
qbit 1: 29 qbit 2: 30 dep gates: 241
qbit 1: 29 qbit 2: 30 dep gates: 244
qbit 29 dep gates: 245
qbit 30 dep gates: 245
qbit 1: 28 qbit 2: 30 dep gates: 243
qbit 1: 28 qbit 2: 30 dep gates: 247
qbit 1: 28 qbit 2: 29 dep gates: 248
qbit 1: 28 qbit 2: 29 dep gates: 246
qbit 30 dep gates: 248
qbit 30 dep gates: 250
qbit 28 dep gates: 249
qbit 29 dep gates: 249
qbit 1: 28 qbit 2: 29 dep gates: 252
qbit 1: 28 qbit 2: 29 dep gates: 253
qbit 1: 30 qbit 2: 31 dep gates: 251
qbit 29 dep gates: 254
qbit 1: 28 qbit 2: 29 dep gates: 254
qbit 1: 28 qbit 2: 29 dep gates: 256
qbit 30 dep gates: 255
qbit 1: 29 qbit 2: 30 dep gates: 257
qbit 1: 29 qbit 2: 30 dep gates: 258
qbit 30 dep gates: 259
qbit 1: 28 qbit 2: 30 dep gates: 257
qbit 1: 28 qbit 2: 30 dep gates: 260
qbit 30 dep gates: 261
qbit 1: 29 qbit 2: 30 dep gates: 259
qbit 1: 29 qbit 2: 30 dep gates: 262
qbit 29 dep gates: 263
qbit 30 dep gates: 263
qbit 1: 28 qbit 2: 30 dep gates: 261
qbit 1: 28 qbit 2: 30 dep gates: 265
qbit 1: 28 qbit 2: 29 dep gates: 266
qbit 1: 28 qbit 2: 29 dep gates: 264
qbit 30 dep gates: 266
qbit 30 dep gates: 268
qbit 28 dep gates: 267
qbit 29 dep gates: 267
qbit 1: 28 qbit 2: 29 dep gates: 270
qbit 1: 28 qbit 2: 29 dep gates: 271
qbit 29 dep gates: 272
qbit 1: 30 qbit 2: 28 dep gates: 269
qbit 1: 30 qbit 2: 28 dep gates: 272
qbit 1: 30 qbit 2: 29 dep gates: 274
qbit 1: 30 qbit 2: 29 dep gates: 273
qbit 27 dep gates: 237
qbit 1: 26 qbit 2: 27 dep gates: 237
qbit 1: 26 qbit 2: 27 dep gates: 276
qbit 28 dep gates: 274
qbit 1: 27 qbit 2: 28 dep gates: 277
qbit 1: 27 qbit 2: 28 dep gates: 278
qbit 28 dep gates: 279
qbit 1: 26 qbit 2: 28 dep gates: 277
qbit 1: 26 qbit 2: 28 dep gates: 280
qbit 28 dep gates: 281
qbit 1: 27 qbit 2: 28 dep gates: 279
qbit 1: 27 qbit 2: 28 dep gates: 282
qbit 27 dep gates: 283
qbit 28 dep gates: 283
qbit 1: 26 qbit 2: 28 dep gates: 281
qbit 1: 26 qbit 2: 28 dep gates: 285
qbit 1: 26 qbit 2: 27 dep gates: 286
qbit 1: 26 qbit 2: 27 dep gates: 284
qbit 28 dep gates: 286
qbit 28 dep gates: 288
qbit 26 dep gates: 287
qbit 27 dep gates: 287
qbit 1: 26 qbit 2: 27 dep gates: 290
qbit 1: 26 qbit 2: 27 dep gates: 291
qbit 27 dep gates: 292
qbit 1: 28 qbit 2: 26 dep gates: 289
qbit 1: 28 qbit 2: 26 dep gates: 292
qbit 1: 28 qbit 2: 27 dep gates: 294
qbit 1: 28 qbit 2: 27 dep gates: 293
qbit 25 dep gates: 220
qbit 1: 24 qbit 2: 25 dep gates: 220
qbit 1: 24 qbit 2: 25 dep gates: 296
qbit 26 dep gates: 294
qbit 1: 25 qbit 2: 26 dep gates: 297
qbit 1: 25 qbit 2: 26 dep gates: 298
qbit 26 dep gates: 299
qbit 1: 24 qbit 2: 26 dep gates: 297
qbit 1: 24 qbit 2: 26 dep gates: 300
qbit 26 dep gates: 301
qbit 1: 25 qbit 2: 26 dep gates: 299
qbit 1: 25 qbit 2: 26 dep gates: 302
qbit 25 dep gates: 303
qbit 26 dep gates: 303
qbit 1: 24 qbit 2: 26 dep gates: 301
qbit 1: 24 qbit 2: 26 dep gates: 305
qbit 1: 24 qbit 2: 25 dep gates: 306
qbit 1: 24 qbit 2: 25 dep gates: 304
qbit 26 dep gates: 306
qbit 26 dep gates: 308
qbit 24 dep gates: 307
qbit 25 dep gates: 307
qbit 1: 24 qbit 2: 25 dep gates: 310
qbit 1: 24 qbit 2: 25 dep gates: 311
qbit 25 dep gates: 312
qbit 1: 26 qbit 2: 24 dep gates: 309
qbit 1: 26 qbit 2: 24 dep gates: 312
qbit 1: 26 qbit 2: 25 dep gates: 314
qbit 1: 26 qbit 2: 25 dep gates: 313
qbit 23 dep gates: 203
qbit 1: 22 qbit 2: 23 dep gates: 203
qbit 1: 22 qbit 2: 23 dep gates: 316
qbit 24 dep gates: 314
qbit 1: 23 qbit 2: 24 dep gates: 317
qbit 1: 23 qbit 2: 24 dep gates: 318
qbit 24 dep gates: 319
qbit 1: 22 qbit 2: 24 dep gates: 317
qbit 1: 22 qbit 2: 24 dep gates: 320
qbit 24 dep gates: 321
qbit 1: 23 qbit 2: 24 dep gates: 319
qbit 1: 23 qbit 2: 24 dep gates: 322
qbit 23 dep gates: 323
qbit 24 dep gates: 323
qbit 1: 22 qbit 2: 24 dep gates: 321
qbit 1: 22 qbit 2: 24 dep gates: 325
qbit 1: 22 qbit 2: 23 dep gates: 326
qbit 1: 22 qbit 2: 23 dep gates: 324
qbit 24 dep gates: 326
qbit 24 dep gates: 328
qbit 22 dep gates: 327
qbit 23 dep gates: 327
qbit 1: 22 qbit 2: 23 dep gates: 330
qbit 1: 22 qbit 2: 23 dep gates: 331
qbit 23 dep gates: 332
qbit 1: 24 qbit 2: 22 dep gates: 329
qbit 1: 24 qbit 2: 22 dep gates: 332
qbit 1: 24 qbit 2: 23 dep gates: 334
qbit 1: 24 qbit 2: 23 dep gates: 333
qbit 21 dep gates: 186
qbit 1: 20 qbit 2: 21 dep gates: 186
qbit 1: 20 qbit 2: 21 dep gates: 336
qbit 22 dep gates: 334
qbit 1: 21 qbit 2: 22 dep gates: 337
qbit 1: 21 qbit 2: 22 dep gates: 338
qbit 22 dep gates: 339
qbit 1: 20 qbit 2: 22 dep gates: 337
qbit 1: 20 qbit 2: 22 dep gates: 340
qbit 22 dep gates: 341
qbit 1: 21 qbit 2: 22 dep gates: 339
qbit 1: 21 qbit 2: 22 dep gates: 342
qbit 21 dep gates: 343
qbit 22 dep gates: 343
qbit 1: 20 qbit 2: 22 dep gates: 341
qbit 1: 20 qbit 2: 22 dep gates: 345
qbit 1: 20 qbit 2: 21 dep gates: 346
qbit 1: 20 qbit 2: 21 dep gates: 344
qbit 22 dep gates: 346
qbit 22 dep gates: 348
qbit 20 dep gates: 347
qbit 21 dep gates: 347
qbit 1: 20 qbit 2: 21 dep gates: 350
qbit 1: 20 qbit 2: 21 dep gates: 351
qbit 21 dep gates: 352
qbit 1: 22 qbit 2: 20 dep gates: 349
qbit 1: 22 qbit 2: 20 dep gates: 352
qbit 1: 22 qbit 2: 21 dep gates: 354
qbit 1: 22 qbit 2: 21 dep gates: 353
qbit 19 dep gates: 169
qbit 1: 18 qbit 2: 19 dep gates: 169
qbit 1: 18 qbit 2: 19 dep gates: 356
qbit 20 dep gates: 354
qbit 1: 19 qbit 2: 20 dep gates: 357
qbit 1: 19 qbit 2: 20 dep gates: 358
qbit 20 dep gates: 359
qbit 1: 18 qbit 2: 20 dep gates: 357
qbit 1: 18 qbit 2: 20 dep gates: 360
qbit 20 dep gates: 361
qbit 1: 19 qbit 2: 20 dep gates: 359
qbit 1: 19 qbit 2: 20 dep gates: 362
qbit 19 dep gates: 363
qbit 20 dep gates: 363
qbit 1: 18 qbit 2: 20 dep gates: 361
qbit 1: 18 qbit 2: 20 dep gates: 365
qbit 1: 18 qbit 2: 19 dep gates: 366
qbit 1: 18 qbit 2: 19 dep gates: 364
qbit 20 dep gates: 366
qbit 20 dep gates: 368
qbit 18 dep gates: 367
qbit 19 dep gates: 367
qbit 1: 18 qbit 2: 19 dep gates: 370
qbit 1: 18 qbit 2: 19 dep gates: 371
qbit 19 dep gates: 372
qbit 1: 20 qbit 2: 18 dep gates: 369
qbit 1: 20 qbit 2: 18 dep gates: 372
qbit 1: 20 qbit 2: 19 dep gates: 374
qbit 1: 20 qbit 2: 19 dep gates: 373
qbit 17 dep gates: 152
qbit 1: 16 qbit 2: 17 dep gates: 152
qbit 1: 16 qbit 2: 17 dep gates: 376
qbit 18 dep gates: 374
qbit 1: 17 qbit 2: 18 dep gates: 377
qbit 1: 17 qbit 2: 18 dep gates: 378
qbit 18 dep gates: 379
qbit 1: 16 qbit 2: 18 dep gates: 377
qbit 1: 16 qbit 2: 18 dep gates: 380
qbit 18 dep gates: 381
qbit 1: 17 qbit 2: 18 dep gates: 379
qbit 1: 17 qbit 2: 18 dep gates: 382
qbit 17 dep gates: 383
qbit 18 dep gates: 383
qbit 1: 16 qbit 2: 18 dep gates: 381
qbit 1: 16 qbit 2: 18 dep gates: 385
qbit 1: 16 qbit 2: 17 dep gates: 386
qbit 1: 16 qbit 2: 17 dep gates: 384
qbit 18 dep gates: 386
qbit 18 dep gates: 388
qbit 16 dep gates: 387
qbit 17 dep gates: 387
qbit 1: 16 qbit 2: 17 dep gates: 390
qbit 1: 16 qbit 2: 17 dep gates: 391
qbit 17 dep gates: 392
qbit 1: 18 qbit 2: 16 dep gates: 389
qbit 1: 18 qbit 2: 16 dep gates: 392
qbit 1: 18 qbit 2: 17 dep gates: 394
qbit 1: 18 qbit 2: 17 dep gates: 393
qbit 15 dep gates: 135
qbit 1: 14 qbit 2: 15 dep gates: 135
qbit 1: 14 qbit 2: 15 dep gates: 396
qbit 16 dep gates: 394
qbit 1: 15 qbit 2: 16 dep gates: 397
qbit 1: 15 qbit 2: 16 dep gates: 398
qbit 16 dep gates: 399
qbit 1: 14 qbit 2: 16 dep gates: 397
qbit 1: 14 qbit 2: 16 dep gates: 400
qbit 16 dep gates: 401
qbit 1: 15 qbit 2: 16 dep gates: 399
qbit 1: 15 qbit 2: 16 dep gates: 402
qbit 15 dep gates: 403
qbit 16 dep gates: 403
qbit 1: 14 qbit 2: 16 dep gates: 401
qbit 1: 14 qbit 2: 16 dep gates: 405
qbit 1: 14 qbit 2: 15 dep gates: 406
qbit 1: 14 qbit 2: 15 dep gates: 404
qbit 16 dep gates: 406
qbit 16 dep gates: 408
qbit 14 dep gates: 407
qbit 15 dep gates: 407
qbit 1: 14 qbit 2: 15 dep gates: 410
qbit 1: 14 qbit 2: 15 dep gates: 411
qbit 15 dep gates: 412
qbit 1: 16 qbit 2: 14 dep gates: 409
qbit 1: 16 qbit 2: 14 dep gates: 412
qbit 1: 16 qbit 2: 15 dep gates: 414
qbit 1: 16 qbit 2: 15 dep gates: 413
qbit 13 dep gates: 118
qbit 1: 12 qbit 2: 13 dep gates: 118
qbit 1: 12 qbit 2: 13 dep gates: 416
qbit 14 dep gates: 414
qbit 1: 13 qbit 2: 14 dep gates: 417
qbit 1: 13 qbit 2: 14 dep gates: 418
qbit 14 dep gates: 419
qbit 1: 12 qbit 2: 14 dep gates: 417
qbit 1: 12 qbit 2: 14 dep gates: 420
qbit 14 dep gates: 421
qbit 1: 13 qbit 2: 14 dep gates: 419
qbit 1: 13 qbit 2: 14 dep gates: 422
qbit 13 dep gates: 423
qbit 14 dep gates: 423
qbit 1: 12 qbit 2: 14 dep gates: 421
qbit 1: 12 qbit 2: 14 dep gates: 425
qbit 1: 12 qbit 2: 13 dep gates: 426
qbit 1: 12 qbit 2: 13 dep gates: 424
qbit 14 dep gates: 426
qbit 14 dep gates: 428
qbit 12 dep gates: 427
qbit 13 dep gates: 427
qbit 1: 12 qbit 2: 13 dep gates: 430
qbit 1: 12 qbit 2: 13 dep gates: 431
qbit 13 dep gates: 432
qbit 1: 14 qbit 2: 12 dep gates: 429
qbit 1: 14 qbit 2: 12 dep gates: 432
qbit 1: 14 qbit 2: 13 dep gates: 434
qbit 1: 14 qbit 2: 13 dep gates: 433
qbit 11 dep gates: 101
qbit 1: 10 qbit 2: 11 dep gates: 101
qbit 1: 10 qbit 2: 11 dep gates: 436
qbit 12 dep gates: 434
qbit 1: 11 qbit 2: 12 dep gates: 437
qbit 1: 11 qbit 2: 12 dep gates: 438
qbit 12 dep gates: 439
qbit 1: 10 qbit 2: 12 dep gates: 437
qbit 1: 10 qbit 2: 12 dep gates: 440
qbit 12 dep gates: 441
qbit 1: 11 qbit 2: 12 dep gates: 439
qbit 1: 11 qbit 2: 12 dep gates: 442
qbit 11 dep gates: 443
qbit 12 dep gates: 443
qbit 1: 10 qbit 2: 12 dep gates: 441
qbit 1: 10 qbit 2: 12 dep gates: 445
qbit 1: 10 qbit 2: 11 dep gates: 446
qbit 1: 10 qbit 2: 11 dep gates: 444
qbit 12 dep gates: 446
qbit 12 dep gates: 448
qbit 10 dep gates: 447
qbit 11 dep gates: 447
qbit 1: 10 qbit 2: 11 dep gates: 450
qbit 1: 10 qbit 2: 11 dep gates: 451
qbit 11 dep gates: 452
qbit 1: 12 qbit 2: 10 dep gates: 449
qbit 1: 12 qbit 2: 10 dep gates: 452
qbit 1: 12 qbit 2: 11 dep gates: 454
qbit 1: 12 qbit 2: 11 dep gates: 453
qbit 9 dep gates: 84
qbit 1: 8 qbit 2: 9 dep gates: 84
qbit 1: 8 qbit 2: 9 dep gates: 456
qbit 10 dep gates: 454
qbit 1: 9 qbit 2: 10 dep gates: 457
qbit 1: 9 qbit 2: 10 dep gates: 458
qbit 10 dep gates: 459
qbit 1: 8 qbit 2: 10 dep gates: 457
qbit 1: 8 qbit 2: 10 dep gates: 460
qbit 10 dep gates: 461
qbit 1: 9 qbit 2: 10 dep gates: 459
qbit 1: 9 qbit 2: 10 dep gates: 462
qbit 9 dep gates: 463
qbit 10 dep gates: 463
qbit 1: 8 qbit 2: 10 dep gates: 461
qbit 1: 8 qbit 2: 10 dep gates: 465
qbit 1: 8 qbit 2: 9 dep gates: 466
qbit 1: 8 qbit 2: 9 dep gates: 464
qbit 10 dep gates: 466
qbit 10 dep gates: 468
qbit 8 dep gates: 467
qbit 9 dep gates: 467
qbit 1: 8 qbit 2: 9 dep gates: 470
qbit 1: 8 qbit 2: 9 dep gates: 471
qbit 9 dep gates: 472
qbit 1: 10 qbit 2: 8 dep gates: 469
qbit 1: 10 qbit 2: 8 dep gates: 472
qbit 1: 10 qbit 2: 9 dep gates: 474
qbit 1: 10 qbit 2: 9 dep gates: 473
qbit 7 dep gates: 67
qbit 1: 6 qbit 2: 7 dep gates: 67
qbit 1: 6 qbit 2: 7 dep gates: 476
qbit 8 dep gates: 474
qbit 1: 7 qbit 2: 8 dep gates: 477
qbit 1: 7 qbit 2: 8 dep gates: 478
qbit 8 dep gates: 479
qbit 1: 6 qbit 2: 8 dep gates: 477
qbit 1: 6 qbit 2: 8 dep gates: 480
qbit 8 dep gates: 481
qbit 1: 7 qbit 2: 8 dep gates: 479
qbit 1: 7 qbit 2: 8 dep gates: 482
qbit 7 dep gates: 483
qbit 8 dep gates: 483
qbit 1: 6 qbit 2: 8 dep gates: 481
qbit 1: 6 qbit 2: 8 dep gates: 485
qbit 1: 6 qbit 2: 7 dep gates: 486
qbit 1: 6 qbit 2: 7 dep gates: 484
qbit 8 dep gates: 486
qbit 8 dep gates: 488
qbit 6 dep gates: 487
qbit 7 dep gates: 487
qbit 1: 6 qbit 2: 7 dep gates: 490
qbit 1: 6 qbit 2: 7 dep gates: 491
qbit 7 dep gates: 492
qbit 1: 8 qbit 2: 6 dep gates: 489
qbit 1: 8 qbit 2: 6 dep gates: 492
qbit 1: 8 qbit 2: 7 dep gates: 494
qbit 1: 8 qbit 2: 7 dep gates: 493
qbit 5 dep gates: 50
qbit 1: 4 qbit 2: 5 dep gates: 50
qbit 1: 4 qbit 2: 5 dep gates: 496
qbit 6 dep gates: 494
qbit 1: 5 qbit 2: 6 dep gates: 497
qbit 1: 5 qbit 2: 6 dep gates: 498
qbit 6 dep gates: 499
qbit 1: 4 qbit 2: 6 dep gates: 497
qbit 1: 4 qbit 2: 6 dep gates: 500
qbit 6 dep gates: 501
qbit 1: 5 qbit 2: 6 dep gates: 499
qbit 1: 5 qbit 2: 6 dep gates: 502
qbit 5 dep gates: 503
qbit 6 dep gates: 503
qbit 1: 4 qbit 2: 6 dep gates: 501
qbit 1: 4 qbit 2: 6 dep gates: 505
qbit 1: 4 qbit 2: 5 dep gates: 506
qbit 1: 4 qbit 2: 5 dep gates: 504
qbit 6 dep gates: 506
qbit 6 dep gates: 508
qbit 4 dep gates: 507
qbit 5 dep gates: 507
qbit 1: 4 qbit 2: 5 dep gates: 510
qbit 1: 4 qbit 2: 5 dep gates: 511
qbit 5 dep gates: 512
qbit 1: 6 qbit 2: 4 dep gates: 509
qbit 1: 6 qbit 2: 4 dep gates: 512
qbit 1: 6 qbit 2: 5 dep gates: 514
qbit 1: 6 qbit 2: 5 dep gates: 513
qbit 3 dep gates: 33
qbit 1: 2 qbit 2: 3 dep gates: 33
qbit 1: 2 qbit 2: 3 dep gates: 516
qbit 4 dep gates: 514
qbit 1: 3 qbit 2: 4 dep gates: 517
qbit 1: 3 qbit 2: 4 dep gates: 518
qbit 4 dep gates: 519
qbit 1: 2 qbit 2: 4 dep gates: 517
qbit 1: 2 qbit 2: 4 dep gates: 520
qbit 4 dep gates: 521
qbit 1: 3 qbit 2: 4 dep gates: 519
qbit 1: 3 qbit 2: 4 dep gates: 522
qbit 3 dep gates: 523
qbit 4 dep gates: 523
qbit 1: 2 qbit 2: 4 dep gates: 521
qbit 1: 2 qbit 2: 4 dep gates: 525
qbit 1: 2 qbit 2: 3 dep gates: 526
qbit 1: 2 qbit 2: 3 dep gates: 524
qbit 4 dep gates: 526
qbit 4 dep gates: 528
qbit 2 dep gates: 527
qbit 3 dep gates: 527
qbit 1: 2 qbit 2: 3 dep gates: 530
qbit 1: 2 qbit 2: 3 dep gates: 531
qbit 3 dep gates: 532
qbit 1: 4 qbit 2: 2 dep gates: 529
qbit 1: 4 qbit 2: 2 dep gates: 532
qbit 1: 4 qbit 2: 3 dep gates: 534
qbit 1: 4 qbit 2: 3 dep gates: 533
qbit 1 dep gates: 16
qbit 1: 0 qbit 2: 1 dep gates: 16
qbit 1: 0 qbit 2: 1 dep gates: 536
qbit 2 dep gates: 534
qbit 1: 1 qbit 2: 2 dep gates: 537
qbit 1: 1 qbit 2: 2 dep gates: 538
qbit 2 dep gates: 539
qbit 1: 0 qbit 2: 2 dep gates: 537
qbit 1: 0 qbit 2: 2 dep gates: 540
qbit 2 dep gates: 541
qbit 1: 1 qbit 2: 2 dep gates: 539
qbit 1: 1 qbit 2: 2 dep gates: 542
qbit 1 dep gates: 543
qbit 2 dep gates: 543
qbit 1: 0 qbit 2: 2 dep gates: 541
qbit 1: 0 qbit 2: 2 dep gates: 545
qbit 1: 0 qbit 2: 1 dep gates: 546
qbit 1: 0 qbit 2: 1 dep gates: 544
qbit 2 dep gates: 546
qbit 2 dep gates: 548
qbit 0 dep gates: 547
qbit 1 dep gates: 547
qbit 1: 0 qbit 2: 1 dep gates: 550
qbit 1: 0 qbit 2: 1 dep gates: 551
qbit 1 dep gates: 552
qbit 1: 2 qbit 2: 0 dep gates: 549
qbit 1: 2 qbit 2: 0 dep gates: 552
qbit 1: 2 qbit 2: 1 dep gates: 554
qbit 1: 2 qbit 2: 1 dep gates: 553
parse object map:
{0: [2, 1], 1: [2, 0], 3: [1, 2], 5: [0, 2], 7: [1, 2], 10: [0, 2], 11: [0, 1], 16: [0, 1], 17: [4, 3], 18: [4, 2], 20: [3, 4], 22: [2, 4], 24: [3, 4], 27: [2, 4], 28: [2, 3], 33: [2, 3], 34: [6, 5], 35: [6, 4], 37: [5, 6], 39: [4, 6], 41: [5, 6], 44: [4, 6], 45: [4, 5], 50: [4, 5], 51: [8, 7], 52: [8, 6], 54: [7, 8], 56: [6, 8], 58: [7, 8], 61: [6, 8], 62: [6, 7], 67: [6, 7], 68: [10, 9], 69: [10, 8], 71: [9, 10], 73: [8, 10], 75: [9, 10], 78: [8, 10], 79: [8, 9], 84: [8, 9], 85: [12, 11], 86: [12, 10], 88: [11, 12], 90: [10, 12], 92: [11, 12], 95: [10, 12], 96: [10, 11], 101: [10, 11], 102: [14, 13], 103: [14, 12], 105: [13, 14], 107: [12, 14], 109: [13, 14], 112: [12, 14], 113: [12, 13], 118: [12, 13], 119: [16, 15], 120: [16, 14], 122: [15, 16], 124: [14, 16], 126: [15, 16], 129: [14, 16], 130: [14, 15], 135: [14, 15], 136: [18, 17], 137: [18, 16], 139: [17, 18], 141: [16, 18], 143: [17, 18], 146: [16, 18], 147: [16, 17], 152: [16, 17], 153: [20, 19], 154: [20, 18], 156: [19, 20], 158: [18, 20], 160: [19, 20], 163: [18, 20], 164: [18, 19], 169: [18, 19], 170: [22, 21], 171: [22, 20], 173: [21, 22], 175: [20, 22], 177: [21, 22], 180: [20, 22], 181: [20, 21], 186: [20, 21], 187: [24, 23], 188: [24, 22], 190: [23, 24], 192: [22, 24], 194: [23, 24], 197: [22, 24], 198: [22, 23], 203: [22, 23], 204: [26, 25], 205: [26, 24], 207: [25, 26], 209: [24, 26], 211: [25, 26], 214: [24, 26], 215: [24, 25], 220: [24, 25], 221: [28, 27], 222: [28, 26], 224: [27, 28], 226: [26, 28], 228: [27, 28], 231: [26, 28], 232: [26, 27], 237: [26, 27], 238: [30, 29], 239: [30, 28], 241: [29, 30], 243: [28, 30], 245: [29, 30], 248: [28, 30], 249: [28, 29], 254: [28, 29], 255: [30, 31], 257: [28, 29], 259: [29, 30], 261: [28, 30], 263: [29, 30], 266: [28, 30], 267: [28, 29], 272: [28, 29], 274: [30, 28], 275: [30, 29], 277: [26, 27], 279: [27, 28], 281: [26, 28], 283: [27, 28], 286: [26, 28], 287: [26, 27], 292: [26, 27], 294: [28, 26], 295: [28, 27], 297: [24, 25], 299: [25, 26], 301: [24, 26], 303: [25, 26], 306: [24, 26], 307: [24, 25], 312: [24, 25], 314: [26, 24], 315: [26, 25], 317: [22, 23], 319: [23, 24], 321: [22, 24], 323: [23, 24], 326: [22, 24], 327: [22, 23], 332: [22, 23], 334: [24, 22], 335: [24, 23], 337: [20, 21], 339: [21, 22], 341: [20, 22], 343: [21, 22], 346: [20, 22], 347: [20, 21], 352: [20, 21], 354: [22, 20], 355: [22, 21], 357: [18, 19], 359: [19, 20], 361: [18, 20], 363: [19, 20], 366: [18, 20], 367: [18, 19], 372: [18, 19], 374: [20, 18], 375: [20, 19], 377: [16, 17], 379: [17, 18], 381: [16, 18], 383: [17, 18], 386: [16, 18], 387: [16, 17], 392: [16, 17], 394: [18, 16], 395: [18, 17], 397: [14, 15], 399: [15, 16], 401: [14, 16], 403: [15, 16], 406: [14, 16], 407: [14, 15], 412: [14, 15], 414: [16, 14], 415: [16, 15], 417: [12, 13], 419: [13, 14], 421: [12, 14], 423: [13, 14], 426: [12, 14], 427: [12, 13], 432: [12, 13], 434: [14, 12], 435: [14, 13], 437: [10, 11], 439: [11, 12], 441: [10, 12], 443: [11, 12], 446: [10, 12], 447: [10, 11], 452: [10, 11], 454: [12, 10], 455: [12, 11], 457: [8, 9], 459: [9, 10], 461: [8, 10], 463: [9, 10], 466: [8, 10], 467: [8, 9], 472: [8, 9], 474: [10, 8], 475: [10, 9], 477: [6, 7], 479: [7, 8], 481: [6, 8], 483: [7, 8], 486: [6, 8], 487: [6, 7], 492: [6, 7], 494: [8, 6], 495: [8, 7], 497: [4, 5], 499: [5, 6], 501: [4, 6], 503: [5, 6], 506: [4, 6], 507: [4, 5], 512: [4, 5], 514: [6, 4], 515: [6, 5], 517: [2, 3], 519: [3, 4], 521: [2, 4], 523: [3, 4], 526: [2, 4], 527: [2, 3], 532: [2, 3], 534: [4, 2], 535: [4, 3], 537: [0, 1], 539: [1, 2], 541: [0, 2], 543: [1, 2], 546: [0, 2], 547: [0, 1], 552: [0, 1], 554: [2, 0], 555: [2, 1]}
parse object graph:
DiGraph with 556 nodes and 780 edges
ˇú Using SABRE2 mapper (matches muss_schedule2 paper version)
init_qubit_layout:
{0: [0, 1, 2, 3, 4, 5, 6, 7, 8, 9, 10], 1: [11, 12, 15, 16, 17, 18, 19, 20, 21, 22], 2: [13, 14, 23, 24, 25, 26, 27, 28, 29, 30, 31], 3: []}
Using MUSS Scheduler (V2) with SABRE Mapping
ˇú muss_schedule2.py old_vision
Analyzer shuttle mode: aggregate (detected shuttle_id annotations)
Analyzer mode: paper
Program Finish Time: 10500 us
OPCOUNTS Gate: 556 Split: 8 Move: 10 Merge: 8

Two-qubit gate chain statistics
Mean: 11.296875 Max: 12.0
Fidelity: 0.26086028590346516
[DBG SUMMARY] gates=556  gate_mult=0.269307  avg_gate_nbar=3.4727
[DBG SUMMARY] shuttles=8  shuttle_mult=0.968635  min_shuttle=0.9949
[DBG SUMMARY] worst_B: Trap 0 -> 1.000000 (heat_state=0.000000, alpha_bg=0.0, move_bg_fraction=0.0, model=none)

========== ANALYSIS RESULT ==========
{'fidelity': 0.26086028590346516, 'total_shuttle': 8, 'time': 10500}

========== SHUTTLE TRACE ==========
[SHUTTLE 0] ion=10  T0 -> T1  route=T0->J0->J1->T1
    - SPLIT  (1310 -> 1390)  ion 10: T0 -> Seg0 (swap_cnt=0, swap_hops=0, ion_hops=0, i1=0, i2=0)
    - MOVE   (1390 -> 1404)  ion 10: Seg0 -> Seg4 via J0
    - MOVE   (1404 -> 1418)  ion 10: Seg4 -> Seg2 via J1
    - MERGE  (1418 -> 1498)  ion 10: Seg2 -> T1
[SHUTTLE 1] ion=12  T1 -> T2  route=T1->J1->T2
    - SPLIT  (1848 -> 1968)  ion 12: T1 -> Seg2 (swap_cnt=1, swap_hops=9, ion_hops=0, i1=12, i2=10)
    - MOVE   (1968 -> 1982)  ion 12: Seg2 -> Seg3 via J1
    - MERGE  (1982 -> 2062)  ion 12: Seg3 -> T2
[SHUTTLE 2] ion=14  T2 -> T1  route=T2->J1->T1
    - SPLIT  (2412 -> 2532)  ion 14: T2 -> Seg3 (swap_cnt=1, swap_hops=2, ion_hops=0, i1=14, i2=12)
    - MOVE   (2532 -> 2546)  ion 14: Seg3 -> Seg2 via J1
    - MERGE  (2546 -> 2626)  ion 14: Seg2 -> T1
[SHUTTLE 3] ion=22  T1 -> T2  route=T1->J1->T2
    - SPLIT  (3666 -> 3786)  ion 22: T1 -> Seg2 (swap_cnt=1, swap_hops=2, ion_hops=0, i1=22, i2=14)
    - MOVE   (3786 -> 3800)  ion 22: Seg2 -> Seg3 via J1
    - MERGE  (3800 -> 3880)  ion 22: Seg3 -> T2
[SHUTTLE 4] ion=22  T2 -> T1  route=T2->J1->T1
    - SPLIT  (6175 -> 6255)  ion 22: T2 -> Seg3 (swap_cnt=0, swap_hops=0, ion_hops=0, i1=0, i2=0)
    - MOVE   (6255 -> 6269)  ion 22: Seg3 -> Seg2 via J1
    - MERGE  (6269 -> 6349)  ion 22: Seg2 -> T1
[SHUTTLE 5] ion=14  T1 -> T2  route=T1->J1->T2
    - SPLIT  (7604 -> 7724)  ion 14: T1 -> Seg2 (swap_cnt=1, swap_hops=1, ion_hops=0, i1=14, i2=22)
    - MOVE   (7724 -> 7738)  ion 14: Seg2 -> Seg3 via J1
    - MERGE  (7738 -> 7818)  ion 14: Seg3 -> T2
[SHUTTLE 6] ion=12  T2 -> T1  route=T2->J1->T1
    - SPLIT  (8158 -> 8278)  ion 12: T2 -> Seg3 (swap_cnt=1, swap_hops=1, ion_hops=0, i1=12, i2=14)
    - MOVE   (8278 -> 8292)  ion 12: Seg3 -> Seg2 via J1
    - MERGE  (8292 -> 8372)  ion 12: Seg2 -> T1
[SHUTTLE 7] ion=10  T1 -> T0  route=T1->J1->J0->T0
    - SPLIT  (8712 -> 8832)  ion 10: T1 -> Seg2 (swap_cnt=1, swap_hops=2, ion_hops=0, i1=10, i2=12)
    - MOVE   (8832 -> 8846)  ion 10: Seg2 -> Seg4 via J1
    - MOVE   (8846 -> 8860)  ion 10: Seg4 -> Seg0 via J0
    - MERGE  (8860 -> 8940)  ion 10: Seg0 -> T0
SplitSWAP: 6
TotalShuttle: 8
----------------
