Simulation
Program:           programs\ADDER32.qasm
Machine:           G2x3
Model:             MUSS_Params
Ions/Region:       8
Mapper:            SABRE
Reorder:           Naive
SerialTrap:        1
SerialComm:        1
SerialAll:         1
GateType:          FM
SwapType:          PaperSwapDirect
Scheduler Family:  MUSS
Scheduler Version: V4
Analyzer Mode:     PAPER
Arch Scale:        SMALL
parse object map:
{0: [2, 1], 1: [2, 0], 3: [1, 2], 5: [0, 2], 7: [1, 2], 10: [0, 2], 11: [0, 1], 16: [0, 1], 17: [4, 3], 18: [4, 2], 20: [3, 4], 22: [2, 4], 24: [3, 4], 27: [2, 4], 28: [2, 3], 33: [2, 3], 34: [6, 5], 35: [6, 4], 37: [5, 6], 39: [4, 6], 41: [5, 6], 44: [4, 6], 45: [4, 5], 50: [4, 5], 51: [8, 7], 52: [8, 6], 54: [7, 8], 56: [6, 8], 58: [7, 8], 61: [6, 8], 62: [6, 7], 67: [6, 7], 68: [10, 9], 69: [10, 8], 71: [9, 10], 73: [8, 10], 75: [9, 10], 78: [8, 10], 79: [8, 9], 84: [8, 9], 85: [12, 11], 86: [12, 10], 88: [11, 12], 90: [10, 12], 92: [11, 12], 95: [10, 12], 96: [10, 11], 101: [10, 11], 102: [14, 13], 103: [14, 12], 105: [13, 14], 107: [12, 14], 109: [13, 14], 112: [12, 14], 113: [12, 13], 118: [12, 13], 119: [16, 15], 120: [16, 14], 122: [15, 16], 124: [14, 16], 126: [15, 16], 129: [14, 16], 130: [14, 15], 135: [14, 15], 136: [18, 17], 137: [18, 16], 139: [17, 18], 141: [16, 18], 143: [17, 18], 146: [16, 18], 147: [16, 17], 152: [16, 17], 153: [20, 19], 154: [20, 18], 156: [19, 20], 158: [18, 20], 160: [19, 20], 163: [18, 20], 164: [18, 19], 169: [18, 19], 170: [22, 21], 171: [22, 20], 173: [21, 22], 175: [20, 22], 177: [21, 22], 180: [20, 22], 181: [20, 21], 186: [20, 21], 187: [24, 23], 188: [24, 22], 190: [23, 24], 192: [22, 24], 194: [23, 24], 197: [22, 24], 198: [22, 23], 203: [22, 23], 204: [26, 25], 205: [26, 24], 207: [25, 26], 209: [24, 26], 211: [25, 26], 214: [24, 26], 215: [24, 25], 220: [24, 25], 221: [28, 27], 222: [28, 26], 224: [27, 28], 226: [26, 28], 228: [27, 28], 231: [26, 28], 232: [26, 27], 237: [26, 27], 238: [30, 29], 239: [30, 28], 241: [29, 30], 243: [28, 30], 245: [29, 30], 248: [28, 30], 249: [28, 29], 254: [28, 29], 255: [30, 31], 257: [28, 29], 259: [29, 30], 261: [28, 30], 263: [29, 30], 266: [28, 30], 267: [28, 29], 272: [28, 29], 274: [30, 28], 275: [30, 29], 277: [26, 27], 279: [27, 28], 281: [26, 28], 283: [27, 28], 286: [26, 28], 287: [26, 27], 292: [26, 27], 294: [28, 26], 295: [28, 27], 297: [24, 25], 299: [25, 26], 301: [24, 26], 303: [25, 26], 306: [24, 26], 307: [24, 25], 312: [24, 25], 314: [26, 24], 315: [26, 25], 317: [22, 23], 319: [23, 24], 321: [22, 24], 323: [23, 24], 326: [22, 24], 327: [22, 23], 332: [22, 23], 334: [24, 22], 335: [24, 23], 337: [20, 21], 339: [21, 22], 341: [20, 22], 343: [21, 22], 346: [20, 22], 347: [20, 21], 352: [20, 21], 354: [22, 20], 355: [22, 21], 357: [18, 19], 359: [19, 20], 361: [18, 20], 363: [19, 20], 366: [18, 20], 367: [18, 19], 372: [18, 19], 374: [20, 18], 375: [20, 19], 377: [16, 17], 379: [17, 18], 381: [16, 18], 383: [17, 18], 386: [16, 18], 387: [16, 17], 392: [16, 17], 394: [18, 16], 395: [18, 17], 397: [14, 15], 399: [15, 16], 401: [14, 16], 403: [15, 16], 406: [14, 16], 407: [14, 15], 412: [14, 15], 414: [16, 14], 415: [16, 15], 417: [12, 13], 419: [13, 14], 421: [12, 14], 423: [13, 14], 426: [12, 14], 427: [12, 13], 432: [12, 13], 434: [14, 12], 435: [14, 13], 437: [10, 11], 439: [11, 12], 441: [10, 12], 443: [11, 12], 446: [10, 12], 447: [10, 11], 452: [10, 11], 454: [12, 10], 455: [12, 11], 457: [8, 9], 459: [9, 10], 461: [8, 10], 463: [9, 10], 466: [8, 10], 467: [8, 9], 472: [8, 9], 474: [10, 8], 475: [10, 9], 477: [6, 7], 479: [7, 8], 481: [6, 8], 483: [7, 8], 486: [6, 8], 487: [6, 7], 492: [6, 7], 494: [8, 6], 495: [8, 7], 497: [4, 5], 499: [5, 6], 501: [4, 6], 503: [5, 6], 506: [4, 6], 507: [4, 5], 512: [4, 5], 514: [6, 4], 515: [6, 5], 517: [2, 3], 519: [3, 4], 521: [2, 4], 523: [3, 4], 526: [2, 4], 527: [2, 3], 532: [2, 3], 534: [4, 2], 535: [4, 3], 537: [0, 1], 539: [1, 2], 541: [0, 2], 543: [1, 2], 546: [0, 2], 547: [0, 1], 552: [0, 1], 554: [2, 0], 555: [2, 1]}
parse object graph:
DiGraph with 556 nodes and 780 edges
ˇú Using SABRE6 mapper (matches muss_schedule4 improved version)
SABRE (Overload+MaxFlow+Chain+Urgency): Starting optimization...
SABRE: Optimization Done. Best Cost (Overloaded): 8
SABRE: Legalizing using Min-Cost Max-Flow (distance + convex chain + urgency)...
init_qubit_layout:
{0: [1, 2, 3, 4, 5, 6, 23, 24], 1: [7, 8, 9, 10, 11, 12, 13, 14], 2: [15, 16, 17, 18, 19, 20, 21, 22], 3: [25, 26, 27, 28, 29, 30, 31], 4: [0], 5: []}
Using MUSS Scheduler (V4) with SABRE Mapping
ˇú muss_schedule4.py new_vision
Analyzer shuttle mode: aggregate (detected shuttle_id annotations)
Analyzer mode: paper
Program Finish Time: 23438 us
OPCOUNTS Gate: 556 Split: 75 Move: 179 Merge: 75

Two-qubit gate chain statistics
Mean: 7.375 Max: 8.0
Fidelity: 1.0347170451137997e-07

Shuttle count summary
  logical_shuttle_count      = 75   # High-level shuttle count aggregated by shuttle_id (same as old total_shuttle semantics)
  physical_shuttle_leg_count = 75   # Most faithful to the paper: each complete trap-to-trap split+move+merge segment counts as 1 shuttle
  split_count                = 75   # Number of low-level split operations
  merge_count                = 75   # Number of low-level merge operations
  move_count                 = 179   # Number of low-level move operations
[DBG SUMMARY] gates=556  gate_mult=1.56174e-07  avg_gate_nbar=37.9998
[DBG SUMMARY] logical_shuttles=75  shuttle_mult=0.662539  min_shuttle=0.9935
[DBG SUMMARY] worst_B: Trap 0 -> 0.929787 (heat_state=72.800000, alpha_bg=0.001, move_bg_fraction=0.0, model=exp)

========== ANALYSIS RESULT ==========
{'fidelity': 1.0347170451137997e-07, 'total_shuttle': 75, 'logical_shuttle_count': 75, 'physical_shuttle_leg_count': 75, 'split_count': 75, 'merge_count': 75, 'move_count': 179, 'time': 23438}

========== SHUTTLE TRACE ==========
[SHUTTLE 0] ion=2  T0 -> T4  route=T0->J0->J1->T4
    - SPLIT  (40 -> 160)  ion 2: T0 -> Seg0 (swap_cnt=1, swap_hops=6, ion_hops=0, i1=2, i2=24)
    - MOVE   (160 -> 174)  ion 2: Seg0 -> Seg6 via J0
    - MOVE   (174 -> 188)  ion 2: Seg6 -> Seg4 via J1
    - MERGE  (188 -> 268)  ion 2: Seg4 -> T4
[SHUTTLE 1] ion=1  T0 -> T4  route=T0->J0->J1->T4
    - SPLIT  (308 -> 428)  ion 1: T0 -> Seg0 (swap_cnt=1, swap_hops=6, ion_hops=0, i1=1, i2=24)
    - MOVE   (428 -> 442)  ion 1: Seg0 -> Seg6 via J0
    - MOVE   (442 -> 456)  ion 1: Seg6 -> Seg4 via J1
    - MERGE  (456 -> 536)  ion 1: Seg4 -> T4
[SHUTTLE 2] ion=2  T4 -> T0  route=T4->J1->J0->T0
    - SPLIT  (776 -> 896)  ion 2: T4 -> Seg4 (swap_cnt=1, swap_hops=1, ion_hops=0, i1=2, i2=1)
    - MOVE   (896 -> 910)  ion 2: Seg4 -> Seg6 via J1
    - MOVE   (910 -> 924)  ion 2: Seg6 -> Seg0 via J0
    - MERGE  (924 -> 1004)  ion 2: Seg0 -> T0
[SHUTTLE 3] ion=8  T1 -> T0  route=T1->J1->J0->T0
    - SPLIT  (1484 -> 1604)  ion 8: T1 -> Seg1 (swap_cnt=1, swap_hops=6, ion_hops=0, i1=8, i2=14)
    - MOVE   (1604 -> 1618)  ion 8: Seg1 -> Seg6 via J1
    - MOVE   (1618 -> 1632)  ion 8: Seg6 -> Seg0 via J0
    - MERGE  (1632 -> 1712)  ion 8: Seg0 -> T0
[SHUTTLE 4] ion=8  T0 -> T1  route=T0->J0->J1->T1
    - SPLIT  (1752 -> 1832)  ion 8: T0 -> Seg0 (swap_cnt=0, swap_hops=0, ion_hops=0, i1=0, i2=0)
    - MOVE   (1832 -> 1846)  ion 8: Seg0 -> Seg6 via J0
    - MOVE   (1846 -> 1860)  ion 8: Seg6 -> Seg1 via J1
    - MERGE  (1860 -> 1940)  ion 8: Seg1 -> T1
[SHUTTLE 5] ion=8  T1 -> T0  route=T1->J1->J0->T0
    - SPLIT  (1980 -> 2060)  ion 8: T1 -> Seg1 (swap_cnt=0, swap_hops=0, ion_hops=0, i1=0, i2=0)
    - MOVE   (2060 -> 2074)  ion 8: Seg1 -> Seg6 via J1
    - MOVE   (2074 -> 2088)  ion 8: Seg6 -> Seg0 via J0
    - MERGE  (2088 -> 2168)  ion 8: Seg0 -> T0
[SHUTTLE 6] ion=8  T0 -> T1  route=T0->J0->J1->T1
    - SPLIT  (2208 -> 2288)  ion 8: T0 -> Seg0 (swap_cnt=0, swap_hops=0, ion_hops=0, i1=0, i2=0)
    - MOVE   (2288 -> 2302)  ion 8: Seg0 -> Seg6 via J0
    - MOVE   (2302 -> 2316)  ion 8: Seg6 -> Seg1 via J1
    - MERGE  (2316 -> 2396)  ion 8: Seg1 -> T1
[SHUTTLE 7] ion=8  T1 -> T0  route=T1->J1->J0->T0
    - SPLIT  (2436 -> 2516)  ion 8: T1 -> Seg1 (swap_cnt=0, swap_hops=0, ion_hops=0, i1=0, i2=0)
    - MOVE   (2516 -> 2530)  ion 8: Seg1 -> Seg6 via J1
    - MOVE   (2530 -> 2544)  ion 8: Seg6 -> Seg0 via J0
    - MERGE  (2544 -> 2624)  ion 8: Seg0 -> T0
[SHUTTLE 8] ion=6  T0 -> T1  route=T0->J0->J1->T1
    - SPLIT  (2664 -> 2784)  ion 6: T0 -> Seg0 (swap_cnt=1, swap_hops=4, ion_hops=0, i1=6, i2=8)
    - MOVE   (2784 -> 2798)  ion 6: Seg0 -> Seg6 via J0
    - MOVE   (2798 -> 2812)  ion 6: Seg6 -> Seg1 via J1
    - MERGE  (2812 -> 2892)  ion 6: Seg1 -> T1
[SHUTTLE 9] ion=10  T1 -> T0  route=T1->J1->J0->T0
    - SPLIT  (2972 -> 3092)  ion 10: T1 -> Seg1 (swap_cnt=1, swap_hops=5, ion_hops=0, i1=10, i2=6)
    - MOVE   (3092 -> 3106)  ion 10: Seg1 -> Seg6 via J1
    - MOVE   (3106 -> 3120)  ion 10: Seg6 -> Seg0 via J0
    - MERGE  (3120 -> 3200)  ion 10: Seg0 -> T0
[SHUTTLE 10] ion=10  T0 -> T1  route=T0->J0->J1->T1
    - SPLIT  (3240 -> 3320)  ion 10: T0 -> Seg0 (swap_cnt=0, swap_hops=0, ion_hops=0, i1=0, i2=0)
    - MOVE   (3320 -> 3334)  ion 10: Seg0 -> Seg6 via J0
    - MOVE   (3334 -> 3348)  ion 10: Seg6 -> Seg1 via J1
    - MERGE  (3348 -> 3428)  ion 10: Seg1 -> T1
[SHUTTLE 11] ion=10  T1 -> T0  route=T1->J1->J0->T0
    - SPLIT  (3468 -> 3548)  ion 10: T1 -> Seg1 (swap_cnt=0, swap_hops=0, ion_hops=0, i1=0, i2=0)
    - MOVE   (3548 -> 3562)  ion 10: Seg1 -> Seg6 via J1
    - MOVE   (3562 -> 3576)  ion 10: Seg6 -> Seg0 via J0
    - MERGE  (3576 -> 3656)  ion 10: Seg0 -> T0
[SHUTTLE 12] ion=10  T0 -> T1  route=T0->J0->J1->T1
    - SPLIT  (3696 -> 3776)  ion 10: T0 -> Seg0 (swap_cnt=0, swap_hops=0, ion_hops=0, i1=0, i2=0)
    - MOVE   (3776 -> 3790)  ion 10: Seg0 -> Seg6 via J0
    - MOVE   (3790 -> 3804)  ion 10: Seg6 -> Seg1 via J1
    - MERGE  (3804 -> 3884)  ion 10: Seg1 -> T1
[SHUTTLE 13] ion=10  T1 -> T0  route=T1->J1->J0->T0
    - SPLIT  (3924 -> 4004)  ion 10: T1 -> Seg1 (swap_cnt=0, swap_hops=0, ion_hops=0, i1=0, i2=0)
    - MOVE   (4004 -> 4018)  ion 10: Seg1 -> Seg6 via J1
    - MOVE   (4018 -> 4032)  ion 10: Seg6 -> Seg0 via J0
    - MERGE  (4032 -> 4112)  ion 10: Seg0 -> T0
[SHUTTLE 14] ion=8  T0 -> T1  route=T0->J0->J1->T1
    - SPLIT  (4152 -> 4272)  ion 8: T0 -> Seg0 (swap_cnt=1, swap_hops=1, ion_hops=0, i1=8, i2=10)
    - MOVE   (4272 -> 4286)  ion 8: Seg0 -> Seg6 via J0
    - MOVE   (4286 -> 4300)  ion 8: Seg6 -> Seg1 via J1
    - MERGE  (4300 -> 4380)  ion 8: Seg1 -> T1
[SHUTTLE 15] ion=12  T1 -> T0  route=T1->J1->J0->T0
    - SPLIT  (4460 -> 4580)  ion 12: T1 -> Seg1 (swap_cnt=1, swap_hops=4, ion_hops=0, i1=12, i2=8)
    - MOVE   (4580 -> 4594)  ion 12: Seg1 -> Seg6 via J1
    - MOVE   (4594 -> 4608)  ion 12: Seg6 -> Seg0 via J0
    - MERGE  (4608 -> 4688)  ion 12: Seg0 -> T0
[SHUTTLE 16] ion=12  T0 -> T1  route=T0->J0->J1->T1
    - SPLIT  (4728 -> 4808)  ion 12: T0 -> Seg0 (swap_cnt=0, swap_hops=0, ion_hops=0, i1=0, i2=0)
    - MOVE   (4808 -> 4822)  ion 12: Seg0 -> Seg6 via J0
    - MOVE   (4822 -> 4836)  ion 12: Seg6 -> Seg1 via J1
    - MERGE  (4836 -> 4916)  ion 12: Seg1 -> T1
[SHUTTLE 17] ion=12  T1 -> T0  route=T1->J1->J0->T0
    - SPLIT  (4956 -> 5036)  ion 12: T1 -> Seg1 (swap_cnt=0, swap_hops=0, ion_hops=0, i1=0, i2=0)
    - MOVE   (5036 -> 5050)  ion 12: Seg1 -> Seg6 via J1
    - MOVE   (5050 -> 5064)  ion 12: Seg6 -> Seg0 via J0
    - MERGE  (5064 -> 5144)  ion 12: Seg0 -> T0
[SHUTTLE 18] ion=12  T0 -> T1  route=T0->J0->J1->T1
    - SPLIT  (5184 -> 5264)  ion 12: T0 -> Seg0 (swap_cnt=0, swap_hops=0, ion_hops=0, i1=0, i2=0)
    - MOVE   (5264 -> 5278)  ion 12: Seg0 -> Seg6 via J0
    - MOVE   (5278 -> 5292)  ion 12: Seg6 -> Seg1 via J1
    - MERGE  (5292 -> 5372)  ion 12: Seg1 -> T1
[SHUTTLE 19] ion=12  T1 -> T0  route=T1->J1->J0->T0
    - SPLIT  (5412 -> 5492)  ion 12: T1 -> Seg1 (swap_cnt=0, swap_hops=0, ion_hops=0, i1=0, i2=0)
    - MOVE   (5492 -> 5506)  ion 12: Seg1 -> Seg6 via J1
    - MOVE   (5506 -> 5520)  ion 12: Seg6 -> Seg0 via J0
    - MERGE  (5520 -> 5600)  ion 12: Seg0 -> T0
[SHUTTLE 20] ion=10  T0 -> T1  route=T0->J0->J1->T1
    - SPLIT  (5640 -> 5760)  ion 10: T0 -> Seg0 (swap_cnt=1, swap_hops=1, ion_hops=0, i1=10, i2=12)
    - MOVE   (5760 -> 5774)  ion 10: Seg0 -> Seg6 via J0
    - MOVE   (5774 -> 5788)  ion 10: Seg6 -> Seg1 via J1
    - MERGE  (5788 -> 5868)  ion 10: Seg1 -> T1
[SHUTTLE 21] ion=14  T1 -> T0  route=T1->J1->J0->T0
    - SPLIT  (5948 -> 6068)  ion 14: T1 -> Seg1 (swap_cnt=1, swap_hops=3, ion_hops=0, i1=14, i2=10)
    - MOVE   (6068 -> 6082)  ion 14: Seg1 -> Seg6 via J1
    - MOVE   (6082 -> 6096)  ion 14: Seg6 -> Seg0 via J0
    - MERGE  (6096 -> 6176)  ion 14: Seg0 -> T0
[SHUTTLE 22] ion=14  T0 -> T1  route=T0->J0->J1->T1
    - SPLIT  (6216 -> 6296)  ion 14: T0 -> Seg0 (swap_cnt=0, swap_hops=0, ion_hops=0, i1=0, i2=0)
    - MOVE   (6296 -> 6310)  ion 14: Seg0 -> Seg6 via J0
    - MOVE   (6310 -> 6324)  ion 14: Seg6 -> Seg1 via J1
    - MERGE  (6324 -> 6404)  ion 14: Seg1 -> T1
[SHUTTLE 23] ion=14  T1 -> T0  route=T1->J1->J0->T0
    - SPLIT  (6444 -> 6524)  ion 14: T1 -> Seg1 (swap_cnt=0, swap_hops=0, ion_hops=0, i1=0, i2=0)
    - MOVE   (6524 -> 6538)  ion 14: Seg1 -> Seg6 via J1
    - MOVE   (6538 -> 6552)  ion 14: Seg6 -> Seg0 via J0
    - MERGE  (6552 -> 6632)  ion 14: Seg0 -> T0
[SHUTTLE 24] ion=14  T0 -> T1  route=T0->J0->J1->T1
    - SPLIT  (6672 -> 6752)  ion 14: T0 -> Seg0 (swap_cnt=0, swap_hops=0, ion_hops=0, i1=0, i2=0)
    - MOVE   (6752 -> 6766)  ion 14: Seg0 -> Seg6 via J0
    - MOVE   (6766 -> 6780)  ion 14: Seg6 -> Seg1 via J1
    - MERGE  (6780 -> 6860)  ion 14: Seg1 -> T1
[SHUTTLE 25] ion=14  T1 -> T0  route=T1->J1->J0->T0
    - SPLIT  (6900 -> 6980)  ion 14: T1 -> Seg1 (swap_cnt=0, swap_hops=0, ion_hops=0, i1=0, i2=0)
    - MOVE   (6980 -> 6994)  ion 14: Seg1 -> Seg6 via J1
    - MOVE   (6994 -> 7008)  ion 14: Seg6 -> Seg0 via J0
    - MERGE  (7008 -> 7088)  ion 14: Seg0 -> T0
[SHUTTLE 26] ion=12  T0 -> T1  route=T0->J0->J1->T1
    - SPLIT  (7128 -> 7248)  ion 12: T0 -> Seg0 (swap_cnt=1, swap_hops=1, ion_hops=0, i1=12, i2=14)
    - MOVE   (7248 -> 7262)  ion 12: Seg0 -> Seg6 via J0
    - MOVE   (7262 -> 7276)  ion 12: Seg6 -> Seg1 via J1
    - MERGE  (7276 -> 7356)  ion 12: Seg1 -> T1
[SHUTTLE 27] ion=16  T2 -> T0  route=T2->J2->J1->J0->T0
    - SPLIT  (7436 -> 7556)  ion 16: T2 -> Seg2 (swap_cnt=1, swap_hops=6, ion_hops=0, i1=16, i2=22)
    - MOVE   (7556 -> 7570)  ion 16: Seg2 -> Seg7 via J2
    - MOVE   (7570 -> 7584)  ion 16: Seg7 -> Seg6 via J1
    - MOVE   (7584 -> 7598)  ion 16: Seg6 -> Seg0 via J0
    - MERGE  (7598 -> 7678)  ion 16: Seg0 -> T0
[SHUTTLE 28] ion=16  T0 -> T2  route=T0->J0->J1->J2->T2
    - SPLIT  (7718 -> 7798)  ion 16: T0 -> Seg0 (swap_cnt=0, swap_hops=0, ion_hops=0, i1=0, i2=0)
    - MOVE   (7798 -> 7812)  ion 16: Seg0 -> Seg6 via J0
    - MOVE   (7812 -> 7826)  ion 16: Seg6 -> Seg7 via J1
    - MOVE   (7826 -> 7840)  ion 16: Seg7 -> Seg2 via J2
    - MERGE  (7840 -> 7920)  ion 16: Seg2 -> T2
[SHUTTLE 29] ion=16  T2 -> T0  route=T2->J2->J1->J0->T0
    - SPLIT  (7960 -> 8040)  ion 16: T2 -> Seg2 (swap_cnt=0, swap_hops=0, ion_hops=0, i1=0, i2=0)
    - MOVE   (8040 -> 8054)  ion 16: Seg2 -> Seg7 via J2
    - MOVE   (8054 -> 8068)  ion 16: Seg7 -> Seg6 via J1
    - MOVE   (8068 -> 8082)  ion 16: Seg6 -> Seg0 via J0
    - MERGE  (8082 -> 8162)  ion 16: Seg0 -> T0
[SHUTTLE 30] ion=16  T0 -> T2  route=T0->J0->J1->J2->T2
    - SPLIT  (8202 -> 8282)  ion 16: T0 -> Seg0 (swap_cnt=0, swap_hops=0, ion_hops=0, i1=0, i2=0)
    - MOVE   (8282 -> 8296)  ion 16: Seg0 -> Seg6 via J0
    - MOVE   (8296 -> 8310)  ion 16: Seg6 -> Seg7 via J1
    - MOVE   (8310 -> 8324)  ion 16: Seg7 -> Seg2 via J2
    - MERGE  (8324 -> 8404)  ion 16: Seg2 -> T2
[SHUTTLE 31] ion=16  T2 -> T0  route=T2->J2->J1->J0->T0
    - SPLIT  (8444 -> 8524)  ion 16: T2 -> Seg2 (swap_cnt=0, swap_hops=0, ion_hops=0, i1=0, i2=0)
    - MOVE   (8524 -> 8538)  ion 16: Seg2 -> Seg7 via J2
    - MOVE   (8538 -> 8552)  ion 16: Seg7 -> Seg6 via J1
    - MOVE   (8552 -> 8566)  ion 16: Seg6 -> Seg0 via J0
    - MERGE  (8566 -> 8646)  ion 16: Seg0 -> T0
[SHUTTLE 32] ion=14  T0 -> T2  route=T0->J0->J1->J2->T2
    - SPLIT  (8686 -> 8806)  ion 14: T0 -> Seg0 (swap_cnt=1, swap_hops=1, ion_hops=0, i1=14, i2=16)
    - MOVE   (8806 -> 8820)  ion 14: Seg0 -> Seg6 via J0
    - MOVE   (8820 -> 8834)  ion 14: Seg6 -> Seg7 via J1
    - MOVE   (8834 -> 8848)  ion 14: Seg7 -> Seg2 via J2
    - MERGE  (8848 -> 8928)  ion 14: Seg2 -> T2
[SHUTTLE 33] ion=18  T2 -> T0  route=T2->J2->J1->J0->T0
    - SPLIT  (9008 -> 9128)  ion 18: T2 -> Seg2 (swap_cnt=1, swap_hops=5, ion_hops=0, i1=18, i2=14)
    - MOVE   (9128 -> 9142)  ion 18: Seg2 -> Seg7 via J2
    - MOVE   (9142 -> 9156)  ion 18: Seg7 -> Seg6 via J1
    - MOVE   (9156 -> 9170)  ion 18: Seg6 -> Seg0 via J0
    - MERGE  (9170 -> 9250)  ion 18: Seg0 -> T0
[SHUTTLE 34] ion=18  T0 -> T2  route=T0->J0->J1->J2->T2
    - SPLIT  (9290 -> 9370)  ion 18: T0 -> Seg0 (swap_cnt=0, swap_hops=0, ion_hops=0, i1=0, i2=0)
    - MOVE   (9370 -> 9384)  ion 18: Seg0 -> Seg6 via J0
    - MOVE   (9384 -> 9398)  ion 18: Seg6 -> Seg7 via J1
    - MOVE   (9398 -> 9412)  ion 18: Seg7 -> Seg2 via J2
    - MERGE  (9412 -> 9492)  ion 18: Seg2 -> T2
[SHUTTLE 35] ion=18  T2 -> T0  route=T2->J2->J1->J0->T0
    - SPLIT  (9532 -> 9612)  ion 18: T2 -> Seg2 (swap_cnt=0, swap_hops=0, ion_hops=0, i1=0, i2=0)
    - MOVE   (9612 -> 9626)  ion 18: Seg2 -> Seg7 via J2
    - MOVE   (9626 -> 9640)  ion 18: Seg7 -> Seg6 via J1
    - MOVE   (9640 -> 9654)  ion 18: Seg6 -> Seg0 via J0
    - MERGE  (9654 -> 9734)  ion 18: Seg0 -> T0
[SHUTTLE 36] ion=18  T0 -> T2  route=T0->J0->J1->J2->T2
    - SPLIT  (9774 -> 9854)  ion 18: T0 -> Seg0 (swap_cnt=0, swap_hops=0, ion_hops=0, i1=0, i2=0)
    - MOVE   (9854 -> 9868)  ion 18: Seg0 -> Seg6 via J0
    - MOVE   (9868 -> 9882)  ion 18: Seg6 -> Seg7 via J1
    - MOVE   (9882 -> 9896)  ion 18: Seg7 -> Seg2 via J2
    - MERGE  (9896 -> 9976)  ion 18: Seg2 -> T2
[SHUTTLE 37] ion=18  T2 -> T0  route=T2->J2->J1->J0->T0
    - SPLIT  (10016 -> 10096)  ion 18: T2 -> Seg2 (swap_cnt=0, swap_hops=0, ion_hops=0, i1=0, i2=0)
    - MOVE   (10096 -> 10110)  ion 18: Seg2 -> Seg7 via J2
    - MOVE   (10110 -> 10124)  ion 18: Seg7 -> Seg6 via J1
    - MOVE   (10124 -> 10138)  ion 18: Seg6 -> Seg0 via J0
    - MERGE  (10138 -> 10218)  ion 18: Seg0 -> T0
[SHUTTLE 38] ion=16  T0 -> T2  route=T0->J0->J1->J2->T2
    - SPLIT  (10258 -> 10378)  ion 16: T0 -> Seg0 (swap_cnt=1, swap_hops=1, ion_hops=0, i1=16, i2=18)
    - MOVE   (10378 -> 10392)  ion 16: Seg0 -> Seg6 via J0
    - MOVE   (10392 -> 10406)  ion 16: Seg6 -> Seg7 via J1
    - MOVE   (10406 -> 10420)  ion 16: Seg7 -> Seg2 via J2
    - MERGE  (10420 -> 10500)  ion 16: Seg2 -> T2
[SHUTTLE 39] ion=20  T2 -> T0  route=T2->J2->J1->J0->T0
    - SPLIT  (10580 -> 10700)  ion 20: T2 -> Seg2 (swap_cnt=1, swap_hops=4, ion_hops=0, i1=20, i2=16)
    - MOVE   (10700 -> 10714)  ion 20: Seg2 -> Seg7 via J2
    - MOVE   (10714 -> 10728)  ion 20: Seg7 -> Seg6 via J1
    - MOVE   (10728 -> 10742)  ion 20: Seg6 -> Seg0 via J0
    - MERGE  (10742 -> 10822)  ion 20: Seg0 -> T0
[SHUTTLE 40] ion=20  T0 -> T2  route=T0->J0->J1->J2->T2
    - SPLIT  (10862 -> 10942)  ion 20: T0 -> Seg0 (swap_cnt=0, swap_hops=0, ion_hops=0, i1=0, i2=0)
    - MOVE   (10942 -> 10956)  ion 20: Seg0 -> Seg6 via J0
    - MOVE   (10956 -> 10970)  ion 20: Seg6 -> Seg7 via J1
    - MOVE   (10970 -> 10984)  ion 20: Seg7 -> Seg2 via J2
    - MERGE  (10984 -> 11064)  ion 20: Seg2 -> T2
[SHUTTLE 41] ion=20  T2 -> T0  route=T2->J2->J1->J0->T0
    - SPLIT  (11104 -> 11184)  ion 20: T2 -> Seg2 (swap_cnt=0, swap_hops=0, ion_hops=0, i1=0, i2=0)
    - MOVE   (11184 -> 11198)  ion 20: Seg2 -> Seg7 via J2
    - MOVE   (11198 -> 11212)  ion 20: Seg7 -> Seg6 via J1
    - MOVE   (11212 -> 11226)  ion 20: Seg6 -> Seg0 via J0
    - MERGE  (11226 -> 11306)  ion 20: Seg0 -> T0
[SHUTTLE 42] ion=20  T0 -> T2  route=T0->J0->J1->J2->T2
    - SPLIT  (11346 -> 11426)  ion 20: T0 -> Seg0 (swap_cnt=0, swap_hops=0, ion_hops=0, i1=0, i2=0)
    - MOVE   (11426 -> 11440)  ion 20: Seg0 -> Seg6 via J0
    - MOVE   (11440 -> 11454)  ion 20: Seg6 -> Seg7 via J1
    - MOVE   (11454 -> 11468)  ion 20: Seg7 -> Seg2 via J2
    - MERGE  (11468 -> 11548)  ion 20: Seg2 -> T2
[SHUTTLE 43] ion=20  T2 -> T0  route=T2->J2->J1->J0->T0
    - SPLIT  (11588 -> 11668)  ion 20: T2 -> Seg2 (swap_cnt=0, swap_hops=0, ion_hops=0, i1=0, i2=0)
    - MOVE   (11668 -> 11682)  ion 20: Seg2 -> Seg7 via J2
    - MOVE   (11682 -> 11696)  ion 20: Seg7 -> Seg6 via J1
    - MOVE   (11696 -> 11710)  ion 20: Seg6 -> Seg0 via J0
    - MERGE  (11710 -> 11790)  ion 20: Seg0 -> T0
[SHUTTLE 44] ion=18  T0 -> T2  route=T0->J0->J1->J2->T2
    - SPLIT  (11830 -> 11950)  ion 18: T0 -> Seg0 (swap_cnt=1, swap_hops=1, ion_hops=0, i1=18, i2=20)
    - MOVE   (11950 -> 11964)  ion 18: Seg0 -> Seg6 via J0
    - MOVE   (11964 -> 11978)  ion 18: Seg6 -> Seg7 via J1
    - MOVE   (11978 -> 11992)  ion 18: Seg7 -> Seg2 via J2
    - MERGE  (11992 -> 12072)  ion 18: Seg2 -> T2
[SHUTTLE 45] ion=22  T2 -> T0  route=T2->J2->J1->J0->T0
    - SPLIT  (12152 -> 12272)  ion 22: T2 -> Seg2 (swap_cnt=1, swap_hops=3, ion_hops=0, i1=22, i2=18)
    - MOVE   (12272 -> 12286)  ion 22: Seg2 -> Seg7 via J2
    - MOVE   (12286 -> 12300)  ion 22: Seg7 -> Seg6 via J1
    - MOVE   (12300 -> 12314)  ion 22: Seg6 -> Seg0 via J0
    - MERGE  (12314 -> 12394)  ion 22: Seg0 -> T0
[SHUTTLE 46] ion=22  T0 -> T2  route=T0->J0->J1->J2->T2
    - SPLIT  (12434 -> 12514)  ion 22: T0 -> Seg0 (swap_cnt=0, swap_hops=0, ion_hops=0, i1=0, i2=0)
    - MOVE   (12514 -> 12528)  ion 22: Seg0 -> Seg6 via J0
    - MOVE   (12528 -> 12542)  ion 22: Seg6 -> Seg7 via J1
    - MOVE   (12542 -> 12556)  ion 22: Seg7 -> Seg2 via J2
    - MERGE  (12556 -> 12636)  ion 22: Seg2 -> T2
[SHUTTLE 47] ion=22  T2 -> T0  route=T2->J2->J1->J0->T0
    - SPLIT  (12676 -> 12756)  ion 22: T2 -> Seg2 (swap_cnt=0, swap_hops=0, ion_hops=0, i1=0, i2=0)
    - MOVE   (12756 -> 12770)  ion 22: Seg2 -> Seg7 via J2
    - MOVE   (12770 -> 12784)  ion 22: Seg7 -> Seg6 via J1
    - MOVE   (12784 -> 12798)  ion 22: Seg6 -> Seg0 via J0
    - MERGE  (12798 -> 12878)  ion 22: Seg0 -> T0
[SHUTTLE 48] ion=22  T0 -> T2  route=T0->J0->J1->J2->T2
    - SPLIT  (12918 -> 12998)  ion 22: T0 -> Seg0 (swap_cnt=0, swap_hops=0, ion_hops=0, i1=0, i2=0)
    - MOVE   (12998 -> 13012)  ion 22: Seg0 -> Seg6 via J0
    - MOVE   (13012 -> 13026)  ion 22: Seg6 -> Seg7 via J1
    - MOVE   (13026 -> 13040)  ion 22: Seg7 -> Seg2 via J2
    - MERGE  (13040 -> 13120)  ion 22: Seg2 -> T2
[SHUTTLE 49] ion=22  T2 -> T0  route=T2->J2->J1->J0->T0
    - SPLIT  (13160 -> 13240)  ion 22: T2 -> Seg2 (swap_cnt=0, swap_hops=0, ion_hops=0, i1=0, i2=0)
    - MOVE   (13240 -> 13254)  ion 22: Seg2 -> Seg7 via J2
    - MOVE   (13254 -> 13268)  ion 22: Seg7 -> Seg6 via J1
    - MOVE   (13268 -> 13282)  ion 22: Seg6 -> Seg0 via J0
    - MERGE  (13282 -> 13362)  ion 22: Seg0 -> T0
[SHUTTLE 50] ion=20  T0 -> T2  route=T0->J0->J1->J2->T2
    - SPLIT  (13402 -> 13522)  ion 20: T0 -> Seg0 (swap_cnt=1, swap_hops=1, ion_hops=0, i1=20, i2=22)
    - MOVE   (13522 -> 13536)  ion 20: Seg0 -> Seg6 via J0
    - MOVE   (13536 -> 13550)  ion 20: Seg6 -> Seg7 via J1
    - MOVE   (13550 -> 13564)  ion 20: Seg7 -> Seg2 via J2
    - MERGE  (13564 -> 13644)  ion 20: Seg2 -> T2
[SHUTTLE 51] ion=24  T0 -> T3  route=T0->J0->T3
    - SPLIT  (13764 -> 13884)  ion 24: T0 -> Seg0 (swap_cnt=1, swap_hops=2, ion_hops=0, i1=24, i2=22)
    - MOVE   (13884 -> 13898)  ion 24: Seg0 -> Seg3 via J0
    - MERGE  (13898 -> 13978)  ion 24: Seg3 -> T3
[SHUTTLE 52] ion=24  T3 -> T0  route=T3->J0->T0
    - SPLIT  (15578 -> 15658)  ion 24: T3 -> Seg3 (swap_cnt=0, swap_hops=0, ion_hops=0, i1=0, i2=0)
    - MOVE   (15658 -> 15672)  ion 24: Seg3 -> Seg0 via J0
    - MERGE  (15672 -> 15752)  ion 24: Seg0 -> T0
[SHUTTLE 53] ion=21  T2 -> T0  route=T2->J2->J1->J0->T0
    - SPLIT  (16072 -> 16192)  ion 21: T2 -> Seg2 (swap_cnt=1, swap_hops=4, ion_hops=0, i1=21, i2=20)
    - MOVE   (16192 -> 16206)  ion 21: Seg2 -> Seg7 via J2
    - MOVE   (16206 -> 16220)  ion 21: Seg7 -> Seg6 via J1
    - MOVE   (16220 -> 16234)  ion 21: Seg6 -> Seg0 via J0
    - MERGE  (16234 -> 16314)  ion 21: Seg0 -> T0
[SHUTTLE 54] ion=22  T0 -> T2  route=T0->J0->J1->J2->T2
    - SPLIT  (16354 -> 16474)  ion 22: T0 -> Seg0 (swap_cnt=1, swap_hops=2, ion_hops=0, i1=22, i2=21)
    - MOVE   (16474 -> 16488)  ion 22: Seg0 -> Seg6 via J0
    - MOVE   (16488 -> 16502)  ion 22: Seg6 -> Seg7 via J1
    - MOVE   (16502 -> 16516)  ion 22: Seg7 -> Seg2 via J2
    - MERGE  (16516 -> 16596)  ion 22: Seg2 -> T2
[SHUTTLE 55] ion=22  T2 -> T0  route=T2->J2->J1->J0->T0
    - SPLIT  (16636 -> 16716)  ion 22: T2 -> Seg2 (swap_cnt=0, swap_hops=0, ion_hops=0, i1=0, i2=0)
    - MOVE   (16716 -> 16730)  ion 22: Seg2 -> Seg7 via J2
    - MOVE   (16730 -> 16744)  ion 22: Seg7 -> Seg6 via J1
    - MOVE   (16744 -> 16758)  ion 22: Seg6 -> Seg0 via J0
    - MERGE  (16758 -> 16838)  ion 22: Seg0 -> T0
[SHUTTLE 56] ion=22  T0 -> T2  route=T0->J0->J1->J2->T2
    - SPLIT  (16878 -> 16958)  ion 22: T0 -> Seg0 (swap_cnt=0, swap_hops=0, ion_hops=0, i1=0, i2=0)
    - MOVE   (16958 -> 16972)  ion 22: Seg0 -> Seg6 via J0
    - MOVE   (16972 -> 16986)  ion 22: Seg6 -> Seg7 via J1
    - MOVE   (16986 -> 17000)  ion 22: Seg7 -> Seg2 via J2
    - MERGE  (17000 -> 17080)  ion 22: Seg2 -> T2
[SHUTTLE 57] ion=20  T2 -> T0  route=T2->J2->J1->J0->T0
    - SPLIT  (17120 -> 17240)  ion 20: T2 -> Seg2 (swap_cnt=1, swap_hops=1, ion_hops=0, i1=20, i2=22)
    - MOVE   (17240 -> 17254)  ion 20: Seg2 -> Seg7 via J2
    - MOVE   (17254 -> 17268)  ion 20: Seg7 -> Seg6 via J1
    - MOVE   (17268 -> 17282)  ion 20: Seg6 -> Seg0 via J0
    - MERGE  (17282 -> 17362)  ion 20: Seg0 -> T0
[SHUTTLE 58] ion=20  T0 -> T2  route=T0->J0->J1->J2->T2
    - SPLIT  (17442 -> 17522)  ion 20: T0 -> Seg0 (swap_cnt=0, swap_hops=0, ion_hops=0, i1=0, i2=0)
    - MOVE   (17522 -> 17536)  ion 20: Seg0 -> Seg6 via J0
    - MOVE   (17536 -> 17550)  ion 20: Seg6 -> Seg7 via J1
    - MOVE   (17550 -> 17564)  ion 20: Seg7 -> Seg2 via J2
    - MERGE  (17564 -> 17644)  ion 20: Seg2 -> T2
[SHUTTLE 59] ion=22  T2 -> T0  route=T2->J2->J1->J0->T0
    - SPLIT  (17684 -> 17804)  ion 22: T2 -> Seg2 (swap_cnt=1, swap_hops=1, ion_hops=0, i1=22, i2=20)
    - MOVE   (17804 -> 17818)  ion 22: Seg2 -> Seg7 via J2
    - MOVE   (17818 -> 17832)  ion 22: Seg7 -> Seg6 via J1
    - MOVE   (17832 -> 17846)  ion 22: Seg6 -> Seg0 via J0
    - MERGE  (17846 -> 17926)  ion 22: Seg0 -> T0
[SHUTTLE 60] ion=13  T1 -> T2  route=T1->J1->J2->T2
    - SPLIT  (18564 -> 18684)  ion 13: T1 -> Seg1 (swap_cnt=1, swap_hops=4, ion_hops=0, i1=13, i2=12)
    - MOVE   (18684 -> 18698)  ion 13: Seg1 -> Seg7 via J1
    - MOVE   (18698 -> 18712)  ion 13: Seg7 -> Seg2 via J2
    - MERGE  (18712 -> 18792)  ion 13: Seg2 -> T2
[SHUTTLE 61] ion=14  T2 -> T1  route=T2->J2->J1->T1
    - SPLIT  (18832 -> 18952)  ion 14: T2 -> Seg2 (swap_cnt=1, swap_hops=4, ion_hops=0, i1=14, i2=13)
    - MOVE   (18952 -> 18966)  ion 14: Seg2 -> Seg7 via J2
    - MOVE   (18966 -> 18980)  ion 14: Seg7 -> Seg1 via J1
    - MERGE  (18980 -> 19060)  ion 14: Seg1 -> T1
[SHUTTLE 62] ion=14  T1 -> T2  route=T1->J1->J2->T2
    - SPLIT  (19100 -> 19180)  ion 14: T1 -> Seg1 (swap_cnt=0, swap_hops=0, ion_hops=0, i1=0, i2=0)
    - MOVE   (19180 -> 19194)  ion 14: Seg1 -> Seg7 via J1
    - MOVE   (19194 -> 19208)  ion 14: Seg7 -> Seg2 via J2
    - MERGE  (19208 -> 19288)  ion 14: Seg2 -> T2
[SHUTTLE 63] ion=14  T2 -> T1  route=T2->J2->J1->T1
    - SPLIT  (19328 -> 19408)  ion 14: T2 -> Seg2 (swap_cnt=0, swap_hops=0, ion_hops=0, i1=0, i2=0)
    - MOVE   (19408 -> 19422)  ion 14: Seg2 -> Seg7 via J2
    - MOVE   (19422 -> 19436)  ion 14: Seg7 -> Seg1 via J1
    - MERGE  (19436 -> 19516)  ion 14: Seg1 -> T1
[SHUTTLE 64] ion=12  T1 -> T2  route=T1->J1->J2->T2
    - SPLIT  (19556 -> 19676)  ion 12: T1 -> Seg1 (swap_cnt=1, swap_hops=1, ion_hops=0, i1=12, i2=14)
    - MOVE   (19676 -> 19690)  ion 12: Seg1 -> Seg7 via J1
    - MOVE   (19690 -> 19704)  ion 12: Seg7 -> Seg2 via J2
    - MERGE  (19704 -> 19784)  ion 12: Seg2 -> T2
[SHUTTLE 65] ion=12  T2 -> T1  route=T2->J2->J1->T1
    - SPLIT  (19864 -> 19944)  ion 12: T2 -> Seg2 (swap_cnt=0, swap_hops=0, ion_hops=0, i1=0, i2=0)
    - MOVE   (19944 -> 19958)  ion 12: Seg2 -> Seg7 via J2
    - MOVE   (19958 -> 19972)  ion 12: Seg7 -> Seg1 via J1
    - MERGE  (19972 -> 20052)  ion 12: Seg1 -> T1
[SHUTTLE 66] ion=14  T1 -> T2  route=T1->J1->J2->T2
    - SPLIT  (20092 -> 20212)  ion 14: T1 -> Seg1 (swap_cnt=1, swap_hops=1, ion_hops=0, i1=14, i2=12)
    - MOVE   (20212 -> 20226)  ion 14: Seg1 -> Seg7 via J1
    - MOVE   (20226 -> 20240)  ion 14: Seg7 -> Seg2 via J2
    - MERGE  (20240 -> 20320)  ion 14: Seg2 -> T2
[SHUTTLE 67] ion=5  T0 -> T1  route=T0->J0->J1->T1
    - SPLIT  (20972 -> 21092)  ion 5: T0 -> Seg0 (swap_cnt=1, swap_hops=5, ion_hops=0, i1=5, i2=22)
    - MOVE   (21092 -> 21106)  ion 5: Seg0 -> Seg6 via J0
    - MOVE   (21106 -> 21120)  ion 5: Seg6 -> Seg1 via J1
    - MERGE  (21120 -> 21200)  ion 5: Seg1 -> T1
[SHUTTLE 68] ion=6  T1 -> T0  route=T1->J1->J0->T0
    - SPLIT  (21240 -> 21360)  ion 6: T1 -> Seg1 (swap_cnt=1, swap_hops=4, ion_hops=0, i1=6, i2=5)
    - MOVE   (21360 -> 21374)  ion 6: Seg1 -> Seg6 via J1
    - MOVE   (21374 -> 21388)  ion 6: Seg6 -> Seg0 via J0
    - MERGE  (21388 -> 21468)  ion 6: Seg0 -> T0
[SHUTTLE 69] ion=6  T0 -> T1  route=T0->J0->J1->T1
    - SPLIT  (21508 -> 21588)  ion 6: T0 -> Seg0 (swap_cnt=0, swap_hops=0, ion_hops=0, i1=0, i2=0)
    - MOVE   (21588 -> 21602)  ion 6: Seg0 -> Seg6 via J0
    - MOVE   (21602 -> 21616)  ion 6: Seg6 -> Seg1 via J1
    - MERGE  (21616 -> 21696)  ion 6: Seg1 -> T1
[SHUTTLE 70] ion=6  T1 -> T0  route=T1->J1->J0->T0
    - SPLIT  (21736 -> 21816)  ion 6: T1 -> Seg1 (swap_cnt=0, swap_hops=0, ion_hops=0, i1=0, i2=0)
    - MOVE   (21816 -> 21830)  ion 6: Seg1 -> Seg6 via J1
    - MOVE   (21830 -> 21844)  ion 6: Seg6 -> Seg0 via J0
    - MERGE  (21844 -> 21924)  ion 6: Seg0 -> T0
[SHUTTLE 71] ion=4  T0 -> T1  route=T0->J0->J1->T1
    - SPLIT  (21964 -> 22084)  ion 4: T0 -> Seg0 (swap_cnt=1, swap_hops=6, ion_hops=0, i1=4, i2=6)
    - MOVE   (22084 -> 22098)  ion 4: Seg0 -> Seg6 via J0
    - MOVE   (22098 -> 22112)  ion 4: Seg6 -> Seg1 via J1
    - MERGE  (22112 -> 22192)  ion 4: Seg1 -> T1
[SHUTTLE 72] ion=4  T1 -> T0  route=T1->J1->J0->T0
    - SPLIT  (22272 -> 22352)  ion 4: T1 -> Seg1 (swap_cnt=0, swap_hops=0, ion_hops=0, i1=0, i2=0)
    - MOVE   (22352 -> 22366)  ion 4: Seg1 -> Seg6 via J1
    - MOVE   (22366 -> 22380)  ion 4: Seg6 -> Seg0 via J0
    - MERGE  (22380 -> 22460)  ion 4: Seg0 -> T0
[SHUTTLE 73] ion=6  T0 -> T1  route=T0->J0->J1->T1
    - SPLIT  (22500 -> 22620)  ion 6: T0 -> Seg0 (swap_cnt=1, swap_hops=1, ion_hops=0, i1=6, i2=4)
    - MOVE   (22620 -> 22634)  ion 6: Seg0 -> Seg6 via J0
    - MOVE   (22634 -> 22648)  ion 6: Seg6 -> Seg1 via J1
    - MERGE  (22648 -> 22728)  ion 6: Seg1 -> T1
[SHUTTLE 74] ion=2  T0 -> T4  route=T0->J0->J1->T4
    - SPLIT  (22820 -> 22940)  ion 2: T0 -> Seg0 (swap_cnt=1, swap_hops=4, ion_hops=0, i1=2, i2=4)
    - MOVE   (22940 -> 22954)  ion 2: Seg0 -> Seg6 via J0
    - MOVE   (22954 -> 22968)  ion 2: Seg6 -> Seg4 via J1
    - MERGE  (22968 -> 23048)  ion 2: Seg4 -> T4
SplitSWAP: 33
SchedulerFiredShuttle: 75
ReportedTotalShuttle: 75
----------------
