Simulation
Program:           programs\ADDER32.qasm
Machine:           G2x3
Model:             MUSS_Params
Ions/Region:       8
Mapper:            SABRE
Reorder:           Naive
SerialTrap:        1
SerialComm:        1
SerialAll:         1
GateType:          FM
SwapType:          PaperSwapDirect
Scheduler Family:  MUSS
Scheduler Version: V6
Analyzer Mode:     PAPER
Arch Scale:        SMALL
========== Gate Set Summary ==========
cx: 256
h: 60
t: 120
tdg: 90
x: 30
======================================
Parse object map:
{0: [2, 1], 1: [2, 0], 3: [1, 2], 5: [0, 2], 7: [1, 2], 10: [0, 2], 11: [0, 1], 16: [0, 1], 17: [4, 3], 18: [4, 2], 20: [3, 4], 22: [2, 4], 24: [3, 4], 27: [2, 4], 28: [2, 3], 33: [2, 3], 34: [6, 5], 35: [6, 4], 37: [5, 6], 39: [4, 6], 41: [5, 6], 44: [4, 6], 45: [4, 5], 50: [4, 5], 51: [8, 7], 52: [8, 6], 54: [7, 8], 56: [6, 8], 58: [7, 8], 61: [6, 8], 62: [6, 7], 67: [6, 7], 68: [10, 9], 69: [10, 8], 71: [9, 10], 73: [8, 10], 75: [9, 10], 78: [8, 10], 79: [8, 9], 84: [8, 9], 85: [12, 11], 86: [12, 10], 88: [11, 12], 90: [10, 12], 92: [11, 12], 95: [10, 12], 96: [10, 11], 101: [10, 11], 102: [14, 13], 103: [14, 12], 105: [13, 14], 107: [12, 14], 109: [13, 14], 112: [12, 14], 113: [12, 13], 118: [12, 13], 119: [16, 15], 120: [16, 14], 122: [15, 16], 124: [14, 16], 126: [15, 16], 129: [14, 16], 130: [14, 15], 135: [14, 15], 136: [18, 17], 137: [18, 16], 139: [17, 18], 141: [16, 18], 143: [17, 18], 146: [16, 18], 147: [16, 17], 152: [16, 17], 153: [20, 19], 154: [20, 18], 156: [19, 20], 158: [18, 20], 160: [19, 20], 163: [18, 20], 164: [18, 19], 169: [18, 19], 170: [22, 21], 171: [22, 20], 173: [21, 22], 175: [20, 22], 177: [21, 22], 180: [20, 22], 181: [20, 21], 186: [20, 21], 187: [24, 23], 188: [24, 22], 190: [23, 24], 192: [22, 24], 194: [23, 24], 197: [22, 24], 198: [22, 23], 203: [22, 23], 204: [26, 25], 205: [26, 24], 207: [25, 26], 209: [24, 26], 211: [25, 26], 214: [24, 26], 215: [24, 25], 220: [24, 25], 221: [28, 27], 222: [28, 26], 224: [27, 28], 226: [26, 28], 228: [27, 28], 231: [26, 28], 232: [26, 27], 237: [26, 27], 238: [30, 29], 239: [30, 28], 241: [29, 30], 243: [28, 30], 245: [29, 30], 248: [28, 30], 249: [28, 29], 254: [28, 29], 255: [30, 31], 257: [28, 29], 259: [29, 30], 261: [28, 30], 263: [29, 30], 266: [28, 30], 267: [28, 29], 272: [28, 29], 274: [30, 28], 275: [30, 29], 277: [26, 27], 279: [27, 28], 281: [26, 28], 283: [27, 28], 286: [26, 28], 287: [26, 27], 292: [26, 27], 294: [28, 26], 295: [28, 27], 297: [24, 25], 299: [25, 26], 301: [24, 26], 303: [25, 26], 306: [24, 26], 307: [24, 25], 312: [24, 25], 314: [26, 24], 315: [26, 25], 317: [22, 23], 319: [23, 24], 321: [22, 24], 323: [23, 24], 326: [22, 24], 327: [22, 23], 332: [22, 23], 334: [24, 22], 335: [24, 23], 337: [20, 21], 339: [21, 22], 341: [20, 22], 343: [21, 22], 346: [20, 22], 347: [20, 21], 352: [20, 21], 354: [22, 20], 355: [22, 21], 357: [18, 19], 359: [19, 20], 361: [18, 20], 363: [19, 20], 366: [18, 20], 367: [18, 19], 372: [18, 19], 374: [20, 18], 375: [20, 19], 377: [16, 17], 379: [17, 18], 381: [16, 18], 383: [17, 18], 386: [16, 18], 387: [16, 17], 392: [16, 17], 394: [18, 16], 395: [18, 17], 397: [14, 15], 399: [15, 16], 401: [14, 16], 403: [15, 16], 406: [14, 16], 407: [14, 15], 412: [14, 15], 414: [16, 14], 415: [16, 15], 417: [12, 13], 419: [13, 14], 421: [12, 14], 423: [13, 14], 426: [12, 14], 427: [12, 13], 432: [12, 13], 434: [14, 12], 435: [14, 13], 437: [10, 11], 439: [11, 12], 441: [10, 12], 443: [11, 12], 446: [10, 12], 447: [10, 11], 452: [10, 11], 454: [12, 10], 455: [12, 11], 457: [8, 9], 459: [9, 10], 461: [8, 10], 463: [9, 10], 466: [8, 10], 467: [8, 9], 472: [8, 9], 474: [10, 8], 475: [10, 9], 477: [6, 7], 479: [7, 8], 481: [6, 8], 483: [7, 8], 486: [6, 8], 487: [6, 7], 492: [6, 7], 494: [8, 6], 495: [8, 7], 497: [4, 5], 499: [5, 6], 501: [4, 6], 503: [5, 6], 506: [4, 6], 507: [4, 5], 512: [4, 5], 514: [6, 4], 515: [6, 5], 517: [2, 3], 519: [3, 4], 521: [2, 4], 523: [3, 4], 526: [2, 4], 527: [2, 3], 532: [2, 3], 534: [4, 2], 535: [4, 3], 537: [0, 1], 539: [1, 2], 541: [0, 2], 543: [1, 2], 546: [0, 2], 547: [0, 1], 552: [0, 1], 554: [2, 0], 555: [2, 1]}
Parse object graph:
DiGraph with 556 nodes and 780 edges
Using SABRE2 mapper (matches muss_schedule6 improved version)
Raw mapping:
{0: 0, 1: 0, 2: 0, 3: 0, 4: 0, 5: 0, 6: 0, 7: 1, 8: 1, 9: 1, 10: 1, 11: 1, 12: 1, 13: 1, 14: 1, 15: 2, 16: 2, 17: 2, 18: 2, 19: 2, 20: 2, 21: 2, 22: 2, 23: 3, 24: 3, 25: 3, 26: 3, 27: 3, 28: 3, 29: 3, 30: 3, 31: 0}
Initial layout policy: mapping_only + canonicalize_to_trap_layout
Note: reorder_choice='Naive' is ignored for mapper 'SABRE'
Skip qubit ordering for mapper 'SABRE'
Initial qubit layout:
{0: [0, 1, 2, 3, 4, 5, 6, 31], 1: [7, 8, 9, 10, 11, 12, 13, 14], 2: [15, 16, 17, 18, 19, 20, 21, 22], 3: [23, 24, 25, 26, 27, 28, 29, 30], 4: [], 5: []}
Using MUSS Scheduler (V6) with SABRE Mapping
Using muss_schedule6.py new_vision
Analyzer shuttle mode: aggregate (detected shuttle_id annotations)
Analyzer parameter wiring: alpha_bg=0.0, T1=600000000.0, k_heating=0.001, epsilon_2q=3.90625e-05, strict_paper_mainline=True
Analyzer mode: paper
Program Finish Time: 24008 us
OPCOUNTS Gate: 556 Split: 80 Move: 153 Merge: 80

Two-qubit gate chain statistics
Mean: 7.43359375 Max: 8.0
Fidelity: 0.37312383860158715

Shuttle count summary
  logical_shuttle_count      = 80   # High-level shuttle count aggregated by shuttle_id
  physical_shuttle_leg_count = 80   # Paper-facing count: each complete trap-to-trap split+move+merge leg
  split_count                = 80
  merge_count                = 80
  move_count                 = 153
[DBG SUMMARY] gates=556  gate_mult=0.548719  avg_gate_nbar=0.0000
[DBG SUMMARY] logical_shuttles=80  shuttle_mult=0.679991  min_shuttle=0.9935
[DBG SUMMARY] worst_B: Trap 0 -> 1.000000 (heat_state=0.000000, alpha_bg=0.0, move_bg_fraction=0.0, model=exp, strict_paper_mainline=True)

========== ANALYSIS RESULT ==========
{'fidelity': 0.37312383860158715, 'total_shuttle': 80, 'logical_shuttle_count': 80, 'physical_shuttle_leg_count': 80, 'split_count': 80, 'merge_count': 80, 'move_count': 153, 'time': 24008}

========== SHUTTLE TRACE ==========
[SHUTTLE 0] ion=7  T1 -> T4  route=T1->J1->T4
    - SPLIT  (720 -> 840)  ion 7: T1 -> Seg1 (swap_cnt=1, swap_hops=7, ion_hops=0, i1=7, i2=14)
    - MOVE   (840 -> 854)  ion 7: Seg1 -> Seg4 via J1
    - MERGE  (854 -> 934)  ion 7: Seg4 -> T4
[SHUTTLE 1] ion=6  T0 -> T1  route=T0->J0->J1->T1
    - SPLIT  (934 -> 1054)  ion 6: T0 -> Seg0 (swap_cnt=1, swap_hops=1, ion_hops=0, i1=6, i2=31)
    - MOVE   (1054 -> 1068)  ion 6: Seg0 -> Seg6 via J0
    - MOVE   (1068 -> 1082)  ion 6: Seg6 -> Seg1 via J1
    - MERGE  (1082 -> 1162)  ion 6: Seg1 -> T1
[SHUTTLE 2] ion=8  T1 -> T4  route=T1->J1->T4
    - SPLIT  (1202 -> 1322)  ion 8: T1 -> Seg1 (swap_cnt=1, swap_hops=7, ion_hops=0, i1=8, i2=6)
    - MOVE   (1322 -> 1336)  ion 8: Seg1 -> Seg4 via J1
    - MERGE  (1336 -> 1416)  ion 8: Seg4 -> T4
[SHUTTLE 3] ion=8  T4 -> T1  route=T4->J1->T1
    - SPLIT  (1456 -> 1536)  ion 8: T4 -> Seg4 (swap_cnt=0, swap_hops=0, ion_hops=0, i1=0, i2=0)
    - MOVE   (1536 -> 1550)  ion 8: Seg4 -> Seg1 via J1
    - MERGE  (1550 -> 1630)  ion 8: Seg1 -> T1
[SHUTTLE 4] ion=8  T1 -> T4  route=T1->J1->T4
    - SPLIT  (1670 -> 1750)  ion 8: T1 -> Seg1 (swap_cnt=0, swap_hops=0, ion_hops=0, i1=0, i2=0)
    - MOVE   (1750 -> 1764)  ion 8: Seg1 -> Seg4 via J1
    - MERGE  (1764 -> 1844)  ion 8: Seg4 -> T4
[SHUTTLE 5] ion=8  T4 -> T1  route=T4->J1->T1
    - SPLIT  (1884 -> 1964)  ion 8: T4 -> Seg4 (swap_cnt=0, swap_hops=0, ion_hops=0, i1=0, i2=0)
    - MOVE   (1964 -> 1978)  ion 8: Seg4 -> Seg1 via J1
    - MERGE  (1978 -> 2058)  ion 8: Seg1 -> T1
[SHUTTLE 6] ion=6  T1 -> T4  route=T1->J1->T4
    - SPLIT  (2098 -> 2218)  ion 6: T1 -> Seg1 (swap_cnt=1, swap_hops=1, ion_hops=0, i1=6, i2=8)
    - MOVE   (2218 -> 2232)  ion 6: Seg1 -> Seg4 via J1
    - MERGE  (2232 -> 2312)  ion 6: Seg4 -> T4
[SHUTTLE 7] ion=16  T2 -> T1  route=T2->J2->J1->T1
    - SPLIT  (2778 -> 2898)  ion 16: T2 -> Seg2 (swap_cnt=1, swap_hops=6, ion_hops=0, i1=16, i2=22)
    - MOVE   (2898 -> 2912)  ion 16: Seg2 -> Seg7 via J2
    - MOVE   (2912 -> 2926)  ion 16: Seg7 -> Seg1 via J1
    - MERGE  (2926 -> 3006)  ion 16: Seg1 -> T1
[SHUTTLE 8] ion=16  T1 -> T2  route=T1->J1->J2->T2
    - SPLIT  (3046 -> 3126)  ion 16: T1 -> Seg1 (swap_cnt=0, swap_hops=0, ion_hops=0, i1=0, i2=0)
    - MOVE   (3126 -> 3140)  ion 16: Seg1 -> Seg7 via J1
    - MOVE   (3140 -> 3154)  ion 16: Seg7 -> Seg2 via J2
    - MERGE  (3154 -> 3234)  ion 16: Seg2 -> T2
[SHUTTLE 9] ion=16  T2 -> T1  route=T2->J2->J1->T1
    - SPLIT  (3274 -> 3354)  ion 16: T2 -> Seg2 (swap_cnt=0, swap_hops=0, ion_hops=0, i1=0, i2=0)
    - MOVE   (3354 -> 3368)  ion 16: Seg2 -> Seg7 via J2
    - MOVE   (3368 -> 3382)  ion 16: Seg7 -> Seg1 via J1
    - MERGE  (3382 -> 3462)  ion 16: Seg1 -> T1
[SHUTTLE 10] ion=16  T1 -> T2  route=T1->J1->J2->T2
    - SPLIT  (3502 -> 3582)  ion 16: T1 -> Seg1 (swap_cnt=0, swap_hops=0, ion_hops=0, i1=0, i2=0)
    - MOVE   (3582 -> 3596)  ion 16: Seg1 -> Seg7 via J1
    - MOVE   (3596 -> 3610)  ion 16: Seg7 -> Seg2 via J2
    - MERGE  (3610 -> 3690)  ion 16: Seg2 -> T2
[SHUTTLE 11] ion=16  T2 -> T1  route=T2->J2->J1->T1
    - SPLIT  (3730 -> 3810)  ion 16: T2 -> Seg2 (swap_cnt=0, swap_hops=0, ion_hops=0, i1=0, i2=0)
    - MOVE   (3810 -> 3824)  ion 16: Seg2 -> Seg7 via J2
    - MOVE   (3824 -> 3838)  ion 16: Seg7 -> Seg1 via J1
    - MERGE  (3838 -> 3918)  ion 16: Seg1 -> T1
[SHUTTLE 12] ion=14  T1 -> T2  route=T1->J1->J2->T2
    - SPLIT  (3958 -> 4078)  ion 14: T1 -> Seg1 (swap_cnt=1, swap_hops=2, ion_hops=0, i1=14, i2=16)
    - MOVE   (4078 -> 4092)  ion 14: Seg1 -> Seg7 via J1
    - MOVE   (4092 -> 4106)  ion 14: Seg7 -> Seg2 via J2
    - MERGE  (4106 -> 4186)  ion 14: Seg2 -> T2
[SHUTTLE 13] ion=18  T2 -> T1  route=T2->J2->J1->T1
    - SPLIT  (4266 -> 4386)  ion 18: T2 -> Seg2 (swap_cnt=1, swap_hops=5, ion_hops=0, i1=18, i2=14)
    - MOVE   (4386 -> 4400)  ion 18: Seg2 -> Seg7 via J2
    - MOVE   (4400 -> 4414)  ion 18: Seg7 -> Seg1 via J1
    - MERGE  (4414 -> 4494)  ion 18: Seg1 -> T1
[SHUTTLE 14] ion=18  T1 -> T2  route=T1->J1->J2->T2
    - SPLIT  (4534 -> 4614)  ion 18: T1 -> Seg1 (swap_cnt=0, swap_hops=0, ion_hops=0, i1=0, i2=0)
    - MOVE   (4614 -> 4628)  ion 18: Seg1 -> Seg7 via J1
    - MOVE   (4628 -> 4642)  ion 18: Seg7 -> Seg2 via J2
    - MERGE  (4642 -> 4722)  ion 18: Seg2 -> T2
[SHUTTLE 15] ion=18  T2 -> T1  route=T2->J2->J1->T1
    - SPLIT  (4762 -> 4842)  ion 18: T2 -> Seg2 (swap_cnt=0, swap_hops=0, ion_hops=0, i1=0, i2=0)
    - MOVE   (4842 -> 4856)  ion 18: Seg2 -> Seg7 via J2
    - MOVE   (4856 -> 4870)  ion 18: Seg7 -> Seg1 via J1
    - MERGE  (4870 -> 4950)  ion 18: Seg1 -> T1
[SHUTTLE 16] ion=18  T1 -> T2  route=T1->J1->J2->T2
    - SPLIT  (4990 -> 5070)  ion 18: T1 -> Seg1 (swap_cnt=0, swap_hops=0, ion_hops=0, i1=0, i2=0)
    - MOVE   (5070 -> 5084)  ion 18: Seg1 -> Seg7 via J1
    - MOVE   (5084 -> 5098)  ion 18: Seg7 -> Seg2 via J2
    - MERGE  (5098 -> 5178)  ion 18: Seg2 -> T2
[SHUTTLE 17] ion=18  T2 -> T1  route=T2->J2->J1->T1
    - SPLIT  (5218 -> 5298)  ion 18: T2 -> Seg2 (swap_cnt=0, swap_hops=0, ion_hops=0, i1=0, i2=0)
    - MOVE   (5298 -> 5312)  ion 18: Seg2 -> Seg7 via J2
    - MOVE   (5312 -> 5326)  ion 18: Seg7 -> Seg1 via J1
    - MERGE  (5326 -> 5406)  ion 18: Seg1 -> T1
[SHUTTLE 18] ion=16  T1 -> T2  route=T1->J1->J2->T2
    - SPLIT  (5446 -> 5566)  ion 16: T1 -> Seg1 (swap_cnt=1, swap_hops=1, ion_hops=0, i1=16, i2=18)
    - MOVE   (5566 -> 5580)  ion 16: Seg1 -> Seg7 via J1
    - MOVE   (5580 -> 5594)  ion 16: Seg7 -> Seg2 via J2
    - MERGE  (5594 -> 5674)  ion 16: Seg2 -> T2
[SHUTTLE 19] ion=20  T2 -> T1  route=T2->J2->J1->T1
    - SPLIT  (5754 -> 5874)  ion 20: T2 -> Seg2 (swap_cnt=1, swap_hops=4, ion_hops=0, i1=20, i2=16)
    - MOVE   (5874 -> 5888)  ion 20: Seg2 -> Seg7 via J2
    - MOVE   (5888 -> 5902)  ion 20: Seg7 -> Seg1 via J1
    - MERGE  (5902 -> 5982)  ion 20: Seg1 -> T1
[SHUTTLE 20] ion=20  T1 -> T2  route=T1->J1->J2->T2
    - SPLIT  (6022 -> 6102)  ion 20: T1 -> Seg1 (swap_cnt=0, swap_hops=0, ion_hops=0, i1=0, i2=0)
    - MOVE   (6102 -> 6116)  ion 20: Seg1 -> Seg7 via J1
    - MOVE   (6116 -> 6130)  ion 20: Seg7 -> Seg2 via J2
    - MERGE  (6130 -> 6210)  ion 20: Seg2 -> T2
[SHUTTLE 21] ion=20  T2 -> T1  route=T2->J2->J1->T1
    - SPLIT  (6250 -> 6330)  ion 20: T2 -> Seg2 (swap_cnt=0, swap_hops=0, ion_hops=0, i1=0, i2=0)
    - MOVE   (6330 -> 6344)  ion 20: Seg2 -> Seg7 via J2
    - MOVE   (6344 -> 6358)  ion 20: Seg7 -> Seg1 via J1
    - MERGE  (6358 -> 6438)  ion 20: Seg1 -> T1
[SHUTTLE 22] ion=20  T1 -> T2  route=T1->J1->J2->T2
    - SPLIT  (6478 -> 6558)  ion 20: T1 -> Seg1 (swap_cnt=0, swap_hops=0, ion_hops=0, i1=0, i2=0)
    - MOVE   (6558 -> 6572)  ion 20: Seg1 -> Seg7 via J1
    - MOVE   (6572 -> 6586)  ion 20: Seg7 -> Seg2 via J2
    - MERGE  (6586 -> 6666)  ion 20: Seg2 -> T2
[SHUTTLE 23] ion=20  T2 -> T1  route=T2->J2->J1->T1
    - SPLIT  (6706 -> 6786)  ion 20: T2 -> Seg2 (swap_cnt=0, swap_hops=0, ion_hops=0, i1=0, i2=0)
    - MOVE   (6786 -> 6800)  ion 20: Seg2 -> Seg7 via J2
    - MOVE   (6800 -> 6814)  ion 20: Seg7 -> Seg1 via J1
    - MERGE  (6814 -> 6894)  ion 20: Seg1 -> T1
[SHUTTLE 24] ion=18  T1 -> T2  route=T1->J1->J2->T2
    - SPLIT  (6934 -> 7054)  ion 18: T1 -> Seg1 (swap_cnt=1, swap_hops=1, ion_hops=0, i1=18, i2=20)
    - MOVE   (7054 -> 7068)  ion 18: Seg1 -> Seg7 via J1
    - MOVE   (7068 -> 7082)  ion 18: Seg7 -> Seg2 via J2
    - MERGE  (7082 -> 7162)  ion 18: Seg2 -> T2
[SHUTTLE 25] ion=22  T2 -> T1  route=T2->J2->J1->T1
    - SPLIT  (7242 -> 7362)  ion 22: T2 -> Seg2 (swap_cnt=1, swap_hops=3, ion_hops=0, i1=22, i2=18)
    - MOVE   (7362 -> 7376)  ion 22: Seg2 -> Seg7 via J2
    - MOVE   (7376 -> 7390)  ion 22: Seg7 -> Seg1 via J1
    - MERGE  (7390 -> 7470)  ion 22: Seg1 -> T1
[SHUTTLE 26] ion=22  T1 -> T2  route=T1->J1->J2->T2
    - SPLIT  (7510 -> 7590)  ion 22: T1 -> Seg1 (swap_cnt=0, swap_hops=0, ion_hops=0, i1=0, i2=0)
    - MOVE   (7590 -> 7604)  ion 22: Seg1 -> Seg7 via J1
    - MOVE   (7604 -> 7618)  ion 22: Seg7 -> Seg2 via J2
    - MERGE  (7618 -> 7698)  ion 22: Seg2 -> T2
[SHUTTLE 27] ion=22  T2 -> T1  route=T2->J2->J1->T1
    - SPLIT  (7738 -> 7818)  ion 22: T2 -> Seg2 (swap_cnt=0, swap_hops=0, ion_hops=0, i1=0, i2=0)
    - MOVE   (7818 -> 7832)  ion 22: Seg2 -> Seg7 via J2
    - MOVE   (7832 -> 7846)  ion 22: Seg7 -> Seg1 via J1
    - MERGE  (7846 -> 7926)  ion 22: Seg1 -> T1
[SHUTTLE 28] ion=22  T1 -> T2  route=T1->J1->J2->T2
    - SPLIT  (7966 -> 8046)  ion 22: T1 -> Seg1 (swap_cnt=0, swap_hops=0, ion_hops=0, i1=0, i2=0)
    - MOVE   (8046 -> 8060)  ion 22: Seg1 -> Seg7 via J1
    - MOVE   (8060 -> 8074)  ion 22: Seg7 -> Seg2 via J2
    - MERGE  (8074 -> 8154)  ion 22: Seg2 -> T2
[SHUTTLE 29] ion=22  T2 -> T1  route=T2->J2->J1->T1
    - SPLIT  (8194 -> 8274)  ion 22: T2 -> Seg2 (swap_cnt=0, swap_hops=0, ion_hops=0, i1=0, i2=0)
    - MOVE   (8274 -> 8288)  ion 22: Seg2 -> Seg7 via J2
    - MOVE   (8288 -> 8302)  ion 22: Seg7 -> Seg1 via J1
    - MERGE  (8302 -> 8382)  ion 22: Seg1 -> T1
[SHUTTLE 30] ion=20  T1 -> T2  route=T1->J1->J2->T2
    - SPLIT  (8422 -> 8542)  ion 20: T1 -> Seg1 (swap_cnt=1, swap_hops=1, ion_hops=0, i1=20, i2=22)
    - MOVE   (8542 -> 8556)  ion 20: Seg1 -> Seg7 via J1
    - MOVE   (8556 -> 8570)  ion 20: Seg7 -> Seg2 via J2
    - MERGE  (8570 -> 8650)  ion 20: Seg2 -> T2
[SHUTTLE 31] ion=24  T3 -> T1  route=T3->J0->J1->T1
    - SPLIT  (8730 -> 8850)  ion 24: T3 -> Seg3 (swap_cnt=1, swap_hops=1, ion_hops=0, i1=24, i2=23)
    - MOVE   (8850 -> 8864)  ion 24: Seg3 -> Seg6 via J0
    - MOVE   (8864 -> 8878)  ion 24: Seg6 -> Seg1 via J1
    - MERGE  (8878 -> 8958)  ion 24: Seg1 -> T1
[SHUTTLE 32] ion=24  T1 -> T3  route=T1->J1->J0->T3
    - SPLIT  (8998 -> 9078)  ion 24: T1 -> Seg1 (swap_cnt=0, swap_hops=0, ion_hops=0, i1=0, i2=0)
    - MOVE   (9078 -> 9092)  ion 24: Seg1 -> Seg6 via J1
    - MOVE   (9092 -> 9106)  ion 24: Seg6 -> Seg3 via J0
    - MERGE  (9106 -> 9186)  ion 24: Seg3 -> T3
[SHUTTLE 33] ion=24  T3 -> T1  route=T3->J0->J1->T1
    - SPLIT  (9226 -> 9306)  ion 24: T3 -> Seg3 (swap_cnt=0, swap_hops=0, ion_hops=0, i1=0, i2=0)
    - MOVE   (9306 -> 9320)  ion 24: Seg3 -> Seg6 via J0
    - MOVE   (9320 -> 9334)  ion 24: Seg6 -> Seg1 via J1
    - MERGE  (9334 -> 9414)  ion 24: Seg1 -> T1
[SHUTTLE 34] ion=24  T1 -> T3  route=T1->J1->J0->T3
    - SPLIT  (9454 -> 9534)  ion 24: T1 -> Seg1 (swap_cnt=0, swap_hops=0, ion_hops=0, i1=0, i2=0)
    - MOVE   (9534 -> 9548)  ion 24: Seg1 -> Seg6 via J1
    - MOVE   (9548 -> 9562)  ion 24: Seg6 -> Seg3 via J0
    - MERGE  (9562 -> 9642)  ion 24: Seg3 -> T3
[SHUTTLE 35] ion=24  T3 -> T1  route=T3->J0->J1->T1
    - SPLIT  (9682 -> 9762)  ion 24: T3 -> Seg3 (swap_cnt=0, swap_hops=0, ion_hops=0, i1=0, i2=0)
    - MOVE   (9762 -> 9776)  ion 24: Seg3 -> Seg6 via J0
    - MOVE   (9776 -> 9790)  ion 24: Seg6 -> Seg1 via J1
    - MERGE  (9790 -> 9870)  ion 24: Seg1 -> T1
[SHUTTLE 36] ion=22  T1 -> T3  route=T1->J1->J0->T3
    - SPLIT  (9910 -> 10030)  ion 22: T1 -> Seg1 (swap_cnt=1, swap_hops=1, ion_hops=0, i1=22, i2=24)
    - MOVE   (10030 -> 10044)  ion 22: Seg1 -> Seg6 via J1
    - MOVE   (10044 -> 10058)  ion 22: Seg6 -> Seg3 via J0
    - MERGE  (10058 -> 10138)  ion 22: Seg3 -> T3
[SHUTTLE 37] ion=26  T3 -> T1  route=T3->J0->J1->T1
    - SPLIT  (10218 -> 10338)  ion 26: T3 -> Seg3 (swap_cnt=1, swap_hops=3, ion_hops=0, i1=26, i2=22)
    - MOVE   (10338 -> 10352)  ion 26: Seg3 -> Seg6 via J0
    - MOVE   (10352 -> 10366)  ion 26: Seg6 -> Seg1 via J1
    - MERGE  (10366 -> 10446)  ion 26: Seg1 -> T1
[SHUTTLE 38] ion=26  T1 -> T3  route=T1->J1->J0->T3
    - SPLIT  (10486 -> 10566)  ion 26: T1 -> Seg1 (swap_cnt=0, swap_hops=0, ion_hops=0, i1=0, i2=0)
    - MOVE   (10566 -> 10580)  ion 26: Seg1 -> Seg6 via J1
    - MOVE   (10580 -> 10594)  ion 26: Seg6 -> Seg3 via J0
    - MERGE  (10594 -> 10674)  ion 26: Seg3 -> T3
[SHUTTLE 39] ion=26  T3 -> T1  route=T3->J0->J1->T1
    - SPLIT  (10714 -> 10794)  ion 26: T3 -> Seg3 (swap_cnt=0, swap_hops=0, ion_hops=0, i1=0, i2=0)
    - MOVE   (10794 -> 10808)  ion 26: Seg3 -> Seg6 via J0
    - MOVE   (10808 -> 10822)  ion 26: Seg6 -> Seg1 via J1
    - MERGE  (10822 -> 10902)  ion 26: Seg1 -> T1
[SHUTTLE 40] ion=26  T1 -> T3  route=T1->J1->J0->T3
    - SPLIT  (10942 -> 11022)  ion 26: T1 -> Seg1 (swap_cnt=0, swap_hops=0, ion_hops=0, i1=0, i2=0)
    - MOVE   (11022 -> 11036)  ion 26: Seg1 -> Seg6 via J1
    - MOVE   (11036 -> 11050)  ion 26: Seg6 -> Seg3 via J0
    - MERGE  (11050 -> 11130)  ion 26: Seg3 -> T3
[SHUTTLE 41] ion=26  T3 -> T1  route=T3->J0->J1->T1
    - SPLIT  (11170 -> 11250)  ion 26: T3 -> Seg3 (swap_cnt=0, swap_hops=0, ion_hops=0, i1=0, i2=0)
    - MOVE   (11250 -> 11264)  ion 26: Seg3 -> Seg6 via J0
    - MOVE   (11264 -> 11278)  ion 26: Seg6 -> Seg1 via J1
    - MERGE  (11278 -> 11358)  ion 26: Seg1 -> T1
[SHUTTLE 42] ion=24  T1 -> T3  route=T1->J1->J0->T3
    - SPLIT  (11398 -> 11518)  ion 24: T1 -> Seg1 (swap_cnt=1, swap_hops=1, ion_hops=0, i1=24, i2=26)
    - MOVE   (11518 -> 11532)  ion 24: Seg1 -> Seg6 via J1
    - MOVE   (11532 -> 11546)  ion 24: Seg6 -> Seg3 via J0
    - MERGE  (11546 -> 11626)  ion 24: Seg3 -> T3
[SHUTTLE 43] ion=28  T3 -> T1  route=T3->J0->J1->T1
    - SPLIT  (11706 -> 11826)  ion 28: T3 -> Seg3 (swap_cnt=1, swap_hops=5, ion_hops=0, i1=28, i2=24)
    - MOVE   (11826 -> 11840)  ion 28: Seg3 -> Seg6 via J0
    - MOVE   (11840 -> 11854)  ion 28: Seg6 -> Seg1 via J1
    - MERGE  (11854 -> 11934)  ion 28: Seg1 -> T1
[SHUTTLE 44] ion=28  T1 -> T3  route=T1->J1->J0->T3
    - SPLIT  (11974 -> 12054)  ion 28: T1 -> Seg1 (swap_cnt=0, swap_hops=0, ion_hops=0, i1=0, i2=0)
    - MOVE   (12054 -> 12068)  ion 28: Seg1 -> Seg6 via J1
    - MOVE   (12068 -> 12082)  ion 28: Seg6 -> Seg3 via J0
    - MERGE  (12082 -> 12162)  ion 28: Seg3 -> T3
[SHUTTLE 45] ion=28  T3 -> T1  route=T3->J0->J1->T1
    - SPLIT  (12202 -> 12282)  ion 28: T3 -> Seg3 (swap_cnt=0, swap_hops=0, ion_hops=0, i1=0, i2=0)
    - MOVE   (12282 -> 12296)  ion 28: Seg3 -> Seg6 via J0
    - MOVE   (12296 -> 12310)  ion 28: Seg6 -> Seg1 via J1
    - MERGE  (12310 -> 12390)  ion 28: Seg1 -> T1
[SHUTTLE 46] ion=28  T1 -> T3  route=T1->J1->J0->T3
    - SPLIT  (12430 -> 12510)  ion 28: T1 -> Seg1 (swap_cnt=0, swap_hops=0, ion_hops=0, i1=0, i2=0)
    - MOVE   (12510 -> 12524)  ion 28: Seg1 -> Seg6 via J1
    - MOVE   (12524 -> 12538)  ion 28: Seg6 -> Seg3 via J0
    - MERGE  (12538 -> 12618)  ion 28: Seg3 -> T3
[SHUTTLE 47] ion=28  T3 -> T1  route=T3->J0->J1->T1
    - SPLIT  (12658 -> 12738)  ion 28: T3 -> Seg3 (swap_cnt=0, swap_hops=0, ion_hops=0, i1=0, i2=0)
    - MOVE   (12738 -> 12752)  ion 28: Seg3 -> Seg6 via J0
    - MOVE   (12752 -> 12766)  ion 28: Seg6 -> Seg1 via J1
    - MERGE  (12766 -> 12846)  ion 28: Seg1 -> T1
[SHUTTLE 48] ion=26  T1 -> T3  route=T1->J1->J0->T3
    - SPLIT  (12886 -> 13006)  ion 26: T1 -> Seg1 (swap_cnt=1, swap_hops=1, ion_hops=0, i1=26, i2=28)
    - MOVE   (13006 -> 13020)  ion 26: Seg1 -> Seg6 via J1
    - MOVE   (13020 -> 13034)  ion 26: Seg6 -> Seg3 via J0
    - MERGE  (13034 -> 13114)  ion 26: Seg3 -> T3
[SHUTTLE 49] ion=30  T3 -> T1  route=T3->J0->J1->T1
    - SPLIT  (13194 -> 13314)  ion 30: T3 -> Seg3 (swap_cnt=1, swap_hops=7, ion_hops=0, i1=30, i2=26)
    - MOVE   (13314 -> 13328)  ion 30: Seg3 -> Seg6 via J0
    - MOVE   (13328 -> 13342)  ion 30: Seg6 -> Seg1 via J1
    - MERGE  (13342 -> 13422)  ion 30: Seg1 -> T1
[SHUTTLE 50] ion=30  T1 -> T3  route=T1->J1->J0->T3
    - SPLIT  (13462 -> 13542)  ion 30: T1 -> Seg1 (swap_cnt=0, swap_hops=0, ion_hops=0, i1=0, i2=0)
    - MOVE   (13542 -> 13556)  ion 30: Seg1 -> Seg6 via J1
    - MOVE   (13556 -> 13570)  ion 30: Seg6 -> Seg3 via J0
    - MERGE  (13570 -> 13650)  ion 30: Seg3 -> T3
[SHUTTLE 51] ion=30  T3 -> T1  route=T3->J0->J1->T1
    - SPLIT  (13690 -> 13770)  ion 30: T3 -> Seg3 (swap_cnt=0, swap_hops=0, ion_hops=0, i1=0, i2=0)
    - MOVE   (13770 -> 13784)  ion 30: Seg3 -> Seg6 via J0
    - MOVE   (13784 -> 13798)  ion 30: Seg6 -> Seg1 via J1
    - MERGE  (13798 -> 13878)  ion 30: Seg1 -> T1
[SHUTTLE 52] ion=30  T1 -> T3  route=T1->J1->J0->T3
    - SPLIT  (13918 -> 13998)  ion 30: T1 -> Seg1 (swap_cnt=0, swap_hops=0, ion_hops=0, i1=0, i2=0)
    - MOVE   (13998 -> 14012)  ion 30: Seg1 -> Seg6 via J1
    - MOVE   (14012 -> 14026)  ion 30: Seg6 -> Seg3 via J0
    - MERGE  (14026 -> 14106)  ion 30: Seg3 -> T3
[SHUTTLE 53] ion=30  T3 -> T1  route=T3->J0->J1->T1
    - SPLIT  (14146 -> 14226)  ion 30: T3 -> Seg3 (swap_cnt=0, swap_hops=0, ion_hops=0, i1=0, i2=0)
    - MOVE   (14226 -> 14240)  ion 30: Seg3 -> Seg6 via J0
    - MOVE   (14240 -> 14254)  ion 30: Seg6 -> Seg1 via J1
    - MERGE  (14254 -> 14334)  ion 30: Seg1 -> T1
[SHUTTLE 54] ion=28  T1 -> T3  route=T1->J1->J0->T3
    - SPLIT  (14374 -> 14494)  ion 28: T1 -> Seg1 (swap_cnt=1, swap_hops=1, ion_hops=0, i1=28, i2=30)
    - MOVE   (14494 -> 14508)  ion 28: Seg1 -> Seg6 via J1
    - MOVE   (14508 -> 14522)  ion 28: Seg6 -> Seg3 via J0
    - MERGE  (14522 -> 14602)  ion 28: Seg3 -> T3
[SHUTTLE 55] ion=31  T0 -> T1  route=T0->J0->J1->T1
    - SPLIT  (14682 -> 14762)  ion 31: T0 -> Seg0 (swap_cnt=0, swap_hops=0, ion_hops=0, i1=0, i2=0)
    - MOVE   (14762 -> 14776)  ion 31: Seg0 -> Seg6 via J0
    - MOVE   (14776 -> 14790)  ion 31: Seg6 -> Seg1 via J1
    - MERGE  (14790 -> 14870)  ion 31: Seg1 -> T1
[SHUTTLE 56] ion=22  T3 -> T0  route=T3->J0->T0
    - SPLIT  (14910 -> 15030)  ion 22: T3 -> Seg3 (swap_cnt=1, swap_hops=3, ion_hops=0, i1=22, i2=28)
    - MOVE   (15030 -> 15044)  ion 22: Seg3 -> Seg0 via J0
    - MERGE  (15044 -> 15124)  ion 22: Seg0 -> T0
[SHUTTLE 57] ion=30  T1 -> T3  route=T1->J1->J0->T3
    - SPLIT  (15124 -> 15244)  ion 30: T1 -> Seg1 (swap_cnt=1, swap_hops=1, ion_hops=0, i1=30, i2=31)
    - MOVE   (15244 -> 15258)  ion 30: Seg1 -> Seg6 via J1
    - MOVE   (15258 -> 15272)  ion 30: Seg6 -> Seg3 via J0
    - MERGE  (15272 -> 15352)  ion 30: Seg3 -> T3
[SHUTTLE 58] ion=24  T3 -> T0  route=T3->J0->T0
    - SPLIT  (16232 -> 16352)  ion 24: T3 -> Seg3 (swap_cnt=1, swap_hops=3, ion_hops=0, i1=24, i2=30)
    - MOVE   (16352 -> 16366)  ion 24: Seg3 -> Seg0 via J0
    - MERGE  (16366 -> 16446)  ion 24: Seg0 -> T0
[SHUTTLE 59] ion=24  T0 -> T3  route=T0->J0->T3
    - SPLIT  (16486 -> 16566)  ion 24: T0 -> Seg0 (swap_cnt=0, swap_hops=0, ion_hops=0, i1=0, i2=0)
    - MOVE   (16566 -> 16580)  ion 24: Seg0 -> Seg3 via J0
    - MERGE  (16580 -> 16660)  ion 24: Seg3 -> T3
[SHUTTLE 60] ion=24  T3 -> T0  route=T3->J0->T0
    - SPLIT  (16700 -> 16780)  ion 24: T3 -> Seg3 (swap_cnt=0, swap_hops=0, ion_hops=0, i1=0, i2=0)
    - MOVE   (16780 -> 16794)  ion 24: Seg3 -> Seg0 via J0
    - MERGE  (16794 -> 16874)  ion 24: Seg0 -> T0
[SHUTTLE 61] ion=22  T0 -> T3  route=T0->J0->T3
    - SPLIT  (16914 -> 17034)  ion 22: T0 -> Seg0 (swap_cnt=1, swap_hops=1, ion_hops=0, i1=22, i2=24)
    - MOVE   (17034 -> 17048)  ion 22: Seg0 -> Seg3 via J0
    - MERGE  (17048 -> 17128)  ion 22: Seg3 -> T3
[SHUTTLE 62] ion=22  T3 -> T0  route=T3->J0->T0
    - SPLIT  (17208 -> 17288)  ion 22: T3 -> Seg3 (swap_cnt=0, swap_hops=0, ion_hops=0, i1=0, i2=0)
    - MOVE   (17288 -> 17302)  ion 22: Seg3 -> Seg0 via J0
    - MERGE  (17302 -> 17382)  ion 22: Seg0 -> T0
[SHUTTLE 63] ion=24  T0 -> T3  route=T0->J0->T3
    - SPLIT  (17422 -> 17542)  ion 24: T0 -> Seg0 (swap_cnt=1, swap_hops=1, ion_hops=0, i1=24, i2=22)
    - MOVE   (17542 -> 17556)  ion 24: Seg0 -> Seg3 via J0
    - MERGE  (17556 -> 17636)  ion 24: Seg3 -> T3
[SHUTTLE 64] ion=21  T2 -> T0  route=T2->J2->J1->J0->T0
    - SPLIT  (17676 -> 17796)  ion 21: T2 -> Seg2 (swap_cnt=1, swap_hops=4, ion_hops=0, i1=21, i2=20)
    - MOVE   (17796 -> 17810)  ion 21: Seg2 -> Seg7 via J2
    - MOVE   (17810 -> 17824)  ion 21: Seg7 -> Seg6 via J1
    - MOVE   (17824 -> 17838)  ion 21: Seg6 -> Seg0 via J0
    - MERGE  (17838 -> 17918)  ion 21: Seg0 -> T0
[SHUTTLE 65] ion=22  T0 -> T2  route=T0->J0->J1->J2->T2
    - SPLIT  (17958 -> 18078)  ion 22: T0 -> Seg0 (swap_cnt=1, swap_hops=1, ion_hops=0, i1=22, i2=21)
    - MOVE   (18078 -> 18092)  ion 22: Seg0 -> Seg6 via J0
    - MOVE   (18092 -> 18106)  ion 22: Seg6 -> Seg7 via J1
    - MOVE   (18106 -> 18120)  ion 22: Seg7 -> Seg2 via J2
    - MERGE  (18120 -> 18200)  ion 22: Seg2 -> T2
[SHUTTLE 66] ion=22  T2 -> T0  route=T2->J2->J1->J0->T0
    - SPLIT  (18240 -> 18320)  ion 22: T2 -> Seg2 (swap_cnt=0, swap_hops=0, ion_hops=0, i1=0, i2=0)
    - MOVE   (18320 -> 18334)  ion 22: Seg2 -> Seg7 via J2
    - MOVE   (18334 -> 18348)  ion 22: Seg7 -> Seg6 via J1
    - MOVE   (18348 -> 18362)  ion 22: Seg6 -> Seg0 via J0
    - MERGE  (18362 -> 18442)  ion 22: Seg0 -> T0
[SHUTTLE 67] ion=22  T0 -> T2  route=T0->J0->J1->J2->T2
    - SPLIT  (18482 -> 18562)  ion 22: T0 -> Seg0 (swap_cnt=0, swap_hops=0, ion_hops=0, i1=0, i2=0)
    - MOVE   (18562 -> 18576)  ion 22: Seg0 -> Seg6 via J0
    - MOVE   (18576 -> 18590)  ion 22: Seg6 -> Seg7 via J1
    - MOVE   (18590 -> 18604)  ion 22: Seg7 -> Seg2 via J2
    - MERGE  (18604 -> 18684)  ion 22: Seg2 -> T2
[SHUTTLE 68] ion=20  T2 -> T0  route=T2->J2->J1->J0->T0
    - SPLIT  (18724 -> 18844)  ion 20: T2 -> Seg2 (swap_cnt=1, swap_hops=1, ion_hops=0, i1=20, i2=22)
    - MOVE   (18844 -> 18858)  ion 20: Seg2 -> Seg7 via J2
    - MOVE   (18858 -> 18872)  ion 20: Seg7 -> Seg6 via J1
    - MOVE   (18872 -> 18886)  ion 20: Seg6 -> Seg0 via J0
    - MERGE  (18886 -> 18966)  ion 20: Seg0 -> T0
[SHUTTLE 69] ion=20  T0 -> T2  route=T0->J0->J1->J2->T2
    - SPLIT  (19046 -> 19126)  ion 20: T0 -> Seg0 (swap_cnt=0, swap_hops=0, ion_hops=0, i1=0, i2=0)
    - MOVE   (19126 -> 19140)  ion 20: Seg0 -> Seg6 via J0
    - MOVE   (19140 -> 19154)  ion 20: Seg6 -> Seg7 via J1
    - MOVE   (19154 -> 19168)  ion 20: Seg7 -> Seg2 via J2
    - MERGE  (19168 -> 19248)  ion 20: Seg2 -> T2
[SHUTTLE 70] ion=22  T2 -> T0  route=T2->J2->J1->J0->T0
    - SPLIT  (19288 -> 19408)  ion 22: T2 -> Seg2 (swap_cnt=1, swap_hops=1, ion_hops=0, i1=22, i2=20)
    - MOVE   (19408 -> 19422)  ion 22: Seg2 -> Seg7 via J2
    - MOVE   (19422 -> 19436)  ion 22: Seg7 -> Seg6 via J1
    - MOVE   (19436 -> 19450)  ion 22: Seg6 -> Seg0 via J0
    - MERGE  (19450 -> 19530)  ion 22: Seg0 -> T0
[SHUTTLE 71] ion=14  T2 -> T1  route=T2->J2->J1->T1
    - SPLIT  (20168 -> 20288)  ion 14: T2 -> Seg2 (swap_cnt=1, swap_hops=3, ion_hops=0, i1=14, i2=20)
    - MOVE   (20288 -> 20302)  ion 14: Seg2 -> Seg7 via J2
    - MOVE   (20302 -> 20316)  ion 14: Seg7 -> Seg1 via J1
    - MERGE  (20316 -> 20396)  ion 14: Seg1 -> T1
[SHUTTLE 72] ion=8  T1 -> T4  route=T1->J1->T4
    - SPLIT  (21276 -> 21396)  ion 8: T1 -> Seg1 (swap_cnt=1, swap_hops=2, ion_hops=0, i1=8, i2=14)
    - MOVE   (21396 -> 21410)  ion 8: Seg1 -> Seg4 via J1
    - MERGE  (21410 -> 21490)  ion 8: Seg4 -> T4
[SHUTTLE 73] ion=5  T0 -> T4  route=T0->J0->J1->T4
    - SPLIT  (21810 -> 21930)  ion 5: T0 -> Seg0 (swap_cnt=1, swap_hops=2, ion_hops=0, i1=5, i2=22)
    - MOVE   (21930 -> 21944)  ion 5: Seg0 -> Seg6 via J0
    - MOVE   (21944 -> 21958)  ion 5: Seg6 -> Seg4 via J1
    - MERGE  (21958 -> 22038)  ion 5: Seg4 -> T4
[SHUTTLE 74] ion=6  T4 -> T0  route=T4->J1->J0->T0
    - SPLIT  (22078 -> 22198)  ion 6: T4 -> Seg4 (swap_cnt=1, swap_hops=2, ion_hops=0, i1=6, i2=5)
    - MOVE   (22198 -> 22212)  ion 6: Seg4 -> Seg6 via J1
    - MOVE   (22212 -> 22226)  ion 6: Seg6 -> Seg0 via J0
    - MERGE  (22226 -> 22306)  ion 6: Seg0 -> T0
[SHUTTLE 75] ion=6  T0 -> T4  route=T0->J0->J1->T4
    - SPLIT  (22346 -> 22426)  ion 6: T0 -> Seg0 (swap_cnt=0, swap_hops=0, ion_hops=0, i1=0, i2=0)
    - MOVE   (22426 -> 22440)  ion 6: Seg0 -> Seg6 via J0
    - MOVE   (22440 -> 22454)  ion 6: Seg6 -> Seg4 via J1
    - MERGE  (22454 -> 22534)  ion 6: Seg4 -> T4
[SHUTTLE 76] ion=6  T4 -> T0  route=T4->J1->J0->T0
    - SPLIT  (22574 -> 22654)  ion 6: T4 -> Seg4 (swap_cnt=0, swap_hops=0, ion_hops=0, i1=0, i2=0)
    - MOVE   (22654 -> 22668)  ion 6: Seg4 -> Seg6 via J1
    - MOVE   (22668 -> 22682)  ion 6: Seg6 -> Seg0 via J0
    - MERGE  (22682 -> 22762)  ion 6: Seg0 -> T0
[SHUTTLE 77] ion=4  T0 -> T4  route=T0->J0->J1->T4
    - SPLIT  (22802 -> 22922)  ion 4: T0 -> Seg0 (swap_cnt=1, swap_hops=3, ion_hops=0, i1=4, i2=6)
    - MOVE   (22922 -> 22936)  ion 4: Seg0 -> Seg6 via J0
    - MOVE   (22936 -> 22950)  ion 4: Seg6 -> Seg4 via J1
    - MERGE  (22950 -> 23030)  ion 4: Seg4 -> T4
[SHUTTLE 78] ion=4  T4 -> T0  route=T4->J1->J0->T0
    - SPLIT  (23110 -> 23190)  ion 4: T4 -> Seg4 (swap_cnt=0, swap_hops=0, ion_hops=0, i1=0, i2=0)
    - MOVE   (23190 -> 23204)  ion 4: Seg4 -> Seg6 via J1
    - MOVE   (23204 -> 23218)  ion 4: Seg6 -> Seg0 via J0
    - MERGE  (23218 -> 23298)  ion 4: Seg0 -> T0
[SHUTTLE 79] ion=6  T0 -> T4  route=T0->J0->J1->T4
    - SPLIT  (23338 -> 23458)  ion 6: T0 -> Seg0 (swap_cnt=1, swap_hops=1, ion_hops=0, i1=6, i2=4)
    - MOVE   (23458 -> 23472)  ion 6: Seg0 -> Seg6 via J0
    - MOVE   (23472 -> 23486)  ion 6: Seg6 -> Seg4 via J1
    - MERGE  (23486 -> 23566)  ion 6: Seg4 -> T4
SplitSWAP: 35
SchedulerFiredShuttle: 80
ReportedTotalShuttle: 80
----------------
