Simulation
Program:           programs\BV32.qasm
Machine:           G2x3
Model:             MUSS_Params
Ions/Region:       8
Mapper:            SABRE
Reorder:           Naive
SerialTrap:        1
SerialComm:        1
SerialAll:         1
GateType:          FM
SwapType:          PaperSwapDirect
Scheduler Family:  MUSS
Scheduler Version: V3
Analyzer Mode:     PAPER
qbit 32 dep gates: 0
qbit 1: 0 qbit 2: 32 dep gates: 1
qbit 1: 0 qbit 2: 32 dep gates: 33
qbit 1: 1 qbit 2: 32 dep gates: 2
qbit 1: 1 qbit 2: 32 dep gates: 34
qbit 1: 2 qbit 2: 32 dep gates: 3
qbit 1: 2 qbit 2: 32 dep gates: 35
qbit 1: 3 qbit 2: 32 dep gates: 4
qbit 1: 3 qbit 2: 32 dep gates: 36
qbit 1: 4 qbit 2: 32 dep gates: 5
qbit 1: 4 qbit 2: 32 dep gates: 37
qbit 1: 5 qbit 2: 32 dep gates: 6
qbit 1: 5 qbit 2: 32 dep gates: 38
qbit 1: 6 qbit 2: 32 dep gates: 7
qbit 1: 6 qbit 2: 32 dep gates: 39
qbit 1: 7 qbit 2: 32 dep gates: 8
qbit 1: 7 qbit 2: 32 dep gates: 40
qbit 1: 8 qbit 2: 32 dep gates: 9
qbit 1: 8 qbit 2: 32 dep gates: 41
qbit 1: 9 qbit 2: 32 dep gates: 10
qbit 1: 9 qbit 2: 32 dep gates: 42
qbit 1: 10 qbit 2: 32 dep gates: 11
qbit 1: 10 qbit 2: 32 dep gates: 43
qbit 1: 11 qbit 2: 32 dep gates: 12
qbit 1: 11 qbit 2: 32 dep gates: 44
qbit 1: 12 qbit 2: 32 dep gates: 13
qbit 1: 12 qbit 2: 32 dep gates: 45
qbit 1: 13 qbit 2: 32 dep gates: 14
qbit 1: 13 qbit 2: 32 dep gates: 46
qbit 1: 14 qbit 2: 32 dep gates: 15
qbit 1: 14 qbit 2: 32 dep gates: 47
qbit 1: 15 qbit 2: 32 dep gates: 16
qbit 1: 15 qbit 2: 32 dep gates: 48
qbit 1: 16 qbit 2: 32 dep gates: 17
qbit 1: 16 qbit 2: 32 dep gates: 49
qbit 1: 17 qbit 2: 32 dep gates: 18
qbit 1: 17 qbit 2: 32 dep gates: 50
qbit 1: 18 qbit 2: 32 dep gates: 19
qbit 1: 18 qbit 2: 32 dep gates: 51
qbit 1: 19 qbit 2: 32 dep gates: 20
qbit 1: 19 qbit 2: 32 dep gates: 52
qbit 1: 20 qbit 2: 32 dep gates: 21
qbit 1: 20 qbit 2: 32 dep gates: 53
qbit 1: 21 qbit 2: 32 dep gates: 22
qbit 1: 21 qbit 2: 32 dep gates: 54
qbit 1: 22 qbit 2: 32 dep gates: 23
qbit 1: 22 qbit 2: 32 dep gates: 55
qbit 1: 23 qbit 2: 32 dep gates: 24
qbit 1: 23 qbit 2: 32 dep gates: 56
qbit 1: 24 qbit 2: 32 dep gates: 25
qbit 1: 24 qbit 2: 32 dep gates: 57
qbit 1: 25 qbit 2: 32 dep gates: 26
qbit 1: 25 qbit 2: 32 dep gates: 58
qbit 1: 26 qbit 2: 32 dep gates: 27
qbit 1: 26 qbit 2: 32 dep gates: 59
qbit 1: 27 qbit 2: 32 dep gates: 28
qbit 1: 27 qbit 2: 32 dep gates: 60
qbit 1: 28 qbit 2: 32 dep gates: 29
qbit 1: 28 qbit 2: 32 dep gates: 61
qbit 1: 29 qbit 2: 32 dep gates: 30
qbit 1: 29 qbit 2: 32 dep gates: 62
qbit 1: 30 qbit 2: 32 dep gates: 31
qbit 1: 30 qbit 2: 32 dep gates: 63
qbit 1: 31 qbit 2: 32 dep gates: 32
qbit 1: 31 qbit 2: 32 dep gates: 64
qbit 0 dep gates: 34
qbit 1 dep gates: 35
qbit 2 dep gates: 36
qbit 3 dep gates: 37
qbit 4 dep gates: 38
qbit 5 dep gates: 39
qbit 6 dep gates: 40
qbit 7 dep gates: 41
qbit 8 dep gates: 42
qbit 9 dep gates: 43
qbit 10 dep gates: 44
qbit 11 dep gates: 45
qbit 12 dep gates: 46
qbit 13 dep gates: 47
qbit 14 dep gates: 48
qbit 15 dep gates: 49
qbit 16 dep gates: 50
qbit 17 dep gates: 51
qbit 18 dep gates: 52
qbit 19 dep gates: 53
qbit 20 dep gates: 54
qbit 21 dep gates: 55
qbit 22 dep gates: 56
qbit 23 dep gates: 57
qbit 24 dep gates: 58
qbit 25 dep gates: 59
qbit 26 dep gates: 60
qbit 27 dep gates: 61
qbit 28 dep gates: 62
qbit 29 dep gates: 63
qbit 30 dep gates: 64
qbit 31 dep gates: 65
qbit 32 dep gates: 65
parse object map:
{34: [0, 32], 35: [1, 32], 36: [2, 32], 37: [3, 32], 38: [4, 32], 39: [5, 32], 40: [6, 32], 41: [7, 32], 42: [8, 32], 43: [9, 32], 44: [10, 32], 45: [11, 32], 46: [12, 32], 47: [13, 32], 48: [14, 32], 49: [15, 32], 50: [16, 32], 51: [17, 32], 52: [18, 32], 53: [19, 32], 54: [20, 32], 55: [21, 32], 56: [22, 32], 57: [23, 32], 58: [24, 32], 59: [25, 32], 60: [26, 32], 61: [27, 32], 62: [28, 32], 63: [29, 32], 64: [30, 32], 65: [31, 32]}
parse object graph:
DiGraph with 99 nodes and 98 edges
ˇú Using SABRE6 mapper (matches muss_schedule3 improved version)
SABRE (Strict): Starting iterative optimization (20 rounds)...
SABRE (Strict): Optimization Done. Best Forward Cost: 3
init_qubit_layout:
{0: [5, 6, 7, 8, 9, 10], 1: [11, 12, 13, 14, 15, 16], 2: [17, 18, 19, 20, 21, 22, 23], 3: [24, 25, 26, 27, 28, 29, 30, 31], 4: [0, 1, 2, 3, 4, 32], 5: []}
Using MUSS Scheduler (V3) with SABRE Mapping
ˇú muss_schedule3.py new_vision
Analyzer shuttle mode: aggregate (detected shuttle_id annotations)
Analyzer mode: paper
Program Finish Time: 2770 us
OPCOUNTS Gate: 99 Split: 7 Move: 15 Merge: 7

Two-qubit gate chain statistics
Mean: 7.3125 Max: 8.0
Fidelity: 0.8955903235902296
[DBG SUMMARY] gates=99  gate_mult=0.928417  avg_gate_nbar=1.6949
[DBG SUMMARY] shuttles=7  shuttle_mult=0.964642  min_shuttle=0.9935
[DBG SUMMARY] worst_B: Trap 0 -> 1.000000 (heat_state=0.000000, alpha_bg=0.0, move_bg_fraction=0.0, model=none)

========== ANALYSIS RESULT ==========
{'fidelity': 0.8955903235902296, 'total_shuttle': 7, 'time': 2770}

========== SHUTTLE TRACE ==========
[SHUTTLE 0] ion=32  T4 -> T0  route=T4->J1->J0->T0
    - SPLIT  (215 -> 335)  ion 32: T4 -> Seg4 (swap_cnt=1, swap_hops=5, ion_hops=0, i1=32, i2=0)
    - MOVE   (335 -> 349)  ion 32: Seg4 -> Seg6 via J1
    - MOVE   (349 -> 363)  ion 32: Seg6 -> Seg0 via J0
    - MERGE  (363 -> 443)  ion 32: Seg0 -> T0
[SHUTTLE 1] ion=32  T0 -> T1  route=T0->J0->J1->T1
    - SPLIT  (688 -> 768)  ion 32: T0 -> Seg0 (swap_cnt=0, swap_hops=0, ion_hops=0, i1=0, i2=0)
    - MOVE   (768 -> 782)  ion 32: Seg0 -> Seg6 via J0
    - MOVE   (782 -> 796)  ion 32: Seg6 -> Seg1 via J1
    - MERGE  (796 -> 876)  ion 32: Seg1 -> T1
[SHUTTLE 2] ion=32  T1 -> T2  route=T1->J1->J2->T2
    - SPLIT  (1121 -> 1201)  ion 32: T1 -> Seg1 (swap_cnt=0, swap_hops=0, ion_hops=0, i1=0, i2=0)
    - MOVE   (1201 -> 1215)  ion 32: Seg1 -> Seg7 via J1
    - MOVE   (1215 -> 1229)  ion 32: Seg7 -> Seg2 via J2
    - MERGE  (1229 -> 1309)  ion 32: Seg2 -> T2
[SHUTTLE 3] ion=17  T2 -> T1  route=T2->J2->J1->T1
    - SPLIT  (1594 -> 1714)  ion 17: T2 -> Seg2 (swap_cnt=1, swap_hops=7, ion_hops=0, i1=17, i2=32)
    - MOVE   (1714 -> 1728)  ion 17: Seg2 -> Seg7 via J2
    - MOVE   (1728 -> 1742)  ion 17: Seg7 -> Seg1 via J1
    - MERGE  (1742 -> 1822)  ion 17: Seg1 -> T1
[SHUTTLE 4] ion=31  T3 -> T0  route=T3->J2->J1->J0->T0
    - SPLIT  (1822 -> 1942)  ion 31: T3 -> Seg3 (swap_cnt=1, swap_hops=7, ion_hops=0, i1=31, i2=24)
    - MOVE   (1942 -> 1956)  ion 31: Seg3 -> Seg7 via J2
    - MOVE   (1956 -> 1970)  ion 31: Seg7 -> Seg6 via J1
    - MOVE   (1970 -> 1984)  ion 31: Seg6 -> Seg0 via J0
    - MERGE  (1984 -> 2064)  ion 31: Seg0 -> T0
[SHUTTLE 5] ion=32  T2 -> T3  route=T2->J2->T3
    - SPLIT  (2064 -> 2144)  ion 32: T2 -> Seg2 (swap_cnt=0, swap_hops=0, ion_hops=0, i1=0, i2=0)
    - MOVE   (2144 -> 2158)  ion 32: Seg2 -> Seg3 via J2
    - MERGE  (2158 -> 2238)  ion 32: Seg3 -> T3
[SHUTTLE 6] ion=32  T3 -> T0  route=T3->J2->J1->J0->T0
    - SPLIT  (2523 -> 2603)  ion 32: T3 -> Seg3 (swap_cnt=0, swap_hops=0, ion_hops=0, i1=0, i2=0)
    - MOVE   (2603 -> 2617)  ion 32: Seg3 -> Seg7 via J2
    - MOVE   (2617 -> 2631)  ion 32: Seg7 -> Seg6 via J1
    - MOVE   (2631 -> 2645)  ion 32: Seg6 -> Seg0 via J0
    - MERGE  (2645 -> 2725)  ion 32: Seg0 -> T0
SplitSWAP: 3
TotalShuttle: 7
----------------
