Simulation
Program:           programs\BV32.qasm
Machine:           G2x3
Model:             MUSS_Params
Ions/Region:       8
Mapper:            SABRE
Reorder:           Naive
SerialTrap:        1
SerialComm:        1
SerialAll:         1
GateType:          FM
SwapType:          PaperSwapDirect
Scheduler Family:  MUSS
Scheduler Version: V6
Analyzer Mode:     PAPER
Arch Scale:        SMALL
========== Gate Set Summary ==========
cx: 32
h: 66
x: 1
======================================
Parse object map:
{34: [0, 32], 35: [1, 32], 36: [2, 32], 37: [3, 32], 38: [4, 32], 39: [5, 32], 40: [6, 32], 41: [7, 32], 42: [8, 32], 43: [9, 32], 44: [10, 32], 45: [11, 32], 46: [12, 32], 47: [13, 32], 48: [14, 32], 49: [15, 32], 50: [16, 32], 51: [17, 32], 52: [18, 32], 53: [19, 32], 54: [20, 32], 55: [21, 32], 56: [22, 32], 57: [23, 32], 58: [24, 32], 59: [25, 32], 60: [26, 32], 61: [27, 32], 62: [28, 32], 63: [29, 32], 64: [30, 32], 65: [31, 32]}
Parse object graph:
DiGraph with 99 nodes and 98 edges
Using SABRE2 mapper (matches muss_schedule6 improved version)
Raw mapping:
{0: 0, 1: 0, 2: 4, 3: 4, 4: 4, 5: 4, 6: 4, 7: 4, 8: 4, 9: 1, 10: 1, 11: 1, 12: 1, 13: 1, 14: 1, 15: 1, 16: 2, 17: 2, 18: 2, 19: 2, 20: 2, 21: 2, 22: 2, 23: 2, 24: 3, 25: 3, 26: 3, 27: 3, 28: 3, 29: 3, 30: 3, 31: 3, 32: 0}
Initial layout policy: mapping_only + canonicalize_to_trap_layout
Note: reorder_choice='Naive' is ignored for mapper 'SABRE'
Skip qubit ordering for mapper 'SABRE'
Initial qubit layout:
{0: [0, 1, 32], 1: [9, 10, 11, 12, 13, 14, 15], 2: [16, 17, 18, 19, 20, 21, 22, 23], 3: [24, 25, 26, 27, 28, 29, 30, 31], 4: [2, 3, 4, 5, 6, 7, 8], 5: []}
Using MUSS Scheduler (V6) with SABRE Mapping
Using muss_schedule6.py new_vision
Analyzer shuttle mode: aggregate (detected shuttle_id annotations)
Analyzer parameter wiring: alpha_bg=0.0, T1=600000000.0, k_heating=0.001, epsilon_2q=3.90625e-05, strict_paper_mainline=True
Analyzer mode: paper
Program Finish Time: 3171 us
OPCOUNTS Gate: 99 Split: 10 Move: 14 Merge: 10

Two-qubit gate chain statistics
Mean: 7.375 Max: 8.0
Fidelity: 0.888197696044546

Shuttle count summary
  logical_shuttle_count      = 10   # High-level shuttle count aggregated by shuttle_id
  physical_shuttle_leg_count = 10   # Paper-facing count: each complete trap-to-trap split+move+merge leg
  split_count                = 10
  merge_count                = 10
  move_count                 = 14
[DBG SUMMARY] gates=99  gate_mult=0.924712  avg_gate_nbar=0.0000
[DBG SUMMARY] logical_shuttles=10  shuttle_mult=0.960513  min_shuttle=0.9938
[DBG SUMMARY] worst_B: Trap 0 -> 1.000000 (heat_state=0.000000, alpha_bg=0.0, move_bg_fraction=0.0, model=exp, strict_paper_mainline=True)

========== ANALYSIS RESULT ==========
{'fidelity': 0.888197696044546, 'total_shuttle': 10, 'logical_shuttle_count': 10, 'physical_shuttle_leg_count': 10, 'split_count': 10, 'merge_count': 10, 'move_count': 14, 'time': 3171}

========== SHUTTLE TRACE ==========
[SHUTTLE 0] ion=32  T0 -> T4  route=T0->J0->J1->T4
    - SPLIT  (80 -> 160)  ion 32: T0 -> Seg0 (swap_cnt=0, swap_hops=0, ion_hops=0, i1=0, i2=0)
    - MOVE   (160 -> 174)  ion 32: Seg0 -> Seg6 via J0
    - MOVE   (174 -> 188)  ion 32: Seg6 -> Seg4 via J1
    - MERGE  (188 -> 268)  ion 32: Seg4 -> T4
[SHUTTLE 1] ion=32  T4 -> T1  route=T4->J1->T1
    - SPLIT  (548 -> 628)  ion 32: T4 -> Seg4 (swap_cnt=0, swap_hops=0, ion_hops=0, i1=0, i2=0)
    - MOVE   (628 -> 642)  ion 32: Seg4 -> Seg1 via J1
    - MERGE  (642 -> 722)  ion 32: Seg1 -> T1
[SHUTTLE 2] ion=17  T2 -> T5  route=T2->J2->T5
    - SPLIT  (1002 -> 1122)  ion 17: T2 -> Seg2 (swap_cnt=1, swap_hops=6, ion_hops=0, i1=17, i2=23)
    - MOVE   (1122 -> 1136)  ion 17: Seg2 -> Seg5 via J2
    - MERGE  (1136 -> 1216)  ion 17: Seg5 -> T5
[SHUTTLE 3] ion=32  T1 -> T2  route=T1->J1->J2->T2
    - SPLIT  (1216 -> 1296)  ion 32: T1 -> Seg1 (swap_cnt=0, swap_hops=0, ion_hops=0, i1=0, i2=0)
    - MOVE   (1296 -> 1310)  ion 32: Seg1 -> Seg7 via J1
    - MOVE   (1310 -> 1324)  ion 32: Seg7 -> Seg2 via J2
    - MERGE  (1324 -> 1404)  ion 32: Seg2 -> T2
[SHUTTLE 4] ion=32  T2 -> T5  route=T2->J2->T5
    - SPLIT  (1444 -> 1524)  ion 32: T2 -> Seg2 (swap_cnt=0, swap_hops=0, ion_hops=0, i1=0, i2=0)
    - MOVE   (1524 -> 1538)  ion 32: Seg2 -> Seg5 via J2
    - MERGE  (1538 -> 1618)  ion 32: Seg5 -> T5
[SHUTTLE 5] ion=32  T5 -> T2  route=T5->J2->T2
    - SPLIT  (1658 -> 1738)  ion 32: T5 -> Seg5 (swap_cnt=0, swap_hops=0, ion_hops=0, i1=0, i2=0)
    - MOVE   (1738 -> 1752)  ion 32: Seg5 -> Seg2 via J2
    - MERGE  (1752 -> 1832)  ion 32: Seg2 -> T2
[SHUTTLE 6] ion=25  T3 -> T0  route=T3->J0->T0
    - SPLIT  (2072 -> 2192)  ion 25: T3 -> Seg3 (swap_cnt=1, swap_hops=1, ion_hops=0, i1=25, i2=24)
    - MOVE   (2192 -> 2206)  ion 25: Seg3 -> Seg0 via J0
    - MERGE  (2206 -> 2286)  ion 25: Seg0 -> T0
[SHUTTLE 7] ion=32  T2 -> T3  route=T2->J2->J1->J0->T3
    - SPLIT  (2286 -> 2366)  ion 32: T2 -> Seg2 (swap_cnt=0, swap_hops=0, ion_hops=0, i1=0, i2=0)
    - MOVE   (2366 -> 2380)  ion 32: Seg2 -> Seg7 via J2
    - MOVE   (2380 -> 2394)  ion 32: Seg7 -> Seg6 via J1
    - MOVE   (2394 -> 2408)  ion 32: Seg6 -> Seg3 via J0
    - MERGE  (2408 -> 2488)  ion 32: Seg3 -> T3
[SHUTTLE 8] ion=32  T3 -> T0  route=T3->J0->T0
    - SPLIT  (2528 -> 2608)  ion 32: T3 -> Seg3 (swap_cnt=0, swap_hops=0, ion_hops=0, i1=0, i2=0)
    - MOVE   (2608 -> 2622)  ion 32: Seg3 -> Seg0 via J0
    - MERGE  (2622 -> 2702)  ion 32: Seg0 -> T0
[SHUTTLE 9] ion=32  T0 -> T3  route=T0->J0->T3
    - SPLIT  (2742 -> 2822)  ion 32: T0 -> Seg0 (swap_cnt=0, swap_hops=0, ion_hops=0, i1=0, i2=0)
    - MOVE   (2822 -> 2836)  ion 32: Seg0 -> Seg3 via J0
    - MERGE  (2836 -> 2916)  ion 32: Seg3 -> T3
SplitSWAP: 2
SchedulerFiredShuttle: 10
ReportedTotalShuttle: 10
----------------
