Simulation
Program:           ./programs/BV32.qasm
Machine:           G2x2
Model:             MUSS_Params
Ions/Region:       12
Mapper:            SABRE
Reorder:           Naive
SerialTrap:        1
SerialComm:        1
SerialAll:         1
GateType:          FM
SwapType:          PaperSwapDirect
Scheduler Family:  MUSS
Scheduler Version: V2
qbit 32 dep gates: 0
qbit 1: 0 qbit 2: 32 dep gates: 1
qbit 1: 0 qbit 2: 32 dep gates: 33
qbit 1: 1 qbit 2: 32 dep gates: 2
qbit 1: 1 qbit 2: 32 dep gates: 34
qbit 1: 2 qbit 2: 32 dep gates: 3
qbit 1: 2 qbit 2: 32 dep gates: 35
qbit 1: 3 qbit 2: 32 dep gates: 4
qbit 1: 3 qbit 2: 32 dep gates: 36
qbit 1: 4 qbit 2: 32 dep gates: 5
qbit 1: 4 qbit 2: 32 dep gates: 37
qbit 1: 5 qbit 2: 32 dep gates: 6
qbit 1: 5 qbit 2: 32 dep gates: 38
qbit 1: 6 qbit 2: 32 dep gates: 7
qbit 1: 6 qbit 2: 32 dep gates: 39
qbit 1: 7 qbit 2: 32 dep gates: 8
qbit 1: 7 qbit 2: 32 dep gates: 40
qbit 1: 8 qbit 2: 32 dep gates: 9
qbit 1: 8 qbit 2: 32 dep gates: 41
qbit 1: 9 qbit 2: 32 dep gates: 10
qbit 1: 9 qbit 2: 32 dep gates: 42
qbit 1: 10 qbit 2: 32 dep gates: 11
qbit 1: 10 qbit 2: 32 dep gates: 43
qbit 1: 11 qbit 2: 32 dep gates: 12
qbit 1: 11 qbit 2: 32 dep gates: 44
qbit 1: 12 qbit 2: 32 dep gates: 13
qbit 1: 12 qbit 2: 32 dep gates: 45
qbit 1: 13 qbit 2: 32 dep gates: 14
qbit 1: 13 qbit 2: 32 dep gates: 46
qbit 1: 14 qbit 2: 32 dep gates: 15
qbit 1: 14 qbit 2: 32 dep gates: 47
qbit 1: 15 qbit 2: 32 dep gates: 16
qbit 1: 15 qbit 2: 32 dep gates: 48
qbit 1: 16 qbit 2: 32 dep gates: 17
qbit 1: 16 qbit 2: 32 dep gates: 49
qbit 1: 17 qbit 2: 32 dep gates: 18
qbit 1: 17 qbit 2: 32 dep gates: 50
qbit 1: 18 qbit 2: 32 dep gates: 19
qbit 1: 18 qbit 2: 32 dep gates: 51
qbit 1: 19 qbit 2: 32 dep gates: 20
qbit 1: 19 qbit 2: 32 dep gates: 52
qbit 1: 20 qbit 2: 32 dep gates: 21
qbit 1: 20 qbit 2: 32 dep gates: 53
qbit 1: 21 qbit 2: 32 dep gates: 22
qbit 1: 21 qbit 2: 32 dep gates: 54
qbit 1: 22 qbit 2: 32 dep gates: 23
qbit 1: 22 qbit 2: 32 dep gates: 55
qbit 1: 23 qbit 2: 32 dep gates: 24
qbit 1: 23 qbit 2: 32 dep gates: 56
qbit 1: 24 qbit 2: 32 dep gates: 25
qbit 1: 24 qbit 2: 32 dep gates: 57
qbit 1: 25 qbit 2: 32 dep gates: 26
qbit 1: 25 qbit 2: 32 dep gates: 58
qbit 1: 26 qbit 2: 32 dep gates: 27
qbit 1: 26 qbit 2: 32 dep gates: 59
qbit 1: 27 qbit 2: 32 dep gates: 28
qbit 1: 27 qbit 2: 32 dep gates: 60
qbit 1: 28 qbit 2: 32 dep gates: 29
qbit 1: 28 qbit 2: 32 dep gates: 61
qbit 1: 29 qbit 2: 32 dep gates: 30
qbit 1: 29 qbit 2: 32 dep gates: 62
qbit 1: 30 qbit 2: 32 dep gates: 31
qbit 1: 30 qbit 2: 32 dep gates: 63
qbit 1: 31 qbit 2: 32 dep gates: 32
qbit 1: 31 qbit 2: 32 dep gates: 64
qbit 0 dep gates: 34
qbit 1 dep gates: 35
qbit 2 dep gates: 36
qbit 3 dep gates: 37
qbit 4 dep gates: 38
qbit 5 dep gates: 39
qbit 6 dep gates: 40
qbit 7 dep gates: 41
qbit 8 dep gates: 42
qbit 9 dep gates: 43
qbit 10 dep gates: 44
qbit 11 dep gates: 45
qbit 12 dep gates: 46
qbit 13 dep gates: 47
qbit 14 dep gates: 48
qbit 15 dep gates: 49
qbit 16 dep gates: 50
qbit 17 dep gates: 51
qbit 18 dep gates: 52
qbit 19 dep gates: 53
qbit 20 dep gates: 54
qbit 21 dep gates: 55
qbit 22 dep gates: 56
qbit 23 dep gates: 57
qbit 24 dep gates: 58
qbit 25 dep gates: 59
qbit 26 dep gates: 60
qbit 27 dep gates: 61
qbit 28 dep gates: 62
qbit 29 dep gates: 63
qbit 30 dep gates: 64
qbit 31 dep gates: 65
qbit 32 dep gates: 65
parse object map:
{34: [0, 32], 35: [1, 32], 36: [2, 32], 37: [3, 32], 38: [4, 32], 39: [5, 32], 40: [6, 32], 41: [7, 32], 42: [8, 32], 43: [9, 32], 44: [10, 32], 45: [11, 32], 46: [12, 32], 47: [13, 32], 48: [14, 32], 49: [15, 32], 50: [16, 32], 51: [17, 32], 52: [18, 32], 53: [19, 32], 54: [20, 32], 55: [21, 32], 56: [22, 32], 57: [23, 32], 58: [24, 32], 59: [25, 32], 60: [26, 32], 61: [27, 32], 62: [28, 32], 63: [29, 32], 64: [30, 32], 65: [31, 32]}
parse object graph:
DiGraph with 99 nodes and 98 edges
°˙ Using SABRE2 mapper (matches muss_schedule2 paper version)
init_qubit_layout:
{0: [1, 2, 3, 4, 5, 6, 7, 8, 9, 10, 11], 1: [12, 14, 15, 16, 17, 18, 19, 20, 21, 22, 23], 2: [0, 13, 24, 25, 26, 27, 28, 29, 30, 31, 32], 3: []}
Using MUSS Scheduler (V2) with SABRE Mapping
°˙ muss_schedule2.py old_vision
Analyzer mode: aggregate shuttle fidelity (detected shuttle_id annotations)
Program Finish Time: 2274 us
OPCOUNTS Gate: 32 Split: 5 Move: 7 Merge: 5

Two-qubit gate chain statistics
Mean: 11.6875 Max: 12.0
Fidelity: 0.7376715804009536
[DBG SUMMARY] gates=32  gate_mult=0.757196  avg_gate_nbar=3.0807
[DBG SUMMARY] shuttles=5  shuttle_mult=0.974215  min_shuttle=0.9932
[DBG SUMMARY] worst_B: Trap 1 -> 0.994832 (heat_state=5.181250, alpha_bg=0.001, move_bg_fraction=0.175, model=exp)

========== ANALYSIS RESULT ==========
{'fidelity': 0.7376715804009536, 'total_shuttle': 5, 'time': 2274}

========== SHUTTLE TRACE ==========
[SHUTTLE 0] ion=32  T2 -> T0  route=T2->J1->J0->T0
    - SPLIT  (40 -> 160)  ion 32: T2 -> Seg3 (swap_cnt=1, swap_hops=10, ion_hops=0, i1=32, i2=0)
    - MOVE   (160 -> 182)  ion 32: Seg3 -> Seg4 via J1
    - MOVE   (182 -> 204)  ion 32: Seg4 -> Seg0 via J0
    - MERGE  (204 -> 284)  ion 32: Seg0 -> T0
[SHUTTLE 1] ion=32  T0 -> T1  route=T0->J0->J1->T1
    - SPLIT  (724 -> 804)  ion 32: T0 -> Seg0 (swap_cnt=0, swap_hops=0, ion_hops=0, i1=0, i2=0)
    - MOVE   (804 -> 826)  ion 32: Seg0 -> Seg4 via J0
    - MOVE   (826 -> 848)  ion 32: Seg4 -> Seg2 via J1
    - MERGE  (848 -> 928)  ion 32: Seg2 -> T1
[SHUTTLE 2] ion=32  T1 -> T2  route=T1->J1->T2
    - SPLIT  (968 -> 1048)  ion 32: T1 -> Seg2 (swap_cnt=0, swap_hops=0, ion_hops=0, i1=0, i2=0)
    - MOVE   (1048 -> 1070)  ion 32: Seg2 -> Seg3 via J1
    - MERGE  (1070 -> 1150)  ion 32: Seg3 -> T2
[SHUTTLE 3] ion=32  T2 -> T1  route=T2->J1->T1
    - SPLIT  (1190 -> 1270)  ion 32: T2 -> Seg3 (swap_cnt=0, swap_hops=0, ion_hops=0, i1=0, i2=0)
    - MOVE   (1270 -> 1292)  ion 32: Seg3 -> Seg2 via J1
    - MERGE  (1292 -> 1372)  ion 32: Seg2 -> T1
[SHUTTLE 4] ion=32  T1 -> T2  route=T1->J1->T2
    - SPLIT  (1772 -> 1852)  ion 32: T1 -> Seg2 (swap_cnt=0, swap_hops=0, ion_hops=0, i1=0, i2=0)
    - MOVE   (1852 -> 1874)  ion 32: Seg2 -> Seg3 via J1
    - MERGE  (1874 -> 1954)  ion 32: Seg3 -> T2
SplitSWAP: 1
TotalShuttle: 5
----------------
