Simulation
Program:           programs\BV32.qasm
Machine:           G2x2
Model:             MUSS_Params
Ions/Region:       12
Mapper:            SABRE
Reorder:           Naive
SerialTrap:        1
SerialComm:        1
SerialAll:         1
GateType:          FM
SwapType:          PaperSwapDirect
Scheduler Family:  MUSS
Scheduler Version: V4
Analyzer Mode:     PAPER
Arch Scale:        SMALL
parse object map:
{34: [0, 32], 35: [1, 32], 36: [2, 32], 37: [3, 32], 38: [4, 32], 39: [5, 32], 40: [6, 32], 41: [7, 32], 42: [8, 32], 43: [9, 32], 44: [10, 32], 45: [11, 32], 46: [12, 32], 47: [13, 32], 48: [14, 32], 49: [15, 32], 50: [16, 32], 51: [17, 32], 52: [18, 32], 53: [19, 32], 54: [20, 32], 55: [21, 32], 56: [22, 32], 57: [23, 32], 58: [24, 32], 59: [25, 32], 60: [26, 32], 61: [27, 32], 62: [28, 32], 63: [29, 32], 64: [30, 32], 65: [31, 32]}
parse object graph:
DiGraph with 99 nodes and 98 edges
°˙ Using SABRE6 mapper (matches muss_schedule4 improved version)
SABRE (Overload+MaxFlow+Chain+Urgency): Starting optimization...
SABRE: Optimization Done. Best Cost (Overloaded): 3
SABRE: Legalizing using Min-Cost Max-Flow (distance + convex chain + urgency)...
init_qubit_layout:
{0: [2, 3, 4, 5, 6, 7, 8, 9, 10, 11, 12], 1: [13, 14, 15, 16, 17, 18, 19, 20, 21, 22, 23], 2: [0, 1, 24, 25, 26, 27, 28, 29, 30, 31, 32], 3: []}
Using MUSS Scheduler (V4) with SABRE Mapping
°˙ muss_schedule4.py new_vision
Analyzer shuttle mode: aggregate (detected shuttle_id annotations)
Analyzer mode: paper
Program Finish Time: 1885 us
OPCOUNTS Gate: 99 Split: 3 Move: 5 Merge: 3

Two-qubit gate chain statistics
Mean: 11.6875 Max: 12.0
Fidelity: 0.7264331911326789

Shuttle count summary
  logical_shuttle_count      = 3   # High-level shuttle count aggregated by shuttle_id (same as old total_shuttle semantics)
  physical_shuttle_leg_count = 3   # Most faithful to the paper: each complete trap-to-trap split+move+merge segment counts as 1 shuttle
  split_count                = 3   # Number of low-level split operations
  merge_count                = 3   # Number of low-level merge operations
  move_count                 = 5   # Number of low-level move operations
[DBG SUMMARY] gates=99  gate_mult=0.736182  avg_gate_nbar=1.9278
[DBG SUMMARY] logical_shuttles=3  shuttle_mult=0.986757  min_shuttle=0.9949
[DBG SUMMARY] worst_B: Trap 2 -> 0.997703 (heat_state=2.300000, alpha_bg=0.001, move_bg_fraction=0.0, model=exp)

========== ANALYSIS RESULT ==========
{'fidelity': 0.7264331911326789, 'total_shuttle': 3, 'logical_shuttle_count': 3, 'physical_shuttle_leg_count': 3, 'split_count': 3, 'merge_count': 3, 'move_count': 5, 'time': 1885}

========== SHUTTLE TRACE ==========
[SHUTTLE 0] ion=32  T2 -> T0  route=T2->J1->J0->T0
    - SPLIT  (80 -> 200)  ion 32: T2 -> Seg3 (swap_cnt=1, swap_hops=10, ion_hops=0, i1=32, i2=0)
    - MOVE   (200 -> 214)  ion 32: Seg3 -> Seg4 via J1
    - MOVE   (214 -> 228)  ion 32: Seg4 -> Seg0 via J0
    - MERGE  (228 -> 308)  ion 32: Seg0 -> T0
[SHUTTLE 1] ion=32  T0 -> T1  route=T0->J0->J1->T1
    - SPLIT  (748 -> 828)  ion 32: T0 -> Seg0 (swap_cnt=0, swap_hops=0, ion_hops=0, i1=0, i2=0)
    - MOVE   (828 -> 842)  ion 32: Seg0 -> Seg4 via J0
    - MOVE   (842 -> 856)  ion 32: Seg4 -> Seg2 via J1
    - MERGE  (856 -> 936)  ion 32: Seg2 -> T1
[SHUTTLE 2] ion=32  T1 -> T2  route=T1->J1->T2
    - SPLIT  (1376 -> 1456)  ion 32: T1 -> Seg2 (swap_cnt=0, swap_hops=0, ion_hops=0, i1=0, i2=0)
    - MOVE   (1456 -> 1470)  ion 32: Seg2 -> Seg3 via J1
    - MERGE  (1470 -> 1550)  ion 32: Seg3 -> T2
SplitSWAP: 1
SchedulerFiredShuttle: 3
ReportedTotalShuttle: 3
----------------
