Simulation
Program:           programs\BV32.qasm
Machine:           G2x3
Model:             MUSS_Params
Ions/Region:       8
Mapper:            SABRE
Reorder:           Naive
SerialTrap:        1
SerialComm:        1
SerialAll:         1
GateType:          FM
SwapType:          PaperSwapDirect
Scheduler Family:  MUSS
Scheduler Version: V4
Analyzer Mode:     PAPER
Arch Scale:        SMALL
parse object map:
{34: [0, 32], 35: [1, 32], 36: [2, 32], 37: [3, 32], 38: [4, 32], 39: [5, 32], 40: [6, 32], 41: [7, 32], 42: [8, 32], 43: [9, 32], 44: [10, 32], 45: [11, 32], 46: [12, 32], 47: [13, 32], 48: [14, 32], 49: [15, 32], 50: [16, 32], 51: [17, 32], 52: [18, 32], 53: [19, 32], 54: [20, 32], 55: [21, 32], 56: [22, 32], 57: [23, 32], 58: [24, 32], 59: [25, 32], 60: [26, 32], 61: [27, 32], 62: [28, 32], 63: [29, 32], 64: [30, 32], 65: [31, 32]}
parse object graph:
DiGraph with 99 nodes and 98 edges
°˙ Using SABRE6 mapper (matches muss_schedule4 improved version)
SABRE (Overload+MaxFlow+Chain+Urgency): Starting optimization...
SABRE: Optimization Done. Best Cost (Overloaded): 4
SABRE: Legalizing using Min-Cost Max-Flow (distance + convex chain + urgency)...
init_qubit_layout:
{0: [5, 6, 7, 8, 9, 10], 1: [11, 12, 13, 14, 15, 16], 2: [17, 18, 19, 20, 21, 22, 23], 3: [24, 25, 26, 27, 28, 29, 30, 31], 4: [0, 1, 2, 3, 4, 32], 5: []}
Using MUSS Scheduler (V4) with SABRE Mapping
°˙ muss_schedule4.py new_vision
Analyzer shuttle mode: aggregate (detected shuttle_id annotations)
Analyzer mode: paper
Program Finish Time: 2717 us
OPCOUNTS Gate: 99 Split: 7 Move: 13 Merge: 7

Two-qubit gate chain statistics
Mean: 7.3125 Max: 8.0
Fidelity: 0.7860319836894906

Shuttle count summary
  logical_shuttle_count      = 7   # High-level shuttle count aggregated by shuttle_id (same as old total_shuttle semantics)
  physical_shuttle_leg_count = 7   # Most faithful to the paper: each complete trap-to-trap split+move+merge segment counts as 1 shuttle
  split_count                = 7   # Number of low-level split operations
  merge_count                = 7   # Number of low-level merge operations
  move_count                 = 13   # Number of low-level move operations
[DBG SUMMARY] gates=99  gate_mult=0.812553  avg_gate_nbar=2.7183
[DBG SUMMARY] logical_shuttles=7  shuttle_mult=0.967361  min_shuttle=0.9938
[DBG SUMMARY] worst_B: Trap 0 -> 0.996008 (heat_state=4.000000, alpha_bg=0.001, move_bg_fraction=0.0, model=exp)

========== ANALYSIS RESULT ==========
{'fidelity': 0.7860319836894906, 'total_shuttle': 7, 'logical_shuttle_count': 7, 'physical_shuttle_leg_count': 7, 'split_count': 7, 'merge_count': 7, 'move_count': 13, 'time': 2717}

========== SHUTTLE TRACE ==========
[SHUTTLE 0] ion=32  T4 -> T0  route=T4->J1->J0->T0
    - SPLIT  (200 -> 320)  ion 32: T4 -> Seg4 (swap_cnt=1, swap_hops=5, ion_hops=0, i1=32, i2=0)
    - MOVE   (320 -> 334)  ion 32: Seg4 -> Seg6 via J1
    - MOVE   (334 -> 348)  ion 32: Seg6 -> Seg0 via J0
    - MERGE  (348 -> 428)  ion 32: Seg0 -> T0
[SHUTTLE 1] ion=32  T0 -> T1  route=T0->J0->J1->T1
    - SPLIT  (668 -> 748)  ion 32: T0 -> Seg0 (swap_cnt=0, swap_hops=0, ion_hops=0, i1=0, i2=0)
    - MOVE   (748 -> 762)  ion 32: Seg0 -> Seg6 via J0
    - MOVE   (762 -> 776)  ion 32: Seg6 -> Seg1 via J1
    - MERGE  (776 -> 856)  ion 32: Seg1 -> T1
[SHUTTLE 2] ion=32  T1 -> T2  route=T1->J1->J2->T2
    - SPLIT  (1096 -> 1176)  ion 32: T1 -> Seg1 (swap_cnt=0, swap_hops=0, ion_hops=0, i1=0, i2=0)
    - MOVE   (1176 -> 1190)  ion 32: Seg1 -> Seg7 via J1
    - MOVE   (1190 -> 1204)  ion 32: Seg7 -> Seg2 via J2
    - MERGE  (1204 -> 1284)  ion 32: Seg2 -> T2
[SHUTTLE 3] ion=17  T2 -> T1  route=T2->J2->J1->T1
    - SPLIT  (1564 -> 1684)  ion 17: T2 -> Seg2 (swap_cnt=1, swap_hops=7, ion_hops=0, i1=17, i2=32)
    - MOVE   (1684 -> 1698)  ion 17: Seg2 -> Seg7 via J2
    - MOVE   (1698 -> 1712)  ion 17: Seg7 -> Seg1 via J1
    - MERGE  (1712 -> 1792)  ion 17: Seg1 -> T1
[SHUTTLE 4] ion=31  T3 -> T0  route=T3->J0->T0
    - SPLIT  (1792 -> 1912)  ion 31: T3 -> Seg3 (swap_cnt=1, swap_hops=7, ion_hops=0, i1=31, i2=24)
    - MOVE   (1912 -> 1926)  ion 31: Seg3 -> Seg0 via J0
    - MERGE  (1926 -> 2006)  ion 31: Seg0 -> T0
[SHUTTLE 5] ion=32  T2 -> T3  route=T2->J2->J1->J0->T3
    - SPLIT  (2006 -> 2086)  ion 32: T2 -> Seg2 (swap_cnt=0, swap_hops=0, ion_hops=0, i1=0, i2=0)
    - MOVE   (2086 -> 2100)  ion 32: Seg2 -> Seg7 via J2
    - MOVE   (2100 -> 2114)  ion 32: Seg7 -> Seg6 via J1
    - MOVE   (2114 -> 2128)  ion 32: Seg6 -> Seg3 via J0
    - MERGE  (2128 -> 2208)  ion 32: Seg3 -> T3
[SHUTTLE 6] ion=32  T3 -> T0  route=T3->J0->T0
    - SPLIT  (2488 -> 2568)  ion 32: T3 -> Seg3 (swap_cnt=0, swap_hops=0, ion_hops=0, i1=0, i2=0)
    - MOVE   (2568 -> 2582)  ion 32: Seg3 -> Seg0 via J0
    - MERGE  (2582 -> 2662)  ion 32: Seg0 -> T0
SplitSWAP: 3
SchedulerFiredShuttle: 7
ReportedTotalShuttle: 7
----------------
