Simulation
Program:           programs\GHZ32.qasm
Machine:           G2x3
Model:             MUSS_Params
Ions/Region:       8
Mapper:            SABRE
Reorder:           Naive
SerialTrap:        1
SerialComm:        1
SerialAll:         1
GateType:          FM
SwapType:          PaperSwapDirect
Scheduler Family:  MUSS
Scheduler Version: V4
Analyzer Mode:     PAPER
Arch Scale:        SMALL
parse object map:
{1: [0, 1], 2: [1, 2], 3: [2, 3], 4: [3, 4], 5: [4, 5], 6: [5, 6], 7: [6, 7], 8: [7, 8], 9: [8, 9], 10: [9, 10], 11: [10, 11], 12: [11, 12], 13: [12, 13], 14: [13, 14], 15: [14, 15], 16: [15, 16], 17: [16, 17], 18: [17, 18], 19: [18, 19], 20: [19, 20], 21: [20, 21], 22: [21, 22], 23: [22, 23], 24: [23, 24], 25: [24, 25], 26: [25, 26], 27: [26, 27], 28: [27, 28], 29: [28, 29], 30: [29, 30], 31: [30, 31]}
parse object graph:
DiGraph with 32 nodes and 31 edges
ˇú Using SABRE6 mapper (matches muss_schedule4 improved version)
SABRE (Overload+MaxFlow+Chain+Urgency): Starting optimization...
SABRE: Optimization Done. Best Cost (Overloaded): 3
SABRE: Legalizing using Min-Cost Max-Flow (distance + convex chain + urgency)...
init_qubit_layout:
{0: [0, 1, 2, 3, 4, 5, 6, 7], 1: [11, 12, 13, 14, 15, 16, 17], 2: [18, 19, 20, 21, 22, 23, 24], 3: [25, 26, 27, 28, 29, 30, 31], 4: [8, 9], 5: [10]}
Using MUSS Scheduler (V4) with SABRE Mapping
ˇú muss_schedule4.py new_vision
Analyzer shuttle mode: aggregate (detected shuttle_id annotations)
Analyzer mode: paper
Program Finish Time: 2260 us
OPCOUNTS Gate: 32 Split: 5 Move: 10 Merge: 5

Two-qubit gate chain statistics
Mean: 7.548387096774194 Max: 8.0
Fidelity: 0.8858736221288049

Shuttle count summary
  logical_shuttle_count      = 5   # High-level shuttle count aggregated by shuttle_id (same as old total_shuttle semantics)
  physical_shuttle_leg_count = 5   # Most faithful to the paper: each complete trap-to-trap split+move+merge segment counts as 1 shuttle
  split_count                = 5   # Number of low-level split operations
  merge_count                = 5   # Number of low-level merge operations
  move_count                 = 10   # Number of low-level move operations
[DBG SUMMARY] gates=32  gate_mult=0.907995  avg_gate_nbar=1.4260
[DBG SUMMARY] logical_shuttles=5  shuttle_mult=0.975637  min_shuttle=0.9935
[DBG SUMMARY] worst_B: Trap 4 -> 0.997004 (heat_state=3.000000, alpha_bg=0.001, move_bg_fraction=0.0, model=exp)

========== ANALYSIS RESULT ==========
{'fidelity': 0.8858736221288049, 'total_shuttle': 5, 'logical_shuttle_count': 5, 'physical_shuttle_leg_count': 5, 'split_count': 5, 'merge_count': 5, 'move_count': 10, 'time': 2260}

========== SHUTTLE TRACE ==========
[SHUTTLE 0] ion=7  T0 -> T4  route=T0->J0->J1->T4
    - SPLIT  (280 -> 360)  ion 7: T0 -> Seg0 (swap_cnt=0, swap_hops=0, ion_hops=0, i1=0, i2=0)
    - MOVE   (360 -> 374)  ion 7: Seg0 -> Seg6 via J0
    - MOVE   (374 -> 388)  ion 7: Seg6 -> Seg4 via J1
    - MERGE  (388 -> 468)  ion 7: Seg4 -> T4
[SHUTTLE 1] ion=10  T5 -> T4  route=T5->J2->J1->T4
    - SPLIT  (548 -> 628)  ion 10: T5 -> Seg5 (swap_cnt=0, swap_hops=0, ion_hops=0, i1=0, i2=0)
    - MOVE   (628 -> 642)  ion 10: Seg5 -> Seg7 via J2
    - MOVE   (642 -> 656)  ion 10: Seg7 -> Seg4 via J1
    - MERGE  (656 -> 736)  ion 10: Seg4 -> T4
[SHUTTLE 2] ion=10  T4 -> T1  route=T4->J1->T1
    - SPLIT  (776 -> 856)  ion 10: T4 -> Seg4 (swap_cnt=0, swap_hops=0, ion_hops=0, i1=0, i2=0)
    - MOVE   (856 -> 870)  ion 10: Seg4 -> Seg1 via J1
    - MERGE  (870 -> 950)  ion 10: Seg1 -> T1
[SHUTTLE 3] ion=17  T1 -> T2  route=T1->J1->J2->T2
    - SPLIT  (1230 -> 1350)  ion 17: T1 -> Seg1 (swap_cnt=1, swap_hops=1, ion_hops=0, i1=17, i2=10)
    - MOVE   (1350 -> 1364)  ion 17: Seg1 -> Seg7 via J1
    - MOVE   (1364 -> 1378)  ion 17: Seg7 -> Seg2 via J2
    - MERGE  (1378 -> 1458)  ion 17: Seg2 -> T2
[SHUTTLE 4] ion=24  T2 -> T3  route=T2->J2->J1->J0->T3
    - SPLIT  (1738 -> 1858)  ion 24: T2 -> Seg2 (swap_cnt=1, swap_hops=1, ion_hops=0, i1=24, i2=17)
    - MOVE   (1858 -> 1872)  ion 24: Seg2 -> Seg7 via J2
    - MOVE   (1872 -> 1886)  ion 24: Seg7 -> Seg6 via J1
    - MOVE   (1886 -> 1900)  ion 24: Seg6 -> Seg3 via J0
    - MERGE  (1900 -> 1980)  ion 24: Seg3 -> T3
SplitSWAP: 2
SchedulerFiredShuttle: 5
ReportedTotalShuttle: 5
----------------
