Simulation
Program:           programs\GHZ32.qasm
Machine:           G2x3
Model:             MUSS_Params
Ions/Region:       8
Mapper:            SABRE
Reorder:           Naive
SerialTrap:        1
SerialComm:        1
SerialAll:         1
GateType:          FM
SwapType:          PaperSwapDirect
Scheduler Family:  MUSS
Scheduler Version: V3
Analyzer Mode:     PAPER
qbit 1: 0 qbit 2: 1 dep gates: 0
qbit 1: 1 qbit 2: 2 dep gates: 1
qbit 1: 2 qbit 2: 3 dep gates: 2
qbit 1: 3 qbit 2: 4 dep gates: 3
qbit 1: 4 qbit 2: 5 dep gates: 4
qbit 1: 5 qbit 2: 6 dep gates: 5
qbit 1: 6 qbit 2: 7 dep gates: 6
qbit 1: 7 qbit 2: 8 dep gates: 7
qbit 1: 8 qbit 2: 9 dep gates: 8
qbit 1: 9 qbit 2: 10 dep gates: 9
qbit 1: 10 qbit 2: 11 dep gates: 10
qbit 1: 11 qbit 2: 12 dep gates: 11
qbit 1: 12 qbit 2: 13 dep gates: 12
qbit 1: 13 qbit 2: 14 dep gates: 13
qbit 1: 14 qbit 2: 15 dep gates: 14
qbit 1: 15 qbit 2: 16 dep gates: 15
qbit 1: 16 qbit 2: 17 dep gates: 16
qbit 1: 17 qbit 2: 18 dep gates: 17
qbit 1: 18 qbit 2: 19 dep gates: 18
qbit 1: 19 qbit 2: 20 dep gates: 19
qbit 1: 20 qbit 2: 21 dep gates: 20
qbit 1: 21 qbit 2: 22 dep gates: 21
qbit 1: 22 qbit 2: 23 dep gates: 22
qbit 1: 23 qbit 2: 24 dep gates: 23
qbit 1: 24 qbit 2: 25 dep gates: 24
qbit 1: 25 qbit 2: 26 dep gates: 25
qbit 1: 26 qbit 2: 27 dep gates: 26
qbit 1: 27 qbit 2: 28 dep gates: 27
qbit 1: 28 qbit 2: 29 dep gates: 28
qbit 1: 29 qbit 2: 30 dep gates: 29
qbit 1: 30 qbit 2: 31 dep gates: 30
parse object map:
{1: [0, 1], 2: [1, 2], 3: [2, 3], 4: [3, 4], 5: [4, 5], 6: [5, 6], 7: [6, 7], 8: [7, 8], 9: [8, 9], 10: [9, 10], 11: [10, 11], 12: [11, 12], 13: [12, 13], 14: [13, 14], 15: [14, 15], 16: [15, 16], 17: [16, 17], 18: [17, 18], 19: [18, 19], 20: [19, 20], 21: [20, 21], 22: [21, 22], 23: [22, 23], 24: [23, 24], 25: [24, 25], 26: [25, 26], 27: [26, 27], 28: [27, 28], 29: [28, 29], 30: [29, 30], 31: [30, 31]}
parse object graph:
DiGraph with 32 nodes and 31 edges
ˇú Using SABRE6 mapper (matches muss_schedule3 improved version)
SABRE (Strict): Starting iterative optimization (20 rounds)...
SABRE (Strict): Optimization Done. Best Forward Cost: 4
init_qubit_layout:
{0: [0, 1, 2, 3, 4, 5, 6, 7], 1: [14, 15, 16, 17, 18, 19], 2: [20, 21, 22, 23, 24, 25], 3: [26, 27, 28, 29, 30, 31], 4: [], 5: [8, 9, 10, 11, 12, 13]}
Using MUSS Scheduler (V3) with SABRE Mapping
ˇú muss_schedule3.py new_vision
Analyzer shuttle mode: aggregate (detected shuttle_id annotations)
Analyzer mode: paper
Program Finish Time: 2089 us
OPCOUNTS Gate: 32 Split: 4 Move: 6 Merge: 4

Two-qubit gate chain statistics
Mean: 7.225806451612903 Max: 8.0
Fidelity: 0.9222457018258912
[DBG SUMMARY] gates=32  gate_mult=0.938377  avg_gate_nbar=1.1866
[DBG SUMMARY] shuttles=4  shuttle_mult=0.982809  min_shuttle=0.9949
[DBG SUMMARY] worst_B: Trap 0 -> 1.000000 (heat_state=0.000000, alpha_bg=0.0, move_bg_fraction=0.0, model=none)

========== ANALYSIS RESULT ==========
{'fidelity': 0.9222457018258912, 'total_shuttle': 4, 'time': 2089}

========== SHUTTLE TRACE ==========
[SHUTTLE 0] ion=7  T0 -> T5  route=T0->J0->T5
    - SPLIT  (285 -> 365)  ion 7: T0 -> Seg0 (swap_cnt=0, swap_hops=0, ion_hops=0, i1=0, i2=0)
    - MOVE   (365 -> 379)  ion 7: Seg0 -> Seg5 via J0
    - MERGE  (379 -> 459)  ion 7: Seg5 -> T5
[SHUTTLE 1] ion=13  T5 -> T1  route=T5->J0->J1->T1
    - SPLIT  (699 -> 819)  ion 13: T5 -> Seg5 (swap_cnt=1, swap_hops=6, ion_hops=0, i1=13, i2=7)
    - MOVE   (819 -> 833)  ion 13: Seg5 -> Seg6 via J0
    - MOVE   (833 -> 847)  ion 13: Seg6 -> Seg1 via J1
    - MERGE  (847 -> 927)  ion 13: Seg1 -> T1
[SHUTTLE 2] ion=19  T1 -> T2  route=T1->J1->J2->T2
    - SPLIT  (1167 -> 1287)  ion 19: T1 -> Seg1 (swap_cnt=1, swap_hops=1, ion_hops=0, i1=19, i2=13)
    - MOVE   (1287 -> 1301)  ion 19: Seg1 -> Seg7 via J1
    - MOVE   (1301 -> 1315)  ion 19: Seg7 -> Seg2 via J2
    - MERGE  (1315 -> 1395)  ion 19: Seg2 -> T2
[SHUTTLE 3] ion=25  T2 -> T3  route=T2->J2->T3
    - SPLIT  (1635 -> 1755)  ion 25: T2 -> Seg2 (swap_cnt=1, swap_hops=1, ion_hops=0, i1=25, i2=19)
    - MOVE   (1755 -> 1769)  ion 25: Seg2 -> Seg3 via J2
    - MERGE  (1769 -> 1849)  ion 25: Seg3 -> T3
SplitSWAP: 3
TotalShuttle: 4
----------------
