Simulation
Program:           ./programs/GHZ32.qasm
Machine:           G2x3
Model:             MUSS_Params
Ions/Region:       8
Mapper:            SABRE
Reorder:           Naive
SerialTrap:        1
SerialComm:        1
SerialAll:         1
GateType:          FM
SwapType:          PaperSwapDirect
Scheduler Family:  MUSS
Scheduler Version: V2
qbit 1: 0 qbit 2: 1 dep gates: 0
qbit 1: 1 qbit 2: 2 dep gates: 1
qbit 1: 2 qbit 2: 3 dep gates: 2
qbit 1: 3 qbit 2: 4 dep gates: 3
qbit 1: 4 qbit 2: 5 dep gates: 4
qbit 1: 5 qbit 2: 6 dep gates: 5
qbit 1: 6 qbit 2: 7 dep gates: 6
qbit 1: 7 qbit 2: 8 dep gates: 7
qbit 1: 8 qbit 2: 9 dep gates: 8
qbit 1: 9 qbit 2: 10 dep gates: 9
qbit 1: 10 qbit 2: 11 dep gates: 10
qbit 1: 11 qbit 2: 12 dep gates: 11
qbit 1: 12 qbit 2: 13 dep gates: 12
qbit 1: 13 qbit 2: 14 dep gates: 13
qbit 1: 14 qbit 2: 15 dep gates: 14
qbit 1: 15 qbit 2: 16 dep gates: 15
qbit 1: 16 qbit 2: 17 dep gates: 16
qbit 1: 17 qbit 2: 18 dep gates: 17
qbit 1: 18 qbit 2: 19 dep gates: 18
qbit 1: 19 qbit 2: 20 dep gates: 19
qbit 1: 20 qbit 2: 21 dep gates: 20
qbit 1: 21 qbit 2: 22 dep gates: 21
qbit 1: 22 qbit 2: 23 dep gates: 22
qbit 1: 23 qbit 2: 24 dep gates: 23
qbit 1: 24 qbit 2: 25 dep gates: 24
qbit 1: 25 qbit 2: 26 dep gates: 25
qbit 1: 26 qbit 2: 27 dep gates: 26
qbit 1: 27 qbit 2: 28 dep gates: 27
qbit 1: 28 qbit 2: 29 dep gates: 28
qbit 1: 29 qbit 2: 30 dep gates: 29
qbit 1: 30 qbit 2: 31 dep gates: 30
parse object map:
{1: [0, 1], 2: [1, 2], 3: [2, 3], 4: [3, 4], 5: [4, 5], 6: [5, 6], 7: [6, 7], 8: [7, 8], 9: [8, 9], 10: [9, 10], 11: [10, 11], 12: [11, 12], 13: [12, 13], 14: [13, 14], 15: [14, 15], 16: [15, 16], 17: [16, 17], 18: [17, 18], 19: [18, 19], 20: [19, 20], 21: [20, 21], 22: [21, 22], 23: [22, 23], 24: [23, 24], 25: [24, 25], 26: [25, 26], 27: [26, 27], 28: [27, 28], 29: [28, 29], 30: [29, 30], 31: [30, 31]}
parse object graph:
DiGraph with 32 nodes and 31 edges
°˙ Using SABRE2 mapper (matches muss_schedule2 paper version)
init_qubit_layout:
{0: [2, 3, 4, 5, 6, 7, 8], 1: [11, 12, 13, 14, 15, 16, 17], 2: [18, 19, 20, 21, 22, 23, 24], 3: [25, 26, 27, 28, 29, 30, 31], 4: [9, 10], 5: [0, 1]}
Using MUSS Scheduler (V2) with SABRE Mapping
°˙ muss_schedule2.py old_vision
Analyzer mode: aggregate shuttle fidelity (detected shuttle_id annotations)
Program Finish Time: 2394 us
OPCOUNTS Gate: 31 Split: 5 Move: 7 Merge: 5

Two-qubit gate chain statistics
Mean: 7.483870967741935 Max: 8.0
Fidelity: 0.8662056392576478
[DBG SUMMARY] gates=31  gate_mult=0.890205  avg_gate_nbar=1.7923
[DBG SUMMARY] shuttles=5  shuttle_mult=0.973041  min_shuttle=0.9932
[DBG SUMMARY] worst_B: Trap 2 -> 0.996917 (heat_state=3.087500, alpha_bg=0.001, move_bg_fraction=0.175, model=exp)

========== ANALYSIS RESULT ==========
{'fidelity': 0.8662056392576478, 'total_shuttle': 5, 'time': 2394}

========== SHUTTLE TRACE ==========
[SHUTTLE 0] ion=1  T5 -> T0  route=T5->J0->T0
    - SPLIT  (40 -> 160)  ion 1: T5 -> Seg5 (swap_cnt=1, swap_hops=1, ion_hops=0, i1=1, i2=0)
    - MOVE   (160 -> 182)  ion 1: Seg5 -> Seg0 via J0
    - MERGE  (182 -> 262)  ion 1: Seg0 -> T0
[SHUTTLE 1] ion=8  T0 -> T4  route=T0->J0->J1->T4
    - SPLIT  (542 -> 662)  ion 8: T0 -> Seg0 (swap_cnt=1, swap_hops=1, ion_hops=0, i1=8, i2=1)
    - MOVE   (662 -> 684)  ion 8: Seg0 -> Seg6 via J0
    - MOVE   (684 -> 706)  ion 8: Seg6 -> Seg4 via J1
    - MERGE  (706 -> 786)  ion 8: Seg4 -> T4
[SHUTTLE 2] ion=10  T4 -> T1  route=T4->J1->T1
    - SPLIT  (866 -> 986)  ion 10: T4 -> Seg4 (swap_cnt=1, swap_hops=2, ion_hops=0, i1=10, i2=8)
    - MOVE   (986 -> 1008)  ion 10: Seg4 -> Seg1 via J1
    - MERGE  (1008 -> 1088)  ion 10: Seg1 -> T1
[SHUTTLE 3] ion=17  T1 -> T2  route=T1->J1->J2->T2
    - SPLIT  (1368 -> 1488)  ion 17: T1 -> Seg1 (swap_cnt=1, swap_hops=1, ion_hops=0, i1=17, i2=10)
    - MOVE   (1488 -> 1510)  ion 17: Seg1 -> Seg7 via J1
    - MOVE   (1510 -> 1532)  ion 17: Seg7 -> Seg2 via J2
    - MERGE  (1532 -> 1612)  ion 17: Seg2 -> T2
[SHUTTLE 4] ion=24  T2 -> T3  route=T2->J2->T3
    - SPLIT  (1892 -> 2012)  ion 24: T2 -> Seg2 (swap_cnt=1, swap_hops=1, ion_hops=0, i1=24, i2=17)
    - MOVE   (2012 -> 2034)  ion 24: Seg2 -> Seg3 via J2
    - MERGE  (2034 -> 2114)  ion 24: Seg3 -> T3
SplitSWAP: 5
TotalShuttle: 5
----------------
