Simulation
Program:      ./programs/GHZ32.qasm
Machine:      G2x2
Model:        MUSS_Params
Ions:         12
Mapper:       SABRE
Reorder:      Naive
SerialTrap:   1
SerialComm:   0
SerialAll:    0
Gatetype:     FM
Swaptype:     GateSwap
Scheduler Family: MUSS
Scheduler Version: V3
qbit 1: 0 qbit 2: 1 dep gates: 0
qbit 1: 1 qbit 2: 2 dep gates: 1
qbit 1: 2 qbit 2: 3 dep gates: 2
qbit 1: 3 qbit 2: 4 dep gates: 3
qbit 1: 4 qbit 2: 5 dep gates: 4
qbit 1: 5 qbit 2: 6 dep gates: 5
qbit 1: 6 qbit 2: 7 dep gates: 6
qbit 1: 7 qbit 2: 8 dep gates: 7
qbit 1: 8 qbit 2: 9 dep gates: 8
qbit 1: 9 qbit 2: 10 dep gates: 9
qbit 1: 10 qbit 2: 11 dep gates: 10
qbit 1: 11 qbit 2: 12 dep gates: 11
qbit 1: 12 qbit 2: 13 dep gates: 12
qbit 1: 13 qbit 2: 14 dep gates: 13
qbit 1: 14 qbit 2: 15 dep gates: 14
qbit 1: 15 qbit 2: 16 dep gates: 15
qbit 1: 16 qbit 2: 17 dep gates: 16
qbit 1: 17 qbit 2: 18 dep gates: 17
qbit 1: 18 qbit 2: 19 dep gates: 18
qbit 1: 19 qbit 2: 20 dep gates: 19
qbit 1: 20 qbit 2: 21 dep gates: 20
qbit 1: 21 qbit 2: 22 dep gates: 21
qbit 1: 22 qbit 2: 23 dep gates: 22
qbit 1: 23 qbit 2: 24 dep gates: 23
qbit 1: 24 qbit 2: 25 dep gates: 24
qbit 1: 25 qbit 2: 26 dep gates: 25
qbit 1: 26 qbit 2: 27 dep gates: 26
qbit 1: 27 qbit 2: 28 dep gates: 27
qbit 1: 28 qbit 2: 29 dep gates: 28
qbit 1: 29 qbit 2: 30 dep gates: 29
qbit 1: 30 qbit 2: 31 dep gates: 30
parse object map:
{1: [0, 1], 2: [1, 2], 3: [2, 3], 4: [3, 4], 5: [4, 5], 6: [5, 6], 7: [6, 7], 8: [7, 8], 9: [8, 9], 10: [9, 10], 11: [10, 11], 12: [11, 12], 13: [12, 13], 14: [13, 14], 15: [14, 15], 16: [15, 16], 17: [16, 17], 18: [17, 18], 19: [18, 19], 20: [19, 20], 21: [20, 21], 22: [21, 22], 23: [22, 23], 24: [23, 24], 25: [24, 25], 26: [25, 26], 27: [26, 27], 28: [27, 28], 29: [28, 29], 30: [29, 30], 31: [30, 31]}
parse object graph:
DiGraph with 32 nodes and 31 edges
ˇú Using SABRE6 mapper (matches muss_schedule3 improved version)
SABRE (Overload+MaxFlow+Chain+Urgency): Starting optimization...
SABRE: Optimization Done. Best Cost (Overloaded): 2
SABRE: Legalizing using Min-Cost Max-Flow (distance + convex chain + urgency)...
init_qubit_layout:
{0: [0, 1, 2, 3, 4, 5, 6, 7, 8, 9, 10, 11], 1: [12, 13, 14, 15, 16, 17, 18, 19, 20, 21, 22], 2: [23, 24, 25, 26, 27, 28, 29, 30, 31], 3: []}
Using MUSS Scheduler (V3) with SABRE Mapping
 muss_schedule3.py new_vision
Program Finish Time: 1710 us
OPCOUNTS Gate: 31 Split: 2 Move: 3 Merge: 2

ˇľTwo-qubit gate chain length distribution statisticsˇż
  Number of gates : 31
  Mean chain length: 11.42
  Median          : 12.0
  Max chain length: 12
  90th percentile : 12.0
  Gates with length ˇÝ11: 22 (71.0%)
  Gates with length ˇÝ12: 22 (71.0%)
Fidelity: 0.833036932159564
Total System Heating (quanta): 49

ˇľGate information on highest heating chains (top 10)ˇż
  1. trap= 2  avg_n_bar=   1.2  chain length=10  gate fidelity=9.9485e-01
  2. trap= 2  avg_n_bar=   1.2  chain length=10  gate fidelity=9.9485e-01
  3. trap= 2  avg_n_bar=   1.2  chain length=10  gate fidelity=9.9485e-01
  4. trap= 2  avg_n_bar=   1.2  chain length=10  gate fidelity=9.9485e-01
  5. trap= 2  avg_n_bar=   1.2  chain length=10  gate fidelity=9.9485e-01
  6. trap= 2  avg_n_bar=   1.2  chain length=10  gate fidelity=9.9485e-01
  7. trap= 2  avg_n_bar=   1.2  chain length=10  gate fidelity=9.9485e-01
  8. trap= 2  avg_n_bar=   1.2  chain length=10  gate fidelity=9.9485e-01
  9. trap= 2  avg_n_bar=   1.2  chain length=10  gate fidelity=9.9485e-01
  10. trap= 1  avg_n_bar=   1.1  chain length=12  gate fidelity=9.9328e-01
  Global max avg_n_bar: 1.2
SplitSWAP: 1
----------------
