Simulation
Program:           programs\GHZ32.qasm
Machine:           G2x3
Model:             MUSS_Params
Ions/Region:       8
Mapper:            SABRE
Reorder:           Naive
SerialTrap:        1
SerialComm:        1
SerialAll:         1
GateType:          FM
SwapType:          PaperSwapDirect
Scheduler Family:  MUSS
Scheduler Version: V6
Analyzer Mode:     PAPER
Arch Scale:        SMALL
========== Gate Set Summary ==========
cx: 31
h: 1
======================================
Parse object map:
{1: [0, 1], 2: [1, 2], 3: [2, 3], 4: [3, 4], 5: [4, 5], 6: [5, 6], 7: [6, 7], 8: [7, 8], 9: [8, 9], 10: [9, 10], 11: [10, 11], 12: [11, 12], 13: [12, 13], 14: [13, 14], 15: [14, 15], 16: [15, 16], 17: [16, 17], 18: [17, 18], 19: [18, 19], 20: [19, 20], 21: [20, 21], 22: [21, 22], 23: [22, 23], 24: [23, 24], 25: [24, 25], 26: [25, 26], 27: [26, 27], 28: [27, 28], 29: [28, 29], 30: [29, 30], 31: [30, 31]}
Parse object graph:
DiGraph with 32 nodes and 31 edges
Using SABRE2 mapper (matches muss_schedule6 improved version)
Raw mapping:
{0: 0, 1: 0, 2: 0, 3: 0, 4: 0, 5: 0, 6: 0, 7: 0, 8: 1, 9: 2, 10: 2, 11: 2, 12: 2, 13: 2, 14: 2, 15: 1, 16: 1, 17: 3, 18: 3, 19: 3, 20: 3, 21: 3, 22: 3, 23: 3, 24: 2, 25: 1, 26: 1, 27: 1, 28: 1, 29: 1, 30: 2, 31: 3}
Initial layout policy: mapping_only + canonicalize_to_trap_layout
Note: reorder_choice='Naive' is ignored for mapper 'SABRE'
Skip qubit ordering for mapper 'SABRE'
Initial qubit layout:
{0: [0, 1, 2, 3, 4, 5, 6, 7], 1: [8, 15, 16, 25, 26, 27, 28, 29], 2: [9, 10, 11, 12, 13, 14, 24, 30], 3: [17, 18, 19, 20, 21, 22, 23, 31], 4: [], 5: []}
Using MUSS Scheduler (V6) with SABRE Mapping
Using muss_schedule6.py new_vision
Analyzer shuttle mode: aggregate (detected shuttle_id annotations)
Analyzer parameter wiring: alpha_bg=0.0, T1=600000000.0, k_heating=0.001, epsilon_2q=3.90625e-05, strict_paper_mainline=True
Analyzer mode: paper
Program Finish Time: 5346 us
OPCOUNTS Gate: 32 Split: 19 Move: 39 Merge: 19

Two-qubit gate chain statistics
Mean: 7.32258064516129 Max: 8.0
Fidelity: 0.8480033953298234

Shuttle count summary
  logical_shuttle_count      = 19   # High-level shuttle count aggregated by shuttle_id
  physical_shuttle_leg_count = 19   # Paper-facing count: each complete trap-to-trap split+move+merge leg
  split_count                = 19
  merge_count                = 19
  move_count                 = 39
[DBG SUMMARY] gates=32  gate_mult=0.934156  avg_gate_nbar=0.0000
[DBG SUMMARY] logical_shuttles=19  shuttle_mult=0.907775  min_shuttle=0.9935
[DBG SUMMARY] worst_B: Trap 0 -> 1.000000 (heat_state=0.000000, alpha_bg=0.0, move_bg_fraction=0.0, model=exp, strict_paper_mainline=True)

========== ANALYSIS RESULT ==========
{'fidelity': 0.8480033953298234, 'total_shuttle': 19, 'logical_shuttle_count': 19, 'physical_shuttle_leg_count': 19, 'split_count': 19, 'merge_count': 19, 'move_count': 39, 'time': 5346}

========== SHUTTLE TRACE ==========
[SHUTTLE 0] ion=0  T0 -> T4  route=T0->J0->J1->T4
    - SPLIT  (280 -> 400)  ion 0: T0 -> Seg0 (swap_cnt=1, swap_hops=7, ion_hops=0, i1=0, i2=7)
    - MOVE   (400 -> 414)  ion 0: Seg0 -> Seg6 via J0
    - MOVE   (414 -> 428)  ion 0: Seg6 -> Seg4 via J1
    - MERGE  (428 -> 508)  ion 0: Seg4 -> T4
[SHUTTLE 1] ion=8  T1 -> T0  route=T1->J1->J0->T0
    - SPLIT  (508 -> 628)  ion 8: T1 -> Seg1 (swap_cnt=1, swap_hops=7, ion_hops=0, i1=8, i2=29)
    - MOVE   (628 -> 642)  ion 8: Seg1 -> Seg6 via J1
    - MOVE   (642 -> 656)  ion 8: Seg6 -> Seg0 via J0
    - MERGE  (656 -> 736)  ion 8: Seg0 -> T0
[SHUTTLE 2] ion=1  T0 -> T1  route=T0->J0->J1->T1
    - SPLIT  (776 -> 896)  ion 1: T0 -> Seg0 (swap_cnt=1, swap_hops=7, ion_hops=0, i1=1, i2=8)
    - MOVE   (896 -> 910)  ion 1: Seg0 -> Seg6 via J0
    - MOVE   (910 -> 924)  ion 1: Seg6 -> Seg1 via J1
    - MERGE  (924 -> 1004)  ion 1: Seg1 -> T1
[SHUTTLE 3] ion=9  T2 -> T0  route=T2->J2->J1->J0->T0
    - SPLIT  (1004 -> 1124)  ion 9: T2 -> Seg2 (swap_cnt=1, swap_hops=7, ion_hops=0, i1=9, i2=30)
    - MOVE   (1124 -> 1138)  ion 9: Seg2 -> Seg7 via J2
    - MOVE   (1138 -> 1152)  ion 9: Seg7 -> Seg6 via J1
    - MOVE   (1152 -> 1166)  ion 9: Seg6 -> Seg0 via J0
    - MERGE  (1166 -> 1246)  ion 9: Seg0 -> T0
[SHUTTLE 4] ion=9  T0 -> T2  route=T0->J0->J1->J2->T2
    - SPLIT  (1286 -> 1366)  ion 9: T0 -> Seg0 (swap_cnt=0, swap_hops=0, ion_hops=0, i1=0, i2=0)
    - MOVE   (1366 -> 1380)  ion 9: Seg0 -> Seg6 via J0
    - MOVE   (1380 -> 1394)  ion 9: Seg6 -> Seg7 via J1
    - MOVE   (1394 -> 1408)  ion 9: Seg7 -> Seg2 via J2
    - MERGE  (1408 -> 1488)  ion 9: Seg2 -> T2
[SHUTTLE 5] ion=24  T2 -> T5  route=T2->J2->T5
    - SPLIT  (1688 -> 1808)  ion 24: T2 -> Seg2 (swap_cnt=1, swap_hops=2, ion_hops=0, i1=24, i2=9)
    - MOVE   (1808 -> 1822)  ion 24: Seg2 -> Seg5 via J2
    - MERGE  (1822 -> 1902)  ion 24: Seg5 -> T5
[SHUTTLE 6] ion=15  T1 -> T2  route=T1->J1->J2->T2
    - SPLIT  (1902 -> 2022)  ion 15: T1 -> Seg1 (swap_cnt=1, swap_hops=7, ion_hops=0, i1=15, i2=1)
    - MOVE   (2022 -> 2036)  ion 15: Seg1 -> Seg7 via J1
    - MOVE   (2036 -> 2050)  ion 15: Seg7 -> Seg2 via J2
    - MERGE  (2050 -> 2130)  ion 15: Seg2 -> T2
[SHUTTLE 7] ion=15  T2 -> T1  route=T2->J2->J1->T1
    - SPLIT  (2170 -> 2250)  ion 15: T2 -> Seg2 (swap_cnt=0, swap_hops=0, ion_hops=0, i1=0, i2=0)
    - MOVE   (2250 -> 2264)  ion 15: Seg2 -> Seg7 via J2
    - MOVE   (2264 -> 2278)  ion 15: Seg7 -> Seg1 via J1
    - MERGE  (2278 -> 2358)  ion 15: Seg1 -> T1
[SHUTTLE 8] ion=25  T1 -> T4  route=T1->J1->T4
    - SPLIT  (2398 -> 2518)  ion 25: T1 -> Seg1 (swap_cnt=1, swap_hops=6, ion_hops=0, i1=25, i2=15)
    - MOVE   (2518 -> 2532)  ion 25: Seg1 -> Seg4 via J1
    - MERGE  (2532 -> 2612)  ion 25: Seg4 -> T4
[SHUTTLE 9] ion=17  T3 -> T1  route=T3->J0->J1->T1
    - SPLIT  (2612 -> 2692)  ion 17: T3 -> Seg3 (swap_cnt=0, swap_hops=0, ion_hops=0, i1=0, i2=0)
    - MOVE   (2692 -> 2706)  ion 17: Seg3 -> Seg6 via J0
    - MOVE   (2706 -> 2720)  ion 17: Seg6 -> Seg1 via J1
    - MERGE  (2720 -> 2800)  ion 17: Seg1 -> T1
[SHUTTLE 10] ion=17  T1 -> T3  route=T1->J1->J0->T3
    - SPLIT  (2840 -> 2920)  ion 17: T1 -> Seg1 (swap_cnt=0, swap_hops=0, ion_hops=0, i1=0, i2=0)
    - MOVE   (2920 -> 2934)  ion 17: Seg1 -> Seg6 via J1
    - MOVE   (2934 -> 2948)  ion 17: Seg6 -> Seg3 via J0
    - MERGE  (2948 -> 3028)  ion 17: Seg3 -> T3
[SHUTTLE 11] ion=23  T3 -> T5  route=T3->J0->J1->J2->T5
    - SPLIT  (3268 -> 3388)  ion 23: T3 -> Seg3 (swap_cnt=1, swap_hops=6, ion_hops=0, i1=23, i2=17)
    - MOVE   (3388 -> 3402)  ion 23: Seg3 -> Seg6 via J0
    - MOVE   (3402 -> 3416)  ion 23: Seg6 -> Seg7 via J1
    - MOVE   (3416 -> 3430)  ion 23: Seg7 -> Seg5 via J2
    - MERGE  (3430 -> 3510)  ion 23: Seg5 -> T5
[SHUTTLE 12] ion=25  T4 -> T5  route=T4->J1->J2->T5
    - SPLIT  (3550 -> 3630)  ion 25: T4 -> Seg4 (swap_cnt=0, swap_hops=0, ion_hops=0, i1=0, i2=0)
    - MOVE   (3630 -> 3644)  ion 25: Seg4 -> Seg7 via J1
    - MOVE   (3644 -> 3658)  ion 25: Seg7 -> Seg5 via J2
    - MERGE  (3658 -> 3738)  ion 25: Seg5 -> T5
[SHUTTLE 13] ion=26  T1 -> T5  route=T1->J1->J2->T5
    - SPLIT  (3778 -> 3898)  ion 26: T1 -> Seg1 (swap_cnt=1, swap_hops=5, ion_hops=0, i1=26, i2=15)
    - MOVE   (3898 -> 3912)  ion 26: Seg1 -> Seg7 via J1
    - MOVE   (3912 -> 3926)  ion 26: Seg7 -> Seg5 via J2
    - MERGE  (3926 -> 4006)  ion 26: Seg5 -> T5
[SHUTTLE 14] ion=27  T1 -> T5  route=T1->J1->J2->T5
    - SPLIT  (4046 -> 4166)  ion 27: T1 -> Seg1 (swap_cnt=1, swap_hops=4, ion_hops=0, i1=27, i2=15)
    - MOVE   (4166 -> 4180)  ion 27: Seg1 -> Seg7 via J1
    - MOVE   (4180 -> 4194)  ion 27: Seg7 -> Seg5 via J2
    - MERGE  (4194 -> 4274)  ion 27: Seg5 -> T5
[SHUTTLE 15] ion=28  T1 -> T5  route=T1->J1->J2->T5
    - SPLIT  (4314 -> 4434)  ion 28: T1 -> Seg1 (swap_cnt=1, swap_hops=3, ion_hops=0, i1=28, i2=15)
    - MOVE   (4434 -> 4448)  ion 28: Seg1 -> Seg7 via J1
    - MOVE   (4448 -> 4462)  ion 28: Seg7 -> Seg5 via J2
    - MERGE  (4462 -> 4542)  ion 28: Seg5 -> T5
[SHUTTLE 16] ion=29  T1 -> T5  route=T1->J1->J2->T5
    - SPLIT  (4582 -> 4702)  ion 29: T1 -> Seg1 (swap_cnt=1, swap_hops=2, ion_hops=0, i1=29, i2=15)
    - MOVE   (4702 -> 4716)  ion 29: Seg1 -> Seg7 via J1
    - MOVE   (4716 -> 4730)  ion 29: Seg7 -> Seg5 via J2
    - MERGE  (4730 -> 4810)  ion 29: Seg5 -> T5
[SHUTTLE 17] ion=30  T2 -> T5  route=T2->J2->T5
    - SPLIT  (4850 -> 4970)  ion 30: T2 -> Seg2 (swap_cnt=1, swap_hops=1, ion_hops=0, i1=30, i2=9)
    - MOVE   (4970 -> 4984)  ion 30: Seg2 -> Seg5 via J2
    - MERGE  (4984 -> 5064)  ion 30: Seg5 -> T5
[SHUTTLE 18] ion=30  T5 -> T3  route=T5->J2->J1->J0->T3
    - SPLIT  (5104 -> 5184)  ion 30: T5 -> Seg5 (swap_cnt=0, swap_hops=0, ion_hops=0, i1=0, i2=0)
    - MOVE   (5184 -> 5198)  ion 30: Seg5 -> Seg7 via J2
    - MOVE   (5198 -> 5212)  ion 30: Seg7 -> Seg6 via J1
    - MOVE   (5212 -> 5226)  ion 30: Seg6 -> Seg3 via J0
    - MERGE  (5226 -> 5306)  ion 30: Seg3 -> T3
SplitSWAP: 13
SchedulerFiredShuttle: 19
ReportedTotalShuttle: 19
----------------
