Simulation
Program:           ./programs/GHZ32.qasm
Machine:           G2x2
Model:             MUSS_Params
Ions/Region:       12
Mapper:            SABRE
Reorder:           Naive
SerialTrap:        1
SerialComm:        1
SerialAll:         1
GateType:          FM
SwapType:          PaperSwapDirect
Scheduler Family:  MUSS
Scheduler Version: V2
qbit 1: 0 qbit 2: 1 dep gates: 0
qbit 1: 1 qbit 2: 2 dep gates: 1
qbit 1: 2 qbit 2: 3 dep gates: 2
qbit 1: 3 qbit 2: 4 dep gates: 3
qbit 1: 4 qbit 2: 5 dep gates: 4
qbit 1: 5 qbit 2: 6 dep gates: 5
qbit 1: 6 qbit 2: 7 dep gates: 6
qbit 1: 7 qbit 2: 8 dep gates: 7
qbit 1: 8 qbit 2: 9 dep gates: 8
qbit 1: 9 qbit 2: 10 dep gates: 9
qbit 1: 10 qbit 2: 11 dep gates: 10
qbit 1: 11 qbit 2: 12 dep gates: 11
qbit 1: 12 qbit 2: 13 dep gates: 12
qbit 1: 13 qbit 2: 14 dep gates: 13
qbit 1: 14 qbit 2: 15 dep gates: 14
qbit 1: 15 qbit 2: 16 dep gates: 15
qbit 1: 16 qbit 2: 17 dep gates: 16
qbit 1: 17 qbit 2: 18 dep gates: 17
qbit 1: 18 qbit 2: 19 dep gates: 18
qbit 1: 19 qbit 2: 20 dep gates: 19
qbit 1: 20 qbit 2: 21 dep gates: 20
qbit 1: 21 qbit 2: 22 dep gates: 21
qbit 1: 22 qbit 2: 23 dep gates: 22
qbit 1: 23 qbit 2: 24 dep gates: 23
qbit 1: 24 qbit 2: 25 dep gates: 24
qbit 1: 25 qbit 2: 26 dep gates: 25
qbit 1: 26 qbit 2: 27 dep gates: 26
qbit 1: 27 qbit 2: 28 dep gates: 27
qbit 1: 28 qbit 2: 29 dep gates: 28
qbit 1: 29 qbit 2: 30 dep gates: 29
qbit 1: 30 qbit 2: 31 dep gates: 30
parse object map:
{1: [0, 1], 2: [1, 2], 3: [2, 3], 4: [3, 4], 5: [4, 5], 6: [5, 6], 7: [6, 7], 8: [7, 8], 9: [8, 9], 10: [9, 10], 11: [10, 11], 12: [11, 12], 13: [12, 13], 14: [13, 14], 15: [14, 15], 16: [15, 16], 17: [16, 17], 18: [17, 18], 19: [18, 19], 20: [19, 20], 21: [20, 21], 22: [21, 22], 23: [22, 23], 24: [23, 24], 25: [24, 25], 26: [25, 26], 27: [26, 27], 28: [27, 28], 29: [28, 29], 30: [29, 30], 31: [30, 31]}
parse object graph:
DiGraph with 32 nodes and 31 edges
ˇú Using SABRE2 mapper (matches muss_schedule2 paper version)
init_qubit_layout:
{0: [2, 3, 4, 5, 6, 7, 8, 9, 10, 11, 12], 1: [13, 14, 15, 16, 17, 18, 19, 20, 21, 22, 23], 2: [24, 25, 26, 27, 28, 29, 30, 31], 3: [0, 1]}
Using MUSS Scheduler (V2) with SABRE Mapping
ˇú muss_schedule2.py old_vision
Analyzer mode: aggregate shuttle fidelity (detected shuttle_id annotations)
Program Finish Time: 1928 us
OPCOUNTS Gate: 31 Split: 3 Move: 4 Merge: 3

Two-qubit gate chain statistics
Mean: 10.903225806451612 Max: 12.0
Fidelity: 0.8092097350315312
[DBG SUMMARY] gates=31  gate_mult=0.822216  avg_gate_nbar=1.4300
[DBG SUMMARY] shuttles=3  shuttle_mult=0.984181  min_shuttle=0.9932
[DBG SUMMARY] worst_B: Trap 1 -> 0.996917 (heat_state=3.087500, alpha_bg=0.001, move_bg_fraction=0.175, model=exp)

========== ANALYSIS RESULT ==========
{'fidelity': 0.8092097350315312, 'total_shuttle': 3, 'time': 1928}

========== SHUTTLE TRACE ==========
[SHUTTLE 0] ion=1  T3 -> T0  route=T3->J0->T0
    - SPLIT  (40 -> 160)  ion 1: T3 -> Seg1 (swap_cnt=1, swap_hops=1, ion_hops=0, i1=1, i2=0)
    - MOVE   (160 -> 182)  ion 1: Seg1 -> Seg0 via J0
    - MERGE  (182 -> 262)  ion 1: Seg0 -> T0
[SHUTTLE 1] ion=12  T0 -> T1  route=T0->J0->J1->T1
    - SPLIT  (702 -> 822)  ion 12: T0 -> Seg0 (swap_cnt=1, swap_hops=1, ion_hops=0, i1=12, i2=1)
    - MOVE   (822 -> 844)  ion 12: Seg0 -> Seg4 via J0
    - MOVE   (844 -> 866)  ion 12: Seg4 -> Seg2 via J1
    - MERGE  (866 -> 946)  ion 12: Seg2 -> T1
[SHUTTLE 2] ion=23  T1 -> T2  route=T1->J1->T2
    - SPLIT  (1386 -> 1506)  ion 23: T1 -> Seg2 (swap_cnt=1, swap_hops=1, ion_hops=0, i1=23, i2=12)
    - MOVE   (1506 -> 1528)  ion 23: Seg2 -> Seg3 via J1
    - MERGE  (1528 -> 1608)  ion 23: Seg3 -> T2
SplitSWAP: 3
TotalShuttle: 3
----------------
