Simulation
Program:           programs\GHZ32.qasm
Machine:           G2x2
Model:             MUSS_Params
Ions/Region:       12
Mapper:            SABRE
Reorder:           Naive
SerialTrap:        1
SerialComm:        1
SerialAll:         1
GateType:          FM
SwapType:          PaperSwapDirect
Scheduler Family:  MUSS
Scheduler Version: V4
Analyzer Mode:     PAPER
Arch Scale:        SMALL
parse object map:
{1: [0, 1], 2: [1, 2], 3: [2, 3], 4: [3, 4], 5: [4, 5], 6: [5, 6], 7: [6, 7], 8: [7, 8], 9: [8, 9], 10: [9, 10], 11: [10, 11], 12: [11, 12], 13: [12, 13], 14: [13, 14], 15: [14, 15], 16: [15, 16], 17: [16, 17], 18: [17, 18], 19: [18, 19], 20: [19, 20], 21: [20, 21], 22: [21, 22], 23: [22, 23], 24: [23, 24], 25: [24, 25], 26: [25, 26], 27: [26, 27], 28: [27, 28], 29: [28, 29], 30: [29, 30], 31: [30, 31]}
parse object graph:
DiGraph with 32 nodes and 31 edges
°˙ Using SABRE6 mapper (matches muss_schedule4 improved version)
SABRE (Overload+MaxFlow+Chain+Urgency): Starting optimization...
SABRE: Optimization Done. Best Cost (Overloaded): 2
SABRE: Legalizing using Min-Cost Max-Flow (distance + convex chain + urgency)...
init_qubit_layout:
{0: [0, 1, 2, 3, 4, 5, 6, 7, 8, 9, 10, 11], 1: [12, 13, 14, 15, 16, 17, 18, 19, 20, 21, 22], 2: [23, 24, 25, 26, 27, 28, 29, 30, 31], 3: []}
Using MUSS Scheduler (V4) with SABRE Mapping
°˙ muss_schedule4.py new_vision
Analyzer shuttle mode: aggregate (detected shuttle_id annotations)
Analyzer mode: paper
Program Finish Time: 1642 us
OPCOUNTS Gate: 32 Split: 2 Move: 3 Merge: 2

Two-qubit gate chain statistics
Mean: 11.419354838709678 Max: 12.0
Fidelity: 0.8286614853142437

Shuttle count summary
  logical_shuttle_count      = 2   # High-level shuttle count aggregated by shuttle_id (same as old total_shuttle semantics)
  physical_shuttle_leg_count = 2   # Most faithful to the paper: each complete trap-to-trap split+move+merge segment counts as 1 shuttle
  split_count                = 2   # Number of low-level split operations
  merge_count                = 2   # Number of low-level merge operations
  move_count                 = 3   # Number of low-level move operations
[DBG SUMMARY] gates=32  gate_mult=0.835751  avg_gate_nbar=0.8379
[DBG SUMMARY] logical_shuttles=2  shuttle_mult=0.991517  min_shuttle=0.9952
[DBG SUMMARY] worst_B: Trap 1 -> 0.997703 (heat_state=2.300000, alpha_bg=0.001, move_bg_fraction=0.0, model=exp)

========== ANALYSIS RESULT ==========
{'fidelity': 0.8286614853142437, 'total_shuttle': 2, 'logical_shuttle_count': 2, 'physical_shuttle_leg_count': 2, 'split_count': 2, 'merge_count': 2, 'move_count': 3, 'time': 1642}

========== SHUTTLE TRACE ==========
[SHUTTLE 0] ion=11  T0 -> T1  route=T0->J0->J1->T1
    - SPLIT  (440 -> 520)  ion 11: T0 -> Seg0 (swap_cnt=0, swap_hops=0, ion_hops=0, i1=0, i2=0)
    - MOVE   (520 -> 534)  ion 11: Seg0 -> Seg4 via J0
    - MOVE   (534 -> 548)  ion 11: Seg4 -> Seg2 via J1
    - MERGE  (548 -> 628)  ion 11: Seg2 -> T1
[SHUTTLE 1] ion=22  T1 -> T2  route=T1->J1->T2
    - SPLIT  (1068 -> 1188)  ion 22: T1 -> Seg2 (swap_cnt=1, swap_hops=1, ion_hops=0, i1=22, i2=11)
    - MOVE   (1188 -> 1202)  ion 22: Seg2 -> Seg3 via J1
    - MERGE  (1202 -> 1282)  ion 22: Seg3 -> T2
SplitSWAP: 1
SchedulerFiredShuttle: 2
ReportedTotalShuttle: 2
----------------
