Simulation
Program:           programs\QAOA32.qasm
Machine:           G2x2
Model:             MUSS_Params
Ions/Region:       12
Mapper:            SABRE
Reorder:           Naive
SerialTrap:        1
SerialComm:        1
SerialAll:         1
GateType:          FM
SwapType:          PaperSwapDirect
Scheduler Family:  MUSS
Scheduler Version: V4
Analyzer Mode:     PAPER
Arch Scale:        SMALL
parse object map:
{32: [0, 1], 34: [0, 1], 35: [2, 3], 37: [2, 3], 38: [4, 5], 40: [4, 5], 41: [6, 7], 43: [6, 7], 44: [8, 9], 46: [8, 9], 47: [10, 11], 49: [10, 11], 50: [12, 13], 52: [12, 13], 53: [14, 15], 55: [14, 15], 56: [16, 17], 58: [16, 17], 59: [18, 19], 61: [18, 19], 62: [20, 21], 64: [20, 21], 65: [22, 23], 67: [22, 23], 68: [24, 25], 70: [24, 25], 71: [26, 27], 73: [26, 27], 74: [28, 29], 76: [28, 29], 77: [30, 31], 79: [30, 31], 80: [1, 2], 82: [1, 2], 83: [3, 4], 85: [3, 4], 86: [5, 6], 88: [5, 6], 89: [7, 8], 91: [7, 8], 92: [9, 10], 94: [9, 10], 95: [11, 12], 97: [11, 12], 98: [13, 14], 100: [13, 14], 101: [15, 16], 103: [15, 16], 104: [17, 18], 106: [17, 18], 107: [19, 20], 109: [19, 20], 110: [21, 22], 112: [21, 22], 113: [23, 24], 115: [23, 24], 116: [25, 26], 118: [25, 26], 119: [27, 28], 121: [27, 28], 122: [29, 30], 124: [29, 30], 125: [31, 0], 127: [31, 0], 160: [0, 1], 162: [0, 1], 163: [2, 3], 165: [2, 3], 166: [4, 5], 168: [4, 5], 169: [6, 7], 171: [6, 7], 172: [8, 9], 174: [8, 9], 175: [10, 11], 177: [10, 11], 178: [12, 13], 180: [12, 13], 181: [14, 15], 183: [14, 15], 184: [16, 17], 186: [16, 17], 187: [18, 19], 189: [18, 19], 190: [20, 21], 192: [20, 21], 193: [22, 23], 195: [22, 23], 196: [24, 25], 198: [24, 25], 199: [26, 27], 201: [26, 27], 202: [28, 29], 204: [28, 29], 205: [30, 31], 207: [30, 31], 208: [1, 2], 210: [1, 2], 211: [3, 4], 213: [3, 4], 214: [5, 6], 216: [5, 6], 217: [7, 8], 219: [7, 8], 220: [9, 10], 222: [9, 10], 223: [11, 12], 225: [11, 12], 226: [13, 14], 228: [13, 14], 229: [15, 16], 231: [15, 16], 232: [17, 18], 234: [17, 18], 235: [19, 20], 237: [19, 20], 238: [21, 22], 240: [21, 22], 241: [23, 24], 243: [23, 24], 244: [25, 26], 246: [25, 26], 247: [27, 28], 249: [27, 28], 250: [29, 30], 252: [29, 30], 253: [31, 0], 255: [31, 0]}
parse object graph:
DiGraph with 288 nodes and 384 edges
ˇú Using SABRE6 mapper (matches muss_schedule4 improved version)
SABRE (Overload+MaxFlow+Chain+Urgency): Starting optimization...
SABRE: Optimization Done. Best Cost (Overloaded): 9
SABRE: Legalizing using Min-Cost Max-Flow (distance + convex chain + urgency)...
init_qubit_layout:
{0: [0, 1, 2, 3, 4, 5, 6, 7, 8, 9, 10, 11], 1: [12, 13, 14, 15, 16, 17, 18, 19, 20, 21, 22, 23], 2: [24, 25, 26, 27, 28, 29, 30, 31], 3: []}
Using MUSS Scheduler (V4) with SABRE Mapping
ˇú muss_schedule4.py new_vision
Analyzer shuttle mode: aggregate (detected shuttle_id annotations)
Analyzer mode: paper
Program Finish Time: 5687 us
OPCOUNTS Gate: 288 Split: 21 Move: 33 Merge: 21

Two-qubit gate chain statistics
Mean: 11.09375 Max: 12.0
Fidelity: 0.09103586130041395

Shuttle count summary
  logical_shuttle_count      = 21   # High-level shuttle count aggregated by shuttle_id (same as old total_shuttle semantics)
  physical_shuttle_leg_count = 21   # Most faithful to the paper: each complete trap-to-trap split+move+merge segment counts as 1 shuttle
  split_count                = 21   # Number of low-level split operations
  merge_count                = 21   # Number of low-level merge operations
  move_count                 = 33   # Number of low-level move operations
[DBG SUMMARY] gates=288  gate_mult=0.100081  avg_gate_nbar=6.3287
[DBG SUMMARY] logical_shuttles=21  shuttle_mult=0.909622  min_shuttle=0.9949
[DBG SUMMARY] worst_B: Trap 2 -> 0.980101 (heat_state=20.100000, alpha_bg=0.001, move_bg_fraction=0.0, model=exp)

========== ANALYSIS RESULT ==========
{'fidelity': 0.09103586130041395, 'total_shuttle': 21, 'logical_shuttle_count': 21, 'physical_shuttle_leg_count': 21, 'split_count': 21, 'merge_count': 21, 'move_count': 33, 'time': 5687}

========== SHUTTLE TRACE ==========
[SHUTTLE 0] ion=9  T0 -> T2  route=T0->J0->J1->T2
    - SPLIT  (120 -> 240)  ion 9: T0 -> Seg0 (swap_cnt=1, swap_hops=2, ion_hops=0, i1=9, i2=11)
    - MOVE   (240 -> 254)  ion 9: Seg0 -> Seg4 via J0
    - MOVE   (254 -> 268)  ion 9: Seg4 -> Seg3 via J1
    - MERGE  (268 -> 348)  ion 9: Seg3 -> T2
[SHUTTLE 1] ion=21  T1 -> T2  route=T1->J1->T2
    - SPLIT  (348 -> 468)  ion 21: T1 -> Seg2 (swap_cnt=1, swap_hops=2, ion_hops=0, i1=21, i2=23)
    - MOVE   (468 -> 482)  ion 21: Seg2 -> Seg3 via J1
    - MERGE  (482 -> 562)  ion 21: Seg3 -> T2
[SHUTTLE 2] ion=12  T1 -> T0  route=T1->J1->J0->T0
    - SPLIT  (562 -> 682)  ion 12: T1 -> Seg2 (swap_cnt=1, swap_hops=10, ion_hops=0, i1=12, i2=23)
    - MOVE   (682 -> 696)  ion 12: Seg2 -> Seg4 via J1
    - MOVE   (696 -> 710)  ion 12: Seg4 -> Seg0 via J0
    - MERGE  (710 -> 790)  ion 12: Seg0 -> T0
[SHUTTLE 3] ion=24  T2 -> T1  route=T2->J1->T1
    - SPLIT  (830 -> 950)  ion 24: T2 -> Seg3 (swap_cnt=1, swap_hops=2, ion_hops=0, i1=24, i2=21)
    - MOVE   (950 -> 964)  ion 24: Seg3 -> Seg2 via J1
    - MERGE  (964 -> 1044)  ion 24: Seg2 -> T1
[SHUTTLE 4] ion=0  T0 -> T2  route=T0->J0->J1->T2
    - SPLIT  (1084 -> 1204)  ion 0: T0 -> Seg0 (swap_cnt=1, swap_hops=11, ion_hops=0, i1=0, i2=12)
    - MOVE   (1204 -> 1218)  ion 0: Seg0 -> Seg4 via J0
    - MOVE   (1218 -> 1232)  ion 0: Seg4 -> Seg3 via J1
    - MERGE  (1232 -> 1312)  ion 0: Seg3 -> T2
[SHUTTLE 5] ion=9  T2 -> T0  route=T2->J1->J0->T0
    - SPLIT  (1392 -> 1512)  ion 9: T2 -> Seg3 (swap_cnt=1, swap_hops=2, ion_hops=0, i1=9, i2=0)
    - MOVE   (1512 -> 1526)  ion 9: Seg3 -> Seg4 via J1
    - MOVE   (1526 -> 1540)  ion 9: Seg4 -> Seg0 via J0
    - MERGE  (1540 -> 1620)  ion 9: Seg0 -> T0
[SHUTTLE 6] ion=21  T2 -> T1  route=T2->J1->T1
    - SPLIT  (1660 -> 1780)  ion 21: T2 -> Seg3 (swap_cnt=1, swap_hops=1, ion_hops=0, i1=21, i2=0)
    - MOVE   (1780 -> 1794)  ion 21: Seg3 -> Seg2 via J1
    - MERGE  (1794 -> 1874)  ion 21: Seg2 -> T1
[SHUTTLE 7] ion=10  T0 -> T2  route=T0->J0->J1->T2
    - SPLIT  (1954 -> 2074)  ion 10: T0 -> Seg0 (swap_cnt=1, swap_hops=3, ion_hops=0, i1=10, i2=9)
    - MOVE   (2074 -> 2088)  ion 10: Seg0 -> Seg4 via J0
    - MOVE   (2088 -> 2102)  ion 10: Seg4 -> Seg3 via J1
    - MERGE  (2102 -> 2182)  ion 10: Seg3 -> T2
[SHUTTLE 8] ion=22  T1 -> T2  route=T1->J1->T2
    - SPLIT  (2182 -> 2302)  ion 22: T1 -> Seg2 (swap_cnt=1, swap_hops=3, ion_hops=0, i1=22, i2=21)
    - MOVE   (2302 -> 2316)  ion 22: Seg2 -> Seg3 via J1
    - MERGE  (2316 -> 2396)  ion 22: Seg3 -> T2
[SHUTTLE 9] ion=13  T1 -> T0  route=T1->J1->J0->T0
    - SPLIT  (2396 -> 2516)  ion 13: T1 -> Seg2 (swap_cnt=1, swap_hops=10, ion_hops=0, i1=13, i2=21)
    - MOVE   (2516 -> 2530)  ion 13: Seg2 -> Seg4 via J1
    - MOVE   (2530 -> 2544)  ion 13: Seg4 -> Seg0 via J0
    - MERGE  (2544 -> 2624)  ion 13: Seg0 -> T0
[SHUTTLE 10] ion=25  T2 -> T1  route=T2->J1->T1
    - SPLIT  (2664 -> 2784)  ion 25: T2 -> Seg3 (swap_cnt=1, swap_hops=3, ion_hops=0, i1=25, i2=22)
    - MOVE   (2784 -> 2798)  ion 25: Seg3 -> Seg2 via J1
    - MERGE  (2798 -> 2878)  ion 25: Seg2 -> T1
[SHUTTLE 11] ion=1  T0 -> T2  route=T0->J0->J1->T2
    - SPLIT  (2918 -> 3038)  ion 1: T0 -> Seg0 (swap_cnt=1, swap_hops=11, ion_hops=0, i1=1, i2=13)
    - MOVE   (3038 -> 3052)  ion 1: Seg0 -> Seg4 via J0
    - MOVE   (3052 -> 3066)  ion 1: Seg4 -> Seg3 via J1
    - MERGE  (3066 -> 3146)  ion 1: Seg3 -> T2
[SHUTTLE 12] ion=10  T2 -> T0  route=T2->J1->J0->T0
    - SPLIT  (3266 -> 3386)  ion 10: T2 -> Seg3 (swap_cnt=1, swap_hops=2, ion_hops=0, i1=10, i2=1)
    - MOVE   (3386 -> 3400)  ion 10: Seg3 -> Seg4 via J1
    - MOVE   (3400 -> 3414)  ion 10: Seg4 -> Seg0 via J0
    - MERGE  (3414 -> 3494)  ion 10: Seg0 -> T0
[SHUTTLE 13] ion=22  T2 -> T1  route=T2->J1->T1
    - SPLIT  (3574 -> 3694)  ion 22: T2 -> Seg3 (swap_cnt=1, swap_hops=1, ion_hops=0, i1=22, i2=1)
    - MOVE   (3694 -> 3708)  ion 22: Seg3 -> Seg2 via J1
    - MERGE  (3708 -> 3788)  ion 22: Seg2 -> T1
[SHUTTLE 14] ion=11  T0 -> T2  route=T0->J0->J1->T2
    - SPLIT  (3868 -> 3988)  ion 11: T0 -> Seg0 (swap_cnt=1, swap_hops=4, ion_hops=0, i1=11, i2=10)
    - MOVE   (3988 -> 4002)  ion 11: Seg0 -> Seg4 via J0
    - MOVE   (4002 -> 4016)  ion 11: Seg4 -> Seg3 via J1
    - MERGE  (4016 -> 4096)  ion 11: Seg3 -> T2
[SHUTTLE 15] ion=23  T1 -> T2  route=T1->J1->T2
    - SPLIT  (4096 -> 4216)  ion 23: T1 -> Seg2 (swap_cnt=1, swap_hops=4, ion_hops=0, i1=23, i2=22)
    - MOVE   (4216 -> 4230)  ion 23: Seg2 -> Seg3 via J1
    - MERGE  (4230 -> 4310)  ion 23: Seg3 -> T2
[SHUTTLE 16] ion=14  T1 -> T0  route=T1->J1->J0->T0
    - SPLIT  (4310 -> 4430)  ion 14: T1 -> Seg2 (swap_cnt=1, swap_hops=10, ion_hops=0, i1=14, i2=22)
    - MOVE   (4430 -> 4444)  ion 14: Seg2 -> Seg4 via J1
    - MOVE   (4444 -> 4458)  ion 14: Seg4 -> Seg0 via J0
    - MERGE  (4458 -> 4538)  ion 14: Seg0 -> T0
[SHUTTLE 17] ion=26  T2 -> T1  route=T2->J1->T1
    - SPLIT  (4578 -> 4698)  ion 26: T2 -> Seg3 (swap_cnt=1, swap_hops=4, ion_hops=0, i1=26, i2=23)
    - MOVE   (4698 -> 4712)  ion 26: Seg3 -> Seg2 via J1
    - MERGE  (4712 -> 4792)  ion 26: Seg2 -> T1
[SHUTTLE 18] ion=2  T0 -> T2  route=T0->J0->J1->T2
    - SPLIT  (4832 -> 4952)  ion 2: T0 -> Seg0 (swap_cnt=1, swap_hops=11, ion_hops=0, i1=2, i2=14)
    - MOVE   (4952 -> 4966)  ion 2: Seg0 -> Seg4 via J0
    - MOVE   (4966 -> 4980)  ion 2: Seg4 -> Seg3 via J1
    - MERGE  (4980 -> 5060)  ion 2: Seg3 -> T2
[SHUTTLE 19] ion=12  T0 -> T2  route=T0->J0->J1->T2
    - SPLIT  (5140 -> 5260)  ion 12: T0 -> Seg0 (swap_cnt=1, swap_hops=4, ion_hops=0, i1=12, i2=14)
    - MOVE   (5260 -> 5274)  ion 12: Seg0 -> Seg4 via J0
    - MOVE   (5274 -> 5288)  ion 12: Seg4 -> Seg3 via J1
    - MERGE  (5288 -> 5368)  ion 12: Seg3 -> T2
[SHUTTLE 20] ion=24  T1 -> T2  route=T1->J1->T2
    - SPLIT  (5408 -> 5528)  ion 24: T1 -> Seg2 (swap_cnt=1, swap_hops=4, ion_hops=0, i1=24, i2=26)
    - MOVE   (5528 -> 5542)  ion 24: Seg2 -> Seg3 via J1
    - MERGE  (5542 -> 5622)  ion 24: Seg3 -> T2
SplitSWAP: 21
SchedulerFiredShuttle: 21
ReportedTotalShuttle: 21
----------------
