Simulation
Program:           ./programs/QAOA32.qasm
Machine:           G2x3
Model:             MUSS_Params
Ions/Region:       8
Mapper:            SABRE
Reorder:           Naive
SerialTrap:        1
SerialComm:        1
SerialAll:         1
GateType:          FM
SwapType:          PaperSwapDirect
Scheduler Family:  MUSS
Scheduler Version: V2
qbit 1: 0 qbit 2: 1 dep gates: 0
qbit 1: 0 qbit 2: 1 dep gates: 1
qbit 1 dep gates: 32
qbit 1: 0 qbit 2: 1 dep gates: 32
qbit 1: 0 qbit 2: 1 dep gates: 33
qbit 1: 2 qbit 2: 3 dep gates: 2
qbit 1: 2 qbit 2: 3 dep gates: 3
qbit 3 dep gates: 35
qbit 1: 2 qbit 2: 3 dep gates: 35
qbit 1: 2 qbit 2: 3 dep gates: 36
qbit 1: 4 qbit 2: 5 dep gates: 4
qbit 1: 4 qbit 2: 5 dep gates: 5
qbit 5 dep gates: 38
qbit 1: 4 qbit 2: 5 dep gates: 38
qbit 1: 4 qbit 2: 5 dep gates: 39
qbit 1: 6 qbit 2: 7 dep gates: 6
qbit 1: 6 qbit 2: 7 dep gates: 7
qbit 7 dep gates: 41
qbit 1: 6 qbit 2: 7 dep gates: 41
qbit 1: 6 qbit 2: 7 dep gates: 42
qbit 1: 8 qbit 2: 9 dep gates: 8
qbit 1: 8 qbit 2: 9 dep gates: 9
qbit 9 dep gates: 44
qbit 1: 8 qbit 2: 9 dep gates: 44
qbit 1: 8 qbit 2: 9 dep gates: 45
qbit 1: 10 qbit 2: 11 dep gates: 10
qbit 1: 10 qbit 2: 11 dep gates: 11
qbit 11 dep gates: 47
qbit 1: 10 qbit 2: 11 dep gates: 47
qbit 1: 10 qbit 2: 11 dep gates: 48
qbit 1: 12 qbit 2: 13 dep gates: 12
qbit 1: 12 qbit 2: 13 dep gates: 13
qbit 13 dep gates: 50
qbit 1: 12 qbit 2: 13 dep gates: 50
qbit 1: 12 qbit 2: 13 dep gates: 51
qbit 1: 14 qbit 2: 15 dep gates: 14
qbit 1: 14 qbit 2: 15 dep gates: 15
qbit 15 dep gates: 53
qbit 1: 14 qbit 2: 15 dep gates: 53
qbit 1: 14 qbit 2: 15 dep gates: 54
qbit 1: 16 qbit 2: 17 dep gates: 16
qbit 1: 16 qbit 2: 17 dep gates: 17
qbit 17 dep gates: 56
qbit 1: 16 qbit 2: 17 dep gates: 56
qbit 1: 16 qbit 2: 17 dep gates: 57
qbit 1: 18 qbit 2: 19 dep gates: 18
qbit 1: 18 qbit 2: 19 dep gates: 19
qbit 19 dep gates: 59
qbit 1: 18 qbit 2: 19 dep gates: 59
qbit 1: 18 qbit 2: 19 dep gates: 60
qbit 1: 20 qbit 2: 21 dep gates: 20
qbit 1: 20 qbit 2: 21 dep gates: 21
qbit 21 dep gates: 62
qbit 1: 20 qbit 2: 21 dep gates: 62
qbit 1: 20 qbit 2: 21 dep gates: 63
qbit 1: 22 qbit 2: 23 dep gates: 22
qbit 1: 22 qbit 2: 23 dep gates: 23
qbit 23 dep gates: 65
qbit 1: 22 qbit 2: 23 dep gates: 65
qbit 1: 22 qbit 2: 23 dep gates: 66
qbit 1: 24 qbit 2: 25 dep gates: 24
qbit 1: 24 qbit 2: 25 dep gates: 25
qbit 25 dep gates: 68
qbit 1: 24 qbit 2: 25 dep gates: 68
qbit 1: 24 qbit 2: 25 dep gates: 69
qbit 1: 26 qbit 2: 27 dep gates: 26
qbit 1: 26 qbit 2: 27 dep gates: 27
qbit 27 dep gates: 71
qbit 1: 26 qbit 2: 27 dep gates: 71
qbit 1: 26 qbit 2: 27 dep gates: 72
qbit 1: 28 qbit 2: 29 dep gates: 28
qbit 1: 28 qbit 2: 29 dep gates: 29
qbit 29 dep gates: 74
qbit 1: 28 qbit 2: 29 dep gates: 74
qbit 1: 28 qbit 2: 29 dep gates: 75
qbit 1: 30 qbit 2: 31 dep gates: 30
qbit 1: 30 qbit 2: 31 dep gates: 31
qbit 31 dep gates: 77
qbit 1: 30 qbit 2: 31 dep gates: 77
qbit 1: 30 qbit 2: 31 dep gates: 78
qbit 1: 1 qbit 2: 2 dep gates: 34
qbit 1: 1 qbit 2: 2 dep gates: 37
qbit 2 dep gates: 80
qbit 1: 1 qbit 2: 2 dep gates: 80
qbit 1: 1 qbit 2: 2 dep gates: 81
qbit 1: 3 qbit 2: 4 dep gates: 37
qbit 1: 3 qbit 2: 4 dep gates: 40
qbit 4 dep gates: 83
qbit 1: 3 qbit 2: 4 dep gates: 83
qbit 1: 3 qbit 2: 4 dep gates: 84
qbit 1: 5 qbit 2: 6 dep gates: 40
qbit 1: 5 qbit 2: 6 dep gates: 43
qbit 6 dep gates: 86
qbit 1: 5 qbit 2: 6 dep gates: 86
qbit 1: 5 qbit 2: 6 dep gates: 87
qbit 1: 7 qbit 2: 8 dep gates: 43
qbit 1: 7 qbit 2: 8 dep gates: 46
qbit 8 dep gates: 89
qbit 1: 7 qbit 2: 8 dep gates: 89
qbit 1: 7 qbit 2: 8 dep gates: 90
qbit 1: 9 qbit 2: 10 dep gates: 46
qbit 1: 9 qbit 2: 10 dep gates: 49
qbit 10 dep gates: 92
qbit 1: 9 qbit 2: 10 dep gates: 92
qbit 1: 9 qbit 2: 10 dep gates: 93
qbit 1: 11 qbit 2: 12 dep gates: 49
qbit 1: 11 qbit 2: 12 dep gates: 52
qbit 12 dep gates: 95
qbit 1: 11 qbit 2: 12 dep gates: 95
qbit 1: 11 qbit 2: 12 dep gates: 96
qbit 1: 13 qbit 2: 14 dep gates: 52
qbit 1: 13 qbit 2: 14 dep gates: 55
qbit 14 dep gates: 98
qbit 1: 13 qbit 2: 14 dep gates: 98
qbit 1: 13 qbit 2: 14 dep gates: 99
qbit 1: 15 qbit 2: 16 dep gates: 55
qbit 1: 15 qbit 2: 16 dep gates: 58
qbit 16 dep gates: 101
qbit 1: 15 qbit 2: 16 dep gates: 101
qbit 1: 15 qbit 2: 16 dep gates: 102
qbit 1: 17 qbit 2: 18 dep gates: 58
qbit 1: 17 qbit 2: 18 dep gates: 61
qbit 18 dep gates: 104
qbit 1: 17 qbit 2: 18 dep gates: 104
qbit 1: 17 qbit 2: 18 dep gates: 105
qbit 1: 19 qbit 2: 20 dep gates: 61
qbit 1: 19 qbit 2: 20 dep gates: 64
qbit 20 dep gates: 107
qbit 1: 19 qbit 2: 20 dep gates: 107
qbit 1: 19 qbit 2: 20 dep gates: 108
qbit 1: 21 qbit 2: 22 dep gates: 64
qbit 1: 21 qbit 2: 22 dep gates: 67
qbit 22 dep gates: 110
qbit 1: 21 qbit 2: 22 dep gates: 110
qbit 1: 21 qbit 2: 22 dep gates: 111
qbit 1: 23 qbit 2: 24 dep gates: 67
qbit 1: 23 qbit 2: 24 dep gates: 70
qbit 24 dep gates: 113
qbit 1: 23 qbit 2: 24 dep gates: 113
qbit 1: 23 qbit 2: 24 dep gates: 114
qbit 1: 25 qbit 2: 26 dep gates: 70
qbit 1: 25 qbit 2: 26 dep gates: 73
qbit 26 dep gates: 116
qbit 1: 25 qbit 2: 26 dep gates: 116
qbit 1: 25 qbit 2: 26 dep gates: 117
qbit 1: 27 qbit 2: 28 dep gates: 73
qbit 1: 27 qbit 2: 28 dep gates: 76
qbit 28 dep gates: 119
qbit 1: 27 qbit 2: 28 dep gates: 119
qbit 1: 27 qbit 2: 28 dep gates: 120
qbit 1: 29 qbit 2: 30 dep gates: 76
qbit 1: 29 qbit 2: 30 dep gates: 79
qbit 30 dep gates: 122
qbit 1: 29 qbit 2: 30 dep gates: 122
qbit 1: 29 qbit 2: 30 dep gates: 123
qbit 1: 31 qbit 2: 0 dep gates: 79
qbit 1: 31 qbit 2: 0 dep gates: 34
qbit 0 dep gates: 125
qbit 1: 31 qbit 2: 0 dep gates: 125
qbit 1: 31 qbit 2: 0 dep gates: 126
qbit 0 dep gates: 127
qbit 1 dep gates: 82
qbit 2 dep gates: 82
qbit 3 dep gates: 85
qbit 4 dep gates: 85
qbit 5 dep gates: 88
qbit 6 dep gates: 88
qbit 7 dep gates: 91
qbit 8 dep gates: 91
qbit 9 dep gates: 94
qbit 10 dep gates: 94
qbit 11 dep gates: 97
qbit 12 dep gates: 97
qbit 13 dep gates: 100
qbit 14 dep gates: 100
qbit 15 dep gates: 103
qbit 16 dep gates: 103
qbit 17 dep gates: 106
qbit 18 dep gates: 106
qbit 19 dep gates: 109
qbit 20 dep gates: 109
qbit 21 dep gates: 112
qbit 22 dep gates: 112
qbit 23 dep gates: 115
qbit 24 dep gates: 115
qbit 25 dep gates: 118
qbit 26 dep gates: 118
qbit 27 dep gates: 121
qbit 28 dep gates: 121
qbit 29 dep gates: 124
qbit 30 dep gates: 124
qbit 31 dep gates: 127
qbit 1: 0 qbit 2: 1 dep gates: 128
qbit 1: 0 qbit 2: 1 dep gates: 129
qbit 1 dep gates: 160
qbit 1: 0 qbit 2: 1 dep gates: 160
qbit 1: 0 qbit 2: 1 dep gates: 161
qbit 1: 2 qbit 2: 3 dep gates: 130
qbit 1: 2 qbit 2: 3 dep gates: 131
qbit 3 dep gates: 163
qbit 1: 2 qbit 2: 3 dep gates: 163
qbit 1: 2 qbit 2: 3 dep gates: 164
qbit 1: 4 qbit 2: 5 dep gates: 132
qbit 1: 4 qbit 2: 5 dep gates: 133
qbit 5 dep gates: 166
qbit 1: 4 qbit 2: 5 dep gates: 166
qbit 1: 4 qbit 2: 5 dep gates: 167
qbit 1: 6 qbit 2: 7 dep gates: 134
qbit 1: 6 qbit 2: 7 dep gates: 135
qbit 7 dep gates: 169
qbit 1: 6 qbit 2: 7 dep gates: 169
qbit 1: 6 qbit 2: 7 dep gates: 170
qbit 1: 8 qbit 2: 9 dep gates: 136
qbit 1: 8 qbit 2: 9 dep gates: 137
qbit 9 dep gates: 172
qbit 1: 8 qbit 2: 9 dep gates: 172
qbit 1: 8 qbit 2: 9 dep gates: 173
qbit 1: 10 qbit 2: 11 dep gates: 138
qbit 1: 10 qbit 2: 11 dep gates: 139
qbit 11 dep gates: 175
qbit 1: 10 qbit 2: 11 dep gates: 175
qbit 1: 10 qbit 2: 11 dep gates: 176
qbit 1: 12 qbit 2: 13 dep gates: 140
qbit 1: 12 qbit 2: 13 dep gates: 141
qbit 13 dep gates: 178
qbit 1: 12 qbit 2: 13 dep gates: 178
qbit 1: 12 qbit 2: 13 dep gates: 179
qbit 1: 14 qbit 2: 15 dep gates: 142
qbit 1: 14 qbit 2: 15 dep gates: 143
qbit 15 dep gates: 181
qbit 1: 14 qbit 2: 15 dep gates: 181
qbit 1: 14 qbit 2: 15 dep gates: 182
qbit 1: 16 qbit 2: 17 dep gates: 144
qbit 1: 16 qbit 2: 17 dep gates: 145
qbit 17 dep gates: 184
qbit 1: 16 qbit 2: 17 dep gates: 184
qbit 1: 16 qbit 2: 17 dep gates: 185
qbit 1: 18 qbit 2: 19 dep gates: 146
qbit 1: 18 qbit 2: 19 dep gates: 147
qbit 19 dep gates: 187
qbit 1: 18 qbit 2: 19 dep gates: 187
qbit 1: 18 qbit 2: 19 dep gates: 188
qbit 1: 20 qbit 2: 21 dep gates: 148
qbit 1: 20 qbit 2: 21 dep gates: 149
qbit 21 dep gates: 190
qbit 1: 20 qbit 2: 21 dep gates: 190
qbit 1: 20 qbit 2: 21 dep gates: 191
qbit 1: 22 qbit 2: 23 dep gates: 150
qbit 1: 22 qbit 2: 23 dep gates: 151
qbit 23 dep gates: 193
qbit 1: 22 qbit 2: 23 dep gates: 193
qbit 1: 22 qbit 2: 23 dep gates: 194
qbit 1: 24 qbit 2: 25 dep gates: 152
qbit 1: 24 qbit 2: 25 dep gates: 153
qbit 25 dep gates: 196
qbit 1: 24 qbit 2: 25 dep gates: 196
qbit 1: 24 qbit 2: 25 dep gates: 197
qbit 1: 26 qbit 2: 27 dep gates: 154
qbit 1: 26 qbit 2: 27 dep gates: 155
qbit 27 dep gates: 199
qbit 1: 26 qbit 2: 27 dep gates: 199
qbit 1: 26 qbit 2: 27 dep gates: 200
qbit 1: 28 qbit 2: 29 dep gates: 156
qbit 1: 28 qbit 2: 29 dep gates: 157
qbit 29 dep gates: 202
qbit 1: 28 qbit 2: 29 dep gates: 202
qbit 1: 28 qbit 2: 29 dep gates: 203
qbit 1: 30 qbit 2: 31 dep gates: 158
qbit 1: 30 qbit 2: 31 dep gates: 159
qbit 31 dep gates: 205
qbit 1: 30 qbit 2: 31 dep gates: 205
qbit 1: 30 qbit 2: 31 dep gates: 206
qbit 1: 1 qbit 2: 2 dep gates: 162
qbit 1: 1 qbit 2: 2 dep gates: 165
qbit 2 dep gates: 208
qbit 1: 1 qbit 2: 2 dep gates: 208
qbit 1: 1 qbit 2: 2 dep gates: 209
qbit 1: 3 qbit 2: 4 dep gates: 165
qbit 1: 3 qbit 2: 4 dep gates: 168
qbit 4 dep gates: 211
qbit 1: 3 qbit 2: 4 dep gates: 211
qbit 1: 3 qbit 2: 4 dep gates: 212
qbit 1: 5 qbit 2: 6 dep gates: 168
qbit 1: 5 qbit 2: 6 dep gates: 171
qbit 6 dep gates: 214
qbit 1: 5 qbit 2: 6 dep gates: 214
qbit 1: 5 qbit 2: 6 dep gates: 215
qbit 1: 7 qbit 2: 8 dep gates: 171
qbit 1: 7 qbit 2: 8 dep gates: 174
qbit 8 dep gates: 217
qbit 1: 7 qbit 2: 8 dep gates: 217
qbit 1: 7 qbit 2: 8 dep gates: 218
qbit 1: 9 qbit 2: 10 dep gates: 174
qbit 1: 9 qbit 2: 10 dep gates: 177
qbit 10 dep gates: 220
qbit 1: 9 qbit 2: 10 dep gates: 220
qbit 1: 9 qbit 2: 10 dep gates: 221
qbit 1: 11 qbit 2: 12 dep gates: 177
qbit 1: 11 qbit 2: 12 dep gates: 180
qbit 12 dep gates: 223
qbit 1: 11 qbit 2: 12 dep gates: 223
qbit 1: 11 qbit 2: 12 dep gates: 224
qbit 1: 13 qbit 2: 14 dep gates: 180
qbit 1: 13 qbit 2: 14 dep gates: 183
qbit 14 dep gates: 226
qbit 1: 13 qbit 2: 14 dep gates: 226
qbit 1: 13 qbit 2: 14 dep gates: 227
qbit 1: 15 qbit 2: 16 dep gates: 183
qbit 1: 15 qbit 2: 16 dep gates: 186
qbit 16 dep gates: 229
qbit 1: 15 qbit 2: 16 dep gates: 229
qbit 1: 15 qbit 2: 16 dep gates: 230
qbit 1: 17 qbit 2: 18 dep gates: 186
qbit 1: 17 qbit 2: 18 dep gates: 189
qbit 18 dep gates: 232
qbit 1: 17 qbit 2: 18 dep gates: 232
qbit 1: 17 qbit 2: 18 dep gates: 233
qbit 1: 19 qbit 2: 20 dep gates: 189
qbit 1: 19 qbit 2: 20 dep gates: 192
qbit 20 dep gates: 235
qbit 1: 19 qbit 2: 20 dep gates: 235
qbit 1: 19 qbit 2: 20 dep gates: 236
qbit 1: 21 qbit 2: 22 dep gates: 192
qbit 1: 21 qbit 2: 22 dep gates: 195
qbit 22 dep gates: 238
qbit 1: 21 qbit 2: 22 dep gates: 238
qbit 1: 21 qbit 2: 22 dep gates: 239
qbit 1: 23 qbit 2: 24 dep gates: 195
qbit 1: 23 qbit 2: 24 dep gates: 198
qbit 24 dep gates: 241
qbit 1: 23 qbit 2: 24 dep gates: 241
qbit 1: 23 qbit 2: 24 dep gates: 242
qbit 1: 25 qbit 2: 26 dep gates: 198
qbit 1: 25 qbit 2: 26 dep gates: 201
qbit 26 dep gates: 244
qbit 1: 25 qbit 2: 26 dep gates: 244
qbit 1: 25 qbit 2: 26 dep gates: 245
qbit 1: 27 qbit 2: 28 dep gates: 201
qbit 1: 27 qbit 2: 28 dep gates: 204
qbit 28 dep gates: 247
qbit 1: 27 qbit 2: 28 dep gates: 247
qbit 1: 27 qbit 2: 28 dep gates: 248
qbit 1: 29 qbit 2: 30 dep gates: 204
qbit 1: 29 qbit 2: 30 dep gates: 207
qbit 30 dep gates: 250
qbit 1: 29 qbit 2: 30 dep gates: 250
qbit 1: 29 qbit 2: 30 dep gates: 251
qbit 1: 31 qbit 2: 0 dep gates: 207
qbit 1: 31 qbit 2: 0 dep gates: 162
qbit 0 dep gates: 253
qbit 1: 31 qbit 2: 0 dep gates: 253
qbit 1: 31 qbit 2: 0 dep gates: 254
qbit 0 dep gates: 255
qbit 1 dep gates: 210
qbit 2 dep gates: 210
qbit 3 dep gates: 213
qbit 4 dep gates: 213
qbit 5 dep gates: 216
qbit 6 dep gates: 216
qbit 7 dep gates: 219
qbit 8 dep gates: 219
qbit 9 dep gates: 222
qbit 10 dep gates: 222
qbit 11 dep gates: 225
qbit 12 dep gates: 225
qbit 13 dep gates: 228
qbit 14 dep gates: 228
qbit 15 dep gates: 231
qbit 16 dep gates: 231
qbit 17 dep gates: 234
qbit 18 dep gates: 234
qbit 19 dep gates: 237
qbit 20 dep gates: 237
qbit 21 dep gates: 240
qbit 22 dep gates: 240
qbit 23 dep gates: 243
qbit 24 dep gates: 243
qbit 25 dep gates: 246
qbit 26 dep gates: 246
qbit 27 dep gates: 249
qbit 28 dep gates: 249
qbit 29 dep gates: 252
qbit 30 dep gates: 252
qbit 31 dep gates: 255
parse object map:
{32: [0, 1], 34: [0, 1], 35: [2, 3], 37: [2, 3], 38: [4, 5], 40: [4, 5], 41: [6, 7], 43: [6, 7], 44: [8, 9], 46: [8, 9], 47: [10, 11], 49: [10, 11], 50: [12, 13], 52: [12, 13], 53: [14, 15], 55: [14, 15], 56: [16, 17], 58: [16, 17], 59: [18, 19], 61: [18, 19], 62: [20, 21], 64: [20, 21], 65: [22, 23], 67: [22, 23], 68: [24, 25], 70: [24, 25], 71: [26, 27], 73: [26, 27], 74: [28, 29], 76: [28, 29], 77: [30, 31], 79: [30, 31], 80: [1, 2], 82: [1, 2], 83: [3, 4], 85: [3, 4], 86: [5, 6], 88: [5, 6], 89: [7, 8], 91: [7, 8], 92: [9, 10], 94: [9, 10], 95: [11, 12], 97: [11, 12], 98: [13, 14], 100: [13, 14], 101: [15, 16], 103: [15, 16], 104: [17, 18], 106: [17, 18], 107: [19, 20], 109: [19, 20], 110: [21, 22], 112: [21, 22], 113: [23, 24], 115: [23, 24], 116: [25, 26], 118: [25, 26], 119: [27, 28], 121: [27, 28], 122: [29, 30], 124: [29, 30], 125: [31, 0], 127: [31, 0], 160: [0, 1], 162: [0, 1], 163: [2, 3], 165: [2, 3], 166: [4, 5], 168: [4, 5], 169: [6, 7], 171: [6, 7], 172: [8, 9], 174: [8, 9], 175: [10, 11], 177: [10, 11], 178: [12, 13], 180: [12, 13], 181: [14, 15], 183: [14, 15], 184: [16, 17], 186: [16, 17], 187: [18, 19], 189: [18, 19], 190: [20, 21], 192: [20, 21], 193: [22, 23], 195: [22, 23], 196: [24, 25], 198: [24, 25], 199: [26, 27], 201: [26, 27], 202: [28, 29], 204: [28, 29], 205: [30, 31], 207: [30, 31], 208: [1, 2], 210: [1, 2], 211: [3, 4], 213: [3, 4], 214: [5, 6], 216: [5, 6], 217: [7, 8], 219: [7, 8], 220: [9, 10], 222: [9, 10], 223: [11, 12], 225: [11, 12], 226: [13, 14], 228: [13, 14], 229: [15, 16], 231: [15, 16], 232: [17, 18], 234: [17, 18], 235: [19, 20], 237: [19, 20], 238: [21, 22], 240: [21, 22], 241: [23, 24], 243: [23, 24], 244: [25, 26], 246: [25, 26], 247: [27, 28], 249: [27, 28], 250: [29, 30], 252: [29, 30], 253: [31, 0], 255: [31, 0]}
parse object graph:
DiGraph with 288 nodes and 384 edges
ˇú Using SABRE2 mapper (matches muss_schedule2 paper version)
init_qubit_layout:
{0: [6, 7, 8, 9, 10, 11], 1: [12, 13, 14, 15, 16, 17], 2: [18, 19, 20, 21, 28, 29], 3: [0, 1, 2, 3, 4, 5, 30, 31], 4: [22, 23, 24, 25, 26, 27], 5: []}
Using MUSS Scheduler (V2) with SABRE Mapping
ˇú muss_schedule2.py old_vision
Analyzer mode: aggregate shuttle fidelity (detected shuttle_id annotations)
Program Finish Time: 7454 us
OPCOUNTS Gate: 128 Split: 19 Move: 37 Merge: 19

Two-qubit gate chain statistics
Mean: 6.65625 Max: 8.0
Fidelity: 0.4809385263305524
[DBG SUMMARY] gates=128  gate_mult=0.546117  avg_gate_nbar=2.9714
[DBG SUMMARY] shuttles=19  shuttle_mult=0.880651  min_shuttle=0.99095
[DBG SUMMARY] worst_B: Trap 2 -> 0.985457 (heat_state=14.650000, alpha_bg=0.001, move_bg_fraction=0.175, model=exp)

========== ANALYSIS RESULT ==========
{'fidelity': 0.4809385263305524, 'total_shuttle': 19, 'time': 7454}

========== SHUTTLE TRACE ==========
[SHUTTLE 0] ion=5  T3 -> T0  route=T3->J2->J1->J0->T0
    - SPLIT  (320 -> 440)  ion 5: T3 -> Seg3 (swap_cnt=1, swap_hops=5, ion_hops=0, i1=5, i2=0)
    - MOVE   (440 -> 462)  ion 5: Seg3 -> Seg7 via J2
    - MOVE   (462 -> 484)  ion 5: Seg7 -> Seg6 via J1
    - MOVE   (484 -> 506)  ion 5: Seg6 -> Seg0 via J0
    - MERGE  (506 -> 586)  ion 5: Seg0 -> T0
[SHUTTLE 1] ion=12  T1 -> T0  route=T1->J1->J0->T0
    - SPLIT  (826 -> 946)  ion 12: T1 -> Seg1 (swap_cnt=1, swap_hops=5, ion_hops=0, i1=12, i2=17)
    - MOVE   (946 -> 968)  ion 12: Seg1 -> Seg6 via J1
    - MOVE   (968 -> 990)  ion 12: Seg6 -> Seg0 via J0
    - MERGE  (990 -> 1070)  ion 12: Seg0 -> T0
[SHUTTLE 2] ion=18  T2 -> T1  route=T2->J2->J1->T1
    - SPLIT  (1310 -> 1430)  ion 18: T2 -> Seg2 (swap_cnt=1, swap_hops=5, ion_hops=0, i1=18, i2=29)
    - MOVE   (1430 -> 1452)  ion 18: Seg2 -> Seg7 via J2
    - MOVE   (1452 -> 1474)  ion 18: Seg7 -> Seg1 via J1
    - MERGE  (1474 -> 1554)  ion 18: Seg1 -> T1
[SHUTTLE 3] ion=22  T4 -> T2  route=T4->J1->J2->T2
    - SPLIT  (1794 -> 1874)  ion 22: T4 -> Seg4 (swap_cnt=0, swap_hops=0, ion_hops=0, i1=0, i2=0)
    - MOVE   (1874 -> 1896)  ion 22: Seg4 -> Seg7 via J1
    - MOVE   (1896 -> 1918)  ion 22: Seg7 -> Seg2 via J2
    - MERGE  (1918 -> 1998)  ion 22: Seg2 -> T2
[SHUTTLE 4] ion=28  T2 -> T4  route=T2->J2->J1->T4
    - SPLIT  (2158 -> 2278)  ion 28: T2 -> Seg2 (swap_cnt=1, swap_hops=2, ion_hops=0, i1=28, i2=22)
    - MOVE   (2278 -> 2300)  ion 28: Seg2 -> Seg7 via J2
    - MOVE   (2300 -> 2322)  ion 28: Seg7 -> Seg4 via J1
    - MERGE  (2322 -> 2402)  ion 28: Seg4 -> T4
[SHUTTLE 5] ion=29  T2 -> T3  route=T2->J2->T3
    - SPLIT  (2642 -> 2762)  ion 29: T2 -> Seg2 (swap_cnt=1, swap_hops=1, ion_hops=0, i1=29, i2=22)
    - MOVE   (2762 -> 2784)  ion 29: Seg2 -> Seg3 via J2
    - MERGE  (2784 -> 2864)  ion 29: Seg3 -> T3
[SHUTTLE 6] ion=6  T0 -> T1  route=T0->J0->J1->T1
    - SPLIT  (3104 -> 3224)  ion 6: T0 -> Seg0 (swap_cnt=1, swap_hops=7, ion_hops=0, i1=6, i2=12)
    - MOVE   (3224 -> 3246)  ion 6: Seg0 -> Seg6 via J0
    - MOVE   (3246 -> 3268)  ion 6: Seg6 -> Seg1 via J1
    - MERGE  (3268 -> 3348)  ion 6: Seg1 -> T1
[SHUTTLE 7] ion=3  T3 -> T2  route=T3->J2->T2
    - SPLIT  (3348 -> 3468)  ion 3: T3 -> Seg3 (swap_cnt=1, swap_hops=4, ion_hops=0, i1=3, i2=29)
    - MOVE   (3468 -> 3490)  ion 3: Seg3 -> Seg2 via J2
    - MERGE  (3490 -> 3570)  ion 3: Seg2 -> T2
[SHUTTLE 8] ion=5  T0 -> T3  route=T0->J0->J1->J2->T3
    - SPLIT  (3570 -> 3690)  ion 5: T0 -> Seg0 (swap_cnt=1, swap_hops=1, ion_hops=0, i1=5, i2=12)
    - MOVE   (3690 -> 3712)  ion 5: Seg0 -> Seg6 via J0
    - MOVE   (3712 -> 3734)  ion 5: Seg6 -> Seg7 via J1
    - MOVE   (3734 -> 3756)  ion 5: Seg7 -> Seg3 via J2
    - MERGE  (3756 -> 3836)  ion 5: Seg3 -> T3
[SHUTTLE 9] ion=13  T1 -> T0  route=T1->J1->J0->T0
    - SPLIT  (3916 -> 4036)  ion 13: T1 -> Seg1 (swap_cnt=1, swap_hops=6, ion_hops=0, i1=13, i2=6)
    - MOVE   (4036 -> 4058)  ion 13: Seg1 -> Seg6 via J1
    - MOVE   (4058 -> 4080)  ion 13: Seg6 -> Seg0 via J0
    - MERGE  (4080 -> 4160)  ion 13: Seg0 -> T0
[SHUTTLE 10] ion=19  T2 -> T1  route=T2->J2->J1->T1
    - SPLIT  (4320 -> 4440)  ion 19: T2 -> Seg2 (swap_cnt=1, swap_hops=4, ion_hops=0, i1=19, i2=3)
    - MOVE   (4440 -> 4462)  ion 19: Seg2 -> Seg7 via J2
    - MOVE   (4462 -> 4484)  ion 19: Seg7 -> Seg1 via J1
    - MERGE  (4484 -> 4564)  ion 19: Seg1 -> T1
[SHUTTLE 11] ion=23  T4 -> T2  route=T4->J1->J2->T2
    - SPLIT  (4724 -> 4844)  ion 23: T4 -> Seg4 (swap_cnt=1, swap_hops=1, ion_hops=0, i1=23, i2=28)
    - MOVE   (4844 -> 4866)  ion 23: Seg4 -> Seg7 via J1
    - MOVE   (4866 -> 4888)  ion 23: Seg7 -> Seg2 via J2
    - MERGE  (4888 -> 4968)  ion 23: Seg2 -> T2
[SHUTTLE 12] ion=29  T3 -> T4  route=T3->J2->J1->T4
    - SPLIT  (5128 -> 5248)  ion 29: T3 -> Seg3 (swap_cnt=1, swap_hops=1, ion_hops=0, i1=29, i2=5)
    - MOVE   (5248 -> 5270)  ion 29: Seg3 -> Seg7 via J2
    - MOVE   (5270 -> 5292)  ion 29: Seg7 -> Seg4 via J1
    - MERGE  (5292 -> 5372)  ion 29: Seg4 -> T4
[SHUTTLE 13] ion=4  T3 -> T2  route=T3->J2->T2
    - SPLIT  (5532 -> 5652)  ion 4: T3 -> Seg3 (swap_cnt=1, swap_hops=4, ion_hops=0, i1=4, i2=5)
    - MOVE   (5652 -> 5674)  ion 4: Seg3 -> Seg2 via J2
    - MERGE  (5674 -> 5754)  ion 4: Seg2 -> T2
[SHUTTLE 14] ion=6  T1 -> T3  route=T1->J1->J2->T3
    - SPLIT  (5834 -> 5954)  ion 6: T1 -> Seg1 (swap_cnt=1, swap_hops=1, ion_hops=0, i1=6, i2=19)
    - MOVE   (5954 -> 5976)  ion 6: Seg1 -> Seg7 via J1
    - MOVE   (5976 -> 5998)  ion 6: Seg7 -> Seg3 via J2
    - MERGE  (5998 -> 6078)  ion 6: Seg3 -> T3
[SHUTTLE 15] ion=14  T1 -> T0  route=T1->J1->J0->T0
    - SPLIT  (6158 -> 6278)  ion 14: T1 -> Seg1 (swap_cnt=1, swap_hops=5, ion_hops=0, i1=14, i2=19)
    - MOVE   (6278 -> 6300)  ion 14: Seg1 -> Seg6 via J1
    - MOVE   (6300 -> 6322)  ion 14: Seg6 -> Seg0 via J0
    - MERGE  (6322 -> 6402)  ion 14: Seg0 -> T0
[SHUTTLE 16] ion=20  T2 -> T1  route=T2->J2->J1->T1
    - SPLIT  (6482 -> 6602)  ion 20: T2 -> Seg2 (swap_cnt=1, swap_hops=5, ion_hops=0, i1=20, i2=4)
    - MOVE   (6602 -> 6624)  ion 20: Seg2 -> Seg7 via J2
    - MOVE   (6624 -> 6646)  ion 20: Seg7 -> Seg1 via J1
    - MERGE  (6646 -> 6726)  ion 20: Seg1 -> T1
[SHUTTLE 17] ion=24  T4 -> T2  route=T4->J1->J2->T2
    - SPLIT  (6806 -> 6926)  ion 24: T4 -> Seg4 (swap_cnt=1, swap_hops=2, ion_hops=0, i1=24, i2=29)
    - MOVE   (6926 -> 6948)  ion 24: Seg4 -> Seg7 via J1
    - MOVE   (6948 -> 6970)  ion 24: Seg7 -> Seg2 via J2
    - MERGE  (6970 -> 7050)  ion 24: Seg2 -> T2
[SHUTTLE 18] ion=30  T3 -> T4  route=T3->J2->J1->T4
    - SPLIT  (7130 -> 7250)  ion 30: T3 -> Seg3 (swap_cnt=1, swap_hops=5, ion_hops=0, i1=30, i2=6)
    - MOVE   (7250 -> 7272)  ion 30: Seg3 -> Seg7 via J2
    - MOVE   (7272 -> 7294)  ion 30: Seg7 -> Seg4 via J1
    - MERGE  (7294 -> 7374)  ion 30: Seg4 -> T4
SplitSWAP: 18
TotalShuttle: 19
----------------
