Simulation
Program:           programs\QAOA32.qasm
Machine:           G2x2
Model:             MUSS_Params
Ions/Region:       12
Mapper:            SABRE
Reorder:           Naive
SerialTrap:        1
SerialComm:        1
SerialAll:         1
GateType:          FM
SwapType:          PaperSwapDirect
Scheduler Family:  MUSS
Scheduler Version: V6
Analyzer Mode:     PAPER
Arch Scale:        SMALL
========== Gate Set Summary ==========
cx: 128
h: 32
rx: 64
rz: 64
======================================
Parse object map:
{32: [0, 1], 34: [0, 1], 35: [2, 3], 37: [2, 3], 38: [4, 5], 40: [4, 5], 41: [6, 7], 43: [6, 7], 44: [8, 9], 46: [8, 9], 47: [10, 11], 49: [10, 11], 50: [12, 13], 52: [12, 13], 53: [14, 15], 55: [14, 15], 56: [16, 17], 58: [16, 17], 59: [18, 19], 61: [18, 19], 62: [20, 21], 64: [20, 21], 65: [22, 23], 67: [22, 23], 68: [24, 25], 70: [24, 25], 71: [26, 27], 73: [26, 27], 74: [28, 29], 76: [28, 29], 77: [30, 31], 79: [30, 31], 80: [1, 2], 82: [1, 2], 83: [3, 4], 85: [3, 4], 86: [5, 6], 88: [5, 6], 89: [7, 8], 91: [7, 8], 92: [9, 10], 94: [9, 10], 95: [11, 12], 97: [11, 12], 98: [13, 14], 100: [13, 14], 101: [15, 16], 103: [15, 16], 104: [17, 18], 106: [17, 18], 107: [19, 20], 109: [19, 20], 110: [21, 22], 112: [21, 22], 113: [23, 24], 115: [23, 24], 116: [25, 26], 118: [25, 26], 119: [27, 28], 121: [27, 28], 122: [29, 30], 124: [29, 30], 125: [31, 0], 127: [31, 0], 160: [0, 1], 162: [0, 1], 163: [2, 3], 165: [2, 3], 166: [4, 5], 168: [4, 5], 169: [6, 7], 171: [6, 7], 172: [8, 9], 174: [8, 9], 175: [10, 11], 177: [10, 11], 178: [12, 13], 180: [12, 13], 181: [14, 15], 183: [14, 15], 184: [16, 17], 186: [16, 17], 187: [18, 19], 189: [18, 19], 190: [20, 21], 192: [20, 21], 193: [22, 23], 195: [22, 23], 196: [24, 25], 198: [24, 25], 199: [26, 27], 201: [26, 27], 202: [28, 29], 204: [28, 29], 205: [30, 31], 207: [30, 31], 208: [1, 2], 210: [1, 2], 211: [3, 4], 213: [3, 4], 214: [5, 6], 216: [5, 6], 217: [7, 8], 219: [7, 8], 220: [9, 10], 222: [9, 10], 223: [11, 12], 225: [11, 12], 226: [13, 14], 228: [13, 14], 229: [15, 16], 231: [15, 16], 232: [17, 18], 234: [17, 18], 235: [19, 20], 237: [19, 20], 238: [21, 22], 240: [21, 22], 241: [23, 24], 243: [23, 24], 244: [25, 26], 246: [25, 26], 247: [27, 28], 249: [27, 28], 250: [29, 30], 252: [29, 30], 253: [31, 0], 255: [31, 0]}
Parse object graph:
DiGraph with 288 nodes and 384 edges
Using SABRE2 mapper (matches muss_schedule6 improved version)
Raw mapping:
{0: 0, 1: 0, 2: 0, 3: 0, 4: 0, 5: 0, 6: 0, 7: 0, 8: 0, 9: 0, 10: 0, 11: 0, 12: 1, 13: 1, 14: 1, 15: 1, 16: 1, 17: 1, 18: 1, 19: 1, 20: 1, 21: 1, 22: 1, 23: 1, 24: 2, 25: 2, 26: 2, 27: 2, 28: 2, 29: 2, 30: 2, 31: 2}
Initial layout policy: mapping_only + canonicalize_to_trap_layout
Note: reorder_choice='Naive' is ignored for mapper 'SABRE'
Skip qubit ordering for mapper 'SABRE'
Initial qubit layout:
{0: [0, 1, 2, 3, 4, 5, 6, 7, 8, 9, 10, 11], 1: [12, 13, 14, 15, 16, 17, 18, 19, 20, 21, 22, 23], 2: [24, 25, 26, 27, 28, 29, 30, 31], 3: []}
Using MUSS Scheduler (V6) with SABRE Mapping
Using muss_schedule6.py new_vision
Analyzer shuttle mode: aggregate (detected shuttle_id annotations)
Analyzer parameter wiring: alpha_bg=0.0, T1=600000000.0, k_heating=0.001, epsilon_2q=3.90625e-05, strict_paper_mainline=True
Analyzer mode: paper
Program Finish Time: 3197 us
OPCOUNTS Gate: 288 Split: 12 Move: 18 Merge: 12

Two-qubit gate chain statistics
Mean: 10.953125 Max: 12.0
Fidelity: 0.5046324893386526

Shuttle count summary
  logical_shuttle_count      = 12   # High-level shuttle count aggregated by shuttle_id
  physical_shuttle_leg_count = 12   # Paper-facing count: each complete trap-to-trap split+move+merge leg
  split_count                = 12
  merge_count                = 12
  move_count                 = 18
[DBG SUMMARY] gates=288  gate_mult=0.531418  avg_gate_nbar=0.0000
[DBG SUMMARY] logical_shuttles=12  shuttle_mult=0.949597  min_shuttle=0.9949
[DBG SUMMARY] worst_B: Trap 0 -> 1.000000 (heat_state=0.000000, alpha_bg=0.0, move_bg_fraction=0.0, model=exp, strict_paper_mainline=True)

========== ANALYSIS RESULT ==========
{'fidelity': 0.5046324893386526, 'total_shuttle': 12, 'logical_shuttle_count': 12, 'physical_shuttle_leg_count': 12, 'split_count': 12, 'merge_count': 12, 'move_count': 18, 'time': 3197}

========== SHUTTLE TRACE ==========
[SHUTTLE 0] ion=0  T0 -> T3  route=T0->J0->T3
    - SPLIT  (120 -> 240)  ion 0: T0 -> Seg0 (swap_cnt=1, swap_hops=11, ion_hops=0, i1=0, i2=11)
    - MOVE   (240 -> 254)  ion 0: Seg0 -> Seg1 via J0
    - MERGE  (254 -> 334)  ion 0: Seg1 -> T3
[SHUTTLE 1] ion=12  T1 -> T0  route=T1->J1->J0->T0
    - SPLIT  (334 -> 454)  ion 12: T1 -> Seg2 (swap_cnt=1, swap_hops=11, ion_hops=0, i1=12, i2=23)
    - MOVE   (454 -> 468)  ion 12: Seg2 -> Seg4 via J1
    - MOVE   (468 -> 482)  ion 12: Seg4 -> Seg0 via J0
    - MERGE  (482 -> 562)  ion 12: Seg0 -> T0
[SHUTTLE 2] ion=24  T2 -> T1  route=T2->J1->T1
    - SPLIT  (602 -> 682)  ion 24: T2 -> Seg3 (swap_cnt=0, swap_hops=0, ion_hops=0, i1=0, i2=0)
    - MOVE   (682 -> 696)  ion 24: Seg3 -> Seg2 via J1
    - MERGE  (696 -> 776)  ion 24: Seg2 -> T1
[SHUTTLE 3] ion=0  T3 -> T2  route=T3->J0->J1->T2
    - SPLIT  (816 -> 896)  ion 0: T3 -> Seg1 (swap_cnt=0, swap_hops=0, ion_hops=0, i1=0, i2=0)
    - MOVE   (896 -> 910)  ion 0: Seg1 -> Seg4 via J0
    - MOVE   (910 -> 924)  ion 0: Seg4 -> Seg3 via J1
    - MERGE  (924 -> 1004)  ion 0: Seg3 -> T2
[SHUTTLE 4] ion=1  T0 -> T3  route=T0->J0->T3
    - SPLIT  (1124 -> 1244)  ion 1: T0 -> Seg0 (swap_cnt=1, swap_hops=11, ion_hops=0, i1=1, i2=12)
    - MOVE   (1244 -> 1258)  ion 1: Seg0 -> Seg1 via J0
    - MERGE  (1258 -> 1338)  ion 1: Seg1 -> T3
[SHUTTLE 5] ion=13  T1 -> T0  route=T1->J1->J0->T0
    - SPLIT  (1338 -> 1458)  ion 13: T1 -> Seg2 (swap_cnt=1, swap_hops=11, ion_hops=0, i1=13, i2=24)
    - MOVE   (1458 -> 1472)  ion 13: Seg2 -> Seg4 via J1
    - MOVE   (1472 -> 1486)  ion 13: Seg4 -> Seg0 via J0
    - MERGE  (1486 -> 1566)  ion 13: Seg0 -> T0
[SHUTTLE 6] ion=25  T2 -> T1  route=T2->J1->T1
    - SPLIT  (1606 -> 1726)  ion 25: T2 -> Seg3 (swap_cnt=1, swap_hops=1, ion_hops=0, i1=25, i2=0)
    - MOVE   (1726 -> 1740)  ion 25: Seg3 -> Seg2 via J1
    - MERGE  (1740 -> 1820)  ion 25: Seg2 -> T1
[SHUTTLE 7] ion=1  T3 -> T2  route=T3->J0->J1->T2
    - SPLIT  (1860 -> 1940)  ion 1: T3 -> Seg1 (swap_cnt=0, swap_hops=0, ion_hops=0, i1=0, i2=0)
    - MOVE   (1940 -> 1954)  ion 1: Seg1 -> Seg4 via J0
    - MOVE   (1954 -> 1968)  ion 1: Seg4 -> Seg3 via J1
    - MERGE  (1968 -> 2048)  ion 1: Seg3 -> T2
[SHUTTLE 8] ion=2  T0 -> T3  route=T0->J0->T3
    - SPLIT  (2168 -> 2288)  ion 2: T0 -> Seg0 (swap_cnt=1, swap_hops=11, ion_hops=0, i1=2, i2=13)
    - MOVE   (2288 -> 2302)  ion 2: Seg0 -> Seg1 via J0
    - MERGE  (2302 -> 2382)  ion 2: Seg1 -> T3
[SHUTTLE 9] ion=14  T1 -> T0  route=T1->J1->J0->T0
    - SPLIT  (2382 -> 2502)  ion 14: T1 -> Seg2 (swap_cnt=1, swap_hops=11, ion_hops=0, i1=14, i2=25)
    - MOVE   (2502 -> 2516)  ion 14: Seg2 -> Seg4 via J1
    - MOVE   (2516 -> 2530)  ion 14: Seg4 -> Seg0 via J0
    - MERGE  (2530 -> 2610)  ion 14: Seg0 -> T0
[SHUTTLE 10] ion=26  T2 -> T1  route=T2->J1->T1
    - SPLIT  (2650 -> 2770)  ion 26: T2 -> Seg3 (swap_cnt=1, swap_hops=2, ion_hops=0, i1=26, i2=1)
    - MOVE   (2770 -> 2784)  ion 26: Seg3 -> Seg2 via J1
    - MERGE  (2784 -> 2864)  ion 26: Seg2 -> T1
[SHUTTLE 11] ion=2  T3 -> T2  route=T3->J0->J1->T2
    - SPLIT  (2904 -> 2984)  ion 2: T3 -> Seg1 (swap_cnt=0, swap_hops=0, ion_hops=0, i1=0, i2=0)
    - MOVE   (2984 -> 2998)  ion 2: Seg1 -> Seg4 via J0
    - MOVE   (2998 -> 3012)  ion 2: Seg4 -> Seg3 via J1
    - MERGE  (3012 -> 3092)  ion 2: Seg3 -> T2
SplitSWAP: 8
SchedulerFiredShuttle: 12
ReportedTotalShuttle: 12
----------------
