Simulation
Program:           programs\QAOA32.qasm
Machine:           G2x3
Model:             MUSS_Params
Ions/Region:       8
Mapper:            SABRE
Reorder:           Naive
SerialTrap:        1
SerialComm:        1
SerialAll:         1
GateType:          FM
SwapType:          PaperSwapDirect
Scheduler Family:  MUSS
Scheduler Version: V6
Analyzer Mode:     PAPER
Arch Scale:        SMALL
========== Gate Set Summary ==========
cx: 128
h: 32
rx: 64
rz: 64
======================================
Parse object map:
{32: [0, 1], 34: [0, 1], 35: [2, 3], 37: [2, 3], 38: [4, 5], 40: [4, 5], 41: [6, 7], 43: [6, 7], 44: [8, 9], 46: [8, 9], 47: [10, 11], 49: [10, 11], 50: [12, 13], 52: [12, 13], 53: [14, 15], 55: [14, 15], 56: [16, 17], 58: [16, 17], 59: [18, 19], 61: [18, 19], 62: [20, 21], 64: [20, 21], 65: [22, 23], 67: [22, 23], 68: [24, 25], 70: [24, 25], 71: [26, 27], 73: [26, 27], 74: [28, 29], 76: [28, 29], 77: [30, 31], 79: [30, 31], 80: [1, 2], 82: [1, 2], 83: [3, 4], 85: [3, 4], 86: [5, 6], 88: [5, 6], 89: [7, 8], 91: [7, 8], 92: [9, 10], 94: [9, 10], 95: [11, 12], 97: [11, 12], 98: [13, 14], 100: [13, 14], 101: [15, 16], 103: [15, 16], 104: [17, 18], 106: [17, 18], 107: [19, 20], 109: [19, 20], 110: [21, 22], 112: [21, 22], 113: [23, 24], 115: [23, 24], 116: [25, 26], 118: [25, 26], 119: [27, 28], 121: [27, 28], 122: [29, 30], 124: [29, 30], 125: [31, 0], 127: [31, 0], 160: [0, 1], 162: [0, 1], 163: [2, 3], 165: [2, 3], 166: [4, 5], 168: [4, 5], 169: [6, 7], 171: [6, 7], 172: [8, 9], 174: [8, 9], 175: [10, 11], 177: [10, 11], 178: [12, 13], 180: [12, 13], 181: [14, 15], 183: [14, 15], 184: [16, 17], 186: [16, 17], 187: [18, 19], 189: [18, 19], 190: [20, 21], 192: [20, 21], 193: [22, 23], 195: [22, 23], 196: [24, 25], 198: [24, 25], 199: [26, 27], 201: [26, 27], 202: [28, 29], 204: [28, 29], 205: [30, 31], 207: [30, 31], 208: [1, 2], 210: [1, 2], 211: [3, 4], 213: [3, 4], 214: [5, 6], 216: [5, 6], 217: [7, 8], 219: [7, 8], 220: [9, 10], 222: [9, 10], 223: [11, 12], 225: [11, 12], 226: [13, 14], 228: [13, 14], 229: [15, 16], 231: [15, 16], 232: [17, 18], 234: [17, 18], 235: [19, 20], 237: [19, 20], 238: [21, 22], 240: [21, 22], 241: [23, 24], 243: [23, 24], 244: [25, 26], 246: [25, 26], 247: [27, 28], 249: [27, 28], 250: [29, 30], 252: [29, 30], 253: [31, 0], 255: [31, 0]}
Parse object graph:
DiGraph with 288 nodes and 384 edges
Using SABRE2 mapper (matches muss_schedule6 improved version)
Raw mapping:
{0: 3, 1: 3, 2: 0, 3: 0, 4: 0, 5: 0, 6: 0, 7: 0, 8: 1, 9: 1, 10: 1, 11: 1, 12: 1, 13: 1, 14: 2, 15: 2, 16: 2, 17: 2, 18: 2, 19: 2, 20: 2, 21: 2, 22: 1, 23: 1, 24: 0, 25: 0, 26: 3, 27: 3, 28: 3, 29: 3, 30: 3, 31: 3}
Initial layout policy: mapping_only + canonicalize_to_trap_layout
Note: reorder_choice='Naive' is ignored for mapper 'SABRE'
Skip qubit ordering for mapper 'SABRE'
Initial qubit layout:
{0: [2, 3, 4, 5, 6, 7, 24, 25], 1: [8, 9, 10, 11, 12, 13, 22, 23], 2: [14, 15, 16, 17, 18, 19, 20, 21], 3: [0, 1, 26, 27, 28, 29, 30, 31], 4: [], 5: []}
Using MUSS Scheduler (V6) with SABRE Mapping
Using muss_schedule6.py new_vision
Analyzer shuttle mode: aggregate (detected shuttle_id annotations)
Analyzer parameter wiring: alpha_bg=0.0, T1=600000000.0, k_heating=0.001, epsilon_2q=3.90625e-05, strict_paper_mainline=True
Analyzer mode: paper
Program Finish Time: 5611 us
OPCOUNTS Gate: 288 Split: 21 Move: 39 Merge: 21

Two-qubit gate chain statistics
Mean: 7.96875 Max: 8.0
Fidelity: 0.6464164787087068

Shuttle count summary
  logical_shuttle_count      = 21   # High-level shuttle count aggregated by shuttle_id
  physical_shuttle_leg_count = 21   # Paper-facing count: each complete trap-to-trap split+move+merge leg
  split_count                = 21
  merge_count                = 21
  move_count                 = 39
[DBG SUMMARY] gates=288  gate_mult=0.716016  avg_gate_nbar=0.0000
[DBG SUMMARY] logical_shuttles=21  shuttle_mult=0.902796  min_shuttle=0.9949
[DBG SUMMARY] worst_B: Trap 0 -> 1.000000 (heat_state=0.000000, alpha_bg=0.0, move_bg_fraction=0.0, model=exp, strict_paper_mainline=True)

========== ANALYSIS RESULT ==========
{'fidelity': 0.6464164787087068, 'total_shuttle': 21, 'logical_shuttle_count': 21, 'physical_shuttle_leg_count': 21, 'split_count': 21, 'merge_count': 21, 'move_count': 39, 'time': 5611}

========== SHUTTLE TRACE ==========
[SHUTTLE 0] ion=26  T3 -> T4  route=T3->J0->J1->T4
    - SPLIT  (120 -> 240)  ion 26: T3 -> Seg3 (swap_cnt=1, swap_hops=2, ion_hops=0, i1=26, i2=0)
    - MOVE   (240 -> 254)  ion 26: Seg3 -> Seg6 via J0
    - MOVE   (254 -> 268)  ion 26: Seg6 -> Seg4 via J1
    - MERGE  (268 -> 348)  ion 26: Seg4 -> T4
[SHUTTLE 1] ion=2  T0 -> T3  route=T0->J0->T3
    - SPLIT  (348 -> 468)  ion 2: T0 -> Seg0 (swap_cnt=1, swap_hops=7, ion_hops=0, i1=2, i2=25)
    - MOVE   (468 -> 482)  ion 2: Seg0 -> Seg3 via J0
    - MERGE  (482 -> 562)  ion 2: Seg3 -> T3
[SHUTTLE 2] ion=8  T1 -> T0  route=T1->J1->J0->T0
    - SPLIT  (602 -> 722)  ion 8: T1 -> Seg1 (swap_cnt=1, swap_hops=7, ion_hops=0, i1=8, i2=23)
    - MOVE   (722 -> 736)  ion 8: Seg1 -> Seg6 via J1
    - MOVE   (736 -> 750)  ion 8: Seg6 -> Seg0 via J0
    - MERGE  (750 -> 830)  ion 8: Seg0 -> T0
[SHUTTLE 3] ion=14  T2 -> T1  route=T2->J2->J1->T1
    - SPLIT  (870 -> 990)  ion 14: T2 -> Seg2 (swap_cnt=1, swap_hops=7, ion_hops=0, i1=14, i2=21)
    - MOVE   (990 -> 1004)  ion 14: Seg2 -> Seg7 via J2
    - MOVE   (1004 -> 1018)  ion 14: Seg7 -> Seg1 via J1
    - MERGE  (1018 -> 1098)  ion 14: Seg1 -> T1
[SHUTTLE 4] ion=22  T1 -> T2  route=T1->J1->J2->T2
    - SPLIT  (1138 -> 1258)  ion 22: T1 -> Seg1 (swap_cnt=1, swap_hops=2, ion_hops=0, i1=22, i2=14)
    - MOVE   (1258 -> 1272)  ion 22: Seg1 -> Seg7 via J1
    - MOVE   (1272 -> 1286)  ion 22: Seg7 -> Seg2 via J2
    - MERGE  (1286 -> 1366)  ion 22: Seg2 -> T2
[SHUTTLE 5] ion=24  T0 -> T1  route=T0->J0->J1->T1
    - SPLIT  (1406 -> 1526)  ion 24: T0 -> Seg0 (swap_cnt=1, swap_hops=2, ion_hops=0, i1=24, i2=8)
    - MOVE   (1526 -> 1540)  ion 24: Seg0 -> Seg6 via J0
    - MOVE   (1540 -> 1554)  ion 24: Seg6 -> Seg1 via J1
    - MERGE  (1554 -> 1634)  ion 24: Seg1 -> T1
[SHUTTLE 6] ion=26  T4 -> T0  route=T4->J1->J0->T0
    - SPLIT  (1674 -> 1754)  ion 26: T4 -> Seg4 (swap_cnt=0, swap_hops=0, ion_hops=0, i1=0, i2=0)
    - MOVE   (1754 -> 1768)  ion 26: Seg4 -> Seg6 via J1
    - MOVE   (1768 -> 1782)  ion 26: Seg6 -> Seg0 via J0
    - MERGE  (1782 -> 1862)  ion 26: Seg0 -> T0
[SHUTTLE 7] ion=27  T3 -> T4  route=T3->J0->J1->T4
    - SPLIT  (1942 -> 2062)  ion 27: T3 -> Seg3 (swap_cnt=1, swap_hops=3, ion_hops=0, i1=27, i2=2)
    - MOVE   (2062 -> 2076)  ion 27: Seg3 -> Seg6 via J0
    - MOVE   (2076 -> 2090)  ion 27: Seg6 -> Seg4 via J1
    - MERGE  (2090 -> 2170)  ion 27: Seg4 -> T4
[SHUTTLE 8] ion=3  T0 -> T3  route=T0->J0->T3
    - SPLIT  (2170 -> 2290)  ion 3: T0 -> Seg0 (swap_cnt=1, swap_hops=7, ion_hops=0, i1=3, i2=26)
    - MOVE   (2290 -> 2304)  ion 3: Seg0 -> Seg3 via J0
    - MERGE  (2304 -> 2384)  ion 3: Seg3 -> T3
[SHUTTLE 9] ion=9  T1 -> T0  route=T1->J1->J0->T0
    - SPLIT  (2424 -> 2544)  ion 9: T1 -> Seg1 (swap_cnt=1, swap_hops=7, ion_hops=0, i1=9, i2=24)
    - MOVE   (2544 -> 2558)  ion 9: Seg1 -> Seg6 via J1
    - MOVE   (2558 -> 2572)  ion 9: Seg6 -> Seg0 via J0
    - MERGE  (2572 -> 2652)  ion 9: Seg0 -> T0
[SHUTTLE 10] ion=15  T2 -> T1  route=T2->J2->J1->T1
    - SPLIT  (2692 -> 2812)  ion 15: T2 -> Seg2 (swap_cnt=1, swap_hops=7, ion_hops=0, i1=15, i2=22)
    - MOVE   (2812 -> 2826)  ion 15: Seg2 -> Seg7 via J2
    - MOVE   (2826 -> 2840)  ion 15: Seg7 -> Seg1 via J1
    - MERGE  (2840 -> 2920)  ion 15: Seg1 -> T1
[SHUTTLE 11] ion=23  T1 -> T2  route=T1->J1->J2->T2
    - SPLIT  (2960 -> 3080)  ion 23: T1 -> Seg1 (swap_cnt=1, swap_hops=3, ion_hops=0, i1=23, i2=15)
    - MOVE   (3080 -> 3094)  ion 23: Seg1 -> Seg7 via J1
    - MOVE   (3094 -> 3108)  ion 23: Seg7 -> Seg2 via J2
    - MERGE  (3108 -> 3188)  ion 23: Seg2 -> T2
[SHUTTLE 12] ion=25  T0 -> T1  route=T0->J0->J1->T1
    - SPLIT  (3228 -> 3348)  ion 25: T0 -> Seg0 (swap_cnt=1, swap_hops=3, ion_hops=0, i1=25, i2=9)
    - MOVE   (3348 -> 3362)  ion 25: Seg0 -> Seg6 via J0
    - MOVE   (3362 -> 3376)  ion 25: Seg6 -> Seg1 via J1
    - MERGE  (3376 -> 3456)  ion 25: Seg1 -> T1
[SHUTTLE 13] ion=27  T4 -> T0  route=T4->J1->J0->T0
    - SPLIT  (3496 -> 3576)  ion 27: T4 -> Seg4 (swap_cnt=0, swap_hops=0, ion_hops=0, i1=0, i2=0)
    - MOVE   (3576 -> 3590)  ion 27: Seg4 -> Seg6 via J1
    - MOVE   (3590 -> 3604)  ion 27: Seg6 -> Seg0 via J0
    - MERGE  (3604 -> 3684)  ion 27: Seg0 -> T0
[SHUTTLE 14] ion=28  T3 -> T4  route=T3->J0->J1->T4
    - SPLIT  (3764 -> 3884)  ion 28: T3 -> Seg3 (swap_cnt=1, swap_hops=4, ion_hops=0, i1=28, i2=3)
    - MOVE   (3884 -> 3898)  ion 28: Seg3 -> Seg6 via J0
    - MOVE   (3898 -> 3912)  ion 28: Seg6 -> Seg4 via J1
    - MERGE  (3912 -> 3992)  ion 28: Seg4 -> T4
[SHUTTLE 15] ion=4  T0 -> T3  route=T0->J0->T3
    - SPLIT  (3992 -> 4112)  ion 4: T0 -> Seg0 (swap_cnt=1, swap_hops=7, ion_hops=0, i1=4, i2=27)
    - MOVE   (4112 -> 4126)  ion 4: Seg0 -> Seg3 via J0
    - MERGE  (4126 -> 4206)  ion 4: Seg3 -> T3
[SHUTTLE 16] ion=10  T1 -> T0  route=T1->J1->J0->T0
    - SPLIT  (4246 -> 4366)  ion 10: T1 -> Seg1 (swap_cnt=1, swap_hops=7, ion_hops=0, i1=10, i2=25)
    - MOVE   (4366 -> 4380)  ion 10: Seg1 -> Seg6 via J1
    - MOVE   (4380 -> 4394)  ion 10: Seg6 -> Seg0 via J0
    - MERGE  (4394 -> 4474)  ion 10: Seg0 -> T0
[SHUTTLE 17] ion=16  T2 -> T1  route=T2->J2->J1->T1
    - SPLIT  (4514 -> 4634)  ion 16: T2 -> Seg2 (swap_cnt=1, swap_hops=7, ion_hops=0, i1=16, i2=23)
    - MOVE   (4634 -> 4648)  ion 16: Seg2 -> Seg7 via J2
    - MOVE   (4648 -> 4662)  ion 16: Seg7 -> Seg1 via J1
    - MERGE  (4662 -> 4742)  ion 16: Seg1 -> T1
[SHUTTLE 18] ion=24  T1 -> T2  route=T1->J1->J2->T2
    - SPLIT  (4782 -> 4902)  ion 24: T1 -> Seg1 (swap_cnt=1, swap_hops=3, ion_hops=0, i1=24, i2=16)
    - MOVE   (4902 -> 4916)  ion 24: Seg1 -> Seg7 via J1
    - MOVE   (4916 -> 4930)  ion 24: Seg7 -> Seg2 via J2
    - MERGE  (4930 -> 5010)  ion 24: Seg2 -> T2
[SHUTTLE 19] ion=26  T0 -> T1  route=T0->J0->J1->T1
    - SPLIT  (5050 -> 5170)  ion 26: T0 -> Seg0 (swap_cnt=1, swap_hops=3, ion_hops=0, i1=26, i2=10)
    - MOVE   (5170 -> 5184)  ion 26: Seg0 -> Seg6 via J0
    - MOVE   (5184 -> 5198)  ion 26: Seg6 -> Seg1 via J1
    - MERGE  (5198 -> 5278)  ion 26: Seg1 -> T1
[SHUTTLE 20] ion=28  T4 -> T0  route=T4->J1->J0->T0
    - SPLIT  (5318 -> 5398)  ion 28: T4 -> Seg4 (swap_cnt=0, swap_hops=0, ion_hops=0, i1=0, i2=0)
    - MOVE   (5398 -> 5412)  ion 28: Seg4 -> Seg6 via J1
    - MOVE   (5412 -> 5426)  ion 28: Seg6 -> Seg0 via J0
    - MERGE  (5426 -> 5506)  ion 28: Seg0 -> T0
SplitSWAP: 18
SchedulerFiredShuttle: 21
ReportedTotalShuttle: 21
----------------
