Simulation
Program:           programs\QAOA32.qasm
Machine:           G2x3
Model:             MUSS_Params
Ions/Region:       8
Mapper:            SABRE
Reorder:           Naive
SerialTrap:        1
SerialComm:        1
SerialAll:         1
GateType:          FM
SwapType:          PaperSwapDirect
Scheduler Family:  MUSS
Scheduler Version: V4
Analyzer Mode:     PAPER
Arch Scale:        SMALL
parse object map:
{32: [0, 1], 34: [0, 1], 35: [2, 3], 37: [2, 3], 38: [4, 5], 40: [4, 5], 41: [6, 7], 43: [6, 7], 44: [8, 9], 46: [8, 9], 47: [10, 11], 49: [10, 11], 50: [12, 13], 52: [12, 13], 53: [14, 15], 55: [14, 15], 56: [16, 17], 58: [16, 17], 59: [18, 19], 61: [18, 19], 62: [20, 21], 64: [20, 21], 65: [22, 23], 67: [22, 23], 68: [24, 25], 70: [24, 25], 71: [26, 27], 73: [26, 27], 74: [28, 29], 76: [28, 29], 77: [30, 31], 79: [30, 31], 80: [1, 2], 82: [1, 2], 83: [3, 4], 85: [3, 4], 86: [5, 6], 88: [5, 6], 89: [7, 8], 91: [7, 8], 92: [9, 10], 94: [9, 10], 95: [11, 12], 97: [11, 12], 98: [13, 14], 100: [13, 14], 101: [15, 16], 103: [15, 16], 104: [17, 18], 106: [17, 18], 107: [19, 20], 109: [19, 20], 110: [21, 22], 112: [21, 22], 113: [23, 24], 115: [23, 24], 116: [25, 26], 118: [25, 26], 119: [27, 28], 121: [27, 28], 122: [29, 30], 124: [29, 30], 125: [31, 0], 127: [31, 0], 160: [0, 1], 162: [0, 1], 163: [2, 3], 165: [2, 3], 166: [4, 5], 168: [4, 5], 169: [6, 7], 171: [6, 7], 172: [8, 9], 174: [8, 9], 175: [10, 11], 177: [10, 11], 178: [12, 13], 180: [12, 13], 181: [14, 15], 183: [14, 15], 184: [16, 17], 186: [16, 17], 187: [18, 19], 189: [18, 19], 190: [20, 21], 192: [20, 21], 193: [22, 23], 195: [22, 23], 196: [24, 25], 198: [24, 25], 199: [26, 27], 201: [26, 27], 202: [28, 29], 204: [28, 29], 205: [30, 31], 207: [30, 31], 208: [1, 2], 210: [1, 2], 211: [3, 4], 213: [3, 4], 214: [5, 6], 216: [5, 6], 217: [7, 8], 219: [7, 8], 220: [9, 10], 222: [9, 10], 223: [11, 12], 225: [11, 12], 226: [13, 14], 228: [13, 14], 229: [15, 16], 231: [15, 16], 232: [17, 18], 234: [17, 18], 235: [19, 20], 237: [19, 20], 238: [21, 22], 240: [21, 22], 241: [23, 24], 243: [23, 24], 244: [25, 26], 246: [25, 26], 247: [27, 28], 249: [27, 28], 250: [29, 30], 252: [29, 30], 253: [31, 0], 255: [31, 0]}
parse object graph:
DiGraph with 288 nodes and 384 edges
ˇú Using SABRE6 mapper (matches muss_schedule4 improved version)
SABRE (Overload+MaxFlow+Chain+Urgency): Starting optimization...
SABRE: Optimization Done. Best Cost (Overloaded): 12
SABRE: Legalizing using Min-Cost Max-Flow (distance + convex chain + urgency)...
init_qubit_layout:
{0: [0, 1, 2, 3, 4, 5, 6, 7], 1: [8, 9, 10, 11, 12, 13, 14, 15], 2: [16, 17, 18, 19, 20, 21, 22, 23], 3: [24, 25, 26, 27, 28, 29, 30, 31], 4: [], 5: []}
Using MUSS Scheduler (V4) with SABRE Mapping
ˇú muss_schedule4.py new_vision
Analyzer shuttle mode: aggregate (detected shuttle_id annotations)
Analyzer mode: paper
Program Finish Time: 9429 us
OPCOUNTS Gate: 288 Split: 36 Move: 66 Merge: 36

Two-qubit gate chain statistics
Mean: 7.8125 Max: 8.0
Fidelity: 0.05420028316491611

Shuttle count summary
  logical_shuttle_count      = 36   # High-level shuttle count aggregated by shuttle_id (same as old total_shuttle semantics)
  physical_shuttle_leg_count = 36   # Most faithful to the paper: each complete trap-to-trap split+move+merge segment counts as 1 shuttle
  split_count                = 36   # Number of low-level split operations
  merge_count                = 36   # Number of low-level merge operations
  move_count                 = 66   # Number of low-level move operations
[DBG SUMMARY] gates=288  gate_mult=0.0645496  avg_gate_nbar=9.5945
[DBG SUMMARY] logical_shuttles=36  shuttle_mult=0.839669  min_shuttle=0.9935
[DBG SUMMARY] worst_B: Trap 4 -> 0.974238 (heat_state=26.100000, alpha_bg=0.001, move_bg_fraction=0.0, model=exp)

========== ANALYSIS RESULT ==========
{'fidelity': 0.05420028316491611, 'total_shuttle': 36, 'logical_shuttle_count': 36, 'physical_shuttle_leg_count': 36, 'split_count': 36, 'merge_count': 36, 'move_count': 66, 'time': 9429}

========== SHUTTLE TRACE ==========
[SHUTTLE 0] ion=5  T0 -> T4  route=T0->J0->J1->T4
    - SPLIT  (120 -> 240)  ion 5: T0 -> Seg0 (swap_cnt=1, swap_hops=2, ion_hops=0, i1=5, i2=7)
    - MOVE   (240 -> 254)  ion 5: Seg0 -> Seg6 via J0
    - MOVE   (254 -> 268)  ion 5: Seg6 -> Seg4 via J1
    - MERGE  (268 -> 348)  ion 5: Seg4 -> T4
[SHUTTLE 1] ion=13  T1 -> T4  route=T1->J1->T4
    - SPLIT  (348 -> 468)  ion 13: T1 -> Seg1 (swap_cnt=1, swap_hops=2, ion_hops=0, i1=13, i2=15)
    - MOVE   (468 -> 482)  ion 13: Seg1 -> Seg4 via J1
    - MERGE  (482 -> 562)  ion 13: Seg4 -> T4
[SHUTTLE 2] ion=21  T2 -> T4  route=T2->J2->J1->T4
    - SPLIT  (562 -> 682)  ion 21: T2 -> Seg2 (swap_cnt=1, swap_hops=2, ion_hops=0, i1=21, i2=23)
    - MOVE   (682 -> 696)  ion 21: Seg2 -> Seg7 via J2
    - MOVE   (696 -> 710)  ion 21: Seg7 -> Seg4 via J1
    - MERGE  (710 -> 790)  ion 21: Seg4 -> T4
[SHUTTLE 3] ion=29  T3 -> T4  route=T3->J0->J1->T4
    - SPLIT  (790 -> 910)  ion 29: T3 -> Seg3 (swap_cnt=1, swap_hops=5, ion_hops=0, i1=29, i2=24)
    - MOVE   (910 -> 924)  ion 29: Seg3 -> Seg6 via J0
    - MOVE   (924 -> 938)  ion 29: Seg6 -> Seg4 via J1
    - MERGE  (938 -> 1018)  ion 29: Seg4 -> T4
[SHUTTLE 4] ion=8  T1 -> T0  route=T1->J1->J0->T0
    - SPLIT  (1018 -> 1138)  ion 8: T1 -> Seg1 (swap_cnt=1, swap_hops=6, ion_hops=0, i1=8, i2=15)
    - MOVE   (1138 -> 1152)  ion 8: Seg1 -> Seg6 via J1
    - MOVE   (1152 -> 1166)  ion 8: Seg6 -> Seg0 via J0
    - MERGE  (1166 -> 1246)  ion 8: Seg0 -> T0
[SHUTTLE 5] ion=16  T2 -> T1  route=T2->J2->J1->T1
    - SPLIT  (1286 -> 1406)  ion 16: T2 -> Seg2 (swap_cnt=1, swap_hops=6, ion_hops=0, i1=16, i2=23)
    - MOVE   (1406 -> 1420)  ion 16: Seg2 -> Seg7 via J2
    - MOVE   (1420 -> 1434)  ion 16: Seg7 -> Seg1 via J1
    - MERGE  (1434 -> 1514)  ion 16: Seg1 -> T1
[SHUTTLE 6] ion=24  T3 -> T2  route=T3->J0->J1->J2->T2
    - SPLIT  (1554 -> 1634)  ion 24: T3 -> Seg3 (swap_cnt=0, swap_hops=0, ion_hops=0, i1=0, i2=0)
    - MOVE   (1634 -> 1648)  ion 24: Seg3 -> Seg6 via J0
    - MOVE   (1648 -> 1662)  ion 24: Seg6 -> Seg7 via J1
    - MOVE   (1662 -> 1676)  ion 24: Seg7 -> Seg2 via J2
    - MERGE  (1676 -> 1756)  ion 24: Seg2 -> T2
[SHUTTLE 7] ion=0  T0 -> T3  route=T0->J0->T3
    - SPLIT  (1796 -> 1916)  ion 0: T0 -> Seg0 (swap_cnt=1, swap_hops=7, ion_hops=0, i1=0, i2=8)
    - MOVE   (1916 -> 1930)  ion 0: Seg0 -> Seg3 via J0
    - MERGE  (1930 -> 2010)  ion 0: Seg3 -> T3
[SHUTTLE 8] ion=5  T4 -> T0  route=T4->J1->J0->T0
    - SPLIT  (2090 -> 2210)  ion 5: T4 -> Seg4 (swap_cnt=1, swap_hops=3, ion_hops=0, i1=5, i2=29)
    - MOVE   (2210 -> 2224)  ion 5: Seg4 -> Seg6 via J1
    - MOVE   (2224 -> 2238)  ion 5: Seg6 -> Seg0 via J0
    - MERGE  (2238 -> 2318)  ion 5: Seg0 -> T0
[SHUTTLE 9] ion=13  T4 -> T1  route=T4->J1->T1
    - SPLIT  (2358 -> 2478)  ion 13: T4 -> Seg4 (swap_cnt=1, swap_hops=2, ion_hops=0, i1=13, i2=29)
    - MOVE   (2478 -> 2492)  ion 13: Seg4 -> Seg1 via J1
    - MERGE  (2492 -> 2572)  ion 13: Seg1 -> T1
[SHUTTLE 10] ion=21  T4 -> T2  route=T4->J1->J2->T2
    - SPLIT  (2612 -> 2732)  ion 21: T4 -> Seg4 (swap_cnt=1, swap_hops=1, ion_hops=0, i1=21, i2=29)
    - MOVE   (2732 -> 2746)  ion 21: Seg4 -> Seg7 via J1
    - MOVE   (2746 -> 2760)  ion 21: Seg7 -> Seg2 via J2
    - MERGE  (2760 -> 2840)  ion 21: Seg2 -> T2
[SHUTTLE 11] ion=29  T4 -> T3  route=T4->J1->J0->T3
    - SPLIT  (2880 -> 2960)  ion 29: T4 -> Seg4 (swap_cnt=0, swap_hops=0, ion_hops=0, i1=0, i2=0)
    - MOVE   (2960 -> 2974)  ion 29: Seg4 -> Seg6 via J1
    - MOVE   (2974 -> 2988)  ion 29: Seg6 -> Seg3 via J0
    - MERGE  (2988 -> 3068)  ion 29: Seg3 -> T3
[SHUTTLE 12] ion=6  T0 -> T4  route=T0->J0->J1->T4
    - SPLIT  (3148 -> 3268)  ion 6: T0 -> Seg0 (swap_cnt=1, swap_hops=3, ion_hops=0, i1=6, i2=5)
    - MOVE   (3268 -> 3282)  ion 6: Seg0 -> Seg6 via J0
    - MOVE   (3282 -> 3296)  ion 6: Seg6 -> Seg4 via J1
    - MERGE  (3296 -> 3376)  ion 6: Seg4 -> T4
[SHUTTLE 13] ion=14  T1 -> T4  route=T1->J1->T4
    - SPLIT  (3376 -> 3496)  ion 14: T1 -> Seg1 (swap_cnt=1, swap_hops=3, ion_hops=0, i1=14, i2=13)
    - MOVE   (3496 -> 3510)  ion 14: Seg1 -> Seg4 via J1
    - MERGE  (3510 -> 3590)  ion 14: Seg4 -> T4
[SHUTTLE 14] ion=22  T2 -> T4  route=T2->J2->J1->T4
    - SPLIT  (3590 -> 3710)  ion 22: T2 -> Seg2 (swap_cnt=1, swap_hops=3, ion_hops=0, i1=22, i2=21)
    - MOVE   (3710 -> 3724)  ion 22: Seg2 -> Seg7 via J2
    - MOVE   (3724 -> 3738)  ion 22: Seg7 -> Seg4 via J1
    - MERGE  (3738 -> 3818)  ion 22: Seg4 -> T4
[SHUTTLE 15] ion=30  T3 -> T4  route=T3->J0->J1->T4
    - SPLIT  (3818 -> 3938)  ion 30: T3 -> Seg3 (swap_cnt=1, swap_hops=6, ion_hops=0, i1=30, i2=29)
    - MOVE   (3938 -> 3952)  ion 30: Seg3 -> Seg6 via J0
    - MOVE   (3952 -> 3966)  ion 30: Seg6 -> Seg4 via J1
    - MERGE  (3966 -> 4046)  ion 30: Seg4 -> T4
[SHUTTLE 16] ion=9  T1 -> T0  route=T1->J1->J0->T0
    - SPLIT  (4046 -> 4166)  ion 9: T1 -> Seg1 (swap_cnt=1, swap_hops=6, ion_hops=0, i1=9, i2=13)
    - MOVE   (4166 -> 4180)  ion 9: Seg1 -> Seg6 via J1
    - MOVE   (4180 -> 4194)  ion 9: Seg6 -> Seg0 via J0
    - MERGE  (4194 -> 4274)  ion 9: Seg0 -> T0
[SHUTTLE 17] ion=17  T2 -> T1  route=T2->J2->J1->T1
    - SPLIT  (4314 -> 4434)  ion 17: T2 -> Seg2 (swap_cnt=1, swap_hops=6, ion_hops=0, i1=17, i2=21)
    - MOVE   (4434 -> 4448)  ion 17: Seg2 -> Seg7 via J2
    - MOVE   (4448 -> 4462)  ion 17: Seg7 -> Seg1 via J1
    - MERGE  (4462 -> 4542)  ion 17: Seg1 -> T1
[SHUTTLE 18] ion=25  T3 -> T2  route=T3->J0->J1->J2->T2
    - SPLIT  (4582 -> 4702)  ion 25: T3 -> Seg3 (swap_cnt=1, swap_hops=2, ion_hops=0, i1=25, i2=29)
    - MOVE   (4702 -> 4716)  ion 25: Seg3 -> Seg6 via J0
    - MOVE   (4716 -> 4730)  ion 25: Seg6 -> Seg7 via J1
    - MOVE   (4730 -> 4744)  ion 25: Seg7 -> Seg2 via J2
    - MERGE  (4744 -> 4824)  ion 25: Seg2 -> T2
[SHUTTLE 19] ion=1  T0 -> T3  route=T0->J0->T3
    - SPLIT  (4864 -> 4984)  ion 1: T0 -> Seg0 (swap_cnt=1, swap_hops=7, ion_hops=0, i1=1, i2=9)
    - MOVE   (4984 -> 4998)  ion 1: Seg0 -> Seg3 via J0
    - MERGE  (4998 -> 5078)  ion 1: Seg3 -> T3
[SHUTTLE 20] ion=6  T4 -> T0  route=T4->J1->J0->T0
    - SPLIT  (5158 -> 5278)  ion 6: T4 -> Seg4 (swap_cnt=1, swap_hops=3, ion_hops=0, i1=6, i2=30)
    - MOVE   (5278 -> 5292)  ion 6: Seg4 -> Seg6 via J1
    - MOVE   (5292 -> 5306)  ion 6: Seg6 -> Seg0 via J0
    - MERGE  (5306 -> 5386)  ion 6: Seg0 -> T0
[SHUTTLE 21] ion=14  T4 -> T1  route=T4->J1->T1
    - SPLIT  (5466 -> 5586)  ion 14: T4 -> Seg4 (swap_cnt=1, swap_hops=2, ion_hops=0, i1=14, i2=30)
    - MOVE   (5586 -> 5600)  ion 14: Seg4 -> Seg1 via J1
    - MERGE  (5600 -> 5680)  ion 14: Seg1 -> T1
[SHUTTLE 22] ion=22  T4 -> T2  route=T4->J1->J2->T2
    - SPLIT  (5760 -> 5880)  ion 22: T4 -> Seg4 (swap_cnt=1, swap_hops=1, ion_hops=0, i1=22, i2=30)
    - MOVE   (5880 -> 5894)  ion 22: Seg4 -> Seg7 via J1
    - MOVE   (5894 -> 5908)  ion 22: Seg7 -> Seg2 via J2
    - MERGE  (5908 -> 5988)  ion 22: Seg2 -> T2
[SHUTTLE 23] ion=30  T4 -> T3  route=T4->J1->J0->T3
    - SPLIT  (6068 -> 6148)  ion 30: T4 -> Seg4 (swap_cnt=0, swap_hops=0, ion_hops=0, i1=0, i2=0)
    - MOVE   (6148 -> 6162)  ion 30: Seg4 -> Seg6 via J1
    - MOVE   (6162 -> 6176)  ion 30: Seg6 -> Seg3 via J0
    - MERGE  (6176 -> 6256)  ion 30: Seg3 -> T3
[SHUTTLE 24] ion=7  T0 -> T4  route=T0->J0->J1->T4
    - SPLIT  (6336 -> 6456)  ion 7: T0 -> Seg0 (swap_cnt=1, swap_hops=4, ion_hops=0, i1=7, i2=6)
    - MOVE   (6456 -> 6470)  ion 7: Seg0 -> Seg6 via J0
    - MOVE   (6470 -> 6484)  ion 7: Seg6 -> Seg4 via J1
    - MERGE  (6484 -> 6564)  ion 7: Seg4 -> T4
[SHUTTLE 25] ion=15  T1 -> T4  route=T1->J1->T4
    - SPLIT  (6564 -> 6684)  ion 15: T1 -> Seg1 (swap_cnt=1, swap_hops=4, ion_hops=0, i1=15, i2=14)
    - MOVE   (6684 -> 6698)  ion 15: Seg1 -> Seg4 via J1
    - MERGE  (6698 -> 6778)  ion 15: Seg4 -> T4
[SHUTTLE 26] ion=23  T2 -> T4  route=T2->J2->J1->T4
    - SPLIT  (6778 -> 6898)  ion 23: T2 -> Seg2 (swap_cnt=1, swap_hops=4, ion_hops=0, i1=23, i2=22)
    - MOVE   (6898 -> 6912)  ion 23: Seg2 -> Seg7 via J2
    - MOVE   (6912 -> 6926)  ion 23: Seg7 -> Seg4 via J1
    - MERGE  (6926 -> 7006)  ion 23: Seg4 -> T4
[SHUTTLE 27] ion=0  T3 -> T4  route=T3->J0->J1->T4
    - SPLIT  (7006 -> 7126)  ion 0: T3 -> Seg3 (swap_cnt=1, swap_hops=3, ion_hops=0, i1=0, i2=30)
    - MOVE   (7126 -> 7140)  ion 0: Seg3 -> Seg6 via J0
    - MOVE   (7140 -> 7154)  ion 0: Seg6 -> Seg4 via J1
    - MERGE  (7154 -> 7234)  ion 0: Seg4 -> T4
[SHUTTLE 28] ion=10  T1 -> T0  route=T1->J1->J0->T0
    - SPLIT  (7234 -> 7354)  ion 10: T1 -> Seg1 (swap_cnt=1, swap_hops=6, ion_hops=0, i1=10, i2=14)
    - MOVE   (7354 -> 7368)  ion 10: Seg1 -> Seg6 via J1
    - MOVE   (7368 -> 7382)  ion 10: Seg6 -> Seg0 via J0
    - MERGE  (7382 -> 7462)  ion 10: Seg0 -> T0
[SHUTTLE 29] ion=18  T2 -> T1  route=T2->J2->J1->T1
    - SPLIT  (7502 -> 7622)  ion 18: T2 -> Seg2 (swap_cnt=1, swap_hops=6, ion_hops=0, i1=18, i2=22)
    - MOVE   (7622 -> 7636)  ion 18: Seg2 -> Seg7 via J2
    - MOVE   (7636 -> 7650)  ion 18: Seg7 -> Seg1 via J1
    - MERGE  (7650 -> 7730)  ion 18: Seg1 -> T1
[SHUTTLE 30] ion=26  T3 -> T2  route=T3->J0->J1->J2->T2
    - SPLIT  (7770 -> 7890)  ion 26: T3 -> Seg3 (swap_cnt=1, swap_hops=3, ion_hops=0, i1=26, i2=30)
    - MOVE   (7890 -> 7904)  ion 26: Seg3 -> Seg6 via J0
    - MOVE   (7904 -> 7918)  ion 26: Seg6 -> Seg7 via J1
    - MOVE   (7918 -> 7932)  ion 26: Seg7 -> Seg2 via J2
    - MERGE  (7932 -> 8012)  ion 26: Seg2 -> T2
[SHUTTLE 31] ion=2  T0 -> T3  route=T0->J0->T3
    - SPLIT  (8052 -> 8172)  ion 2: T0 -> Seg0 (swap_cnt=1, swap_hops=7, ion_hops=0, i1=2, i2=10)
    - MOVE   (8172 -> 8186)  ion 2: Seg0 -> Seg3 via J0
    - MERGE  (8186 -> 8266)  ion 2: Seg3 -> T3
[SHUTTLE 32] ion=8  T0 -> T4  route=T0->J0->J1->T4
    - SPLIT  (8346 -> 8466)  ion 8: T0 -> Seg0 (swap_cnt=1, swap_hops=4, ion_hops=0, i1=8, i2=10)
    - MOVE   (8466 -> 8480)  ion 8: Seg0 -> Seg6 via J0
    - MOVE   (8480 -> 8494)  ion 8: Seg6 -> Seg4 via J1
    - MERGE  (8494 -> 8574)  ion 8: Seg4 -> T4
[SHUTTLE 33] ion=16  T1 -> T4  route=T1->J1->T4
    - SPLIT  (8614 -> 8734)  ion 16: T1 -> Seg1 (swap_cnt=1, swap_hops=4, ion_hops=0, i1=16, i2=18)
    - MOVE   (8734 -> 8748)  ion 16: Seg1 -> Seg4 via J1
    - MERGE  (8748 -> 8828)  ion 16: Seg4 -> T4
[SHUTTLE 34] ion=24  T2 -> T4  route=T2->J2->J1->T4
    - SPLIT  (8868 -> 8988)  ion 24: T2 -> Seg2 (swap_cnt=1, swap_hops=4, ion_hops=0, i1=24, i2=26)
    - MOVE   (8988 -> 9002)  ion 24: Seg2 -> Seg7 via J2
    - MOVE   (9002 -> 9016)  ion 24: Seg7 -> Seg4 via J1
    - MERGE  (9016 -> 9096)  ion 24: Seg4 -> T4
[SHUTTLE 35] ion=0  T4 -> T3  route=T4->J1->J0->T3
    - SPLIT  (9136 -> 9256)  ion 0: T4 -> Seg4 (swap_cnt=1, swap_hops=3, ion_hops=0, i1=0, i2=24)
    - MOVE   (9256 -> 9270)  ion 0: Seg4 -> Seg6 via J1
    - MOVE   (9270 -> 9284)  ion 0: Seg6 -> Seg3 via J0
    - MERGE  (9284 -> 9364)  ion 0: Seg3 -> T3
SplitSWAP: 33
SchedulerFiredShuttle: 36
ReportedTotalShuttle: 36
----------------
