Simulation
Program:           programs\qft32_swap.qasm
Machine:           G2x2
Model:             MUSS_Params
Ions/Region:       12
Mapper:            SABRE
Reorder:           Naive
SerialTrap:        1
SerialComm:        1
SerialAll:         1
GateType:          FM
SwapType:          PaperSwapDirect
Scheduler Family:  MUSS
Scheduler Version: V6
Analyzer Mode:     PAPER
Arch Scale:        SMALL
========== Gate Set Summary ==========
barrier: 1
cx: 1040
h: 32
measure: 32
rz: 1488
======================================
Parse object map:
{2: [1, 0], 4: [1, 0], 8: [2, 0], 10: [2, 0], 13: [2, 1], 15: [2, 1], 19: [3, 0], 21: [3, 0], 24: [3, 1], 26: [3, 1], 29: [3, 2], 31: [3, 2], 35: [4, 0], 37: [4, 0], 40: [4, 1], 42: [4, 1], 45: [4, 2], 47: [4, 2], 50: [4, 3], 52: [4, 3], 56: [5, 0], 58: [5, 0], 61: [5, 1], 63: [5, 1], 66: [5, 2], 68: [5, 2], 71: [5, 3], 73: [5, 3], 76: [5, 4], 78: [5, 4], 82: [6, 0], 84: [6, 0], 87: [6, 1], 89: [6, 1], 92: [6, 2], 94: [6, 2], 97: [6, 3], 99: [6, 3], 102: [6, 4], 104: [6, 4], 107: [6, 5], 109: [6, 5], 113: [7, 0], 115: [7, 0], 118: [7, 1], 120: [7, 1], 123: [7, 2], 125: [7, 2], 128: [7, 3], 130: [7, 3], 133: [7, 4], 135: [7, 4], 138: [7, 5], 140: [7, 5], 143: [7, 6], 145: [7, 6], 149: [8, 0], 151: [8, 0], 154: [8, 1], 156: [8, 1], 159: [8, 2], 161: [8, 2], 164: [8, 3], 166: [8, 3], 169: [8, 4], 171: [8, 4], 174: [8, 5], 176: [8, 5], 179: [8, 6], 181: [8, 6], 184: [8, 7], 186: [8, 7], 190: [9, 0], 192: [9, 0], 195: [9, 1], 197: [9, 1], 200: [9, 2], 202: [9, 2], 205: [9, 3], 207: [9, 3], 210: [9, 4], 212: [9, 4], 215: [9, 5], 217: [9, 5], 220: [9, 6], 222: [9, 6], 225: [9, 7], 227: [9, 7], 230: [9, 8], 232: [9, 8], 236: [10, 0], 238: [10, 0], 241: [10, 1], 243: [10, 1], 246: [10, 2], 248: [10, 2], 251: [10, 3], 253: [10, 3], 256: [10, 4], 258: [10, 4], 261: [10, 5], 263: [10, 5], 266: [10, 6], 268: [10, 6], 271: [10, 7], 273: [10, 7], 276: [10, 8], 278: [10, 8], 281: [10, 9], 283: [10, 9], 287: [11, 0], 289: [11, 0], 292: [11, 1], 294: [11, 1], 297: [11, 2], 299: [11, 2], 302: [11, 3], 304: [11, 3], 307: [11, 4], 309: [11, 4], 312: [11, 5], 314: [11, 5], 317: [11, 6], 319: [11, 6], 322: [11, 7], 324: [11, 7], 327: [11, 8], 329: [11, 8], 332: [11, 9], 334: [11, 9], 337: [11, 10], 339: [11, 10], 343: [12, 0], 345: [12, 0], 348: [12, 1], 350: [12, 1], 353: [12, 2], 355: [12, 2], 358: [12, 3], 360: [12, 3], 363: [12, 4], 365: [12, 4], 368: [12, 5], 370: [12, 5], 373: [12, 6], 375: [12, 6], 378: [12, 7], 380: [12, 7], 383: [12, 8], 385: [12, 8], 388: [12, 9], 390: [12, 9], 393: [12, 10], 395: [12, 10], 398: [12, 11], 400: [12, 11], 404: [13, 0], 406: [13, 0], 409: [13, 1], 411: [13, 1], 414: [13, 2], 416: [13, 2], 419: [13, 3], 421: [13, 3], 424: [13, 4], 426: [13, 4], 429: [13, 5], 431: [13, 5], 434: [13, 6], 436: [13, 6], 439: [13, 7], 441: [13, 7], 444: [13, 8], 446: [13, 8], 449: [13, 9], 451: [13, 9], 454: [13, 10], 456: [13, 10], 459: [13, 11], 461: [13, 11], 464: [13, 12], 466: [13, 12], 470: [14, 0], 472: [14, 0], 475: [14, 1], 477: [14, 1], 480: [14, 2], 482: [14, 2], 485: [14, 3], 487: [14, 3], 490: [14, 4], 492: [14, 4], 495: [14, 5], 497: [14, 5], 500: [14, 6], 502: [14, 6], 505: [14, 7], 507: [14, 7], 510: [14, 8], 512: [14, 8], 515: [14, 9], 517: [14, 9], 520: [14, 10], 522: [14, 10], 525: [14, 11], 527: [14, 11], 530: [14, 12], 532: [14, 12], 535: [14, 13], 537: [14, 13], 541: [15, 0], 543: [15, 0], 546: [15, 1], 548: [15, 1], 551: [15, 2], 553: [15, 2], 556: [15, 3], 558: [15, 3], 561: [15, 4], 563: [15, 4], 566: [15, 5], 568: [15, 5], 571: [15, 6], 573: [15, 6], 576: [15, 7], 578: [15, 7], 581: [15, 8], 583: [15, 8], 586: [15, 9], 588: [15, 9], 591: [15, 10], 593: [15, 10], 596: [15, 11], 598: [15, 11], 601: [15, 12], 603: [15, 12], 606: [15, 13], 608: [15, 13], 611: [15, 14], 613: [15, 14], 617: [16, 0], 619: [16, 0], 622: [16, 1], 624: [16, 1], 627: [16, 2], 629: [16, 2], 632: [16, 3], 634: [16, 3], 637: [16, 4], 639: [16, 4], 642: [16, 5], 644: [16, 5], 647: [16, 6], 649: [16, 6], 652: [16, 7], 654: [16, 7], 657: [16, 8], 659: [16, 8], 662: [16, 9], 664: [16, 9], 667: [16, 10], 669: [16, 10], 672: [16, 11], 674: [16, 11], 677: [16, 12], 679: [16, 12], 682: [16, 13], 684: [16, 13], 687: [16, 14], 689: [16, 14], 692: [16, 15], 694: [16, 15], 698: [17, 0], 700: [17, 0], 703: [17, 1], 705: [17, 1], 708: [17, 2], 710: [17, 2], 713: [17, 3], 715: [17, 3], 718: [17, 4], 720: [17, 4], 723: [17, 5], 725: [17, 5], 728: [17, 6], 730: [17, 6], 733: [17, 7], 735: [17, 7], 738: [17, 8], 740: [17, 8], 743: [17, 9], 745: [17, 9], 748: [17, 10], 750: [17, 10], 753: [17, 11], 755: [17, 11], 758: [17, 12], 760: [17, 12], 763: [17, 13], 765: [17, 13], 768: [17, 14], 770: [17, 14], 773: [17, 15], 775: [17, 15], 778: [17, 16], 780: [17, 16], 784: [18, 0], 786: [18, 0], 789: [18, 1], 791: [18, 1], 794: [18, 2], 796: [18, 2], 799: [18, 3], 801: [18, 3], 804: [18, 4], 806: [18, 4], 809: [18, 5], 811: [18, 5], 814: [18, 6], 816: [18, 6], 819: [18, 7], 821: [18, 7], 824: [18, 8], 826: [18, 8], 829: [18, 9], 831: [18, 9], 834: [18, 10], 836: [18, 10], 839: [18, 11], 841: [18, 11], 844: [18, 12], 846: [18, 12], 849: [18, 13], 851: [18, 13], 854: [18, 14], 856: [18, 14], 859: [18, 15], 861: [18, 15], 864: [18, 16], 866: [18, 16], 869: [18, 17], 871: [18, 17], 875: [19, 0], 877: [19, 0], 880: [19, 1], 882: [19, 1], 885: [19, 2], 887: [19, 2], 890: [19, 3], 892: [19, 3], 895: [19, 4], 897: [19, 4], 900: [19, 5], 902: [19, 5], 905: [19, 6], 907: [19, 6], 910: [19, 7], 912: [19, 7], 915: [19, 8], 917: [19, 8], 920: [19, 9], 922: [19, 9], 925: [19, 10], 927: [19, 10], 930: [19, 11], 932: [19, 11], 935: [19, 12], 937: [19, 12], 940: [19, 13], 942: [19, 13], 945: [19, 14], 947: [19, 14], 950: [19, 15], 952: [19, 15], 955: [19, 16], 957: [19, 16], 960: [19, 17], 962: [19, 17], 965: [19, 18], 967: [19, 18], 971: [20, 0], 973: [20, 0], 976: [20, 1], 978: [20, 1], 981: [20, 2], 983: [20, 2], 986: [20, 3], 988: [20, 3], 991: [20, 4], 993: [20, 4], 996: [20, 5], 998: [20, 5], 1001: [20, 6], 1003: [20, 6], 1006: [20, 7], 1008: [20, 7], 1011: [20, 8], 1013: [20, 8], 1016: [20, 9], 1018: [20, 9], 1021: [20, 10], 1023: [20, 10], 1026: [20, 11], 1028: [20, 11], 1031: [20, 12], 1033: [20, 12], 1036: [20, 13], 1038: [20, 13], 1041: [20, 14], 1043: [20, 14], 1046: [20, 15], 1048: [20, 15], 1051: [20, 16], 1053: [20, 16], 1056: [20, 17], 1058: [20, 17], 1061: [20, 18], 1063: [20, 18], 1066: [20, 19], 1068: [20, 19], 1072: [21, 0], 1074: [21, 0], 1077: [21, 1], 1079: [21, 1], 1082: [21, 2], 1084: [21, 2], 1087: [21, 3], 1089: [21, 3], 1092: [21, 4], 1094: [21, 4], 1097: [21, 5], 1099: [21, 5], 1102: [21, 6], 1104: [21, 6], 1107: [21, 7], 1109: [21, 7], 1112: [21, 8], 1114: [21, 8], 1117: [21, 9], 1119: [21, 9], 1122: [21, 10], 1124: [21, 10], 1127: [21, 11], 1129: [21, 11], 1132: [21, 12], 1134: [21, 12], 1137: [21, 13], 1139: [21, 13], 1142: [21, 14], 1144: [21, 14], 1147: [21, 15], 1149: [21, 15], 1152: [21, 16], 1154: [21, 16], 1157: [21, 17], 1159: [21, 17], 1162: [21, 18], 1164: [21, 18], 1167: [21, 19], 1169: [21, 19], 1172: [21, 20], 1174: [21, 20], 1178: [22, 0], 1180: [22, 0], 1183: [22, 1], 1185: [22, 1], 1188: [22, 2], 1190: [22, 2], 1193: [22, 3], 1195: [22, 3], 1198: [22, 4], 1200: [22, 4], 1203: [22, 5], 1205: [22, 5], 1208: [22, 6], 1210: [22, 6], 1213: [22, 7], 1215: [22, 7], 1218: [22, 8], 1220: [22, 8], 1223: [22, 9], 1225: [22, 9], 1228: [22, 10], 1230: [22, 10], 1233: [22, 11], 1235: [22, 11], 1238: [22, 12], 1240: [22, 12], 1243: [22, 13], 1245: [22, 13], 1248: [22, 14], 1250: [22, 14], 1253: [22, 15], 1255: [22, 15], 1258: [22, 16], 1260: [22, 16], 1263: [22, 17], 1265: [22, 17], 1268: [22, 18], 1270: [22, 18], 1273: [22, 19], 1275: [22, 19], 1278: [22, 20], 1280: [22, 20], 1283: [22, 21], 1285: [22, 21], 1289: [23, 0], 1291: [23, 0], 1294: [23, 1], 1296: [23, 1], 1299: [23, 2], 1301: [23, 2], 1304: [23, 3], 1306: [23, 3], 1309: [23, 4], 1311: [23, 4], 1314: [23, 5], 1316: [23, 5], 1319: [23, 6], 1321: [23, 6], 1324: [23, 7], 1326: [23, 7], 1329: [23, 8], 1331: [23, 8], 1334: [23, 9], 1336: [23, 9], 1339: [23, 10], 1341: [23, 10], 1344: [23, 11], 1346: [23, 11], 1349: [23, 12], 1351: [23, 12], 1354: [23, 13], 1356: [23, 13], 1359: [23, 14], 1361: [23, 14], 1364: [23, 15], 1366: [23, 15], 1369: [23, 16], 1371: [23, 16], 1374: [23, 17], 1376: [23, 17], 1379: [23, 18], 1381: [23, 18], 1384: [23, 19], 1386: [23, 19], 1389: [23, 20], 1391: [23, 20], 1394: [23, 21], 1396: [23, 21], 1399: [23, 22], 1401: [23, 22], 1405: [24, 0], 1407: [24, 0], 1410: [24, 1], 1412: [24, 1], 1415: [24, 2], 1417: [24, 2], 1420: [24, 3], 1422: [24, 3], 1425: [24, 4], 1427: [24, 4], 1430: [24, 5], 1432: [24, 5], 1435: [24, 6], 1437: [24, 6], 1440: [24, 7], 1442: [24, 7], 1445: [24, 8], 1447: [24, 8], 1450: [24, 9], 1452: [24, 9], 1455: [24, 10], 1457: [24, 10], 1460: [24, 11], 1462: [24, 11], 1465: [24, 12], 1467: [24, 12], 1470: [24, 13], 1472: [24, 13], 1475: [24, 14], 1477: [24, 14], 1480: [24, 15], 1482: [24, 15], 1485: [24, 16], 1487: [24, 16], 1490: [24, 17], 1492: [24, 17], 1495: [24, 18], 1497: [24, 18], 1500: [24, 19], 1502: [24, 19], 1505: [24, 20], 1507: [24, 20], 1510: [24, 21], 1512: [24, 21], 1515: [24, 22], 1517: [24, 22], 1520: [24, 23], 1522: [24, 23], 1526: [25, 0], 1528: [25, 0], 1531: [25, 1], 1533: [25, 1], 1536: [25, 2], 1538: [25, 2], 1541: [25, 3], 1543: [25, 3], 1546: [25, 4], 1548: [25, 4], 1551: [25, 5], 1553: [25, 5], 1556: [25, 6], 1558: [25, 6], 1561: [25, 7], 1563: [25, 7], 1566: [25, 8], 1568: [25, 8], 1571: [25, 9], 1573: [25, 9], 1576: [25, 10], 1578: [25, 10], 1581: [25, 11], 1583: [25, 11], 1586: [25, 12], 1588: [25, 12], 1591: [25, 13], 1593: [25, 13], 1596: [25, 14], 1598: [25, 14], 1601: [25, 15], 1603: [25, 15], 1606: [25, 16], 1608: [25, 16], 1611: [25, 17], 1613: [25, 17], 1616: [25, 18], 1618: [25, 18], 1621: [25, 19], 1623: [25, 19], 1626: [25, 20], 1628: [25, 20], 1631: [25, 21], 1633: [25, 21], 1636: [25, 22], 1638: [25, 22], 1641: [25, 23], 1643: [25, 23], 1646: [25, 24], 1648: [25, 24], 1652: [26, 0], 1654: [26, 0], 1657: [26, 1], 1659: [26, 1], 1662: [26, 2], 1664: [26, 2], 1667: [26, 3], 1669: [26, 3], 1672: [26, 4], 1674: [26, 4], 1677: [26, 5], 1679: [26, 5], 1682: [26, 6], 1684: [26, 6], 1687: [26, 7], 1689: [26, 7], 1692: [26, 8], 1694: [26, 8], 1697: [26, 9], 1699: [26, 9], 1702: [26, 10], 1704: [26, 10], 1707: [26, 11], 1709: [26, 11], 1712: [26, 12], 1714: [26, 12], 1717: [26, 13], 1719: [26, 13], 1722: [26, 14], 1724: [26, 14], 1727: [26, 15], 1729: [26, 15], 1732: [26, 16], 1734: [26, 16], 1737: [26, 17], 1739: [26, 17], 1742: [26, 18], 1744: [26, 18], 1747: [26, 19], 1749: [26, 19], 1752: [26, 20], 1754: [26, 20], 1757: [26, 21], 1759: [26, 21], 1762: [26, 22], 1764: [26, 22], 1767: [26, 23], 1769: [26, 23], 1772: [26, 24], 1774: [26, 24], 1777: [26, 25], 1779: [26, 25], 1783: [27, 0], 1785: [27, 0], 1788: [27, 1], 1790: [27, 1], 1793: [27, 2], 1795: [27, 2], 1798: [27, 3], 1800: [27, 3], 1803: [27, 4], 1805: [27, 4], 1808: [27, 5], 1810: [27, 5], 1813: [27, 6], 1815: [27, 6], 1818: [27, 7], 1820: [27, 7], 1823: [27, 8], 1825: [27, 8], 1828: [27, 9], 1830: [27, 9], 1833: [27, 10], 1835: [27, 10], 1838: [27, 11], 1840: [27, 11], 1843: [27, 12], 1845: [27, 12], 1848: [27, 13], 1850: [27, 13], 1853: [27, 14], 1855: [27, 14], 1858: [27, 15], 1860: [27, 15], 1863: [27, 16], 1865: [27, 16], 1868: [27, 17], 1870: [27, 17], 1873: [27, 18], 1875: [27, 18], 1878: [27, 19], 1880: [27, 19], 1883: [27, 20], 1885: [27, 20], 1888: [27, 21], 1890: [27, 21], 1893: [27, 22], 1895: [27, 22], 1898: [27, 23], 1900: [27, 23], 1903: [27, 24], 1905: [27, 24], 1908: [27, 25], 1910: [27, 25], 1913: [27, 26], 1915: [27, 26], 1919: [28, 0], 1921: [28, 0], 1924: [28, 1], 1926: [28, 1], 1929: [28, 2], 1931: [28, 2], 1934: [28, 3], 1936: [28, 3], 1939: [28, 4], 1941: [28, 4], 1944: [28, 5], 1946: [28, 5], 1949: [28, 6], 1951: [28, 6], 1954: [28, 7], 1956: [28, 7], 1959: [28, 8], 1961: [28, 8], 1964: [28, 9], 1966: [28, 9], 1969: [28, 10], 1971: [28, 10], 1974: [28, 11], 1976: [28, 11], 1979: [28, 12], 1981: [28, 12], 1984: [28, 13], 1986: [28, 13], 1989: [28, 14], 1991: [28, 14], 1994: [28, 15], 1996: [28, 15], 1999: [28, 16], 2001: [28, 16], 2004: [28, 17], 2006: [28, 17], 2009: [28, 18], 2011: [28, 18], 2014: [28, 19], 2016: [28, 19], 2019: [28, 20], 2021: [28, 20], 2024: [28, 21], 2026: [28, 21], 2029: [28, 22], 2031: [28, 22], 2034: [28, 23], 2036: [28, 23], 2039: [28, 24], 2041: [28, 24], 2044: [28, 25], 2046: [28, 25], 2049: [28, 26], 2051: [28, 26], 2054: [28, 27], 2056: [28, 27], 2060: [29, 0], 2062: [29, 0], 2065: [29, 1], 2067: [29, 1], 2070: [29, 2], 2072: [29, 2], 2075: [29, 3], 2077: [29, 3], 2080: [29, 4], 2082: [29, 4], 2085: [29, 5], 2087: [29, 5], 2090: [29, 6], 2092: [29, 6], 2095: [29, 7], 2097: [29, 7], 2100: [29, 8], 2102: [29, 8], 2105: [29, 9], 2107: [29, 9], 2110: [29, 10], 2112: [29, 10], 2115: [29, 11], 2117: [29, 11], 2120: [29, 12], 2122: [29, 12], 2125: [29, 13], 2127: [29, 13], 2130: [29, 14], 2132: [29, 14], 2135: [29, 15], 2137: [29, 15], 2140: [29, 16], 2142: [29, 16], 2145: [29, 17], 2147: [29, 17], 2150: [29, 18], 2152: [29, 18], 2155: [29, 19], 2157: [29, 19], 2160: [29, 20], 2162: [29, 20], 2165: [29, 21], 2167: [29, 21], 2170: [29, 22], 2172: [29, 22], 2175: [29, 23], 2177: [29, 23], 2180: [29, 24], 2182: [29, 24], 2185: [29, 25], 2187: [29, 25], 2190: [29, 26], 2192: [29, 26], 2195: [29, 27], 2197: [29, 27], 2200: [29, 28], 2202: [29, 28], 2206: [30, 0], 2208: [30, 0], 2211: [30, 1], 2213: [30, 1], 2216: [30, 2], 2218: [30, 2], 2221: [30, 3], 2223: [30, 3], 2226: [30, 4], 2228: [30, 4], 2231: [30, 5], 2233: [30, 5], 2236: [30, 6], 2238: [30, 6], 2241: [30, 7], 2243: [30, 7], 2246: [30, 8], 2248: [30, 8], 2251: [30, 9], 2253: [30, 9], 2256: [30, 10], 2258: [30, 10], 2261: [30, 11], 2263: [30, 11], 2266: [30, 12], 2268: [30, 12], 2271: [30, 13], 2273: [30, 13], 2276: [30, 14], 2278: [30, 14], 2281: [30, 15], 2283: [30, 15], 2286: [30, 16], 2288: [30, 16], 2291: [30, 17], 2293: [30, 17], 2296: [30, 18], 2298: [30, 18], 2301: [30, 19], 2303: [30, 19], 2306: [30, 20], 2308: [30, 20], 2311: [30, 21], 2313: [30, 21], 2316: [30, 22], 2318: [30, 22], 2321: [30, 23], 2323: [30, 23], 2326: [30, 24], 2328: [30, 24], 2331: [30, 25], 2333: [30, 25], 2336: [30, 26], 2338: [30, 26], 2341: [30, 27], 2343: [30, 27], 2346: [30, 28], 2348: [30, 28], 2351: [30, 29], 2353: [30, 29], 2357: [31, 0], 2359: [31, 0], 2362: [31, 1], 2364: [31, 1], 2367: [31, 2], 2369: [31, 2], 2372: [31, 3], 2374: [31, 3], 2377: [31, 4], 2379: [31, 4], 2382: [31, 5], 2384: [31, 5], 2387: [31, 6], 2389: [31, 6], 2392: [31, 7], 2394: [31, 7], 2397: [31, 8], 2399: [31, 8], 2402: [31, 9], 2404: [31, 9], 2407: [31, 10], 2409: [31, 10], 2412: [31, 11], 2414: [31, 11], 2417: [31, 12], 2419: [31, 12], 2422: [31, 13], 2424: [31, 13], 2427: [31, 14], 2429: [31, 14], 2432: [31, 15], 2434: [31, 15], 2437: [31, 16], 2439: [31, 16], 2442: [31, 17], 2444: [31, 17], 2447: [31, 18], 2449: [31, 18], 2452: [31, 19], 2454: [31, 19], 2457: [31, 20], 2459: [31, 20], 2462: [31, 21], 2464: [31, 21], 2467: [31, 22], 2469: [31, 22], 2472: [31, 23], 2474: [31, 23], 2477: [31, 24], 2479: [31, 24], 2482: [31, 25], 2484: [31, 25], 2487: [31, 26], 2489: [31, 26], 2492: [31, 27], 2494: [31, 27], 2497: [31, 28], 2499: [31, 28], 2502: [31, 29], 2504: [31, 29], 2507: [31, 30], 2509: [31, 30], 2512: [0, 31], 2513: [31, 0], 2514: [0, 31], 2515: [1, 30], 2516: [30, 1], 2517: [1, 30], 2518: [2, 29], 2519: [29, 2], 2520: [2, 29], 2521: [3, 28], 2522: [28, 3], 2523: [3, 28], 2524: [4, 27], 2525: [27, 4], 2526: [4, 27], 2527: [5, 26], 2528: [26, 5], 2529: [5, 26], 2530: [6, 25], 2531: [25, 6], 2532: [6, 25], 2533: [7, 24], 2534: [24, 7], 2535: [7, 24], 2536: [8, 23], 2537: [23, 8], 2538: [8, 23], 2539: [9, 22], 2540: [22, 9], 2541: [9, 22], 2542: [10, 21], 2543: [21, 10], 2544: [10, 21], 2545: [11, 20], 2546: [20, 11], 2547: [11, 20], 2548: [12, 19], 2549: [19, 12], 2550: [12, 19], 2551: [13, 18], 2552: [18, 13], 2553: [13, 18], 2554: [14, 17], 2555: [17, 14], 2556: [14, 17], 2557: [15, 16], 2558: [16, 15], 2559: [15, 16]}
Parse object graph:
DiGraph with 2592 nodes and 4048 edges
Using SABRE2 mapper (matches muss_schedule6 improved version)
Raw mapping:
{0: 2, 1: 0, 2: 0, 3: 2, 4: 2, 5: 1, 6: 0, 7: 0, 8: 2, 9: 1, 10: 0, 11: 0, 12: 2, 13: 1, 14: 1, 15: 1, 16: 1, 17: 1, 18: 1, 19: 0, 20: 0, 21: 0, 22: 1, 23: 0, 24: 2, 25: 2, 26: 1, 27: 1, 28: 1, 29: 0, 30: 2, 31: 2}
Initial layout policy: mapping_only + canonicalize_to_trap_layout
Note: reorder_choice='Naive' is ignored for mapper 'SABRE'
Skip qubit ordering for mapper 'SABRE'
Initial qubit layout:
{0: [1, 2, 6, 7, 10, 11, 19, 20, 21, 23, 29], 1: [5, 9, 13, 14, 15, 16, 17, 18, 22, 26, 27, 28], 2: [0, 3, 4, 8, 12, 24, 25, 30, 31], 3: []}
Using MUSS Scheduler (V6) with SABRE Mapping
Using muss_schedule6.py new_vision
Analyzer shuttle mode: aggregate (detected shuttle_id annotations)
Analyzer parameter wiring: alpha_bg=0.0, T1=600000000.0, k_heating=0.001, epsilon_2q=3.90625e-05, strict_paper_mainline=True
Analyzer mode: paper
Program Finish Time: 71417 us
OPCOUNTS Gate: 2592 Split: 259 Move: 428 Merge: 259

Two-qubit gate chain statistics
Mean: 10.407692307692308 Max: 12.0
Fidelity: 0.002691470003752844

Shuttle count summary
  logical_shuttle_count      = 259   # High-level shuttle count aggregated by shuttle_id
  physical_shuttle_leg_count = 259   # Paper-facing count: each complete trap-to-trap split+move+merge leg
  split_count                = 259
  merge_count                = 259
  move_count                 = 428
[DBG SUMMARY] gates=2592  gate_mult=0.00883099  avg_gate_nbar=0.0000
[DBG SUMMARY] logical_shuttles=259  shuttle_mult=0.304775  min_shuttle=0.9949
[DBG SUMMARY] worst_B: Trap 0 -> 1.000000 (heat_state=0.000000, alpha_bg=0.0, move_bg_fraction=0.0, model=exp, strict_paper_mainline=True)

========== ANALYSIS RESULT ==========
{'fidelity': 0.002691470003752844, 'total_shuttle': 259, 'logical_shuttle_count': 259, 'physical_shuttle_leg_count': 259, 'split_count': 259, 'merge_count': 259, 'move_count': 428, 'time': 71417}

========== SHUTTLE TRACE ==========
[SHUTTLE 0] ion=0  T2 -> T0  route=T2->J1->J0->T0
    - SPLIT  (0 -> 80)  ion 0: T2 -> Seg3 (swap_cnt=0, swap_hops=0, ion_hops=0, i1=0, i2=0)
    - MOVE   (80 -> 94)  ion 0: Seg3 -> Seg4 via J1
    - MOVE   (94 -> 108)  ion 0: Seg4 -> Seg0 via J0
    - MERGE  (108 -> 188)  ion 0: Seg0 -> T0
[SHUTTLE 1] ion=0  T0 -> T2  route=T0->J0->J1->T2
    - SPLIT  (388 -> 468)  ion 0: T0 -> Seg0 (swap_cnt=0, swap_hops=0, ion_hops=0, i1=0, i2=0)
    - MOVE   (468 -> 482)  ion 0: Seg0 -> Seg4 via J0
    - MOVE   (482 -> 496)  ion 0: Seg4 -> Seg3 via J1
    - MERGE  (496 -> 576)  ion 0: Seg3 -> T2
[SHUTTLE 2] ion=1  T0 -> T2  route=T0->J0->J1->T2
    - SPLIT  (696 -> 816)  ion 1: T0 -> Seg0 (swap_cnt=1, swap_hops=10, ion_hops=0, i1=1, i2=29)
    - MOVE   (816 -> 830)  ion 1: Seg0 -> Seg4 via J0
    - MOVE   (830 -> 844)  ion 1: Seg4 -> Seg3 via J1
    - MERGE  (844 -> 924)  ion 1: Seg3 -> T2
[SHUTTLE 3] ion=5  T1 -> T2  route=T1->J1->T2
    - SPLIT  (1044 -> 1164)  ion 5: T1 -> Seg2 (swap_cnt=1, swap_hops=11, ion_hops=0, i1=5, i2=28)
    - MOVE   (1164 -> 1178)  ion 5: Seg2 -> Seg3 via J1
    - MERGE  (1178 -> 1258)  ion 5: Seg3 -> T2
[SHUTTLE 4] ion=2  T0 -> T2  route=T0->J0->J1->T2
    - SPLIT  (1298 -> 1418)  ion 2: T0 -> Seg0 (swap_cnt=1, swap_hops=9, ion_hops=0, i1=2, i2=29)
    - MOVE   (1418 -> 1432)  ion 2: Seg0 -> Seg4 via J0
    - MOVE   (1432 -> 1446)  ion 2: Seg4 -> Seg3 via J1
    - MERGE  (1446 -> 1526)  ion 2: Seg3 -> T2
[SHUTTLE 5] ion=0  T2 -> T0  route=T2->J1->J0->T0
    - SPLIT  (1646 -> 1766)  ion 0: T2 -> Seg3 (swap_cnt=1, swap_hops=3, ion_hops=0, i1=0, i2=2)
    - MOVE   (1766 -> 1780)  ion 0: Seg3 -> Seg4 via J1
    - MOVE   (1780 -> 1794)  ion 0: Seg4 -> Seg0 via J0
    - MERGE  (1794 -> 1874)  ion 0: Seg0 -> T0
[SHUTTLE 6] ion=1  T2 -> T0  route=T2->J1->J0->T0
    - SPLIT  (1994 -> 2114)  ion 1: T2 -> Seg3 (swap_cnt=1, swap_hops=2, ion_hops=0, i1=1, i2=2)
    - MOVE   (2114 -> 2128)  ion 1: Seg3 -> Seg4 via J1
    - MOVE   (2128 -> 2142)  ion 1: Seg4 -> Seg0 via J0
    - MERGE  (2142 -> 2222)  ion 1: Seg0 -> T0
[SHUTTLE 7] ion=0  T0 -> T2  route=T0->J0->J1->T2
    - SPLIT  (2342 -> 2462)  ion 0: T0 -> Seg0 (swap_cnt=1, swap_hops=1, ion_hops=0, i1=0, i2=1)
    - MOVE   (2462 -> 2476)  ion 0: Seg0 -> Seg4 via J0
    - MOVE   (2476 -> 2490)  ion 0: Seg4 -> Seg3 via J1
    - MERGE  (2490 -> 2570)  ion 0: Seg3 -> T2
[SHUTTLE 8] ion=2  T2 -> T0  route=T2->J1->J0->T0
    - SPLIT  (2610 -> 2730)  ion 2: T2 -> Seg3 (swap_cnt=1, swap_hops=1, ion_hops=0, i1=2, i2=0)
    - MOVE   (2730 -> 2744)  ion 2: Seg3 -> Seg4 via J1
    - MOVE   (2744 -> 2758)  ion 2: Seg4 -> Seg0 via J0
    - MERGE  (2758 -> 2838)  ion 2: Seg0 -> T0
[SHUTTLE 9] ion=0  T2 -> T1  route=T2->J1->T1
    - SPLIT  (2958 -> 3038)  ion 0: T2 -> Seg3 (swap_cnt=0, swap_hops=0, ion_hops=0, i1=0, i2=0)
    - MOVE   (3038 -> 3052)  ion 0: Seg3 -> Seg2 via J1
    - MERGE  (3052 -> 3132)  ion 0: Seg2 -> T1
[SHUTTLE 10] ion=1  T0 -> T2  route=T0->J0->J1->T2
    - SPLIT  (3172 -> 3292)  ion 1: T0 -> Seg0 (swap_cnt=1, swap_hops=1, ion_hops=0, i1=1, i2=2)
    - MOVE   (3292 -> 3306)  ion 1: Seg0 -> Seg4 via J0
    - MOVE   (3306 -> 3320)  ion 1: Seg4 -> Seg3 via J1
    - MERGE  (3320 -> 3400)  ion 1: Seg3 -> T2
[SHUTTLE 11] ion=3  T2 -> T0  route=T2->J1->J0->T0
    - SPLIT  (3440 -> 3560)  ion 3: T2 -> Seg3 (swap_cnt=1, swap_hops=2, ion_hops=0, i1=3, i2=1)
    - MOVE   (3560 -> 3574)  ion 3: Seg3 -> Seg4 via J1
    - MOVE   (3574 -> 3588)  ion 3: Seg4 -> Seg0 via J0
    - MERGE  (3588 -> 3668)  ion 3: Seg0 -> T0
[SHUTTLE 12] ion=0  T1 -> T0  route=T1->J1->J0->T0
    - SPLIT  (3788 -> 3868)  ion 0: T1 -> Seg2 (swap_cnt=0, swap_hops=0, ion_hops=0, i1=0, i2=0)
    - MOVE   (3868 -> 3882)  ion 0: Seg2 -> Seg4 via J1
    - MOVE   (3882 -> 3896)  ion 0: Seg4 -> Seg0 via J0
    - MERGE  (3896 -> 3976)  ion 0: Seg0 -> T0
[SHUTTLE 13] ion=1  T2 -> T1  route=T2->J1->T1
    - SPLIT  (4016 -> 4096)  ion 1: T2 -> Seg3 (swap_cnt=0, swap_hops=0, ion_hops=0, i1=0, i2=0)
    - MOVE   (4096 -> 4110)  ion 1: Seg3 -> Seg2 via J1
    - MERGE  (4110 -> 4190)  ion 1: Seg2 -> T1
[SHUTTLE 14] ion=2  T0 -> T2  route=T0->J0->J1->T2
    - SPLIT  (4230 -> 4350)  ion 2: T0 -> Seg0 (swap_cnt=1, swap_hops=2, ion_hops=0, i1=2, i2=0)
    - MOVE   (4350 -> 4364)  ion 2: Seg0 -> Seg4 via J0
    - MOVE   (4364 -> 4378)  ion 2: Seg4 -> Seg3 via J1
    - MERGE  (4378 -> 4458)  ion 2: Seg3 -> T2
[SHUTTLE 15] ion=4  T2 -> T0  route=T2->J1->J0->T0
    - SPLIT  (4498 -> 4618)  ion 4: T2 -> Seg3 (swap_cnt=1, swap_hops=2, ion_hops=0, i1=4, i2=2)
    - MOVE   (4618 -> 4632)  ion 4: Seg3 -> Seg4 via J1
    - MOVE   (4632 -> 4646)  ion 4: Seg4 -> Seg0 via J0
    - MERGE  (4646 -> 4726)  ion 4: Seg0 -> T0
[SHUTTLE 16] ion=19  T0 -> T3  route=T0->J0->T3
    - SPLIT  (4846 -> 4966)  ion 19: T0 -> Seg0 (swap_cnt=1, swap_hops=7, ion_hops=0, i1=19, i2=4)
    - MOVE   (4966 -> 4980)  ion 19: Seg0 -> Seg1 via J0
    - MERGE  (4980 -> 5060)  ion 19: Seg1 -> T3
[SHUTTLE 17] ion=1  T1 -> T0  route=T1->J1->J0->T0
    - SPLIT  (5060 -> 5140)  ion 1: T1 -> Seg2 (swap_cnt=0, swap_hops=0, ion_hops=0, i1=0, i2=0)
    - MOVE   (5140 -> 5154)  ion 1: Seg2 -> Seg4 via J1
    - MOVE   (5154 -> 5168)  ion 1: Seg4 -> Seg0 via J0
    - MERGE  (5168 -> 5248)  ion 1: Seg0 -> T0
[SHUTTLE 18] ion=2  T2 -> T1  route=T2->J1->T1
    - SPLIT  (5288 -> 5368)  ion 2: T2 -> Seg3 (swap_cnt=0, swap_hops=0, ion_hops=0, i1=0, i2=0)
    - MOVE   (5368 -> 5382)  ion 2: Seg3 -> Seg2 via J1
    - MERGE  (5382 -> 5462)  ion 2: Seg2 -> T1
[SHUTTLE 19] ion=3  T0 -> T2  route=T0->J0->J1->T2
    - SPLIT  (5502 -> 5622)  ion 3: T0 -> Seg0 (swap_cnt=1, swap_hops=3, ion_hops=0, i1=3, i2=1)
    - MOVE   (5622 -> 5636)  ion 3: Seg0 -> Seg4 via J0
    - MOVE   (5636 -> 5650)  ion 3: Seg4 -> Seg3 via J1
    - MERGE  (5650 -> 5730)  ion 3: Seg3 -> T2
[SHUTTLE 20] ion=5  T2 -> T0  route=T2->J1->J0->T0
    - SPLIT  (5770 -> 5890)  ion 5: T2 -> Seg3 (swap_cnt=1, swap_hops=1, ion_hops=0, i1=5, i2=3)
    - MOVE   (5890 -> 5904)  ion 5: Seg3 -> Seg4 via J1
    - MOVE   (5904 -> 5918)  ion 5: Seg4 -> Seg0 via J0
    - MERGE  (5918 -> 5998)  ion 5: Seg0 -> T0
[SHUTTLE 21] ion=0  T0 -> T2  route=T0->J0->J1->T2
    - SPLIT  (6118 -> 6238)  ion 0: T0 -> Seg0 (swap_cnt=1, swap_hops=3, ion_hops=0, i1=0, i2=5)
    - MOVE   (6238 -> 6252)  ion 0: Seg0 -> Seg4 via J0
    - MOVE   (6252 -> 6266)  ion 0: Seg4 -> Seg3 via J1
    - MERGE  (6266 -> 6346)  ion 0: Seg3 -> T2
[SHUTTLE 22] ion=2  T1 -> T0  route=T1->J1->J0->T0
    - SPLIT  (6386 -> 6466)  ion 2: T1 -> Seg2 (swap_cnt=0, swap_hops=0, ion_hops=0, i1=0, i2=0)
    - MOVE   (6466 -> 6480)  ion 2: Seg2 -> Seg4 via J1
    - MOVE   (6480 -> 6494)  ion 2: Seg4 -> Seg0 via J0
    - MERGE  (6494 -> 6574)  ion 2: Seg0 -> T0
[SHUTTLE 23] ion=3  T2 -> T1  route=T2->J1->T1
    - SPLIT  (6614 -> 6734)  ion 3: T2 -> Seg3 (swap_cnt=1, swap_hops=1, ion_hops=0, i1=3, i2=0)
    - MOVE   (6734 -> 6748)  ion 3: Seg3 -> Seg2 via J1
    - MERGE  (6748 -> 6828)  ion 3: Seg2 -> T1
[SHUTTLE 24] ion=4  T0 -> T2  route=T0->J0->J1->T2
    - SPLIT  (6868 -> 6988)  ion 4: T0 -> Seg0 (swap_cnt=1, swap_hops=3, ion_hops=0, i1=4, i2=2)
    - MOVE   (6988 -> 7002)  ion 4: Seg0 -> Seg4 via J0
    - MOVE   (7002 -> 7016)  ion 4: Seg4 -> Seg3 via J1
    - MERGE  (7016 -> 7096)  ion 4: Seg3 -> T2
[SHUTTLE 25] ion=13  T1 -> T2  route=T1->J1->T2
    - SPLIT  (7176 -> 7296)  ion 13: T1 -> Seg2 (swap_cnt=1, swap_hops=10, ion_hops=0, i1=13, i2=3)
    - MOVE   (7296 -> 7310)  ion 13: Seg2 -> Seg3 via J1
    - MERGE  (7310 -> 7390)  ion 13: Seg3 -> T2
[SHUTTLE 26] ion=1  T0 -> T2  route=T0->J0->J1->T2
    - SPLIT  (7430 -> 7550)  ion 1: T0 -> Seg0 (swap_cnt=1, swap_hops=2, ion_hops=0, i1=1, i2=2)
    - MOVE   (7550 -> 7564)  ion 1: Seg0 -> Seg4 via J0
    - MOVE   (7564 -> 7578)  ion 1: Seg4 -> Seg3 via J1
    - MERGE  (7578 -> 7658)  ion 1: Seg3 -> T2
[SHUTTLE 27] ion=3  T1 -> T0  route=T1->J1->J0->T0
    - SPLIT  (7698 -> 7778)  ion 3: T1 -> Seg2 (swap_cnt=0, swap_hops=0, ion_hops=0, i1=0, i2=0)
    - MOVE   (7778 -> 7792)  ion 3: Seg2 -> Seg4 via J1
    - MOVE   (7792 -> 7806)  ion 3: Seg4 -> Seg0 via J0
    - MERGE  (7806 -> 7886)  ion 3: Seg0 -> T0
[SHUTTLE 28] ion=4  T2 -> T1  route=T2->J1->T1
    - SPLIT  (7926 -> 8046)  ion 4: T2 -> Seg3 (swap_cnt=1, swap_hops=2, ion_hops=0, i1=4, i2=1)
    - MOVE   (8046 -> 8060)  ion 4: Seg3 -> Seg2 via J1
    - MERGE  (8060 -> 8140)  ion 4: Seg2 -> T1
[SHUTTLE 29] ion=5  T0 -> T2  route=T0->J0->J1->T2
    - SPLIT  (8180 -> 8300)  ion 5: T0 -> Seg0 (swap_cnt=1, swap_hops=2, ion_hops=0, i1=5, i2=3)
    - MOVE   (8300 -> 8314)  ion 5: Seg0 -> Seg4 via J0
    - MOVE   (8314 -> 8328)  ion 5: Seg4 -> Seg3 via J1
    - MERGE  (8328 -> 8408)  ion 5: Seg3 -> T2
[SHUTTLE 30] ion=0  T2 -> T1  route=T2->J1->T1
    - SPLIT  (8488 -> 8608)  ion 0: T2 -> Seg3 (swap_cnt=1, swap_hops=3, ion_hops=0, i1=0, i2=5)
    - MOVE   (8608 -> 8622)  ion 0: Seg3 -> Seg2 via J1
    - MERGE  (8622 -> 8702)  ion 0: Seg2 -> T1
[SHUTTLE 31] ion=2  T0 -> T2  route=T0->J0->J1->T2
    - SPLIT  (8742 -> 8862)  ion 2: T0 -> Seg0 (swap_cnt=1, swap_hops=1, ion_hops=0, i1=2, i2=3)
    - MOVE   (8862 -> 8876)  ion 2: Seg0 -> Seg4 via J0
    - MOVE   (8876 -> 8890)  ion 2: Seg4 -> Seg3 via J1
    - MERGE  (8890 -> 8970)  ion 2: Seg3 -> T2
[SHUTTLE 32] ion=4  T1 -> T0  route=T1->J1->J0->T0
    - SPLIT  (9010 -> 9130)  ion 4: T1 -> Seg2 (swap_cnt=1, swap_hops=1, ion_hops=0, i1=4, i2=0)
    - MOVE   (9130 -> 9144)  ion 4: Seg2 -> Seg4 via J1
    - MOVE   (9144 -> 9158)  ion 4: Seg4 -> Seg0 via J0
    - MERGE  (9158 -> 9238)  ion 4: Seg0 -> T0
[SHUTTLE 33] ion=5  T2 -> T1  route=T2->J1->T1
    - SPLIT  (9278 -> 9398)  ion 5: T2 -> Seg3 (swap_cnt=1, swap_hops=1, ion_hops=0, i1=5, i2=2)
    - MOVE   (9398 -> 9412)  ion 5: Seg3 -> Seg2 via J1
    - MERGE  (9412 -> 9492)  ion 5: Seg2 -> T1
[SHUTTLE 34] ion=6  T0 -> T2  route=T0->J0->J1->T2
    - SPLIT  (9532 -> 9652)  ion 6: T0 -> Seg0 (swap_cnt=1, swap_hops=9, ion_hops=0, i1=6, i2=4)
    - MOVE   (9652 -> 9666)  ion 6: Seg0 -> Seg4 via J0
    - MOVE   (9666 -> 9680)  ion 6: Seg4 -> Seg3 via J1
    - MERGE  (9680 -> 9760)  ion 6: Seg3 -> T2
[SHUTTLE 35] ion=14  T1 -> T2  route=T1->J1->T2
    - SPLIT  (9840 -> 9960)  ion 14: T1 -> Seg2 (swap_cnt=1, swap_hops=10, ion_hops=0, i1=14, i2=5)
    - MOVE   (9960 -> 9974)  ion 14: Seg2 -> Seg3 via J1
    - MERGE  (9974 -> 10054)  ion 14: Seg3 -> T2
[SHUTTLE 36] ion=3  T0 -> T2  route=T0->J0->J1->T2
    - SPLIT  (10094 -> 10214)  ion 3: T0 -> Seg0 (swap_cnt=1, swap_hops=1, ion_hops=0, i1=3, i2=4)
    - MOVE   (10214 -> 10228)  ion 3: Seg0 -> Seg4 via J0
    - MOVE   (10228 -> 10242)  ion 3: Seg4 -> Seg3 via J1
    - MERGE  (10242 -> 10322)  ion 3: Seg3 -> T2
[SHUTTLE 37] ion=5  T1 -> T0  route=T1->J1->J0->T0
    - SPLIT  (10362 -> 10442)  ion 5: T1 -> Seg2 (swap_cnt=0, swap_hops=0, ion_hops=0, i1=0, i2=0)
    - MOVE   (10442 -> 10456)  ion 5: Seg2 -> Seg4 via J1
    - MOVE   (10456 -> 10470)  ion 5: Seg4 -> Seg0 via J0
    - MERGE  (10470 -> 10550)  ion 5: Seg0 -> T0
[SHUTTLE 38] ion=6  T2 -> T1  route=T2->J1->T1
    - SPLIT  (10590 -> 10710)  ion 6: T2 -> Seg3 (swap_cnt=1, swap_hops=2, ion_hops=0, i1=6, i2=3)
    - MOVE   (10710 -> 10724)  ion 6: Seg3 -> Seg2 via J1
    - MERGE  (10724 -> 10804)  ion 6: Seg2 -> T1
[SHUTTLE 39] ion=7  T0 -> T2  route=T0->J0->J1->T2
    - SPLIT  (10844 -> 10964)  ion 7: T0 -> Seg0 (swap_cnt=1, swap_hops=8, ion_hops=0, i1=7, i2=5)
    - MOVE   (10964 -> 10978)  ion 7: Seg0 -> Seg4 via J0
    - MOVE   (10978 -> 10992)  ion 7: Seg4 -> Seg3 via J1
    - MERGE  (10992 -> 11072)  ion 7: Seg3 -> T2
[SHUTTLE 40] ion=1  T2 -> T1  route=T2->J1->T1
    - SPLIT  (11152 -> 11272)  ion 1: T2 -> Seg3 (swap_cnt=1, swap_hops=4, ion_hops=0, i1=1, i2=7)
    - MOVE   (11272 -> 11286)  ion 1: Seg3 -> Seg2 via J1
    - MERGE  (11286 -> 11366)  ion 1: Seg2 -> T1
[SHUTTLE 41] ion=4  T0 -> T2  route=T0->J0->J1->T2
    - SPLIT  (11406 -> 11526)  ion 4: T0 -> Seg0 (swap_cnt=1, swap_hops=1, ion_hops=0, i1=4, i2=5)
    - MOVE   (11526 -> 11540)  ion 4: Seg0 -> Seg4 via J0
    - MOVE   (11540 -> 11554)  ion 4: Seg4 -> Seg3 via J1
    - MERGE  (11554 -> 11634)  ion 4: Seg3 -> T2
[SHUTTLE 42] ion=6  T1 -> T0  route=T1->J1->J0->T0
    - SPLIT  (11674 -> 11794)  ion 6: T1 -> Seg2 (swap_cnt=1, swap_hops=1, ion_hops=0, i1=6, i2=1)
    - MOVE   (11794 -> 11808)  ion 6: Seg2 -> Seg4 via J1
    - MOVE   (11808 -> 11822)  ion 6: Seg4 -> Seg0 via J0
    - MERGE  (11822 -> 11902)  ion 6: Seg0 -> T0
[SHUTTLE 43] ion=7  T2 -> T1  route=T2->J1->T1
    - SPLIT  (11942 -> 12062)  ion 7: T2 -> Seg3 (swap_cnt=1, swap_hops=1, ion_hops=0, i1=7, i2=4)
    - MOVE   (12062 -> 12076)  ion 7: Seg3 -> Seg2 via J1
    - MERGE  (12076 -> 12156)  ion 7: Seg2 -> T1
[SHUTTLE 44] ion=15  T1 -> T2  route=T1->J1->T2
    - SPLIT  (12236 -> 12356)  ion 15: T1 -> Seg2 (swap_cnt=1, swap_hops=10, ion_hops=0, i1=15, i2=7)
    - MOVE   (12356 -> 12370)  ion 15: Seg2 -> Seg3 via J1
    - MERGE  (12370 -> 12450)  ion 15: Seg3 -> T2
[SHUTTLE 45] ion=12  T2 -> T0  route=T2->J1->J0->T0
    - SPLIT  (12490 -> 12610)  ion 12: T2 -> Seg3 (swap_cnt=1, swap_hops=7, ion_hops=0, i1=12, i2=15)
    - MOVE   (12610 -> 12624)  ion 12: Seg3 -> Seg4 via J1
    - MOVE   (12624 -> 12638)  ion 12: Seg4 -> Seg0 via J0
    - MERGE  (12638 -> 12718)  ion 12: Seg0 -> T0
[SHUTTLE 46] ion=7  T1 -> T0  route=T1->J1->J0->T0
    - SPLIT  (12758 -> 12838)  ion 7: T1 -> Seg2 (swap_cnt=0, swap_hops=0, ion_hops=0, i1=0, i2=0)
    - MOVE   (12838 -> 12852)  ion 7: Seg2 -> Seg4 via J1
    - MOVE   (12852 -> 12866)  ion 7: Seg4 -> Seg0 via J0
    - MERGE  (12866 -> 12946)  ion 7: Seg0 -> T0
[SHUTTLE 47] ion=8  T2 -> T1  route=T2->J1->T1
    - SPLIT  (12986 -> 13106)  ion 8: T2 -> Seg3 (swap_cnt=1, swap_hops=6, ion_hops=0, i1=8, i2=15)
    - MOVE   (13106 -> 13120)  ion 8: Seg3 -> Seg2 via J1
    - MERGE  (13120 -> 13200)  ion 8: Seg2 -> T1
[SHUTTLE 48] ion=2  T2 -> T1  route=T2->J1->T1
    - SPLIT  (13280 -> 13400)  ion 2: T2 -> Seg3 (swap_cnt=1, swap_hops=4, ion_hops=0, i1=2, i2=15)
    - MOVE   (13400 -> 13414)  ion 2: Seg3 -> Seg2 via J1
    - MERGE  (13414 -> 13494)  ion 2: Seg2 -> T1
[SHUTTLE 49] ion=5  T0 -> T2  route=T0->J0->J1->T2
    - SPLIT  (13534 -> 13654)  ion 5: T0 -> Seg0 (swap_cnt=1, swap_hops=3, ion_hops=0, i1=5, i2=7)
    - MOVE   (13654 -> 13668)  ion 5: Seg0 -> Seg4 via J0
    - MOVE   (13668 -> 13682)  ion 5: Seg4 -> Seg3 via J1
    - MERGE  (13682 -> 13762)  ion 5: Seg3 -> T2
[SHUTTLE 50] ion=8  T1 -> T0  route=T1->J1->J0->T0
    - SPLIT  (13802 -> 13922)  ion 8: T1 -> Seg2 (swap_cnt=1, swap_hops=1, ion_hops=0, i1=8, i2=2)
    - MOVE   (13922 -> 13936)  ion 8: Seg2 -> Seg4 via J1
    - MOVE   (13936 -> 13950)  ion 8: Seg4 -> Seg0 via J0
    - MERGE  (13950 -> 14030)  ion 8: Seg0 -> T0
[SHUTTLE 51] ion=0  T1 -> T3  route=T1->J1->J0->T3
    - SPLIT  (14150 -> 14270)  ion 0: T1 -> Seg2 (swap_cnt=1, swap_hops=2, ion_hops=0, i1=0, i2=2)
    - MOVE   (14270 -> 14284)  ion 0: Seg2 -> Seg4 via J1
    - MOVE   (14284 -> 14298)  ion 0: Seg4 -> Seg1 via J0
    - MERGE  (14298 -> 14378)  ion 0: Seg1 -> T3
[SHUTTLE 52] ion=3  T2 -> T1  route=T2->J1->T1
    - SPLIT  (14418 -> 14538)  ion 3: T2 -> Seg3 (swap_cnt=1, swap_hops=3, ion_hops=0, i1=3, i2=5)
    - MOVE   (14538 -> 14552)  ion 3: Seg3 -> Seg2 via J1
    - MERGE  (14552 -> 14632)  ion 3: Seg2 -> T1
[SHUTTLE 53] ion=6  T0 -> T2  route=T0->J0->J1->T2
    - SPLIT  (14672 -> 14792)  ion 6: T0 -> Seg0 (swap_cnt=1, swap_hops=3, ion_hops=0, i1=6, i2=8)
    - MOVE   (14792 -> 14806)  ion 6: Seg0 -> Seg4 via J0
    - MOVE   (14806 -> 14820)  ion 6: Seg4 -> Seg3 via J1
    - MERGE  (14820 -> 14900)  ion 6: Seg3 -> T2
[SHUTTLE 54] ion=9  T1 -> T0  route=T1->J1->J0->T0
    - SPLIT  (14940 -> 15060)  ion 9: T1 -> Seg2 (swap_cnt=1, swap_hops=10, ion_hops=0, i1=9, i2=3)
    - MOVE   (15060 -> 15074)  ion 9: Seg2 -> Seg4 via J1
    - MOVE   (15074 -> 15088)  ion 9: Seg4 -> Seg0 via J0
    - MERGE  (15088 -> 15168)  ion 9: Seg0 -> T0
[SHUTTLE 55] ion=0  T3 -> T0  route=T3->J0->T0
    - SPLIT  (15288 -> 15368)  ion 0: T3 -> Seg1 (swap_cnt=0, swap_hops=0, ion_hops=0, i1=0, i2=0)
    - MOVE   (15368 -> 15382)  ion 0: Seg1 -> Seg0 via J0
    - MERGE  (15382 -> 15462)  ion 0: Seg0 -> T0
[SHUTTLE 56] ion=1  T1 -> T3  route=T1->J1->J0->T3
    - SPLIT  (15502 -> 15622)  ion 1: T1 -> Seg2 (swap_cnt=1, swap_hops=2, ion_hops=0, i1=1, i2=3)
    - MOVE   (15622 -> 15636)  ion 1: Seg2 -> Seg4 via J1
    - MOVE   (15636 -> 15650)  ion 1: Seg4 -> Seg1 via J0
    - MERGE  (15650 -> 15730)  ion 1: Seg1 -> T3
[SHUTTLE 57] ion=4  T2 -> T1  route=T2->J1->T1
    - SPLIT  (15770 -> 15890)  ion 4: T2 -> Seg3 (swap_cnt=1, swap_hops=3, ion_hops=0, i1=4, i2=6)
    - MOVE   (15890 -> 15904)  ion 4: Seg3 -> Seg2 via J1
    - MERGE  (15904 -> 15984)  ion 4: Seg2 -> T1
[SHUTTLE 58] ion=7  T0 -> T2  route=T0->J0->J1->T2
    - SPLIT  (16024 -> 16144)  ion 7: T0 -> Seg0 (swap_cnt=1, swap_hops=3, ion_hops=0, i1=7, i2=0)
    - MOVE   (16144 -> 16158)  ion 7: Seg0 -> Seg4 via J0
    - MOVE   (16158 -> 16172)  ion 7: Seg4 -> Seg3 via J1
    - MERGE  (16172 -> 16252)  ion 7: Seg3 -> T2
[SHUTTLE 59] ion=1  T3 -> T0  route=T3->J0->T0
    - SPLIT  (16372 -> 16452)  ion 1: T3 -> Seg1 (swap_cnt=0, swap_hops=0, ion_hops=0, i1=0, i2=0)
    - MOVE   (16452 -> 16466)  ion 1: Seg1 -> Seg0 via J0
    - MERGE  (16466 -> 16546)  ion 1: Seg0 -> T0
[SHUTTLE 60] ion=2  T1 -> T3  route=T1->J1->J0->T3
    - SPLIT  (16586 -> 16706)  ion 2: T1 -> Seg2 (swap_cnt=1, swap_hops=2, ion_hops=0, i1=2, i2=4)
    - MOVE   (16706 -> 16720)  ion 2: Seg2 -> Seg4 via J1
    - MOVE   (16720 -> 16734)  ion 2: Seg4 -> Seg1 via J0
    - MERGE  (16734 -> 16814)  ion 2: Seg1 -> T3
[SHUTTLE 61] ion=5  T2 -> T1  route=T2->J1->T1
    - SPLIT  (16854 -> 16974)  ion 5: T2 -> Seg3 (swap_cnt=1, swap_hops=2, ion_hops=0, i1=5, i2=7)
    - MOVE   (16974 -> 16988)  ion 5: Seg3 -> Seg2 via J1
    - MERGE  (16988 -> 17068)  ion 5: Seg2 -> T1
[SHUTTLE 62] ion=8  T0 -> T2  route=T0->J0->J1->T2
    - SPLIT  (17108 -> 17228)  ion 8: T0 -> Seg0 (swap_cnt=1, swap_hops=3, ion_hops=0, i1=8, i2=1)
    - MOVE   (17228 -> 17242)  ion 8: Seg0 -> Seg4 via J0
    - MOVE   (17242 -> 17256)  ion 8: Seg4 -> Seg3 via J1
    - MERGE  (17256 -> 17336)  ion 8: Seg3 -> T2
[SHUTTLE 63] ion=0  T0 -> T1  route=T0->J0->J1->T1
    - SPLIT  (17456 -> 17576)  ion 0: T0 -> Seg0 (swap_cnt=1, swap_hops=1, ion_hops=0, i1=0, i2=1)
    - MOVE   (17576 -> 17590)  ion 0: Seg0 -> Seg4 via J0
    - MOVE   (17590 -> 17604)  ion 0: Seg4 -> Seg2 via J1
    - MERGE  (17604 -> 17684)  ion 0: Seg2 -> T1
[SHUTTLE 64] ion=2  T3 -> T0  route=T3->J0->T0
    - SPLIT  (17724 -> 17804)  ion 2: T3 -> Seg1 (swap_cnt=0, swap_hops=0, ion_hops=0, i1=0, i2=0)
    - MOVE   (17804 -> 17818)  ion 2: Seg1 -> Seg0 via J0
    - MERGE  (17818 -> 17898)  ion 2: Seg0 -> T0
[SHUTTLE 65] ion=3  T1 -> T3  route=T1->J1->J0->T3
    - SPLIT  (17938 -> 18058)  ion 3: T1 -> Seg2 (swap_cnt=1, swap_hops=3, ion_hops=0, i1=3, i2=0)
    - MOVE   (18058 -> 18072)  ion 3: Seg2 -> Seg4 via J1
    - MOVE   (18072 -> 18086)  ion 3: Seg4 -> Seg1 via J0
    - MERGE  (18086 -> 18166)  ion 3: Seg1 -> T3
[SHUTTLE 66] ion=6  T2 -> T1  route=T2->J1->T1
    - SPLIT  (18206 -> 18326)  ion 6: T2 -> Seg3 (swap_cnt=1, swap_hops=2, ion_hops=0, i1=6, i2=8)
    - MOVE   (18326 -> 18340)  ion 6: Seg3 -> Seg2 via J1
    - MERGE  (18340 -> 18420)  ion 6: Seg2 -> T1
[SHUTTLE 67] ion=9  T0 -> T2  route=T0->J0->J1->T2
    - SPLIT  (18460 -> 18580)  ion 9: T0 -> Seg0 (swap_cnt=1, swap_hops=2, ion_hops=0, i1=9, i2=2)
    - MOVE   (18580 -> 18594)  ion 9: Seg0 -> Seg4 via J0
    - MOVE   (18594 -> 18608)  ion 9: Seg4 -> Seg3 via J1
    - MERGE  (18608 -> 18688)  ion 9: Seg3 -> T2
[SHUTTLE 68] ion=0  T1 -> T0  route=T1->J1->J0->T0
    - SPLIT  (18808 -> 18928)  ion 0: T1 -> Seg2 (swap_cnt=1, swap_hops=1, ion_hops=0, i1=0, i2=6)
    - MOVE   (18928 -> 18942)  ion 0: Seg2 -> Seg4 via J1
    - MOVE   (18942 -> 18956)  ion 0: Seg4 -> Seg0 via J0
    - MERGE  (18956 -> 19036)  ion 0: Seg0 -> T0
[SHUTTLE 69] ion=1  T0 -> T1  route=T0->J0->J1->T1
    - SPLIT  (19076 -> 19196)  ion 1: T0 -> Seg0 (swap_cnt=1, swap_hops=2, ion_hops=0, i1=1, i2=0)
    - MOVE   (19196 -> 19210)  ion 1: Seg0 -> Seg4 via J0
    - MOVE   (19210 -> 19224)  ion 1: Seg4 -> Seg2 via J1
    - MERGE  (19224 -> 19304)  ion 1: Seg2 -> T1
[SHUTTLE 70] ion=3  T3 -> T0  route=T3->J0->T0
    - SPLIT  (19344 -> 19424)  ion 3: T3 -> Seg1 (swap_cnt=0, swap_hops=0, ion_hops=0, i1=0, i2=0)
    - MOVE   (19424 -> 19438)  ion 3: Seg1 -> Seg0 via J0
    - MERGE  (19438 -> 19518)  ion 3: Seg0 -> T0
[SHUTTLE 71] ion=4  T1 -> T3  route=T1->J1->J0->T3
    - SPLIT  (19558 -> 19678)  ion 4: T1 -> Seg2 (swap_cnt=1, swap_hops=3, ion_hops=0, i1=4, i2=1)
    - MOVE   (19678 -> 19692)  ion 4: Seg2 -> Seg4 via J1
    - MOVE   (19692 -> 19706)  ion 4: Seg4 -> Seg1 via J0
    - MERGE  (19706 -> 19786)  ion 4: Seg1 -> T3
[SHUTTLE 72] ion=7  T2 -> T1  route=T2->J1->T1
    - SPLIT  (19826 -> 19946)  ion 7: T2 -> Seg3 (swap_cnt=1, swap_hops=2, ion_hops=0, i1=7, i2=9)
    - MOVE   (19946 -> 19960)  ion 7: Seg3 -> Seg2 via J1
    - MERGE  (19960 -> 20040)  ion 7: Seg2 -> T1
[SHUTTLE 73] ion=10  T0 -> T2  route=T0->J0->J1->T2
    - SPLIT  (20080 -> 20200)  ion 10: T0 -> Seg0 (swap_cnt=1, swap_hops=9, ion_hops=0, i1=10, i2=3)
    - MOVE   (20200 -> 20214)  ion 10: Seg0 -> Seg4 via J0
    - MOVE   (20214 -> 20228)  ion 10: Seg4 -> Seg3 via J1
    - MERGE  (20228 -> 20308)  ion 10: Seg3 -> T2
[SHUTTLE 74] ion=0  T0 -> T2  route=T0->J0->J1->T2
    - SPLIT  (20428 -> 20548)  ion 0: T0 -> Seg0 (swap_cnt=1, swap_hops=1, ion_hops=0, i1=0, i2=3)
    - MOVE   (20548 -> 20562)  ion 0: Seg0 -> Seg4 via J0
    - MOVE   (20562 -> 20576)  ion 0: Seg4 -> Seg3 via J1
    - MERGE  (20576 -> 20656)  ion 0: Seg3 -> T2
[SHUTTLE 75] ion=1  T1 -> T0  route=T1->J1->J0->T0
    - SPLIT  (20696 -> 20816)  ion 1: T1 -> Seg2 (swap_cnt=1, swap_hops=1, ion_hops=0, i1=1, i2=7)
    - MOVE   (20816 -> 20830)  ion 1: Seg2 -> Seg4 via J1
    - MOVE   (20830 -> 20844)  ion 1: Seg4 -> Seg0 via J0
    - MERGE  (20844 -> 20924)  ion 1: Seg0 -> T0
[SHUTTLE 76] ion=2  T0 -> T1  route=T0->J0->J1->T1
    - SPLIT  (20964 -> 21084)  ion 2: T0 -> Seg0 (swap_cnt=1, swap_hops=2, ion_hops=0, i1=2, i2=1)
    - MOVE   (21084 -> 21098)  ion 2: Seg0 -> Seg4 via J0
    - MOVE   (21098 -> 21112)  ion 2: Seg4 -> Seg2 via J1
    - MERGE  (21112 -> 21192)  ion 2: Seg2 -> T1
[SHUTTLE 77] ion=4  T3 -> T0  route=T3->J0->T0
    - SPLIT  (21232 -> 21312)  ion 4: T3 -> Seg1 (swap_cnt=0, swap_hops=0, ion_hops=0, i1=0, i2=0)
    - MOVE   (21312 -> 21326)  ion 4: Seg1 -> Seg0 via J0
    - MERGE  (21326 -> 21406)  ion 4: Seg0 -> T0
[SHUTTLE 78] ion=5  T1 -> T3  route=T1->J1->J0->T3
    - SPLIT  (21446 -> 21566)  ion 5: T1 -> Seg2 (swap_cnt=1, swap_hops=3, ion_hops=0, i1=5, i2=2)
    - MOVE   (21566 -> 21580)  ion 5: Seg2 -> Seg4 via J1
    - MOVE   (21580 -> 21594)  ion 5: Seg4 -> Seg1 via J0
    - MERGE  (21594 -> 21674)  ion 5: Seg1 -> T3
[SHUTTLE 79] ion=8  T2 -> T1  route=T2->J1->T1
    - SPLIT  (21714 -> 21834)  ion 8: T2 -> Seg3 (swap_cnt=1, swap_hops=3, ion_hops=0, i1=8, i2=0)
    - MOVE   (21834 -> 21848)  ion 8: Seg3 -> Seg2 via J1
    - MERGE  (21848 -> 21928)  ion 8: Seg2 -> T1
[SHUTTLE 80] ion=11  T0 -> T2  route=T0->J0->J1->T2
    - SPLIT  (21968 -> 22088)  ion 11: T0 -> Seg0 (swap_cnt=1, swap_hops=8, ion_hops=0, i1=11, i2=4)
    - MOVE   (22088 -> 22102)  ion 11: Seg0 -> Seg4 via J0
    - MOVE   (22102 -> 22116)  ion 11: Seg4 -> Seg3 via J1
    - MERGE  (22116 -> 22196)  ion 11: Seg3 -> T2
[SHUTTLE 81] ion=1  T0 -> T2  route=T0->J0->J1->T2
    - SPLIT  (22316 -> 22436)  ion 1: T0 -> Seg0 (swap_cnt=1, swap_hops=1, ion_hops=0, i1=1, i2=4)
    - MOVE   (22436 -> 22450)  ion 1: Seg0 -> Seg4 via J0
    - MOVE   (22450 -> 22464)  ion 1: Seg4 -> Seg3 via J1
    - MERGE  (22464 -> 22544)  ion 1: Seg3 -> T2
[SHUTTLE 82] ion=2  T1 -> T0  route=T1->J1->J0->T0
    - SPLIT  (22584 -> 22704)  ion 2: T1 -> Seg2 (swap_cnt=1, swap_hops=1, ion_hops=0, i1=2, i2=8)
    - MOVE   (22704 -> 22718)  ion 2: Seg2 -> Seg4 via J1
    - MOVE   (22718 -> 22732)  ion 2: Seg4 -> Seg0 via J0
    - MERGE  (22732 -> 22812)  ion 2: Seg0 -> T0
[SHUTTLE 83] ion=3  T0 -> T1  route=T0->J0->J1->T1
    - SPLIT  (22852 -> 22972)  ion 3: T0 -> Seg0 (swap_cnt=1, swap_hops=2, ion_hops=0, i1=3, i2=2)
    - MOVE   (22972 -> 22986)  ion 3: Seg0 -> Seg4 via J0
    - MOVE   (22986 -> 23000)  ion 3: Seg4 -> Seg2 via J1
    - MERGE  (23000 -> 23080)  ion 3: Seg2 -> T1
[SHUTTLE 84] ion=5  T3 -> T0  route=T3->J0->T0
    - SPLIT  (23120 -> 23200)  ion 5: T3 -> Seg1 (swap_cnt=0, swap_hops=0, ion_hops=0, i1=0, i2=0)
    - MOVE   (23200 -> 23214)  ion 5: Seg1 -> Seg0 via J0
    - MERGE  (23214 -> 23294)  ion 5: Seg0 -> T0
[SHUTTLE 85] ion=6  T1 -> T3  route=T1->J1->J0->T3
    - SPLIT  (23334 -> 23454)  ion 6: T1 -> Seg2 (swap_cnt=1, swap_hops=3, ion_hops=0, i1=6, i2=3)
    - MOVE   (23454 -> 23468)  ion 6: Seg2 -> Seg4 via J1
    - MOVE   (23468 -> 23482)  ion 6: Seg4 -> Seg1 via J0
    - MERGE  (23482 -> 23562)  ion 6: Seg1 -> T3
[SHUTTLE 86] ion=9  T2 -> T1  route=T2->J1->T1
    - SPLIT  (23602 -> 23722)  ion 9: T2 -> Seg3 (swap_cnt=1, swap_hops=4, ion_hops=0, i1=9, i2=1)
    - MOVE   (23722 -> 23736)  ion 9: Seg3 -> Seg2 via J1
    - MERGE  (23736 -> 23816)  ion 9: Seg2 -> T1
[SHUTTLE 87] ion=12  T0 -> T2  route=T0->J0->J1->T2
    - SPLIT  (23856 -> 23976)  ion 12: T0 -> Seg0 (swap_cnt=1, swap_hops=3, ion_hops=0, i1=12, i2=5)
    - MOVE   (23976 -> 23990)  ion 12: Seg0 -> Seg4 via J0
    - MOVE   (23990 -> 24004)  ion 12: Seg4 -> Seg3 via J1
    - MERGE  (24004 -> 24084)  ion 12: Seg3 -> T2
[SHUTTLE 88] ion=0  T2 -> T1  route=T2->J1->T1
    - SPLIT  (24204 -> 24324)  ion 0: T2 -> Seg3 (swap_cnt=1, swap_hops=3, ion_hops=0, i1=0, i2=12)
    - MOVE   (24324 -> 24338)  ion 0: Seg3 -> Seg2 via J1
    - MERGE  (24338 -> 24418)  ion 0: Seg2 -> T1
[SHUTTLE 89] ion=2  T0 -> T2  route=T0->J0->J1->T2
    - SPLIT  (24458 -> 24578)  ion 2: T0 -> Seg0 (swap_cnt=1, swap_hops=1, ion_hops=0, i1=2, i2=5)
    - MOVE   (24578 -> 24592)  ion 2: Seg0 -> Seg4 via J0
    - MOVE   (24592 -> 24606)  ion 2: Seg4 -> Seg3 via J1
    - MERGE  (24606 -> 24686)  ion 2: Seg3 -> T2
[SHUTTLE 90] ion=3  T1 -> T0  route=T1->J1->J0->T0
    - SPLIT  (24726 -> 24846)  ion 3: T1 -> Seg2 (swap_cnt=1, swap_hops=2, ion_hops=0, i1=3, i2=0)
    - MOVE   (24846 -> 24860)  ion 3: Seg2 -> Seg4 via J1
    - MOVE   (24860 -> 24874)  ion 3: Seg4 -> Seg0 via J0
    - MERGE  (24874 -> 24954)  ion 3: Seg0 -> T0
[SHUTTLE 91] ion=4  T0 -> T1  route=T0->J0->J1->T1
    - SPLIT  (24994 -> 25114)  ion 4: T0 -> Seg0 (swap_cnt=1, swap_hops=2, ion_hops=0, i1=4, i2=3)
    - MOVE   (25114 -> 25128)  ion 4: Seg0 -> Seg4 via J0
    - MOVE   (25128 -> 25142)  ion 4: Seg4 -> Seg2 via J1
    - MERGE  (25142 -> 25222)  ion 4: Seg2 -> T1
[SHUTTLE 92] ion=6  T3 -> T0  route=T3->J0->T0
    - SPLIT  (25262 -> 25342)  ion 6: T3 -> Seg1 (swap_cnt=0, swap_hops=0, ion_hops=0, i1=0, i2=0)
    - MOVE   (25342 -> 25356)  ion 6: Seg1 -> Seg0 via J0
    - MERGE  (25356 -> 25436)  ion 6: Seg0 -> T0
[SHUTTLE 93] ion=7  T1 -> T3  route=T1->J1->J0->T3
    - SPLIT  (25476 -> 25596)  ion 7: T1 -> Seg2 (swap_cnt=1, swap_hops=4, ion_hops=0, i1=7, i2=4)
    - MOVE   (25596 -> 25610)  ion 7: Seg2 -> Seg4 via J1
    - MOVE   (25610 -> 25624)  ion 7: Seg4 -> Seg1 via J0
    - MERGE  (25624 -> 25704)  ion 7: Seg1 -> T3
[SHUTTLE 94] ion=10  T2 -> T1  route=T2->J1->T1
    - SPLIT  (25744 -> 25864)  ion 10: T2 -> Seg3 (swap_cnt=1, swap_hops=4, ion_hops=0, i1=10, i2=2)
    - MOVE   (25864 -> 25878)  ion 10: Seg3 -> Seg2 via J1
    - MERGE  (25878 -> 25958)  ion 10: Seg2 -> T1
[SHUTTLE 95] ion=26  T1 -> T2  route=T1->J1->T2
    - SPLIT  (26078 -> 26198)  ion 26: T1 -> Seg2 (swap_cnt=1, swap_hops=7, ion_hops=0, i1=26, i2=10)
    - MOVE   (26198 -> 26212)  ion 26: Seg2 -> Seg3 via J1
    - MERGE  (26212 -> 26292)  ion 26: Seg3 -> T2
[SHUTTLE 96] ion=24  T2 -> T0  route=T2->J1->J0->T0
    - SPLIT  (26332 -> 26452)  ion 24: T2 -> Seg3 (swap_cnt=1, swap_hops=8, ion_hops=0, i1=24, i2=26)
    - MOVE   (26452 -> 26466)  ion 24: Seg3 -> Seg4 via J1
    - MOVE   (26466 -> 26480)  ion 24: Seg4 -> Seg0 via J0
    - MERGE  (26480 -> 26560)  ion 24: Seg0 -> T0
[SHUTTLE 97] ion=4  T1 -> T0  route=T1->J1->J0->T0
    - SPLIT  (26600 -> 26720)  ion 4: T1 -> Seg2 (swap_cnt=1, swap_hops=1, ion_hops=0, i1=4, i2=10)
    - MOVE   (26720 -> 26734)  ion 4: Seg2 -> Seg4 via J1
    - MOVE   (26734 -> 26748)  ion 4: Seg4 -> Seg0 via J0
    - MERGE  (26748 -> 26828)  ion 4: Seg0 -> T0
[SHUTTLE 98] ion=5  T0 -> T1  route=T0->J0->J1->T1
    - SPLIT  (26868 -> 26988)  ion 5: T0 -> Seg0 (swap_cnt=1, swap_hops=4, ion_hops=0, i1=5, i2=4)
    - MOVE   (26988 -> 27002)  ion 5: Seg0 -> Seg4 via J0
    - MOVE   (27002 -> 27016)  ion 5: Seg4 -> Seg2 via J1
    - MERGE  (27016 -> 27096)  ion 5: Seg2 -> T1
[SHUTTLE 99] ion=7  T3 -> T0  route=T3->J0->T0
    - SPLIT  (27136 -> 27216)  ion 7: T3 -> Seg1 (swap_cnt=0, swap_hops=0, ion_hops=0, i1=0, i2=0)
    - MOVE   (27216 -> 27230)  ion 7: Seg1 -> Seg0 via J0
    - MERGE  (27230 -> 27310)  ion 7: Seg0 -> T0
[SHUTTLE 100] ion=8  T1 -> T3  route=T1->J1->J0->T3
    - SPLIT  (27350 -> 27470)  ion 8: T1 -> Seg2 (swap_cnt=1, swap_hops=4, ion_hops=0, i1=8, i2=5)
    - MOVE   (27470 -> 27484)  ion 8: Seg2 -> Seg4 via J1
    - MOVE   (27484 -> 27498)  ion 8: Seg4 -> Seg1 via J0
    - MERGE  (27498 -> 27578)  ion 8: Seg1 -> T3
[SHUTTLE 101] ion=11  T2 -> T1  route=T2->J1->T1
    - SPLIT  (27618 -> 27738)  ion 11: T2 -> Seg3 (swap_cnt=1, swap_hops=4, ion_hops=0, i1=11, i2=26)
    - MOVE   (27738 -> 27752)  ion 11: Seg3 -> Seg2 via J1
    - MERGE  (27752 -> 27832)  ion 11: Seg2 -> T1
[SHUTTLE 102] ion=1  T2 -> T1  route=T2->J1->T1
    - SPLIT  (27952 -> 28072)  ion 1: T2 -> Seg3 (swap_cnt=1, swap_hops=3, ion_hops=0, i1=1, i2=26)
    - MOVE   (28072 -> 28086)  ion 1: Seg3 -> Seg2 via J1
    - MERGE  (28086 -> 28166)  ion 1: Seg2 -> T1
[SHUTTLE 103] ion=3  T0 -> T2  route=T0->J0->J1->T2
    - SPLIT  (28206 -> 28326)  ion 3: T0 -> Seg0 (swap_cnt=1, swap_hops=4, ion_hops=0, i1=3, i2=7)
    - MOVE   (28326 -> 28340)  ion 3: Seg0 -> Seg4 via J0
    - MOVE   (28340 -> 28354)  ion 3: Seg4 -> Seg3 via J1
    - MERGE  (28354 -> 28434)  ion 3: Seg3 -> T2
[SHUTTLE 104] ion=5  T1 -> T0  route=T1->J1->J0->T0
    - SPLIT  (28474 -> 28594)  ion 5: T1 -> Seg2 (swap_cnt=1, swap_hops=2, ion_hops=0, i1=5, i2=1)
    - MOVE   (28594 -> 28608)  ion 5: Seg2 -> Seg4 via J1
    - MOVE   (28608 -> 28622)  ion 5: Seg4 -> Seg0 via J0
    - MERGE  (28622 -> 28702)  ion 5: Seg0 -> T0
[SHUTTLE 105] ion=6  T0 -> T1  route=T0->J0->J1->T1
    - SPLIT  (28742 -> 28862)  ion 6: T0 -> Seg0 (swap_cnt=1, swap_hops=4, ion_hops=0, i1=6, i2=5)
    - MOVE   (28862 -> 28876)  ion 6: Seg0 -> Seg4 via J0
    - MOVE   (28876 -> 28890)  ion 6: Seg4 -> Seg2 via J1
    - MERGE  (28890 -> 28970)  ion 6: Seg2 -> T1
[SHUTTLE 106] ion=8  T3 -> T0  route=T3->J0->T0
    - SPLIT  (29010 -> 29090)  ion 8: T3 -> Seg1 (swap_cnt=0, swap_hops=0, ion_hops=0, i1=0, i2=0)
    - MOVE   (29090 -> 29104)  ion 8: Seg1 -> Seg0 via J0
    - MERGE  (29104 -> 29184)  ion 8: Seg0 -> T0
[SHUTTLE 107] ion=9  T1 -> T3  route=T1->J1->J0->T3
    - SPLIT  (29224 -> 29344)  ion 9: T1 -> Seg2 (swap_cnt=1, swap_hops=5, ion_hops=0, i1=9, i2=6)
    - MOVE   (29344 -> 29358)  ion 9: Seg2 -> Seg4 via J1
    - MOVE   (29358 -> 29372)  ion 9: Seg4 -> Seg1 via J0
    - MERGE  (29372 -> 29452)  ion 9: Seg1 -> T3
[SHUTTLE 108] ion=12  T2 -> T1  route=T2->J1->T1
    - SPLIT  (29492 -> 29612)  ion 12: T2 -> Seg3 (swap_cnt=1, swap_hops=3, ion_hops=0, i1=12, i2=3)
    - MOVE   (29612 -> 29626)  ion 12: Seg3 -> Seg2 via J1
    - MERGE  (29626 -> 29706)  ion 12: Seg2 -> T1
[SHUTTLE 109] ion=0  T1 -> T0  route=T1->J1->J0->T0
    - SPLIT  (29826 -> 29946)  ion 0: T1 -> Seg2 (swap_cnt=1, swap_hops=5, ion_hops=0, i1=0, i2=12)
    - MOVE   (29946 -> 29960)  ion 0: Seg2 -> Seg4 via J1
    - MOVE   (29960 -> 29974)  ion 0: Seg4 -> Seg0 via J0
    - MERGE  (29974 -> 30054)  ion 0: Seg0 -> T0
[SHUTTLE 110] ion=2  T2 -> T1  route=T2->J1->T1
    - SPLIT  (30094 -> 30214)  ion 2: T2 -> Seg3 (swap_cnt=1, swap_hops=2, ion_hops=0, i1=2, i2=3)
    - MOVE   (30214 -> 30228)  ion 2: Seg3 -> Seg2 via J1
    - MERGE  (30228 -> 30308)  ion 2: Seg2 -> T1
[SHUTTLE 111] ion=4  T0 -> T2  route=T0->J0->J1->T2
    - SPLIT  (30348 -> 30468)  ion 4: T0 -> Seg0 (swap_cnt=1, swap_hops=4, ion_hops=0, i1=4, i2=0)
    - MOVE   (30468 -> 30482)  ion 4: Seg0 -> Seg4 via J0
    - MOVE   (30482 -> 30496)  ion 4: Seg4 -> Seg3 via J1
    - MERGE  (30496 -> 30576)  ion 4: Seg3 -> T2
[SHUTTLE 112] ion=6  T1 -> T0  route=T1->J1->J0->T0
    - SPLIT  (30616 -> 30736)  ion 6: T1 -> Seg2 (swap_cnt=1, swap_hops=2, ion_hops=0, i1=6, i2=2)
    - MOVE   (30736 -> 30750)  ion 6: Seg2 -> Seg4 via J1
    - MOVE   (30750 -> 30764)  ion 6: Seg4 -> Seg0 via J0
    - MERGE  (30764 -> 30844)  ion 6: Seg0 -> T0
[SHUTTLE 113] ion=7  T0 -> T1  route=T0->J0->J1->T1
    - SPLIT  (30884 -> 31004)  ion 7: T0 -> Seg0 (swap_cnt=1, swap_hops=4, ion_hops=0, i1=7, i2=6)
    - MOVE   (31004 -> 31018)  ion 7: Seg0 -> Seg4 via J0
    - MOVE   (31018 -> 31032)  ion 7: Seg4 -> Seg2 via J1
    - MERGE  (31032 -> 31112)  ion 7: Seg2 -> T1
[SHUTTLE 114] ion=9  T3 -> T0  route=T3->J0->T0
    - SPLIT  (31152 -> 31232)  ion 9: T3 -> Seg1 (swap_cnt=0, swap_hops=0, ion_hops=0, i1=0, i2=0)
    - MOVE   (31232 -> 31246)  ion 9: Seg1 -> Seg0 via J0
    - MERGE  (31246 -> 31326)  ion 9: Seg0 -> T0
[SHUTTLE 115] ion=10  T1 -> T3  route=T1->J1->J0->T3
    - SPLIT  (31366 -> 31486)  ion 10: T1 -> Seg2 (swap_cnt=1, swap_hops=5, ion_hops=0, i1=10, i2=7)
    - MOVE   (31486 -> 31500)  ion 10: Seg2 -> Seg4 via J1
    - MOVE   (31500 -> 31514)  ion 10: Seg4 -> Seg1 via J0
    - MERGE  (31514 -> 31594)  ion 10: Seg1 -> T3
[SHUTTLE 116] ion=13  T2 -> T1  route=T2->J1->T1
    - SPLIT  (31634 -> 31754)  ion 13: T2 -> Seg3 (swap_cnt=1, swap_hops=5, ion_hops=0, i1=13, i2=4)
    - MOVE   (31754 -> 31768)  ion 13: Seg3 -> Seg2 via J1
    - MERGE  (31768 -> 31848)  ion 13: Seg2 -> T1
[SHUTTLE 117] ion=0  T0 -> T2  route=T0->J0->J1->T2
    - SPLIT  (31968 -> 32088)  ion 0: T0 -> Seg0 (swap_cnt=1, swap_hops=2, ion_hops=0, i1=0, i2=9)
    - MOVE   (32088 -> 32102)  ion 0: Seg0 -> Seg4 via J0
    - MOVE   (32102 -> 32116)  ion 0: Seg4 -> Seg3 via J1
    - MERGE  (32116 -> 32196)  ion 0: Seg3 -> T2
[SHUTTLE 118] ion=1  T1 -> T0  route=T1->J1->J0->T0
    - SPLIT  (32236 -> 32356)  ion 1: T1 -> Seg2 (swap_cnt=1, swap_hops=4, ion_hops=0, i1=1, i2=13)
    - MOVE   (32356 -> 32370)  ion 1: Seg2 -> Seg4 via J1
    - MOVE   (32370 -> 32384)  ion 1: Seg4 -> Seg0 via J0
    - MERGE  (32384 -> 32464)  ion 1: Seg0 -> T0
[SHUTTLE 119] ion=3  T2 -> T1  route=T2->J1->T1
    - SPLIT  (32504 -> 32624)  ion 3: T2 -> Seg3 (swap_cnt=1, swap_hops=2, ion_hops=0, i1=3, i2=0)
    - MOVE   (32624 -> 32638)  ion 3: Seg3 -> Seg2 via J1
    - MERGE  (32638 -> 32718)  ion 3: Seg2 -> T1
[SHUTTLE 120] ion=5  T0 -> T2  route=T0->J0->J1->T2
    - SPLIT  (32758 -> 32878)  ion 5: T0 -> Seg0 (swap_cnt=1, swap_hops=4, ion_hops=0, i1=5, i2=1)
    - MOVE   (32878 -> 32892)  ion 5: Seg0 -> Seg4 via J0
    - MOVE   (32892 -> 32906)  ion 5: Seg4 -> Seg3 via J1
    - MERGE  (32906 -> 32986)  ion 5: Seg3 -> T2
[SHUTTLE 121] ion=7  T1 -> T0  route=T1->J1->J0->T0
    - SPLIT  (33026 -> 33146)  ion 7: T1 -> Seg2 (swap_cnt=1, swap_hops=2, ion_hops=0, i1=7, i2=3)
    - MOVE   (33146 -> 33160)  ion 7: Seg2 -> Seg4 via J1
    - MOVE   (33160 -> 33174)  ion 7: Seg4 -> Seg0 via J0
    - MERGE  (33174 -> 33254)  ion 7: Seg0 -> T0
[SHUTTLE 122] ion=8  T0 -> T1  route=T0->J0->J1->T1
    - SPLIT  (33294 -> 33414)  ion 8: T0 -> Seg0 (swap_cnt=1, swap_hops=4, ion_hops=0, i1=8, i2=7)
    - MOVE   (33414 -> 33428)  ion 8: Seg0 -> Seg4 via J0
    - MOVE   (33428 -> 33442)  ion 8: Seg4 -> Seg2 via J1
    - MERGE  (33442 -> 33522)  ion 8: Seg2 -> T1
[SHUTTLE 123] ion=10  T3 -> T0  route=T3->J0->T0
    - SPLIT  (33562 -> 33642)  ion 10: T3 -> Seg1 (swap_cnt=0, swap_hops=0, ion_hops=0, i1=0, i2=0)
    - MOVE   (33642 -> 33656)  ion 10: Seg1 -> Seg0 via J0
    - MERGE  (33656 -> 33736)  ion 10: Seg0 -> T0
[SHUTTLE 124] ion=11  T1 -> T3  route=T1->J1->J0->T3
    - SPLIT  (33776 -> 33896)  ion 11: T1 -> Seg2 (swap_cnt=1, swap_hops=5, ion_hops=0, i1=11, i2=8)
    - MOVE   (33896 -> 33910)  ion 11: Seg2 -> Seg4 via J1
    - MOVE   (33910 -> 33924)  ion 11: Seg4 -> Seg1 via J0
    - MERGE  (33924 -> 34004)  ion 11: Seg1 -> T3
[SHUTTLE 125] ion=14  T2 -> T1  route=T2->J1->T1
    - SPLIT  (34044 -> 34164)  ion 14: T2 -> Seg3 (swap_cnt=1, swap_hops=5, ion_hops=0, i1=14, i2=5)
    - MOVE   (34164 -> 34178)  ion 14: Seg3 -> Seg2 via J1
    - MERGE  (34178 -> 34258)  ion 14: Seg2 -> T1
[SHUTTLE 126] ion=1  T0 -> T2  route=T0->J0->J1->T2
    - SPLIT  (34378 -> 34498)  ion 1: T0 -> Seg0 (swap_cnt=1, swap_hops=2, ion_hops=0, i1=1, i2=10)
    - MOVE   (34498 -> 34512)  ion 1: Seg0 -> Seg4 via J0
    - MOVE   (34512 -> 34526)  ion 1: Seg4 -> Seg3 via J1
    - MERGE  (34526 -> 34606)  ion 1: Seg3 -> T2
[SHUTTLE 127] ion=2  T1 -> T0  route=T1->J1->J0->T0
    - SPLIT  (34646 -> 34766)  ion 2: T1 -> Seg2 (swap_cnt=1, swap_hops=4, ion_hops=0, i1=2, i2=14)
    - MOVE   (34766 -> 34780)  ion 2: Seg2 -> Seg4 via J1
    - MOVE   (34780 -> 34794)  ion 2: Seg4 -> Seg0 via J0
    - MERGE  (34794 -> 34874)  ion 2: Seg0 -> T0
[SHUTTLE 128] ion=4  T2 -> T1  route=T2->J1->T1
    - SPLIT  (34914 -> 35034)  ion 4: T2 -> Seg3 (swap_cnt=1, swap_hops=3, ion_hops=0, i1=4, i2=1)
    - MOVE   (35034 -> 35048)  ion 4: Seg3 -> Seg2 via J1
    - MERGE  (35048 -> 35128)  ion 4: Seg2 -> T1
[SHUTTLE 129] ion=6  T0 -> T2  route=T0->J0->J1->T2
    - SPLIT  (35168 -> 35288)  ion 6: T0 -> Seg0 (swap_cnt=1, swap_hops=4, ion_hops=0, i1=6, i2=2)
    - MOVE   (35288 -> 35302)  ion 6: Seg0 -> Seg4 via J0
    - MOVE   (35302 -> 35316)  ion 6: Seg4 -> Seg3 via J1
    - MERGE  (35316 -> 35396)  ion 6: Seg3 -> T2
[SHUTTLE 130] ion=8  T1 -> T0  route=T1->J1->J0->T0
    - SPLIT  (35436 -> 35556)  ion 8: T1 -> Seg2 (swap_cnt=1, swap_hops=2, ion_hops=0, i1=8, i2=4)
    - MOVE   (35556 -> 35570)  ion 8: Seg2 -> Seg4 via J1
    - MOVE   (35570 -> 35584)  ion 8: Seg4 -> Seg0 via J0
    - MERGE  (35584 -> 35664)  ion 8: Seg0 -> T0
[SHUTTLE 131] ion=9  T0 -> T1  route=T0->J0->J1->T1
    - SPLIT  (35704 -> 35824)  ion 9: T0 -> Seg0 (swap_cnt=1, swap_hops=4, ion_hops=0, i1=9, i2=8)
    - MOVE   (35824 -> 35838)  ion 9: Seg0 -> Seg4 via J0
    - MOVE   (35838 -> 35852)  ion 9: Seg4 -> Seg2 via J1
    - MERGE  (35852 -> 35932)  ion 9: Seg2 -> T1
[SHUTTLE 132] ion=11  T3 -> T0  route=T3->J0->T0
    - SPLIT  (35972 -> 36052)  ion 11: T3 -> Seg1 (swap_cnt=0, swap_hops=0, ion_hops=0, i1=0, i2=0)
    - MOVE   (36052 -> 36066)  ion 11: Seg1 -> Seg0 via J0
    - MERGE  (36066 -> 36146)  ion 11: Seg0 -> T0
[SHUTTLE 133] ion=12  T1 -> T3  route=T1->J1->J0->T3
    - SPLIT  (36186 -> 36306)  ion 12: T1 -> Seg2 (swap_cnt=1, swap_hops=5, ion_hops=0, i1=12, i2=9)
    - MOVE   (36306 -> 36320)  ion 12: Seg2 -> Seg4 via J1
    - MOVE   (36320 -> 36334)  ion 12: Seg4 -> Seg1 via J0
    - MERGE  (36334 -> 36414)  ion 12: Seg1 -> T3
[SHUTTLE 134] ion=15  T2 -> T1  route=T2->J1->T1
    - SPLIT  (36454 -> 36574)  ion 15: T2 -> Seg3 (swap_cnt=1, swap_hops=5, ion_hops=0, i1=15, i2=6)
    - MOVE   (36574 -> 36588)  ion 15: Seg3 -> Seg2 via J1
    - MERGE  (36588 -> 36668)  ion 15: Seg2 -> T1
[SHUTTLE 135] ion=2  T0 -> T2  route=T0->J0->J1->T2
    - SPLIT  (36788 -> 36908)  ion 2: T0 -> Seg0 (swap_cnt=1, swap_hops=2, ion_hops=0, i1=2, i2=11)
    - MOVE   (36908 -> 36922)  ion 2: Seg0 -> Seg4 via J0
    - MOVE   (36922 -> 36936)  ion 2: Seg4 -> Seg3 via J1
    - MERGE  (36936 -> 37016)  ion 2: Seg3 -> T2
[SHUTTLE 136] ion=3  T1 -> T0  route=T1->J1->J0->T0
    - SPLIT  (37056 -> 37176)  ion 3: T1 -> Seg2 (swap_cnt=1, swap_hops=4, ion_hops=0, i1=3, i2=15)
    - MOVE   (37176 -> 37190)  ion 3: Seg2 -> Seg4 via J1
    - MOVE   (37190 -> 37204)  ion 3: Seg4 -> Seg0 via J0
    - MERGE  (37204 -> 37284)  ion 3: Seg0 -> T0
[SHUTTLE 137] ion=5  T2 -> T1  route=T2->J1->T1
    - SPLIT  (37324 -> 37444)  ion 5: T2 -> Seg3 (swap_cnt=1, swap_hops=3, ion_hops=0, i1=5, i2=2)
    - MOVE   (37444 -> 37458)  ion 5: Seg3 -> Seg2 via J1
    - MERGE  (37458 -> 37538)  ion 5: Seg2 -> T1
[SHUTTLE 138] ion=7  T0 -> T2  route=T0->J0->J1->T2
    - SPLIT  (37578 -> 37698)  ion 7: T0 -> Seg0 (swap_cnt=1, swap_hops=4, ion_hops=0, i1=7, i2=3)
    - MOVE   (37698 -> 37712)  ion 7: Seg0 -> Seg4 via J0
    - MOVE   (37712 -> 37726)  ion 7: Seg4 -> Seg3 via J1
    - MERGE  (37726 -> 37806)  ion 7: Seg3 -> T2
[SHUTTLE 139] ion=9  T1 -> T0  route=T1->J1->J0->T0
    - SPLIT  (37846 -> 37966)  ion 9: T1 -> Seg2 (swap_cnt=1, swap_hops=2, ion_hops=0, i1=9, i2=5)
    - MOVE   (37966 -> 37980)  ion 9: Seg2 -> Seg4 via J1
    - MOVE   (37980 -> 37994)  ion 9: Seg4 -> Seg0 via J0
    - MERGE  (37994 -> 38074)  ion 9: Seg0 -> T0
[SHUTTLE 140] ion=10  T0 -> T1  route=T0->J0->J1->T1
    - SPLIT  (38114 -> 38234)  ion 10: T0 -> Seg0 (swap_cnt=1, swap_hops=4, ion_hops=0, i1=10, i2=9)
    - MOVE   (38234 -> 38248)  ion 10: Seg0 -> Seg4 via J0
    - MOVE   (38248 -> 38262)  ion 10: Seg4 -> Seg2 via J1
    - MERGE  (38262 -> 38342)  ion 10: Seg2 -> T1
[SHUTTLE 141] ion=12  T3 -> T0  route=T3->J0->T0
    - SPLIT  (38382 -> 38462)  ion 12: T3 -> Seg1 (swap_cnt=0, swap_hops=0, ion_hops=0, i1=0, i2=0)
    - MOVE   (38462 -> 38476)  ion 12: Seg1 -> Seg0 via J0
    - MERGE  (38476 -> 38556)  ion 12: Seg0 -> T0
[SHUTTLE 142] ion=13  T1 -> T3  route=T1->J1->J0->T3
    - SPLIT  (38596 -> 38716)  ion 13: T1 -> Seg2 (swap_cnt=1, swap_hops=5, ion_hops=0, i1=13, i2=10)
    - MOVE   (38716 -> 38730)  ion 13: Seg2 -> Seg4 via J1
    - MOVE   (38730 -> 38744)  ion 13: Seg4 -> Seg1 via J0
    - MERGE  (38744 -> 38824)  ion 13: Seg1 -> T3
[SHUTTLE 143] ion=3  T0 -> T2  route=T0->J0->J1->T2
    - SPLIT  (38904 -> 39024)  ion 3: T0 -> Seg0 (swap_cnt=1, swap_hops=2, ion_hops=0, i1=3, i2=12)
    - MOVE   (39024 -> 39038)  ion 3: Seg0 -> Seg4 via J0
    - MOVE   (39038 -> 39052)  ion 3: Seg4 -> Seg3 via J1
    - MERGE  (39052 -> 39132)  ion 3: Seg3 -> T2
[SHUTTLE 144] ion=4  T1 -> T0  route=T1->J1->J0->T0
    - SPLIT  (39172 -> 39292)  ion 4: T1 -> Seg2 (swap_cnt=1, swap_hops=3, ion_hops=0, i1=4, i2=10)
    - MOVE   (39292 -> 39306)  ion 4: Seg2 -> Seg4 via J1
    - MOVE   (39306 -> 39320)  ion 4: Seg4 -> Seg0 via J0
    - MERGE  (39320 -> 39400)  ion 4: Seg0 -> T0
[SHUTTLE 145] ion=6  T2 -> T1  route=T2->J1->T1
    - SPLIT  (39440 -> 39560)  ion 6: T2 -> Seg3 (swap_cnt=1, swap_hops=3, ion_hops=0, i1=6, i2=3)
    - MOVE   (39560 -> 39574)  ion 6: Seg3 -> Seg2 via J1
    - MERGE  (39574 -> 39654)  ion 6: Seg2 -> T1
[SHUTTLE 146] ion=8  T0 -> T2  route=T0->J0->J1->T2
    - SPLIT  (39694 -> 39814)  ion 8: T0 -> Seg0 (swap_cnt=1, swap_hops=4, ion_hops=0, i1=8, i2=4)
    - MOVE   (39814 -> 39828)  ion 8: Seg0 -> Seg4 via J0
    - MOVE   (39828 -> 39842)  ion 8: Seg4 -> Seg3 via J1
    - MERGE  (39842 -> 39922)  ion 8: Seg3 -> T2
[SHUTTLE 147] ion=10  T1 -> T0  route=T1->J1->J0->T0
    - SPLIT  (39962 -> 40082)  ion 10: T1 -> Seg2 (swap_cnt=1, swap_hops=1, ion_hops=0, i1=10, i2=6)
    - MOVE   (40082 -> 40096)  ion 10: Seg2 -> Seg4 via J1
    - MOVE   (40096 -> 40110)  ion 10: Seg4 -> Seg0 via J0
    - MERGE  (40110 -> 40190)  ion 10: Seg0 -> T0
[SHUTTLE 148] ion=11  T0 -> T1  route=T0->J0->J1->T1
    - SPLIT  (40230 -> 40350)  ion 11: T0 -> Seg0 (swap_cnt=1, swap_hops=4, ion_hops=0, i1=11, i2=10)
    - MOVE   (40350 -> 40364)  ion 11: Seg0 -> Seg4 via J0
    - MOVE   (40364 -> 40378)  ion 11: Seg4 -> Seg2 via J1
    - MERGE  (40378 -> 40458)  ion 11: Seg2 -> T1
[SHUTTLE 149] ion=13  T3 -> T0  route=T3->J0->T0
    - SPLIT  (40498 -> 40578)  ion 13: T3 -> Seg1 (swap_cnt=0, swap_hops=0, ion_hops=0, i1=0, i2=0)
    - MOVE   (40578 -> 40592)  ion 13: Seg1 -> Seg0 via J0
    - MERGE  (40592 -> 40672)  ion 13: Seg0 -> T0
[SHUTTLE 150] ion=14  T1 -> T3  route=T1->J1->J0->T3
    - SPLIT  (40712 -> 40832)  ion 14: T1 -> Seg2 (swap_cnt=1, swap_hops=4, ion_hops=0, i1=14, i2=11)
    - MOVE   (40832 -> 40846)  ion 14: Seg2 -> Seg4 via J1
    - MOVE   (40846 -> 40860)  ion 14: Seg4 -> Seg1 via J0
    - MERGE  (40860 -> 40940)  ion 14: Seg1 -> T3
[SHUTTLE 151] ion=4  T0 -> T2  route=T0->J0->J1->T2
    - SPLIT  (41020 -> 41140)  ion 4: T0 -> Seg0 (swap_cnt=1, swap_hops=2, ion_hops=0, i1=4, i2=13)
    - MOVE   (41140 -> 41154)  ion 4: Seg0 -> Seg4 via J0
    - MOVE   (41154 -> 41168)  ion 4: Seg4 -> Seg3 via J1
    - MERGE  (41168 -> 41248)  ion 4: Seg3 -> T2
[SHUTTLE 152] ion=5  T1 -> T0  route=T1->J1->J0->T0
    - SPLIT  (41288 -> 41408)  ion 5: T1 -> Seg2 (swap_cnt=1, swap_hops=2, ion_hops=0, i1=5, i2=11)
    - MOVE   (41408 -> 41422)  ion 5: Seg2 -> Seg4 via J1
    - MOVE   (41422 -> 41436)  ion 5: Seg4 -> Seg0 via J0
    - MERGE  (41436 -> 41516)  ion 5: Seg0 -> T0
[SHUTTLE 153] ion=7  T2 -> T1  route=T2->J1->T1
    - SPLIT  (41556 -> 41676)  ion 7: T2 -> Seg3 (swap_cnt=1, swap_hops=3, ion_hops=0, i1=7, i2=4)
    - MOVE   (41676 -> 41690)  ion 7: Seg3 -> Seg2 via J1
    - MERGE  (41690 -> 41770)  ion 7: Seg2 -> T1
[SHUTTLE 154] ion=9  T0 -> T2  route=T0->J0->J1->T2
    - SPLIT  (41810 -> 41930)  ion 9: T0 -> Seg0 (swap_cnt=1, swap_hops=4, ion_hops=0, i1=9, i2=5)
    - MOVE   (41930 -> 41944)  ion 9: Seg0 -> Seg4 via J0
    - MOVE   (41944 -> 41958)  ion 9: Seg4 -> Seg3 via J1
    - MERGE  (41958 -> 42038)  ion 9: Seg3 -> T2
[SHUTTLE 155] ion=11  T1 -> T0  route=T1->J1->J0->T0
    - SPLIT  (42078 -> 42198)  ion 11: T1 -> Seg2 (swap_cnt=1, swap_hops=1, ion_hops=0, i1=11, i2=7)
    - MOVE   (42198 -> 42212)  ion 11: Seg2 -> Seg4 via J1
    - MOVE   (42212 -> 42226)  ion 11: Seg4 -> Seg0 via J0
    - MERGE  (42226 -> 42306)  ion 11: Seg0 -> T0
[SHUTTLE 156] ion=12  T0 -> T1  route=T0->J0->J1->T1
    - SPLIT  (42346 -> 42466)  ion 12: T0 -> Seg0 (swap_cnt=1, swap_hops=4, ion_hops=0, i1=12, i2=11)
    - MOVE   (42466 -> 42480)  ion 12: Seg0 -> Seg4 via J0
    - MOVE   (42480 -> 42494)  ion 12: Seg4 -> Seg2 via J1
    - MERGE  (42494 -> 42574)  ion 12: Seg2 -> T1
[SHUTTLE 157] ion=14  T3 -> T0  route=T3->J0->T0
    - SPLIT  (42614 -> 42694)  ion 14: T3 -> Seg1 (swap_cnt=0, swap_hops=0, ion_hops=0, i1=0, i2=0)
    - MOVE   (42694 -> 42708)  ion 14: Seg1 -> Seg0 via J0
    - MERGE  (42708 -> 42788)  ion 14: Seg0 -> T0
[SHUTTLE 158] ion=15  T1 -> T3  route=T1->J1->J0->T3
    - SPLIT  (42828 -> 42948)  ion 15: T1 -> Seg2 (swap_cnt=1, swap_hops=3, ion_hops=0, i1=15, i2=12)
    - MOVE   (42948 -> 42962)  ion 15: Seg2 -> Seg4 via J1
    - MOVE   (42962 -> 42976)  ion 15: Seg4 -> Seg1 via J0
    - MERGE  (42976 -> 43056)  ion 15: Seg1 -> T3
[SHUTTLE 159] ion=5  T0 -> T2  route=T0->J0->J1->T2
    - SPLIT  (43136 -> 43256)  ion 5: T0 -> Seg0 (swap_cnt=1, swap_hops=2, ion_hops=0, i1=5, i2=14)
    - MOVE   (43256 -> 43270)  ion 5: Seg0 -> Seg4 via J0
    - MOVE   (43270 -> 43284)  ion 5: Seg4 -> Seg3 via J1
    - MERGE  (43284 -> 43364)  ion 5: Seg3 -> T2
[SHUTTLE 160] ion=6  T1 -> T0  route=T1->J1->J0->T0
    - SPLIT  (43404 -> 43524)  ion 6: T1 -> Seg2 (swap_cnt=1, swap_hops=2, ion_hops=0, i1=6, i2=12)
    - MOVE   (43524 -> 43538)  ion 6: Seg2 -> Seg4 via J1
    - MOVE   (43538 -> 43552)  ion 6: Seg4 -> Seg0 via J0
    - MERGE  (43552 -> 43632)  ion 6: Seg0 -> T0
[SHUTTLE 161] ion=8  T2 -> T1  route=T2->J1->T1
    - SPLIT  (43672 -> 43792)  ion 8: T2 -> Seg3 (swap_cnt=1, swap_hops=3, ion_hops=0, i1=8, i2=5)
    - MOVE   (43792 -> 43806)  ion 8: Seg3 -> Seg2 via J1
    - MERGE  (43806 -> 43886)  ion 8: Seg2 -> T1
[SHUTTLE 162] ion=10  T0 -> T2  route=T0->J0->J1->T2
    - SPLIT  (43926 -> 44046)  ion 10: T0 -> Seg0 (swap_cnt=1, swap_hops=4, ion_hops=0, i1=10, i2=6)
    - MOVE   (44046 -> 44060)  ion 10: Seg0 -> Seg4 via J0
    - MOVE   (44060 -> 44074)  ion 10: Seg4 -> Seg3 via J1
    - MERGE  (44074 -> 44154)  ion 10: Seg3 -> T2
[SHUTTLE 163] ion=12  T1 -> T0  route=T1->J1->J0->T0
    - SPLIT  (44194 -> 44314)  ion 12: T1 -> Seg2 (swap_cnt=1, swap_hops=1, ion_hops=0, i1=12, i2=8)
    - MOVE   (44314 -> 44328)  ion 12: Seg2 -> Seg4 via J1
    - MOVE   (44328 -> 44342)  ion 12: Seg4 -> Seg0 via J0
    - MERGE  (44342 -> 44422)  ion 12: Seg0 -> T0
[SHUTTLE 164] ion=13  T0 -> T1  route=T0->J0->J1->T1
    - SPLIT  (44462 -> 44582)  ion 13: T0 -> Seg0 (swap_cnt=1, swap_hops=4, ion_hops=0, i1=13, i2=12)
    - MOVE   (44582 -> 44596)  ion 13: Seg0 -> Seg4 via J0
    - MOVE   (44596 -> 44610)  ion 13: Seg4 -> Seg2 via J1
    - MERGE  (44610 -> 44690)  ion 13: Seg2 -> T1
[SHUTTLE 165] ion=15  T3 -> T0  route=T3->J0->T0
    - SPLIT  (44730 -> 44810)  ion 15: T3 -> Seg1 (swap_cnt=0, swap_hops=0, ion_hops=0, i1=0, i2=0)
    - MOVE   (44810 -> 44824)  ion 15: Seg1 -> Seg0 via J0
    - MERGE  (44824 -> 44904)  ion 15: Seg0 -> T0
[SHUTTLE 166] ion=16  T1 -> T3  route=T1->J1->J0->T3
    - SPLIT  (44944 -> 45064)  ion 16: T1 -> Seg2 (swap_cnt=1, swap_hops=8, ion_hops=0, i1=16, i2=13)
    - MOVE   (45064 -> 45078)  ion 16: Seg2 -> Seg4 via J1
    - MOVE   (45078 -> 45092)  ion 16: Seg4 -> Seg1 via J0
    - MERGE  (45092 -> 45172)  ion 16: Seg1 -> T3
[SHUTTLE 167] ion=30  T2 -> T0  route=T2->J1->J0->T0
    - SPLIT  (45252 -> 45372)  ion 30: T2 -> Seg3 (swap_cnt=1, swap_hops=10, ion_hops=0, i1=30, i2=10)
    - MOVE   (45372 -> 45386)  ion 30: Seg3 -> Seg4 via J1
    - MOVE   (45386 -> 45400)  ion 30: Seg4 -> Seg0 via J0
    - MERGE  (45400 -> 45480)  ion 30: Seg0 -> T0
[SHUTTLE 168] ion=7  T1 -> T0  route=T1->J1->J0->T0
    - SPLIT  (45520 -> 45640)  ion 7: T1 -> Seg2 (swap_cnt=1, swap_hops=2, ion_hops=0, i1=7, i2=13)
    - MOVE   (45640 -> 45654)  ion 7: Seg2 -> Seg4 via J1
    - MOVE   (45654 -> 45668)  ion 7: Seg4 -> Seg0 via J0
    - MERGE  (45668 -> 45748)  ion 7: Seg0 -> T0
[SHUTTLE 169] ion=9  T2 -> T1  route=T2->J1->T1
    - SPLIT  (45788 -> 45908)  ion 9: T2 -> Seg3 (swap_cnt=1, swap_hops=2, ion_hops=0, i1=9, i2=10)
    - MOVE   (45908 -> 45922)  ion 9: Seg3 -> Seg2 via J1
    - MERGE  (45922 -> 46002)  ion 9: Seg2 -> T1
[SHUTTLE 170] ion=11  T0 -> T2  route=T0->J0->J1->T2
    - SPLIT  (46042 -> 46162)  ion 11: T0 -> Seg0 (swap_cnt=1, swap_hops=6, ion_hops=0, i1=11, i2=7)
    - MOVE   (46162 -> 46176)  ion 11: Seg0 -> Seg4 via J0
    - MOVE   (46176 -> 46190)  ion 11: Seg4 -> Seg3 via J1
    - MERGE  (46190 -> 46270)  ion 11: Seg3 -> T2
[SHUTTLE 171] ion=13  T1 -> T0  route=T1->J1->J0->T0
    - SPLIT  (46310 -> 46430)  ion 13: T1 -> Seg2 (swap_cnt=1, swap_hops=1, ion_hops=0, i1=13, i2=9)
    - MOVE   (46430 -> 46444)  ion 13: Seg2 -> Seg4 via J1
    - MOVE   (46444 -> 46458)  ion 13: Seg4 -> Seg0 via J0
    - MERGE  (46458 -> 46538)  ion 13: Seg0 -> T0
[SHUTTLE 172] ion=14  T0 -> T1  route=T0->J0->J1->T1
    - SPLIT  (46578 -> 46698)  ion 14: T0 -> Seg0 (swap_cnt=1, swap_hops=6, ion_hops=0, i1=14, i2=13)
    - MOVE   (46698 -> 46712)  ion 14: Seg0 -> Seg4 via J0
    - MOVE   (46712 -> 46726)  ion 14: Seg4 -> Seg2 via J1
    - MERGE  (46726 -> 46806)  ion 14: Seg2 -> T1
[SHUTTLE 173] ion=16  T3 -> T0  route=T3->J0->T0
    - SPLIT  (46846 -> 46926)  ion 16: T3 -> Seg1 (swap_cnt=0, swap_hops=0, ion_hops=0, i1=0, i2=0)
    - MOVE   (46926 -> 46940)  ion 16: Seg1 -> Seg0 via J0
    - MERGE  (46940 -> 47020)  ion 16: Seg0 -> T0
[SHUTTLE 174] ion=17  T1 -> T3  route=T1->J1->J0->T3
    - SPLIT  (47060 -> 47180)  ion 17: T1 -> Seg2 (swap_cnt=1, swap_hops=7, ion_hops=0, i1=17, i2=14)
    - MOVE   (47180 -> 47194)  ion 17: Seg2 -> Seg4 via J1
    - MOVE   (47194 -> 47208)  ion 17: Seg4 -> Seg1 via J0
    - MERGE  (47208 -> 47288)  ion 17: Seg1 -> T3
[SHUTTLE 175] ion=6  T0 -> T2  route=T0->J0->J1->T2
    - SPLIT  (47368 -> 47488)  ion 6: T0 -> Seg0 (swap_cnt=1, swap_hops=6, ion_hops=0, i1=6, i2=16)
    - MOVE   (47488 -> 47502)  ion 6: Seg0 -> Seg4 via J0
    - MOVE   (47502 -> 47516)  ion 6: Seg4 -> Seg3 via J1
    - MERGE  (47516 -> 47596)  ion 6: Seg3 -> T2
[SHUTTLE 176] ion=8  T1 -> T0  route=T1->J1->J0->T0
    - SPLIT  (47636 -> 47756)  ion 8: T1 -> Seg2 (swap_cnt=1, swap_hops=2, ion_hops=0, i1=8, i2=14)
    - MOVE   (47756 -> 47770)  ion 8: Seg2 -> Seg4 via J1
    - MOVE   (47770 -> 47784)  ion 8: Seg4 -> Seg0 via J0
    - MERGE  (47784 -> 47864)  ion 8: Seg0 -> T0
[SHUTTLE 177] ion=10  T2 -> T1  route=T2->J1->T1
    - SPLIT  (47904 -> 48024)  ion 10: T2 -> Seg3 (swap_cnt=1, swap_hops=2, ion_hops=0, i1=10, i2=6)
    - MOVE   (48024 -> 48038)  ion 10: Seg3 -> Seg2 via J1
    - MERGE  (48038 -> 48118)  ion 10: Seg2 -> T1
[SHUTTLE 178] ion=12  T0 -> T2  route=T0->J0->J1->T2
    - SPLIT  (48158 -> 48278)  ion 12: T0 -> Seg0 (swap_cnt=1, swap_hops=6, ion_hops=0, i1=12, i2=8)
    - MOVE   (48278 -> 48292)  ion 12: Seg0 -> Seg4 via J0
    - MOVE   (48292 -> 48306)  ion 12: Seg4 -> Seg3 via J1
    - MERGE  (48306 -> 48386)  ion 12: Seg3 -> T2
[SHUTTLE 179] ion=14  T1 -> T0  route=T1->J1->J0->T0
    - SPLIT  (48426 -> 48546)  ion 14: T1 -> Seg2 (swap_cnt=1, swap_hops=1, ion_hops=0, i1=14, i2=10)
    - MOVE   (48546 -> 48560)  ion 14: Seg2 -> Seg4 via J1
    - MOVE   (48560 -> 48574)  ion 14: Seg4 -> Seg0 via J0
    - MERGE  (48574 -> 48654)  ion 14: Seg0 -> T0
[SHUTTLE 180] ion=15  T0 -> T1  route=T0->J0->J1->T1
    - SPLIT  (48694 -> 48814)  ion 15: T0 -> Seg0 (swap_cnt=1, swap_hops=6, ion_hops=0, i1=15, i2=14)
    - MOVE   (48814 -> 48828)  ion 15: Seg0 -> Seg4 via J0
    - MOVE   (48828 -> 48842)  ion 15: Seg4 -> Seg2 via J1
    - MERGE  (48842 -> 48922)  ion 15: Seg2 -> T1
[SHUTTLE 181] ion=17  T3 -> T0  route=T3->J0->T0
    - SPLIT  (48962 -> 49042)  ion 17: T3 -> Seg1 (swap_cnt=0, swap_hops=0, ion_hops=0, i1=0, i2=0)
    - MOVE   (49042 -> 49056)  ion 17: Seg1 -> Seg0 via J0
    - MERGE  (49056 -> 49136)  ion 17: Seg0 -> T0
[SHUTTLE 182] ion=18  T1 -> T3  route=T1->J1->J0->T3
    - SPLIT  (49176 -> 49296)  ion 18: T1 -> Seg2 (swap_cnt=1, swap_hops=6, ion_hops=0, i1=18, i2=15)
    - MOVE   (49296 -> 49310)  ion 18: Seg2 -> Seg4 via J1
    - MOVE   (49310 -> 49324)  ion 18: Seg4 -> Seg1 via J0
    - MERGE  (49324 -> 49404)  ion 18: Seg1 -> T3
[SHUTTLE 183] ion=0  T2 -> T1  route=T2->J1->T1
    - SPLIT  (49484 -> 49604)  ion 0: T2 -> Seg3 (swap_cnt=1, swap_hops=8, ion_hops=0, i1=0, i2=12)
    - MOVE   (49604 -> 49618)  ion 0: Seg3 -> Seg2 via J1
    - MERGE  (49618 -> 49698)  ion 0: Seg2 -> T1
[SHUTTLE 184] ion=7  T0 -> T2  route=T0->J0->J1->T2
    - SPLIT  (49698 -> 49818)  ion 7: T0 -> Seg0 (swap_cnt=1, swap_hops=5, ion_hops=0, i1=7, i2=17)
    - MOVE   (49818 -> 49832)  ion 7: Seg0 -> Seg4 via J0
    - MOVE   (49832 -> 49846)  ion 7: Seg4 -> Seg3 via J1
    - MERGE  (49846 -> 49926)  ion 7: Seg3 -> T2
[SHUTTLE 185] ion=9  T1 -> T0  route=T1->J1->J0->T0
    - SPLIT  (49966 -> 50086)  ion 9: T1 -> Seg2 (swap_cnt=1, swap_hops=3, ion_hops=0, i1=9, i2=0)
    - MOVE   (50086 -> 50100)  ion 9: Seg2 -> Seg4 via J1
    - MOVE   (50100 -> 50114)  ion 9: Seg4 -> Seg0 via J0
    - MERGE  (50114 -> 50194)  ion 9: Seg0 -> T0
[SHUTTLE 186] ion=11  T2 -> T1  route=T2->J1->T1
    - SPLIT  (50234 -> 50354)  ion 11: T2 -> Seg3 (swap_cnt=1, swap_hops=3, ion_hops=0, i1=11, i2=7)
    - MOVE   (50354 -> 50368)  ion 11: Seg3 -> Seg2 via J1
    - MERGE  (50368 -> 50448)  ion 11: Seg2 -> T1
[SHUTTLE 187] ion=13  T0 -> T2  route=T0->J0->J1->T2
    - SPLIT  (50488 -> 50608)  ion 13: T0 -> Seg0 (swap_cnt=1, swap_hops=5, ion_hops=0, i1=13, i2=9)
    - MOVE   (50608 -> 50622)  ion 13: Seg0 -> Seg4 via J0
    - MOVE   (50622 -> 50636)  ion 13: Seg4 -> Seg3 via J1
    - MERGE  (50636 -> 50716)  ion 13: Seg3 -> T2
[SHUTTLE 188] ion=15  T1 -> T0  route=T1->J1->J0->T0
    - SPLIT  (50756 -> 50876)  ion 15: T1 -> Seg2 (swap_cnt=1, swap_hops=2, ion_hops=0, i1=15, i2=11)
    - MOVE   (50876 -> 50890)  ion 15: Seg2 -> Seg4 via J1
    - MOVE   (50890 -> 50904)  ion 15: Seg4 -> Seg0 via J0
    - MERGE  (50904 -> 50984)  ion 15: Seg0 -> T0
[SHUTTLE 189] ion=16  T0 -> T1  route=T0->J0->J1->T1
    - SPLIT  (51024 -> 51144)  ion 16: T0 -> Seg0 (swap_cnt=1, swap_hops=5, ion_hops=0, i1=16, i2=15)
    - MOVE   (51144 -> 51158)  ion 16: Seg0 -> Seg4 via J0
    - MOVE   (51158 -> 51172)  ion 16: Seg4 -> Seg2 via J1
    - MERGE  (51172 -> 51252)  ion 16: Seg2 -> T1
[SHUTTLE 190] ion=18  T3 -> T0  route=T3->J0->T0
    - SPLIT  (51292 -> 51372)  ion 18: T3 -> Seg1 (swap_cnt=0, swap_hops=0, ion_hops=0, i1=0, i2=0)
    - MOVE   (51372 -> 51386)  ion 18: Seg1 -> Seg0 via J0
    - MERGE  (51386 -> 51466)  ion 18: Seg0 -> T0
[SHUTTLE 191] ion=1  T2 -> T1  route=T2->J1->T1
    - SPLIT  (51586 -> 51706)  ion 1: T2 -> Seg3 (swap_cnt=1, swap_hops=8, ion_hops=0, i1=1, i2=13)
    - MOVE   (51706 -> 51720)  ion 1: Seg3 -> Seg2 via J1
    - MERGE  (51720 -> 51800)  ion 1: Seg2 -> T1
[SHUTTLE 192] ion=8  T0 -> T2  route=T0->J0->J1->T2
    - SPLIT  (51800 -> 51920)  ion 8: T0 -> Seg0 (swap_cnt=1, swap_hops=5, ion_hops=0, i1=8, i2=18)
    - MOVE   (51920 -> 51934)  ion 8: Seg0 -> Seg4 via J0
    - MOVE   (51934 -> 51948)  ion 8: Seg4 -> Seg3 via J1
    - MERGE  (51948 -> 52028)  ion 8: Seg3 -> T2
[SHUTTLE 193] ion=10  T1 -> T0  route=T1->J1->J0->T0
    - SPLIT  (52068 -> 52188)  ion 10: T1 -> Seg2 (swap_cnt=1, swap_hops=4, ion_hops=0, i1=10, i2=1)
    - MOVE   (52188 -> 52202)  ion 10: Seg2 -> Seg4 via J1
    - MOVE   (52202 -> 52216)  ion 10: Seg4 -> Seg0 via J0
    - MERGE  (52216 -> 52296)  ion 10: Seg0 -> T0
[SHUTTLE 194] ion=12  T2 -> T1  route=T2->J1->T1
    - SPLIT  (52336 -> 52456)  ion 12: T2 -> Seg3 (swap_cnt=1, swap_hops=3, ion_hops=0, i1=12, i2=8)
    - MOVE   (52456 -> 52470)  ion 12: Seg3 -> Seg2 via J1
    - MERGE  (52470 -> 52550)  ion 12: Seg2 -> T1
[SHUTTLE 195] ion=14  T0 -> T2  route=T0->J0->J1->T2
    - SPLIT  (52590 -> 52710)  ion 14: T0 -> Seg0 (swap_cnt=1, swap_hops=5, ion_hops=0, i1=14, i2=10)
    - MOVE   (52710 -> 52724)  ion 14: Seg0 -> Seg4 via J0
    - MOVE   (52724 -> 52738)  ion 14: Seg4 -> Seg3 via J1
    - MERGE  (52738 -> 52818)  ion 14: Seg3 -> T2
[SHUTTLE 196] ion=16  T1 -> T0  route=T1->J1->J0->T0
    - SPLIT  (52858 -> 52978)  ion 16: T1 -> Seg2 (swap_cnt=1, swap_hops=2, ion_hops=0, i1=16, i2=12)
    - MOVE   (52978 -> 52992)  ion 16: Seg2 -> Seg4 via J1
    - MOVE   (52992 -> 53006)  ion 16: Seg4 -> Seg0 via J0
    - MERGE  (53006 -> 53086)  ion 16: Seg0 -> T0
[SHUTTLE 197] ion=17  T0 -> T1  route=T0->J0->J1->T1
    - SPLIT  (53126 -> 53246)  ion 17: T0 -> Seg0 (swap_cnt=1, swap_hops=5, ion_hops=0, i1=17, i2=16)
    - MOVE   (53246 -> 53260)  ion 17: Seg0 -> Seg4 via J0
    - MOVE   (53260 -> 53274)  ion 17: Seg4 -> Seg2 via J1
    - MERGE  (53274 -> 53354)  ion 17: Seg2 -> T1
[SHUTTLE 198] ion=19  T3 -> T0  route=T3->J0->T0
    - SPLIT  (53394 -> 53474)  ion 19: T3 -> Seg1 (swap_cnt=0, swap_hops=0, ion_hops=0, i1=0, i2=0)
    - MOVE   (53474 -> 53488)  ion 19: Seg1 -> Seg0 via J0
    - MERGE  (53488 -> 53568)  ion 19: Seg0 -> T0
[SHUTTLE 199] ion=2  T2 -> T1  route=T2->J1->T1
    - SPLIT  (53688 -> 53808)  ion 2: T2 -> Seg3 (swap_cnt=1, swap_hops=8, ion_hops=0, i1=2, i2=14)
    - MOVE   (53808 -> 53822)  ion 2: Seg3 -> Seg2 via J1
    - MERGE  (53822 -> 53902)  ion 2: Seg2 -> T1
[SHUTTLE 200] ion=9  T0 -> T2  route=T0->J0->J1->T2
    - SPLIT  (53902 -> 54022)  ion 9: T0 -> Seg0 (swap_cnt=1, swap_hops=5, ion_hops=0, i1=9, i2=19)
    - MOVE   (54022 -> 54036)  ion 9: Seg0 -> Seg4 via J0
    - MOVE   (54036 -> 54050)  ion 9: Seg4 -> Seg3 via J1
    - MERGE  (54050 -> 54130)  ion 9: Seg3 -> T2
[SHUTTLE 201] ion=11  T1 -> T0  route=T1->J1->J0->T0
    - SPLIT  (54170 -> 54290)  ion 11: T1 -> Seg2 (swap_cnt=1, swap_hops=4, ion_hops=0, i1=11, i2=2)
    - MOVE   (54290 -> 54304)  ion 11: Seg2 -> Seg4 via J1
    - MOVE   (54304 -> 54318)  ion 11: Seg4 -> Seg0 via J0
    - MERGE  (54318 -> 54398)  ion 11: Seg0 -> T0
[SHUTTLE 202] ion=13  T2 -> T1  route=T2->J1->T1
    - SPLIT  (54438 -> 54558)  ion 13: T2 -> Seg3 (swap_cnt=1, swap_hops=3, ion_hops=0, i1=13, i2=9)
    - MOVE   (54558 -> 54572)  ion 13: Seg3 -> Seg2 via J1
    - MERGE  (54572 -> 54652)  ion 13: Seg2 -> T1
[SHUTTLE 203] ion=15  T0 -> T2  route=T0->J0->J1->T2
    - SPLIT  (54692 -> 54812)  ion 15: T0 -> Seg0 (swap_cnt=1, swap_hops=5, ion_hops=0, i1=15, i2=11)
    - MOVE   (54812 -> 54826)  ion 15: Seg0 -> Seg4 via J0
    - MOVE   (54826 -> 54840)  ion 15: Seg4 -> Seg3 via J1
    - MERGE  (54840 -> 54920)  ion 15: Seg3 -> T2
[SHUTTLE 204] ion=17  T1 -> T0  route=T1->J1->J0->T0
    - SPLIT  (54960 -> 55080)  ion 17: T1 -> Seg2 (swap_cnt=1, swap_hops=2, ion_hops=0, i1=17, i2=13)
    - MOVE   (55080 -> 55094)  ion 17: Seg2 -> Seg4 via J1
    - MOVE   (55094 -> 55108)  ion 17: Seg4 -> Seg0 via J0
    - MERGE  (55108 -> 55188)  ion 17: Seg0 -> T0
[SHUTTLE 205] ion=18  T0 -> T1  route=T0->J0->J1->T1
    - SPLIT  (55228 -> 55348)  ion 18: T0 -> Seg0 (swap_cnt=1, swap_hops=5, ion_hops=0, i1=18, i2=17)
    - MOVE   (55348 -> 55362)  ion 18: Seg0 -> Seg4 via J0
    - MOVE   (55362 -> 55376)  ion 18: Seg4 -> Seg2 via J1
    - MERGE  (55376 -> 55456)  ion 18: Seg2 -> T1
[SHUTTLE 206] ion=31  T2 -> T0  route=T2->J1->J0->T0
    - SPLIT  (55536 -> 55656)  ion 31: T2 -> Seg3 (swap_cnt=1, swap_hops=11, ion_hops=0, i1=31, i2=15)
    - MOVE   (55656 -> 55670)  ion 31: Seg3 -> Seg4 via J1
    - MOVE   (55670 -> 55684)  ion 31: Seg4 -> Seg0 via J0
    - MERGE  (55684 -> 55764)  ion 31: Seg0 -> T0
[SHUTTLE 207] ion=29  T0 -> T1  route=T0->J0->J1->T1
    - SPLIT  (55804 -> 55924)  ion 29: T0 -> Seg0 (swap_cnt=1, swap_hops=8, ion_hops=0, i1=29, i2=31)
    - MOVE   (55924 -> 55938)  ion 29: Seg0 -> Seg4 via J0
    - MOVE   (55938 -> 55952)  ion 29: Seg4 -> Seg2 via J1
    - MERGE  (55952 -> 56032)  ion 29: Seg2 -> T1
[SHUTTLE 208] ion=14  T2 -> T1  route=T2->J1->T1
    - SPLIT  (56072 -> 56192)  ion 14: T2 -> Seg3 (swap_cnt=1, swap_hops=2, ion_hops=0, i1=14, i2=15)
    - MOVE   (56192 -> 56206)  ion 14: Seg3 -> Seg2 via J1
    - MERGE  (56206 -> 56286)  ion 14: Seg2 -> T1
[SHUTTLE 209] ion=16  T0 -> T2  route=T0->J0->J1->T2
    - SPLIT  (56326 -> 56446)  ion 16: T0 -> Seg0 (swap_cnt=1, swap_hops=4, ion_hops=0, i1=16, i2=31)
    - MOVE   (56446 -> 56460)  ion 16: Seg0 -> Seg4 via J0
    - MOVE   (56460 -> 56474)  ion 16: Seg4 -> Seg3 via J1
    - MERGE  (56474 -> 56554)  ion 16: Seg3 -> T2
[SHUTTLE 210] ion=18  T1 -> T0  route=T1->J1->J0->T0
    - SPLIT  (56594 -> 56714)  ion 18: T1 -> Seg2 (swap_cnt=1, swap_hops=2, ion_hops=0, i1=18, i2=14)
    - MOVE   (56714 -> 56728)  ion 18: Seg2 -> Seg4 via J1
    - MOVE   (56728 -> 56742)  ion 18: Seg4 -> Seg0 via J0
    - MERGE  (56742 -> 56822)  ion 18: Seg0 -> T0
[SHUTTLE 211] ion=19  T0 -> T1  route=T0->J0->J1->T1
    - SPLIT  (56862 -> 56982)  ion 19: T0 -> Seg0 (swap_cnt=1, swap_hops=4, ion_hops=0, i1=19, i2=18)
    - MOVE   (56982 -> 56996)  ion 19: Seg0 -> Seg4 via J0
    - MOVE   (56996 -> 57010)  ion 19: Seg4 -> Seg2 via J1
    - MERGE  (57010 -> 57090)  ion 19: Seg2 -> T1
[SHUTTLE 212] ion=12  T1 -> T0  route=T1->J1->J0->T0
    - SPLIT  (57170 -> 57290)  ion 12: T1 -> Seg2 (swap_cnt=1, swap_hops=5, ion_hops=0, i1=12, i2=19)
    - MOVE   (57290 -> 57304)  ion 12: Seg2 -> Seg4 via J1
    - MOVE   (57304 -> 57318)  ion 12: Seg4 -> Seg0 via J0
    - MERGE  (57318 -> 57398)  ion 12: Seg0 -> T0
[SHUTTLE 213] ion=15  T2 -> T1  route=T2->J1->T1
    - SPLIT  (57438 -> 57558)  ion 15: T2 -> Seg3 (swap_cnt=1, swap_hops=1, ion_hops=0, i1=15, i2=16)
    - MOVE   (57558 -> 57572)  ion 15: Seg3 -> Seg2 via J1
    - MERGE  (57572 -> 57652)  ion 15: Seg2 -> T1
[SHUTTLE 214] ion=17  T0 -> T2  route=T0->J0->J1->T2
    - SPLIT  (57692 -> 57812)  ion 17: T0 -> Seg0 (swap_cnt=1, swap_hops=3, ion_hops=0, i1=17, i2=12)
    - MOVE   (57812 -> 57826)  ion 17: Seg0 -> Seg4 via J0
    - MOVE   (57826 -> 57840)  ion 17: Seg4 -> Seg3 via J1
    - MERGE  (57840 -> 57920)  ion 17: Seg3 -> T2
[SHUTTLE 215] ion=19  T1 -> T0  route=T1->J1->J0->T0
    - SPLIT  (57960 -> 58080)  ion 19: T1 -> Seg2 (swap_cnt=1, swap_hops=1, ion_hops=0, i1=19, i2=15)
    - MOVE   (58080 -> 58094)  ion 19: Seg2 -> Seg4 via J1
    - MOVE   (58094 -> 58108)  ion 19: Seg4 -> Seg0 via J0
    - MERGE  (58108 -> 58188)  ion 19: Seg0 -> T0
[SHUTTLE 216] ion=20  T0 -> T1  route=T0->J0->J1->T1
    - SPLIT  (58228 -> 58348)  ion 20: T0 -> Seg0 (swap_cnt=1, swap_hops=10, ion_hops=0, i1=20, i2=19)
    - MOVE   (58348 -> 58362)  ion 20: Seg0 -> Seg4 via J0
    - MOVE   (58362 -> 58376)  ion 20: Seg4 -> Seg2 via J1
    - MERGE  (58376 -> 58456)  ion 20: Seg2 -> T1
[SHUTTLE 217] ion=13  T1 -> T0  route=T1->J1->J0->T0
    - SPLIT  (58536 -> 58656)  ion 13: T1 -> Seg2 (swap_cnt=1, swap_hops=4, ion_hops=0, i1=13, i2=20)
    - MOVE   (58656 -> 58670)  ion 13: Seg2 -> Seg4 via J1
    - MOVE   (58670 -> 58684)  ion 13: Seg4 -> Seg0 via J0
    - MERGE  (58684 -> 58764)  ion 13: Seg0 -> T0
[SHUTTLE 218] ion=16  T2 -> T1  route=T2->J1->T1
    - SPLIT  (58804 -> 58924)  ion 16: T2 -> Seg3 (swap_cnt=1, swap_hops=1, ion_hops=0, i1=16, i2=17)
    - MOVE   (58924 -> 58938)  ion 16: Seg3 -> Seg2 via J1
    - MERGE  (58938 -> 59018)  ion 16: Seg2 -> T1
[SHUTTLE 219] ion=18  T0 -> T2  route=T0->J0->J1->T2
    - SPLIT  (59058 -> 59178)  ion 18: T0 -> Seg0 (swap_cnt=1, swap_hops=3, ion_hops=0, i1=18, i2=13)
    - MOVE   (59178 -> 59192)  ion 18: Seg0 -> Seg4 via J0
    - MOVE   (59192 -> 59206)  ion 18: Seg4 -> Seg3 via J1
    - MERGE  (59206 -> 59286)  ion 18: Seg3 -> T2
[SHUTTLE 220] ion=20  T1 -> T0  route=T1->J1->J0->T0
    - SPLIT  (59326 -> 59446)  ion 20: T1 -> Seg2 (swap_cnt=1, swap_hops=1, ion_hops=0, i1=20, i2=16)
    - MOVE   (59446 -> 59460)  ion 20: Seg2 -> Seg4 via J1
    - MOVE   (59460 -> 59474)  ion 20: Seg4 -> Seg0 via J0
    - MERGE  (59474 -> 59554)  ion 20: Seg0 -> T0
[SHUTTLE 221] ion=21  T0 -> T1  route=T0->J0->J1->T1
    - SPLIT  (59594 -> 59714)  ion 21: T0 -> Seg0 (swap_cnt=1, swap_hops=10, ion_hops=0, i1=21, i2=20)
    - MOVE   (59714 -> 59728)  ion 21: Seg0 -> Seg4 via J0
    - MOVE   (59728 -> 59742)  ion 21: Seg4 -> Seg2 via J1
    - MERGE  (59742 -> 59822)  ion 21: Seg2 -> T1
[SHUTTLE 222] ion=14  T1 -> T0  route=T1->J1->J0->T0
    - SPLIT  (59902 -> 60022)  ion 14: T1 -> Seg2 (swap_cnt=1, swap_hops=3, ion_hops=0, i1=14, i2=21)
    - MOVE   (60022 -> 60036)  ion 14: Seg2 -> Seg4 via J1
    - MOVE   (60036 -> 60050)  ion 14: Seg4 -> Seg0 via J0
    - MERGE  (60050 -> 60130)  ion 14: Seg0 -> T0
[SHUTTLE 223] ion=17  T2 -> T1  route=T2->J1->T1
    - SPLIT  (60170 -> 60290)  ion 17: T2 -> Seg3 (swap_cnt=1, swap_hops=1, ion_hops=0, i1=17, i2=18)
    - MOVE   (60290 -> 60304)  ion 17: Seg3 -> Seg2 via J1
    - MERGE  (60304 -> 60384)  ion 17: Seg2 -> T1
[SHUTTLE 224] ion=19  T0 -> T2  route=T0->J0->J1->T2
    - SPLIT  (60424 -> 60544)  ion 19: T0 -> Seg0 (swap_cnt=1, swap_hops=3, ion_hops=0, i1=19, i2=14)
    - MOVE   (60544 -> 60558)  ion 19: Seg0 -> Seg4 via J0
    - MOVE   (60558 -> 60572)  ion 19: Seg4 -> Seg3 via J1
    - MERGE  (60572 -> 60652)  ion 19: Seg3 -> T2
[SHUTTLE 225] ion=21  T1 -> T0  route=T1->J1->J0->T0
    - SPLIT  (60692 -> 60812)  ion 21: T1 -> Seg2 (swap_cnt=1, swap_hops=1, ion_hops=0, i1=21, i2=17)
    - MOVE   (60812 -> 60826)  ion 21: Seg2 -> Seg4 via J1
    - MOVE   (60826 -> 60840)  ion 21: Seg4 -> Seg0 via J0
    - MERGE  (60840 -> 60920)  ion 21: Seg0 -> T0
[SHUTTLE 226] ion=15  T1 -> T0  route=T1->J1->J0->T0
    - SPLIT  (61040 -> 61160)  ion 15: T1 -> Seg2 (swap_cnt=1, swap_hops=2, ion_hops=0, i1=15, i2=17)
    - MOVE   (61160 -> 61174)  ion 15: Seg2 -> Seg4 via J1
    - MOVE   (61174 -> 61188)  ion 15: Seg4 -> Seg0 via J0
    - MERGE  (61188 -> 61268)  ion 15: Seg0 -> T0
[SHUTTLE 227] ion=18  T2 -> T1  route=T2->J1->T1
    - SPLIT  (61308 -> 61428)  ion 18: T2 -> Seg3 (swap_cnt=1, swap_hops=1, ion_hops=0, i1=18, i2=19)
    - MOVE   (61428 -> 61442)  ion 18: Seg3 -> Seg2 via J1
    - MERGE  (61442 -> 61522)  ion 18: Seg2 -> T1
[SHUTTLE 228] ion=20  T0 -> T2  route=T0->J0->J1->T2
    - SPLIT  (61562 -> 61682)  ion 20: T0 -> Seg0 (swap_cnt=1, swap_hops=3, ion_hops=0, i1=20, i2=15)
    - MOVE   (61682 -> 61696)  ion 20: Seg0 -> Seg4 via J0
    - MOVE   (61696 -> 61710)  ion 20: Seg4 -> Seg3 via J1
    - MERGE  (61710 -> 61790)  ion 20: Seg3 -> T2
[SHUTTLE 229] ion=22  T1 -> T0  route=T1->J1->J0->T0
    - SPLIT  (61830 -> 61950)  ion 22: T1 -> Seg2 (swap_cnt=1, swap_hops=9, ion_hops=0, i1=22, i2=18)
    - MOVE   (61950 -> 61964)  ion 22: Seg2 -> Seg4 via J1
    - MOVE   (61964 -> 61978)  ion 22: Seg4 -> Seg0 via J0
    - MERGE  (61978 -> 62058)  ion 22: Seg0 -> T0
[SHUTTLE 230] ion=30  T0 -> T1  route=T0->J0->J1->T1
    - SPLIT  (62178 -> 62298)  ion 30: T0 -> Seg0 (swap_cnt=1, swap_hops=9, ion_hops=0, i1=30, i2=22)
    - MOVE   (62298 -> 62312)  ion 30: Seg0 -> Seg4 via J0
    - MOVE   (62312 -> 62326)  ion 30: Seg4 -> Seg2 via J1
    - MERGE  (62326 -> 62406)  ion 30: Seg2 -> T1
[SHUTTLE 231] ion=19  T2 -> T1  route=T2->J1->T1
    - SPLIT  (62446 -> 62566)  ion 19: T2 -> Seg3 (swap_cnt=1, swap_hops=1, ion_hops=0, i1=19, i2=20)
    - MOVE   (62566 -> 62580)  ion 19: Seg3 -> Seg2 via J1
    - MERGE  (62580 -> 62660)  ion 19: Seg2 -> T1
[SHUTTLE 232] ion=21  T0 -> T2  route=T0->J0->J1->T2
    - SPLIT  (62700 -> 62820)  ion 21: T0 -> Seg0 (swap_cnt=1, swap_hops=2, ion_hops=0, i1=21, i2=22)
    - MOVE   (62820 -> 62834)  ion 21: Seg0 -> Seg4 via J0
    - MOVE   (62834 -> 62848)  ion 21: Seg4 -> Seg3 via J1
    - MERGE  (62848 -> 62928)  ion 21: Seg3 -> T2
[SHUTTLE 233] ion=16  T1 -> T0  route=T1->J1->J0->T0
    - SPLIT  (63048 -> 63168)  ion 16: T1 -> Seg2 (swap_cnt=1, swap_hops=4, ion_hops=0, i1=16, i2=19)
    - MOVE   (63168 -> 63182)  ion 16: Seg2 -> Seg4 via J1
    - MOVE   (63182 -> 63196)  ion 16: Seg4 -> Seg0 via J0
    - MERGE  (63196 -> 63276)  ion 16: Seg0 -> T0
[SHUTTLE 234] ion=20  T2 -> T1  route=T2->J1->T1
    - SPLIT  (63316 -> 63436)  ion 20: T2 -> Seg3 (swap_cnt=1, swap_hops=1, ion_hops=0, i1=20, i2=21)
    - MOVE   (63436 -> 63450)  ion 20: Seg3 -> Seg2 via J1
    - MERGE  (63450 -> 63530)  ion 20: Seg2 -> T1
[SHUTTLE 235] ion=22  T0 -> T2  route=T0->J0->J1->T2
    - SPLIT  (63570 -> 63690)  ion 22: T0 -> Seg0 (swap_cnt=1, swap_hops=1, ion_hops=0, i1=22, i2=16)
    - MOVE   (63690 -> 63704)  ion 22: Seg0 -> Seg4 via J0
    - MOVE   (63704 -> 63718)  ion 22: Seg4 -> Seg3 via J1
    - MERGE  (63718 -> 63798)  ion 22: Seg3 -> T2
[SHUTTLE 236] ion=17  T1 -> T0  route=T1->J1->J0->T0
    - SPLIT  (63918 -> 64038)  ion 17: T1 -> Seg2 (swap_cnt=1, swap_hops=4, ion_hops=0, i1=17, i2=20)
    - MOVE   (64038 -> 64052)  ion 17: Seg2 -> Seg4 via J1
    - MOVE   (64052 -> 64066)  ion 17: Seg4 -> Seg0 via J0
    - MERGE  (64066 -> 64146)  ion 17: Seg0 -> T0
[SHUTTLE 237] ion=21  T2 -> T1  route=T2->J1->T1
    - SPLIT  (64186 -> 64306)  ion 21: T2 -> Seg3 (swap_cnt=1, swap_hops=1, ion_hops=0, i1=21, i2=22)
    - MOVE   (64306 -> 64320)  ion 21: Seg3 -> Seg2 via J1
    - MERGE  (64320 -> 64400)  ion 21: Seg2 -> T1
[SHUTTLE 238] ion=23  T0 -> T2  route=T0->J0->J1->T2
    - SPLIT  (64440 -> 64560)  ion 23: T0 -> Seg0 (swap_cnt=1, swap_hops=10, ion_hops=0, i1=23, i2=17)
    - MOVE   (64560 -> 64574)  ion 23: Seg0 -> Seg4 via J0
    - MOVE   (64574 -> 64588)  ion 23: Seg4 -> Seg3 via J1
    - MERGE  (64588 -> 64668)  ion 23: Seg3 -> T2
[SHUTTLE 239] ion=18  T1 -> T0  route=T1->J1->J0->T0
    - SPLIT  (64788 -> 64908)  ion 18: T1 -> Seg2 (swap_cnt=1, swap_hops=4, ion_hops=0, i1=18, i2=21)
    - MOVE   (64908 -> 64922)  ion 18: Seg2 -> Seg4 via J1
    - MOVE   (64922 -> 64936)  ion 18: Seg4 -> Seg0 via J0
    - MERGE  (64936 -> 65016)  ion 18: Seg0 -> T0
[SHUTTLE 240] ion=22  T2 -> T1  route=T2->J1->T1
    - SPLIT  (65056 -> 65176)  ion 22: T2 -> Seg3 (swap_cnt=1, swap_hops=1, ion_hops=0, i1=22, i2=23)
    - MOVE   (65176 -> 65190)  ion 22: Seg3 -> Seg2 via J1
    - MERGE  (65190 -> 65270)  ion 22: Seg2 -> T1
[SHUTTLE 241] ion=24  T0 -> T2  route=T0->J0->J1->T2
    - SPLIT  (65310 -> 65430)  ion 24: T0 -> Seg0 (swap_cnt=1, swap_hops=10, ion_hops=0, i1=24, i2=18)
    - MOVE   (65430 -> 65444)  ion 24: Seg0 -> Seg4 via J0
    - MOVE   (65444 -> 65458)  ion 24: Seg4 -> Seg3 via J1
    - MERGE  (65458 -> 65538)  ion 24: Seg3 -> T2
[SHUTTLE 242] ion=19  T1 -> T0  route=T1->J1->J0->T0
    - SPLIT  (65658 -> 65778)  ion 19: T1 -> Seg2 (swap_cnt=1, swap_hops=3, ion_hops=0, i1=19, i2=22)
    - MOVE   (65778 -> 65792)  ion 19: Seg2 -> Seg4 via J1
    - MOVE   (65792 -> 65806)  ion 19: Seg4 -> Seg0 via J0
    - MERGE  (65806 -> 65886)  ion 19: Seg0 -> T0
[SHUTTLE 243] ion=23  T2 -> T1  route=T2->J1->T1
    - SPLIT  (65926 -> 66046)  ion 23: T2 -> Seg3 (swap_cnt=1, swap_hops=1, ion_hops=0, i1=23, i2=24)
    - MOVE   (66046 -> 66060)  ion 23: Seg3 -> Seg2 via J1
    - MERGE  (66060 -> 66140)  ion 23: Seg2 -> T1
[SHUTTLE 244] ion=20  T1 -> T0  route=T1->J1->J0->T0
    - SPLIT  (66260 -> 66380)  ion 20: T1 -> Seg2 (swap_cnt=1, swap_hops=3, ion_hops=0, i1=20, i2=23)
    - MOVE   (66380 -> 66394)  ion 20: Seg2 -> Seg4 via J1
    - MOVE   (66394 -> 66408)  ion 20: Seg4 -> Seg0 via J0
    - MERGE  (66408 -> 66488)  ion 20: Seg0 -> T0
[SHUTTLE 245] ion=24  T2 -> T1  route=T2->J1->T1
    - SPLIT  (66528 -> 66608)  ion 24: T2 -> Seg3 (swap_cnt=0, swap_hops=0, ion_hops=0, i1=0, i2=0)
    - MOVE   (66608 -> 66622)  ion 24: Seg3 -> Seg2 via J1
    - MERGE  (66622 -> 66702)  ion 24: Seg2 -> T1
[SHUTTLE 246] ion=31  T0 -> T1  route=T0->J0->J1->T1
    - SPLIT  (66822 -> 66942)  ion 31: T0 -> Seg0 (swap_cnt=1, swap_hops=9, ion_hops=0, i1=31, i2=20)
    - MOVE   (66942 -> 66956)  ion 31: Seg0 -> Seg4 via J0
    - MOVE   (66956 -> 66970)  ion 31: Seg4 -> Seg2 via J1
    - MERGE  (66970 -> 67050)  ion 31: Seg2 -> T1
[SHUTTLE 247] ion=27  T1 -> T2  route=T1->J1->T2
    - SPLIT  (67090 -> 67210)  ion 27: T1 -> Seg2 (swap_cnt=1, swap_hops=11, ion_hops=0, i1=27, i2=31)
    - MOVE   (67210 -> 67224)  ion 27: Seg2 -> Seg3 via J1
    - MERGE  (67224 -> 67304)  ion 27: Seg3 -> T2
[SHUTTLE 248] ion=21  T1 -> T0  route=T1->J1->J0->T0
    - SPLIT  (67424 -> 67544)  ion 21: T1 -> Seg2 (swap_cnt=1, swap_hops=4, ion_hops=0, i1=21, i2=31)
    - MOVE   (67544 -> 67558)  ion 21: Seg2 -> Seg4 via J1
    - MOVE   (67558 -> 67572)  ion 21: Seg4 -> Seg0 via J0
    - MERGE  (67572 -> 67652)  ion 21: Seg0 -> T0
[SHUTTLE 249] ion=25  T2 -> T1  route=T2->J1->T1
    - SPLIT  (67772 -> 67892)  ion 25: T2 -> Seg3 (swap_cnt=1, swap_hops=9, ion_hops=0, i1=25, i2=27)
    - MOVE   (67892 -> 67906)  ion 25: Seg3 -> Seg2 via J1
    - MERGE  (67906 -> 67986)  ion 25: Seg2 -> T1
[SHUTTLE 250] ion=22  T1 -> T2  route=T1->J1->T2
    - SPLIT  (68106 -> 68226)  ion 22: T1 -> Seg2 (swap_cnt=1, swap_hops=4, ion_hops=0, i1=22, i2=25)
    - MOVE   (68226 -> 68240)  ion 22: Seg2 -> Seg3 via J1
    - MERGE  (68240 -> 68320)  ion 22: Seg3 -> T2
[SHUTTLE 251] ion=26  T2 -> T1  route=T2->J1->T1
    - SPLIT  (68440 -> 68560)  ion 26: T2 -> Seg3 (swap_cnt=1, swap_hops=9, ion_hops=0, i1=26, i2=22)
    - MOVE   (68560 -> 68574)  ion 26: Seg3 -> Seg2 via J1
    - MERGE  (68574 -> 68654)  ion 26: Seg2 -> T1
[SHUTTLE 252] ion=23  T1 -> T2  route=T1->J1->T2
    - SPLIT  (68774 -> 68894)  ion 23: T1 -> Seg2 (swap_cnt=1, swap_hops=4, ion_hops=0, i1=23, i2=26)
    - MOVE   (68894 -> 68908)  ion 23: Seg2 -> Seg3 via J1
    - MERGE  (68908 -> 68988)  ion 23: Seg3 -> T2
[SHUTTLE 253] ion=27  T2 -> T1  route=T2->J1->T1
    - SPLIT  (69108 -> 69228)  ion 27: T2 -> Seg3 (swap_cnt=1, swap_hops=2, ion_hops=0, i1=27, i2=23)
    - MOVE   (69228 -> 69242)  ion 27: Seg3 -> Seg2 via J1
    - MERGE  (69242 -> 69322)  ion 27: Seg2 -> T1
[SHUTTLE 254] ion=24  T1 -> T2  route=T1->J1->T2
    - SPLIT  (69442 -> 69562)  ion 24: T1 -> Seg2 (swap_cnt=1, swap_hops=4, ion_hops=0, i1=24, i2=27)
    - MOVE   (69562 -> 69576)  ion 24: Seg2 -> Seg3 via J1
    - MERGE  (69576 -> 69656)  ion 24: Seg3 -> T2
[SHUTTLE 255] ion=25  T1 -> T2  route=T1->J1->T2
    - SPLIT  (69776 -> 69896)  ion 25: T1 -> Seg2 (swap_cnt=1, swap_hops=2, ion_hops=0, i1=25, i2=27)
    - MOVE   (69896 -> 69910)  ion 25: Seg2 -> Seg3 via J1
    - MERGE  (69910 -> 69990)  ion 25: Seg3 -> T2
[SHUTTLE 256] ion=26  T1 -> T2  route=T1->J1->T2
    - SPLIT  (70110 -> 70230)  ion 26: T1 -> Seg2 (swap_cnt=1, swap_hops=1, ion_hops=0, i1=26, i2=27)
    - MOVE   (70230 -> 70244)  ion 26: Seg2 -> Seg3 via J1
    - MERGE  (70244 -> 70324)  ion 26: Seg3 -> T2
[SHUTTLE 257] ion=4  T2 -> T1  route=T2->J1->T1
    - SPLIT  (70444 -> 70564)  ion 4: T2 -> Seg3 (swap_cnt=1, swap_hops=10, ion_hops=0, i1=4, i2=26)
    - MOVE   (70564 -> 70578)  ion 4: Seg3 -> Seg2 via J1
    - MERGE  (70578 -> 70658)  ion 4: Seg2 -> T1
[SHUTTLE 258] ion=28  T1 -> T2  route=T1->J1->T2
    - SPLIT  (70778 -> 70898)  ion 28: T1 -> Seg2 (swap_cnt=1, swap_hops=8, ion_hops=0, i1=28, i2=4)
    - MOVE   (70898 -> 70912)  ion 28: Seg2 -> Seg3 via J1
    - MERGE  (70912 -> 70992)  ion 28: Seg3 -> T2
SplitSWAP: 227
SchedulerFiredShuttle: 259
ReportedTotalShuttle: 259
----------------
