Simulation
Program:           programs\qft32_swap.qasm
Machine:           G2x2
Model:             MUSS_Params
Ions/Region:       12
Mapper:            SABRE
Reorder:           Naive
SerialTrap:        1
SerialComm:        1
SerialAll:         1
GateType:          FM
SwapType:          PaperSwapDirect
Scheduler Family:  MUSS
Scheduler Version: V4
Analyzer Mode:     PAPER
Arch Scale:        SMALL
parse object map:
{2: [1, 0], 4: [1, 0], 8: [2, 0], 10: [2, 0], 13: [2, 1], 15: [2, 1], 19: [3, 0], 21: [3, 0], 24: [3, 1], 26: [3, 1], 29: [3, 2], 31: [3, 2], 35: [4, 0], 37: [4, 0], 40: [4, 1], 42: [4, 1], 45: [4, 2], 47: [4, 2], 50: [4, 3], 52: [4, 3], 56: [5, 0], 58: [5, 0], 61: [5, 1], 63: [5, 1], 66: [5, 2], 68: [5, 2], 71: [5, 3], 73: [5, 3], 76: [5, 4], 78: [5, 4], 82: [6, 0], 84: [6, 0], 87: [6, 1], 89: [6, 1], 92: [6, 2], 94: [6, 2], 97: [6, 3], 99: [6, 3], 102: [6, 4], 104: [6, 4], 107: [6, 5], 109: [6, 5], 113: [7, 0], 115: [7, 0], 118: [7, 1], 120: [7, 1], 123: [7, 2], 125: [7, 2], 128: [7, 3], 130: [7, 3], 133: [7, 4], 135: [7, 4], 138: [7, 5], 140: [7, 5], 143: [7, 6], 145: [7, 6], 149: [8, 0], 151: [8, 0], 154: [8, 1], 156: [8, 1], 159: [8, 2], 161: [8, 2], 164: [8, 3], 166: [8, 3], 169: [8, 4], 171: [8, 4], 174: [8, 5], 176: [8, 5], 179: [8, 6], 181: [8, 6], 184: [8, 7], 186: [8, 7], 190: [9, 0], 192: [9, 0], 195: [9, 1], 197: [9, 1], 200: [9, 2], 202: [9, 2], 205: [9, 3], 207: [9, 3], 210: [9, 4], 212: [9, 4], 215: [9, 5], 217: [9, 5], 220: [9, 6], 222: [9, 6], 225: [9, 7], 227: [9, 7], 230: [9, 8], 232: [9, 8], 236: [10, 0], 238: [10, 0], 241: [10, 1], 243: [10, 1], 246: [10, 2], 248: [10, 2], 251: [10, 3], 253: [10, 3], 256: [10, 4], 258: [10, 4], 261: [10, 5], 263: [10, 5], 266: [10, 6], 268: [10, 6], 271: [10, 7], 273: [10, 7], 276: [10, 8], 278: [10, 8], 281: [10, 9], 283: [10, 9], 287: [11, 0], 289: [11, 0], 292: [11, 1], 294: [11, 1], 297: [11, 2], 299: [11, 2], 302: [11, 3], 304: [11, 3], 307: [11, 4], 309: [11, 4], 312: [11, 5], 314: [11, 5], 317: [11, 6], 319: [11, 6], 322: [11, 7], 324: [11, 7], 327: [11, 8], 329: [11, 8], 332: [11, 9], 334: [11, 9], 337: [11, 10], 339: [11, 10], 343: [12, 0], 345: [12, 0], 348: [12, 1], 350: [12, 1], 353: [12, 2], 355: [12, 2], 358: [12, 3], 360: [12, 3], 363: [12, 4], 365: [12, 4], 368: [12, 5], 370: [12, 5], 373: [12, 6], 375: [12, 6], 378: [12, 7], 380: [12, 7], 383: [12, 8], 385: [12, 8], 388: [12, 9], 390: [12, 9], 393: [12, 10], 395: [12, 10], 398: [12, 11], 400: [12, 11], 404: [13, 0], 406: [13, 0], 409: [13, 1], 411: [13, 1], 414: [13, 2], 416: [13, 2], 419: [13, 3], 421: [13, 3], 424: [13, 4], 426: [13, 4], 429: [13, 5], 431: [13, 5], 434: [13, 6], 436: [13, 6], 439: [13, 7], 441: [13, 7], 444: [13, 8], 446: [13, 8], 449: [13, 9], 451: [13, 9], 454: [13, 10], 456: [13, 10], 459: [13, 11], 461: [13, 11], 464: [13, 12], 466: [13, 12], 470: [14, 0], 472: [14, 0], 475: [14, 1], 477: [14, 1], 480: [14, 2], 482: [14, 2], 485: [14, 3], 487: [14, 3], 490: [14, 4], 492: [14, 4], 495: [14, 5], 497: [14, 5], 500: [14, 6], 502: [14, 6], 505: [14, 7], 507: [14, 7], 510: [14, 8], 512: [14, 8], 515: [14, 9], 517: [14, 9], 520: [14, 10], 522: [14, 10], 525: [14, 11], 527: [14, 11], 530: [14, 12], 532: [14, 12], 535: [14, 13], 537: [14, 13], 541: [15, 0], 543: [15, 0], 546: [15, 1], 548: [15, 1], 551: [15, 2], 553: [15, 2], 556: [15, 3], 558: [15, 3], 561: [15, 4], 563: [15, 4], 566: [15, 5], 568: [15, 5], 571: [15, 6], 573: [15, 6], 576: [15, 7], 578: [15, 7], 581: [15, 8], 583: [15, 8], 586: [15, 9], 588: [15, 9], 591: [15, 10], 593: [15, 10], 596: [15, 11], 598: [15, 11], 601: [15, 12], 603: [15, 12], 606: [15, 13], 608: [15, 13], 611: [15, 14], 613: [15, 14], 617: [16, 0], 619: [16, 0], 622: [16, 1], 624: [16, 1], 627: [16, 2], 629: [16, 2], 632: [16, 3], 634: [16, 3], 637: [16, 4], 639: [16, 4], 642: [16, 5], 644: [16, 5], 647: [16, 6], 649: [16, 6], 652: [16, 7], 654: [16, 7], 657: [16, 8], 659: [16, 8], 662: [16, 9], 664: [16, 9], 667: [16, 10], 669: [16, 10], 672: [16, 11], 674: [16, 11], 677: [16, 12], 679: [16, 12], 682: [16, 13], 684: [16, 13], 687: [16, 14], 689: [16, 14], 692: [16, 15], 694: [16, 15], 698: [17, 0], 700: [17, 0], 703: [17, 1], 705: [17, 1], 708: [17, 2], 710: [17, 2], 713: [17, 3], 715: [17, 3], 718: [17, 4], 720: [17, 4], 723: [17, 5], 725: [17, 5], 728: [17, 6], 730: [17, 6], 733: [17, 7], 735: [17, 7], 738: [17, 8], 740: [17, 8], 743: [17, 9], 745: [17, 9], 748: [17, 10], 750: [17, 10], 753: [17, 11], 755: [17, 11], 758: [17, 12], 760: [17, 12], 763: [17, 13], 765: [17, 13], 768: [17, 14], 770: [17, 14], 773: [17, 15], 775: [17, 15], 778: [17, 16], 780: [17, 16], 784: [18, 0], 786: [18, 0], 789: [18, 1], 791: [18, 1], 794: [18, 2], 796: [18, 2], 799: [18, 3], 801: [18, 3], 804: [18, 4], 806: [18, 4], 809: [18, 5], 811: [18, 5], 814: [18, 6], 816: [18, 6], 819: [18, 7], 821: [18, 7], 824: [18, 8], 826: [18, 8], 829: [18, 9], 831: [18, 9], 834: [18, 10], 836: [18, 10], 839: [18, 11], 841: [18, 11], 844: [18, 12], 846: [18, 12], 849: [18, 13], 851: [18, 13], 854: [18, 14], 856: [18, 14], 859: [18, 15], 861: [18, 15], 864: [18, 16], 866: [18, 16], 869: [18, 17], 871: [18, 17], 875: [19, 0], 877: [19, 0], 880: [19, 1], 882: [19, 1], 885: [19, 2], 887: [19, 2], 890: [19, 3], 892: [19, 3], 895: [19, 4], 897: [19, 4], 900: [19, 5], 902: [19, 5], 905: [19, 6], 907: [19, 6], 910: [19, 7], 912: [19, 7], 915: [19, 8], 917: [19, 8], 920: [19, 9], 922: [19, 9], 925: [19, 10], 927: [19, 10], 930: [19, 11], 932: [19, 11], 935: [19, 12], 937: [19, 12], 940: [19, 13], 942: [19, 13], 945: [19, 14], 947: [19, 14], 950: [19, 15], 952: [19, 15], 955: [19, 16], 957: [19, 16], 960: [19, 17], 962: [19, 17], 965: [19, 18], 967: [19, 18], 971: [20, 0], 973: [20, 0], 976: [20, 1], 978: [20, 1], 981: [20, 2], 983: [20, 2], 986: [20, 3], 988: [20, 3], 991: [20, 4], 993: [20, 4], 996: [20, 5], 998: [20, 5], 1001: [20, 6], 1003: [20, 6], 1006: [20, 7], 1008: [20, 7], 1011: [20, 8], 1013: [20, 8], 1016: [20, 9], 1018: [20, 9], 1021: [20, 10], 1023: [20, 10], 1026: [20, 11], 1028: [20, 11], 1031: [20, 12], 1033: [20, 12], 1036: [20, 13], 1038: [20, 13], 1041: [20, 14], 1043: [20, 14], 1046: [20, 15], 1048: [20, 15], 1051: [20, 16], 1053: [20, 16], 1056: [20, 17], 1058: [20, 17], 1061: [20, 18], 1063: [20, 18], 1066: [20, 19], 1068: [20, 19], 1072: [21, 0], 1074: [21, 0], 1077: [21, 1], 1079: [21, 1], 1082: [21, 2], 1084: [21, 2], 1087: [21, 3], 1089: [21, 3], 1092: [21, 4], 1094: [21, 4], 1097: [21, 5], 1099: [21, 5], 1102: [21, 6], 1104: [21, 6], 1107: [21, 7], 1109: [21, 7], 1112: [21, 8], 1114: [21, 8], 1117: [21, 9], 1119: [21, 9], 1122: [21, 10], 1124: [21, 10], 1127: [21, 11], 1129: [21, 11], 1132: [21, 12], 1134: [21, 12], 1137: [21, 13], 1139: [21, 13], 1142: [21, 14], 1144: [21, 14], 1147: [21, 15], 1149: [21, 15], 1152: [21, 16], 1154: [21, 16], 1157: [21, 17], 1159: [21, 17], 1162: [21, 18], 1164: [21, 18], 1167: [21, 19], 1169: [21, 19], 1172: [21, 20], 1174: [21, 20], 1178: [22, 0], 1180: [22, 0], 1183: [22, 1], 1185: [22, 1], 1188: [22, 2], 1190: [22, 2], 1193: [22, 3], 1195: [22, 3], 1198: [22, 4], 1200: [22, 4], 1203: [22, 5], 1205: [22, 5], 1208: [22, 6], 1210: [22, 6], 1213: [22, 7], 1215: [22, 7], 1218: [22, 8], 1220: [22, 8], 1223: [22, 9], 1225: [22, 9], 1228: [22, 10], 1230: [22, 10], 1233: [22, 11], 1235: [22, 11], 1238: [22, 12], 1240: [22, 12], 1243: [22, 13], 1245: [22, 13], 1248: [22, 14], 1250: [22, 14], 1253: [22, 15], 1255: [22, 15], 1258: [22, 16], 1260: [22, 16], 1263: [22, 17], 1265: [22, 17], 1268: [22, 18], 1270: [22, 18], 1273: [22, 19], 1275: [22, 19], 1278: [22, 20], 1280: [22, 20], 1283: [22, 21], 1285: [22, 21], 1289: [23, 0], 1291: [23, 0], 1294: [23, 1], 1296: [23, 1], 1299: [23, 2], 1301: [23, 2], 1304: [23, 3], 1306: [23, 3], 1309: [23, 4], 1311: [23, 4], 1314: [23, 5], 1316: [23, 5], 1319: [23, 6], 1321: [23, 6], 1324: [23, 7], 1326: [23, 7], 1329: [23, 8], 1331: [23, 8], 1334: [23, 9], 1336: [23, 9], 1339: [23, 10], 1341: [23, 10], 1344: [23, 11], 1346: [23, 11], 1349: [23, 12], 1351: [23, 12], 1354: [23, 13], 1356: [23, 13], 1359: [23, 14], 1361: [23, 14], 1364: [23, 15], 1366: [23, 15], 1369: [23, 16], 1371: [23, 16], 1374: [23, 17], 1376: [23, 17], 1379: [23, 18], 1381: [23, 18], 1384: [23, 19], 1386: [23, 19], 1389: [23, 20], 1391: [23, 20], 1394: [23, 21], 1396: [23, 21], 1399: [23, 22], 1401: [23, 22], 1405: [24, 0], 1407: [24, 0], 1410: [24, 1], 1412: [24, 1], 1415: [24, 2], 1417: [24, 2], 1420: [24, 3], 1422: [24, 3], 1425: [24, 4], 1427: [24, 4], 1430: [24, 5], 1432: [24, 5], 1435: [24, 6], 1437: [24, 6], 1440: [24, 7], 1442: [24, 7], 1445: [24, 8], 1447: [24, 8], 1450: [24, 9], 1452: [24, 9], 1455: [24, 10], 1457: [24, 10], 1460: [24, 11], 1462: [24, 11], 1465: [24, 12], 1467: [24, 12], 1470: [24, 13], 1472: [24, 13], 1475: [24, 14], 1477: [24, 14], 1480: [24, 15], 1482: [24, 15], 1485: [24, 16], 1487: [24, 16], 1490: [24, 17], 1492: [24, 17], 1495: [24, 18], 1497: [24, 18], 1500: [24, 19], 1502: [24, 19], 1505: [24, 20], 1507: [24, 20], 1510: [24, 21], 1512: [24, 21], 1515: [24, 22], 1517: [24, 22], 1520: [24, 23], 1522: [24, 23], 1526: [25, 0], 1528: [25, 0], 1531: [25, 1], 1533: [25, 1], 1536: [25, 2], 1538: [25, 2], 1541: [25, 3], 1543: [25, 3], 1546: [25, 4], 1548: [25, 4], 1551: [25, 5], 1553: [25, 5], 1556: [25, 6], 1558: [25, 6], 1561: [25, 7], 1563: [25, 7], 1566: [25, 8], 1568: [25, 8], 1571: [25, 9], 1573: [25, 9], 1576: [25, 10], 1578: [25, 10], 1581: [25, 11], 1583: [25, 11], 1586: [25, 12], 1588: [25, 12], 1591: [25, 13], 1593: [25, 13], 1596: [25, 14], 1598: [25, 14], 1601: [25, 15], 1603: [25, 15], 1606: [25, 16], 1608: [25, 16], 1611: [25, 17], 1613: [25, 17], 1616: [25, 18], 1618: [25, 18], 1621: [25, 19], 1623: [25, 19], 1626: [25, 20], 1628: [25, 20], 1631: [25, 21], 1633: [25, 21], 1636: [25, 22], 1638: [25, 22], 1641: [25, 23], 1643: [25, 23], 1646: [25, 24], 1648: [25, 24], 1652: [26, 0], 1654: [26, 0], 1657: [26, 1], 1659: [26, 1], 1662: [26, 2], 1664: [26, 2], 1667: [26, 3], 1669: [26, 3], 1672: [26, 4], 1674: [26, 4], 1677: [26, 5], 1679: [26, 5], 1682: [26, 6], 1684: [26, 6], 1687: [26, 7], 1689: [26, 7], 1692: [26, 8], 1694: [26, 8], 1697: [26, 9], 1699: [26, 9], 1702: [26, 10], 1704: [26, 10], 1707: [26, 11], 1709: [26, 11], 1712: [26, 12], 1714: [26, 12], 1717: [26, 13], 1719: [26, 13], 1722: [26, 14], 1724: [26, 14], 1727: [26, 15], 1729: [26, 15], 1732: [26, 16], 1734: [26, 16], 1737: [26, 17], 1739: [26, 17], 1742: [26, 18], 1744: [26, 18], 1747: [26, 19], 1749: [26, 19], 1752: [26, 20], 1754: [26, 20], 1757: [26, 21], 1759: [26, 21], 1762: [26, 22], 1764: [26, 22], 1767: [26, 23], 1769: [26, 23], 1772: [26, 24], 1774: [26, 24], 1777: [26, 25], 1779: [26, 25], 1783: [27, 0], 1785: [27, 0], 1788: [27, 1], 1790: [27, 1], 1793: [27, 2], 1795: [27, 2], 1798: [27, 3], 1800: [27, 3], 1803: [27, 4], 1805: [27, 4], 1808: [27, 5], 1810: [27, 5], 1813: [27, 6], 1815: [27, 6], 1818: [27, 7], 1820: [27, 7], 1823: [27, 8], 1825: [27, 8], 1828: [27, 9], 1830: [27, 9], 1833: [27, 10], 1835: [27, 10], 1838: [27, 11], 1840: [27, 11], 1843: [27, 12], 1845: [27, 12], 1848: [27, 13], 1850: [27, 13], 1853: [27, 14], 1855: [27, 14], 1858: [27, 15], 1860: [27, 15], 1863: [27, 16], 1865: [27, 16], 1868: [27, 17], 1870: [27, 17], 1873: [27, 18], 1875: [27, 18], 1878: [27, 19], 1880: [27, 19], 1883: [27, 20], 1885: [27, 20], 1888: [27, 21], 1890: [27, 21], 1893: [27, 22], 1895: [27, 22], 1898: [27, 23], 1900: [27, 23], 1903: [27, 24], 1905: [27, 24], 1908: [27, 25], 1910: [27, 25], 1913: [27, 26], 1915: [27, 26], 1919: [28, 0], 1921: [28, 0], 1924: [28, 1], 1926: [28, 1], 1929: [28, 2], 1931: [28, 2], 1934: [28, 3], 1936: [28, 3], 1939: [28, 4], 1941: [28, 4], 1944: [28, 5], 1946: [28, 5], 1949: [28, 6], 1951: [28, 6], 1954: [28, 7], 1956: [28, 7], 1959: [28, 8], 1961: [28, 8], 1964: [28, 9], 1966: [28, 9], 1969: [28, 10], 1971: [28, 10], 1974: [28, 11], 1976: [28, 11], 1979: [28, 12], 1981: [28, 12], 1984: [28, 13], 1986: [28, 13], 1989: [28, 14], 1991: [28, 14], 1994: [28, 15], 1996: [28, 15], 1999: [28, 16], 2001: [28, 16], 2004: [28, 17], 2006: [28, 17], 2009: [28, 18], 2011: [28, 18], 2014: [28, 19], 2016: [28, 19], 2019: [28, 20], 2021: [28, 20], 2024: [28, 21], 2026: [28, 21], 2029: [28, 22], 2031: [28, 22], 2034: [28, 23], 2036: [28, 23], 2039: [28, 24], 2041: [28, 24], 2044: [28, 25], 2046: [28, 25], 2049: [28, 26], 2051: [28, 26], 2054: [28, 27], 2056: [28, 27], 2060: [29, 0], 2062: [29, 0], 2065: [29, 1], 2067: [29, 1], 2070: [29, 2], 2072: [29, 2], 2075: [29, 3], 2077: [29, 3], 2080: [29, 4], 2082: [29, 4], 2085: [29, 5], 2087: [29, 5], 2090: [29, 6], 2092: [29, 6], 2095: [29, 7], 2097: [29, 7], 2100: [29, 8], 2102: [29, 8], 2105: [29, 9], 2107: [29, 9], 2110: [29, 10], 2112: [29, 10], 2115: [29, 11], 2117: [29, 11], 2120: [29, 12], 2122: [29, 12], 2125: [29, 13], 2127: [29, 13], 2130: [29, 14], 2132: [29, 14], 2135: [29, 15], 2137: [29, 15], 2140: [29, 16], 2142: [29, 16], 2145: [29, 17], 2147: [29, 17], 2150: [29, 18], 2152: [29, 18], 2155: [29, 19], 2157: [29, 19], 2160: [29, 20], 2162: [29, 20], 2165: [29, 21], 2167: [29, 21], 2170: [29, 22], 2172: [29, 22], 2175: [29, 23], 2177: [29, 23], 2180: [29, 24], 2182: [29, 24], 2185: [29, 25], 2187: [29, 25], 2190: [29, 26], 2192: [29, 26], 2195: [29, 27], 2197: [29, 27], 2200: [29, 28], 2202: [29, 28], 2206: [30, 0], 2208: [30, 0], 2211: [30, 1], 2213: [30, 1], 2216: [30, 2], 2218: [30, 2], 2221: [30, 3], 2223: [30, 3], 2226: [30, 4], 2228: [30, 4], 2231: [30, 5], 2233: [30, 5], 2236: [30, 6], 2238: [30, 6], 2241: [30, 7], 2243: [30, 7], 2246: [30, 8], 2248: [30, 8], 2251: [30, 9], 2253: [30, 9], 2256: [30, 10], 2258: [30, 10], 2261: [30, 11], 2263: [30, 11], 2266: [30, 12], 2268: [30, 12], 2271: [30, 13], 2273: [30, 13], 2276: [30, 14], 2278: [30, 14], 2281: [30, 15], 2283: [30, 15], 2286: [30, 16], 2288: [30, 16], 2291: [30, 17], 2293: [30, 17], 2296: [30, 18], 2298: [30, 18], 2301: [30, 19], 2303: [30, 19], 2306: [30, 20], 2308: [30, 20], 2311: [30, 21], 2313: [30, 21], 2316: [30, 22], 2318: [30, 22], 2321: [30, 23], 2323: [30, 23], 2326: [30, 24], 2328: [30, 24], 2331: [30, 25], 2333: [30, 25], 2336: [30, 26], 2338: [30, 26], 2341: [30, 27], 2343: [30, 27], 2346: [30, 28], 2348: [30, 28], 2351: [30, 29], 2353: [30, 29], 2357: [31, 0], 2359: [31, 0], 2362: [31, 1], 2364: [31, 1], 2367: [31, 2], 2369: [31, 2], 2372: [31, 3], 2374: [31, 3], 2377: [31, 4], 2379: [31, 4], 2382: [31, 5], 2384: [31, 5], 2387: [31, 6], 2389: [31, 6], 2392: [31, 7], 2394: [31, 7], 2397: [31, 8], 2399: [31, 8], 2402: [31, 9], 2404: [31, 9], 2407: [31, 10], 2409: [31, 10], 2412: [31, 11], 2414: [31, 11], 2417: [31, 12], 2419: [31, 12], 2422: [31, 13], 2424: [31, 13], 2427: [31, 14], 2429: [31, 14], 2432: [31, 15], 2434: [31, 15], 2437: [31, 16], 2439: [31, 16], 2442: [31, 17], 2444: [31, 17], 2447: [31, 18], 2449: [31, 18], 2452: [31, 19], 2454: [31, 19], 2457: [31, 20], 2459: [31, 20], 2462: [31, 21], 2464: [31, 21], 2467: [31, 22], 2469: [31, 22], 2472: [31, 23], 2474: [31, 23], 2477: [31, 24], 2479: [31, 24], 2482: [31, 25], 2484: [31, 25], 2487: [31, 26], 2489: [31, 26], 2492: [31, 27], 2494: [31, 27], 2497: [31, 28], 2499: [31, 28], 2502: [31, 29], 2504: [31, 29], 2507: [31, 30], 2509: [31, 30], 2512: [0, 31], 2513: [31, 0], 2514: [0, 31], 2515: [1, 30], 2516: [30, 1], 2517: [1, 30], 2518: [2, 29], 2519: [29, 2], 2520: [2, 29], 2521: [3, 28], 2522: [28, 3], 2523: [3, 28], 2524: [4, 27], 2525: [27, 4], 2526: [4, 27], 2527: [5, 26], 2528: [26, 5], 2529: [5, 26], 2530: [6, 25], 2531: [25, 6], 2532: [6, 25], 2533: [7, 24], 2534: [24, 7], 2535: [7, 24], 2536: [8, 23], 2537: [23, 8], 2538: [8, 23], 2539: [9, 22], 2540: [22, 9], 2541: [9, 22], 2542: [10, 21], 2543: [21, 10], 2544: [10, 21], 2545: [11, 20], 2546: [20, 11], 2547: [11, 20], 2548: [12, 19], 2549: [19, 12], 2550: [12, 19], 2551: [13, 18], 2552: [18, 13], 2553: [13, 18], 2554: [14, 17], 2555: [17, 14], 2556: [14, 17], 2557: [15, 16], 2558: [16, 15], 2559: [15, 16]}
parse object graph:
DiGraph with 2592 nodes and 3568 edges
ˇú Using SABRE6 mapper (matches muss_schedule4 improved version)
SABRE (Overload+MaxFlow+Chain+Urgency): Starting optimization...
SABRE: Optimization Done. Best Cost (Overloaded): 70
SABRE: Legalizing using Min-Cost Max-Flow (distance + convex chain + urgency)...
init_qubit_layout:
{0: [0, 1, 2, 3, 4, 5, 6, 7, 8, 9, 10, 11], 1: [12, 13, 14, 15, 16, 17, 18, 19, 20, 21, 22, 23], 2: [24, 25, 26, 27, 28, 29, 30, 31], 3: []}
Using MUSS Scheduler (V4) with SABRE Mapping
ˇú muss_schedule4.py new_vision
Analyzer shuttle mode: aggregate (detected shuttle_id annotations)
Analyzer mode: paper
Program Finish Time: 24912 us
OPCOUNTS Gate: 2592 Split: 74 Move: 128 Merge: 74

Two-qubit gate chain statistics
Mean: 11.1625 Max: 12.0
Fidelity: 5.391435916041789e-50

Shuttle count summary
  logical_shuttle_count      = 74   # High-level shuttle count aggregated by shuttle_id (same as old total_shuttle semantics)
  physical_shuttle_leg_count = 74   # Most faithful to the paper: each complete trap-to-trap split+move+merge segment counts as 1 shuttle
  split_count                = 74   # Number of low-level split operations
  merge_count                = 74   # Number of low-level merge operations
  move_count                 = 128   # Number of low-level move operations
[DBG SUMMARY] gates=2592  gate_mult=7.65057e-50  avg_gate_nbar=46.0105
[DBG SUMMARY] logical_shuttles=74  shuttle_mult=0.70471  min_shuttle=0.9949
[DBG SUMMARY] worst_B: Trap 1 -> 0.931462 (heat_state=71.000000, alpha_bg=0.001, move_bg_fraction=0.0, model=exp)

========== ANALYSIS RESULT ==========
{'fidelity': 5.391435916041789e-50, 'total_shuttle': 74, 'logical_shuttle_count': 74, 'physical_shuttle_leg_count': 74, 'split_count': 74, 'merge_count': 74, 'move_count': 128, 'time': 24912}

========== SHUTTLE TRACE ==========
[SHUTTLE 0] ion=6  T0 -> T2  route=T0->J0->J1->T2
    - SPLIT  (920 -> 1040)  ion 6: T0 -> Seg0 (swap_cnt=1, swap_hops=5, ion_hops=0, i1=6, i2=11)
    - MOVE   (1040 -> 1054)  ion 6: Seg0 -> Seg4 via J0
    - MOVE   (1054 -> 1068)  ion 6: Seg4 -> Seg3 via J1
    - MERGE  (1068 -> 1148)  ion 6: Seg3 -> T2
[SHUTTLE 1] ion=23  T1 -> T2  route=T1->J1->T2
    - SPLIT  (1148 -> 1228)  ion 23: T1 -> Seg2 (swap_cnt=0, swap_hops=0, ion_hops=0, i1=0, i2=0)
    - MOVE   (1228 -> 1242)  ion 23: Seg2 -> Seg3 via J1
    - MERGE  (1242 -> 1322)  ion 23: Seg3 -> T2
[SHUTTLE 2] ion=0  T0 -> T1  route=T0->J0->J1->T1
    - SPLIT  (1322 -> 1442)  ion 0: T0 -> Seg0 (swap_cnt=1, swap_hops=10, ion_hops=0, i1=0, i2=11)
    - MOVE   (1442 -> 1456)  ion 0: Seg0 -> Seg4 via J0
    - MOVE   (1456 -> 1470)  ion 0: Seg4 -> Seg2 via J1
    - MERGE  (1470 -> 1550)  ion 0: Seg2 -> T1
[SHUTTLE 3] ion=12  T1 -> T0  route=T1->J1->J0->T0
    - SPLIT  (1670 -> 1790)  ion 12: T1 -> Seg2 (swap_cnt=1, swap_hops=11, ion_hops=0, i1=12, i2=0)
    - MOVE   (1790 -> 1804)  ion 12: Seg2 -> Seg4 via J1
    - MOVE   (1804 -> 1818)  ion 12: Seg4 -> Seg0 via J0
    - MERGE  (1818 -> 1898)  ion 12: Seg0 -> T0
[SHUTTLE 4] ion=6  T2 -> T0  route=T2->J1->J0->T0
    - SPLIT  (1938 -> 2058)  ion 6: T2 -> Seg3 (swap_cnt=1, swap_hops=1, ion_hops=0, i1=6, i2=23)
    - MOVE   (2058 -> 2072)  ion 6: Seg3 -> Seg4 via J1
    - MOVE   (2072 -> 2086)  ion 6: Seg4 -> Seg0 via J0
    - MERGE  (2086 -> 2166)  ion 6: Seg0 -> T0
[SHUTTLE 5] ion=1  T0 -> T1  route=T0->J0->J1->T1
    - SPLIT  (2286 -> 2406)  ion 1: T0 -> Seg0 (swap_cnt=1, swap_hops=11, ion_hops=0, i1=1, i2=6)
    - MOVE   (2406 -> 2420)  ion 1: Seg0 -> Seg4 via J0
    - MOVE   (2420 -> 2434)  ion 1: Seg4 -> Seg2 via J1
    - MERGE  (2434 -> 2514)  ion 1: Seg2 -> T1
[SHUTTLE 6] ion=13  T1 -> T0  route=T1->J1->J0->T0
    - SPLIT  (2634 -> 2754)  ion 13: T1 -> Seg2 (swap_cnt=1, swap_hops=11, ion_hops=0, i1=13, i2=1)
    - MOVE   (2754 -> 2768)  ion 13: Seg2 -> Seg4 via J1
    - MOVE   (2768 -> 2782)  ion 13: Seg4 -> Seg0 via J0
    - MERGE  (2782 -> 2862)  ion 13: Seg0 -> T0
[SHUTTLE 7] ion=2  T0 -> T1  route=T0->J0->J1->T1
    - SPLIT  (2982 -> 3102)  ion 2: T0 -> Seg0 (swap_cnt=1, swap_hops=11, ion_hops=0, i1=2, i2=13)
    - MOVE   (3102 -> 3116)  ion 2: Seg0 -> Seg4 via J0
    - MOVE   (3116 -> 3130)  ion 2: Seg4 -> Seg2 via J1
    - MERGE  (3130 -> 3210)  ion 2: Seg2 -> T1
[SHUTTLE 8] ion=14  T1 -> T0  route=T1->J1->J0->T0
    - SPLIT  (3330 -> 3450)  ion 14: T1 -> Seg2 (swap_cnt=1, swap_hops=11, ion_hops=0, i1=14, i2=2)
    - MOVE   (3450 -> 3464)  ion 14: Seg2 -> Seg4 via J1
    - MOVE   (3464 -> 3478)  ion 14: Seg4 -> Seg0 via J0
    - MERGE  (3478 -> 3558)  ion 14: Seg0 -> T0
[SHUTTLE 9] ion=3  T0 -> T1  route=T0->J0->J1->T1
    - SPLIT  (3678 -> 3798)  ion 3: T0 -> Seg0 (swap_cnt=1, swap_hops=11, ion_hops=0, i1=3, i2=14)
    - MOVE   (3798 -> 3812)  ion 3: Seg0 -> Seg4 via J0
    - MOVE   (3812 -> 3826)  ion 3: Seg4 -> Seg2 via J1
    - MERGE  (3826 -> 3906)  ion 3: Seg2 -> T1
[SHUTTLE 10] ion=15  T1 -> T0  route=T1->J1->J0->T0
    - SPLIT  (4026 -> 4146)  ion 15: T1 -> Seg2 (swap_cnt=1, swap_hops=11, ion_hops=0, i1=15, i2=3)
    - MOVE   (4146 -> 4160)  ion 15: Seg2 -> Seg4 via J1
    - MOVE   (4160 -> 4174)  ion 15: Seg4 -> Seg0 via J0
    - MERGE  (4174 -> 4254)  ion 15: Seg0 -> T0
[SHUTTLE 11] ion=4  T0 -> T1  route=T0->J0->J1->T1
    - SPLIT  (4374 -> 4494)  ion 4: T0 -> Seg0 (swap_cnt=1, swap_hops=11, ion_hops=0, i1=4, i2=15)
    - MOVE   (4494 -> 4508)  ion 4: Seg0 -> Seg4 via J0
    - MOVE   (4508 -> 4522)  ion 4: Seg4 -> Seg2 via J1
    - MERGE  (4522 -> 4602)  ion 4: Seg2 -> T1
[SHUTTLE 12] ion=16  T1 -> T0  route=T1->J1->J0->T0
    - SPLIT  (4722 -> 4842)  ion 16: T1 -> Seg2 (swap_cnt=1, swap_hops=11, ion_hops=0, i1=16, i2=4)
    - MOVE   (4842 -> 4856)  ion 16: Seg2 -> Seg4 via J1
    - MOVE   (4856 -> 4870)  ion 16: Seg4 -> Seg0 via J0
    - MERGE  (4870 -> 4950)  ion 16: Seg0 -> T0
[SHUTTLE 13] ion=5  T0 -> T1  route=T0->J0->J1->T1
    - SPLIT  (5070 -> 5190)  ion 5: T0 -> Seg0 (swap_cnt=1, swap_hops=11, ion_hops=0, i1=5, i2=16)
    - MOVE   (5190 -> 5204)  ion 5: Seg0 -> Seg4 via J0
    - MOVE   (5204 -> 5218)  ion 5: Seg4 -> Seg2 via J1
    - MERGE  (5218 -> 5298)  ion 5: Seg2 -> T1
[SHUTTLE 14] ion=0  T1 -> T2  route=T1->J1->T2
    - SPLIT  (5418 -> 5538)  ion 0: T1 -> Seg2 (swap_cnt=1, swap_hops=5, ion_hops=0, i1=0, i2=5)
    - MOVE   (5538 -> 5552)  ion 0: Seg2 -> Seg3 via J1
    - MERGE  (5552 -> 5632)  ion 0: Seg3 -> T2
[SHUTTLE 15] ion=6  T0 -> T1  route=T0->J0->J1->T1
    - SPLIT  (5672 -> 5792)  ion 6: T0 -> Seg0 (swap_cnt=1, swap_hops=4, ion_hops=0, i1=6, i2=16)
    - MOVE   (5792 -> 5806)  ion 6: Seg0 -> Seg4 via J0
    - MOVE   (5806 -> 5820)  ion 6: Seg4 -> Seg2 via J1
    - MERGE  (5820 -> 5900)  ion 6: Seg2 -> T1
[SHUTTLE 16] ion=1  T1 -> T2  route=T1->J1->T2
    - SPLIT  (6020 -> 6140)  ion 1: T1 -> Seg2 (swap_cnt=1, swap_hops=5, ion_hops=0, i1=1, i2=6)
    - MOVE   (6140 -> 6154)  ion 1: Seg2 -> Seg3 via J1
    - MERGE  (6154 -> 6234)  ion 1: Seg3 -> T2
[SHUTTLE 17] ion=17  T1 -> T0  route=T1->J1->J0->T0
    - SPLIT  (6274 -> 6394)  ion 17: T1 -> Seg2 (swap_cnt=1, swap_hops=10, ion_hops=0, i1=17, i2=6)
    - MOVE   (6394 -> 6408)  ion 17: Seg2 -> Seg4 via J1
    - MOVE   (6408 -> 6422)  ion 17: Seg4 -> Seg0 via J0
    - MERGE  (6422 -> 6502)  ion 17: Seg0 -> T0
[SHUTTLE 18] ion=23  T2 -> T1  route=T2->J1->T1
    - SPLIT  (6622 -> 6742)  ion 23: T2 -> Seg3 (swap_cnt=1, swap_hops=2, ion_hops=0, i1=23, i2=1)
    - MOVE   (6742 -> 6756)  ion 23: Seg3 -> Seg2 via J1
    - MERGE  (6756 -> 6836)  ion 23: Seg2 -> T1
[SHUTTLE 19] ion=7  T0 -> T1  route=T0->J0->J1->T1
    - SPLIT  (6876 -> 6996)  ion 7: T0 -> Seg0 (swap_cnt=1, swap_hops=10, ion_hops=0, i1=7, i2=17)
    - MOVE   (6996 -> 7010)  ion 7: Seg0 -> Seg4 via J0
    - MOVE   (7010 -> 7024)  ion 7: Seg4 -> Seg2 via J1
    - MERGE  (7024 -> 7104)  ion 7: Seg2 -> T1
[SHUTTLE 20] ion=2  T1 -> T2  route=T1->J1->T2
    - SPLIT  (7224 -> 7344)  ion 2: T1 -> Seg2 (swap_cnt=1, swap_hops=6, ion_hops=0, i1=2, i2=7)
    - MOVE   (7344 -> 7358)  ion 2: Seg2 -> Seg3 via J1
    - MERGE  (7358 -> 7438)  ion 2: Seg3 -> T2
[SHUTTLE 21] ion=18  T1 -> T0  route=T1->J1->J0->T0
    - SPLIT  (7478 -> 7598)  ion 18: T1 -> Seg2 (swap_cnt=1, swap_hops=10, ion_hops=0, i1=18, i2=7)
    - MOVE   (7598 -> 7612)  ion 18: Seg2 -> Seg4 via J1
    - MOVE   (7612 -> 7626)  ion 18: Seg4 -> Seg0 via J0
    - MERGE  (7626 -> 7706)  ion 18: Seg0 -> T0
[SHUTTLE 22] ion=24  T2 -> T1  route=T2->J1->T1
    - SPLIT  (7826 -> 7946)  ion 24: T2 -> Seg3 (swap_cnt=1, swap_hops=3, ion_hops=0, i1=24, i2=2)
    - MOVE   (7946 -> 7960)  ion 24: Seg3 -> Seg2 via J1
    - MERGE  (7960 -> 8040)  ion 24: Seg2 -> T1
[SHUTTLE 23] ion=8  T0 -> T1  route=T0->J0->J1->T1
    - SPLIT  (8080 -> 8200)  ion 8: T0 -> Seg0 (swap_cnt=1, swap_hops=10, ion_hops=0, i1=8, i2=18)
    - MOVE   (8200 -> 8214)  ion 8: Seg0 -> Seg4 via J0
    - MOVE   (8214 -> 8228)  ion 8: Seg4 -> Seg2 via J1
    - MERGE  (8228 -> 8308)  ion 8: Seg2 -> T1
[SHUTTLE 24] ion=3  T1 -> T2  route=T1->J1->T2
    - SPLIT  (8428 -> 8548)  ion 3: T1 -> Seg2 (swap_cnt=1, swap_hops=7, ion_hops=0, i1=3, i2=8)
    - MOVE   (8548 -> 8562)  ion 3: Seg2 -> Seg3 via J1
    - MERGE  (8562 -> 8642)  ion 3: Seg3 -> T2
[SHUTTLE 25] ion=19  T1 -> T0  route=T1->J1->J0->T0
    - SPLIT  (8682 -> 8802)  ion 19: T1 -> Seg2 (swap_cnt=1, swap_hops=10, ion_hops=0, i1=19, i2=8)
    - MOVE   (8802 -> 8816)  ion 19: Seg2 -> Seg4 via J1
    - MOVE   (8816 -> 8830)  ion 19: Seg4 -> Seg0 via J0
    - MERGE  (8830 -> 8910)  ion 19: Seg0 -> T0
[SHUTTLE 26] ion=25  T2 -> T1  route=T2->J1->T1
    - SPLIT  (9030 -> 9150)  ion 25: T2 -> Seg3 (swap_cnt=1, swap_hops=4, ion_hops=0, i1=25, i2=3)
    - MOVE   (9150 -> 9164)  ion 25: Seg3 -> Seg2 via J1
    - MERGE  (9164 -> 9244)  ion 25: Seg2 -> T1
[SHUTTLE 27] ion=9  T0 -> T1  route=T0->J0->J1->T1
    - SPLIT  (9284 -> 9404)  ion 9: T0 -> Seg0 (swap_cnt=1, swap_hops=10, ion_hops=0, i1=9, i2=19)
    - MOVE   (9404 -> 9418)  ion 9: Seg0 -> Seg4 via J0
    - MOVE   (9418 -> 9432)  ion 9: Seg4 -> Seg2 via J1
    - MERGE  (9432 -> 9512)  ion 9: Seg2 -> T1
[SHUTTLE 28] ion=4  T1 -> T2  route=T1->J1->T2
    - SPLIT  (9632 -> 9752)  ion 4: T1 -> Seg2 (swap_cnt=1, swap_hops=8, ion_hops=0, i1=4, i2=9)
    - MOVE   (9752 -> 9766)  ion 4: Seg2 -> Seg3 via J1
    - MERGE  (9766 -> 9846)  ion 4: Seg3 -> T2
[SHUTTLE 29] ion=20  T1 -> T0  route=T1->J1->J0->T0
    - SPLIT  (9886 -> 10006)  ion 20: T1 -> Seg2 (swap_cnt=1, swap_hops=10, ion_hops=0, i1=20, i2=9)
    - MOVE   (10006 -> 10020)  ion 20: Seg2 -> Seg4 via J1
    - MOVE   (10020 -> 10034)  ion 20: Seg4 -> Seg0 via J0
    - MERGE  (10034 -> 10114)  ion 20: Seg0 -> T0
[SHUTTLE 30] ion=26  T2 -> T1  route=T2->J1->T1
    - SPLIT  (10234 -> 10354)  ion 26: T2 -> Seg3 (swap_cnt=1, swap_hops=5, ion_hops=0, i1=26, i2=4)
    - MOVE   (10354 -> 10368)  ion 26: Seg3 -> Seg2 via J1
    - MERGE  (10368 -> 10448)  ion 26: Seg2 -> T1
[SHUTTLE 31] ion=10  T0 -> T1  route=T0->J0->J1->T1
    - SPLIT  (10488 -> 10608)  ion 10: T0 -> Seg0 (swap_cnt=1, swap_hops=10, ion_hops=0, i1=10, i2=20)
    - MOVE   (10608 -> 10622)  ion 10: Seg0 -> Seg4 via J0
    - MOVE   (10622 -> 10636)  ion 10: Seg4 -> Seg2 via J1
    - MERGE  (10636 -> 10716)  ion 10: Seg2 -> T1
[SHUTTLE 32] ion=5  T1 -> T2  route=T1->J1->T2
    - SPLIT  (10836 -> 10956)  ion 5: T1 -> Seg2 (swap_cnt=1, swap_hops=9, ion_hops=0, i1=5, i2=10)
    - MOVE   (10956 -> 10970)  ion 5: Seg2 -> Seg3 via J1
    - MERGE  (10970 -> 11050)  ion 5: Seg3 -> T2
[SHUTTLE 33] ion=21  T1 -> T0  route=T1->J1->J0->T0
    - SPLIT  (11090 -> 11210)  ion 21: T1 -> Seg2 (swap_cnt=1, swap_hops=10, ion_hops=0, i1=21, i2=10)
    - MOVE   (11210 -> 11224)  ion 21: Seg2 -> Seg4 via J1
    - MOVE   (11224 -> 11238)  ion 21: Seg4 -> Seg0 via J0
    - MERGE  (11238 -> 11318)  ion 21: Seg0 -> T0
[SHUTTLE 34] ion=27  T2 -> T1  route=T2->J1->T1
    - SPLIT  (11438 -> 11558)  ion 27: T2 -> Seg3 (swap_cnt=1, swap_hops=6, ion_hops=0, i1=27, i2=5)
    - MOVE   (11558 -> 11572)  ion 27: Seg3 -> Seg2 via J1
    - MERGE  (11572 -> 11652)  ion 27: Seg2 -> T1
[SHUTTLE 35] ion=11  T0 -> T1  route=T0->J0->J1->T1
    - SPLIT  (11692 -> 11812)  ion 11: T0 -> Seg0 (swap_cnt=1, swap_hops=10, ion_hops=0, i1=11, i2=21)
    - MOVE   (11812 -> 11826)  ion 11: Seg0 -> Seg4 via J0
    - MOVE   (11826 -> 11840)  ion 11: Seg4 -> Seg2 via J1
    - MERGE  (11840 -> 11920)  ion 11: Seg2 -> T1
[SHUTTLE 36] ion=6  T1 -> T2  route=T1->J1->T2
    - SPLIT  (12040 -> 12160)  ion 6: T1 -> Seg2 (swap_cnt=1, swap_hops=10, ion_hops=0, i1=6, i2=11)
    - MOVE   (12160 -> 12174)  ion 6: Seg2 -> Seg3 via J1
    - MERGE  (12174 -> 12254)  ion 6: Seg3 -> T2
[SHUTTLE 37] ion=22  T1 -> T0  route=T1->J1->J0->T0
    - SPLIT  (12294 -> 12414)  ion 22: T1 -> Seg2 (swap_cnt=1, swap_hops=10, ion_hops=0, i1=22, i2=11)
    - MOVE   (12414 -> 12428)  ion 22: Seg2 -> Seg4 via J1
    - MOVE   (12428 -> 12442)  ion 22: Seg4 -> Seg0 via J0
    - MERGE  (12442 -> 12522)  ion 22: Seg0 -> T0
[SHUTTLE 38] ion=28  T2 -> T1  route=T2->J1->T1
    - SPLIT  (12642 -> 12762)  ion 28: T2 -> Seg3 (swap_cnt=1, swap_hops=7, ion_hops=0, i1=28, i2=6)
    - MOVE   (12762 -> 12776)  ion 28: Seg3 -> Seg2 via J1
    - MERGE  (12776 -> 12856)  ion 28: Seg2 -> T1
[SHUTTLE 39] ion=12  T0 -> T1  route=T0->J0->J1->T1
    - SPLIT  (12896 -> 13016)  ion 12: T0 -> Seg0 (swap_cnt=1, swap_hops=10, ion_hops=0, i1=12, i2=22)
    - MOVE   (13016 -> 13030)  ion 12: Seg0 -> Seg4 via J0
    - MOVE   (13030 -> 13044)  ion 12: Seg4 -> Seg2 via J1
    - MERGE  (13044 -> 13124)  ion 12: Seg2 -> T1
[SHUTTLE 40] ion=7  T1 -> T2  route=T1->J1->T2
    - SPLIT  (13244 -> 13364)  ion 7: T1 -> Seg2 (swap_cnt=1, swap_hops=10, ion_hops=0, i1=7, i2=12)
    - MOVE   (13364 -> 13378)  ion 7: Seg2 -> Seg3 via J1
    - MERGE  (13378 -> 13458)  ion 7: Seg3 -> T2
[SHUTTLE 41] ion=23  T1 -> T0  route=T1->J1->J0->T0
    - SPLIT  (13498 -> 13618)  ion 23: T1 -> Seg2 (swap_cnt=1, swap_hops=10, ion_hops=0, i1=23, i2=12)
    - MOVE   (13618 -> 13632)  ion 23: Seg2 -> Seg4 via J1
    - MOVE   (13632 -> 13646)  ion 23: Seg4 -> Seg0 via J0
    - MERGE  (13646 -> 13726)  ion 23: Seg0 -> T0
[SHUTTLE 42] ion=29  T2 -> T1  route=T2->J1->T1
    - SPLIT  (13846 -> 13966)  ion 29: T2 -> Seg3 (swap_cnt=1, swap_hops=8, ion_hops=0, i1=29, i2=7)
    - MOVE   (13966 -> 13980)  ion 29: Seg3 -> Seg2 via J1
    - MERGE  (13980 -> 14060)  ion 29: Seg2 -> T1
[SHUTTLE 43] ion=13  T0 -> T1  route=T0->J0->J1->T1
    - SPLIT  (14100 -> 14220)  ion 13: T0 -> Seg0 (swap_cnt=1, swap_hops=10, ion_hops=0, i1=13, i2=23)
    - MOVE   (14220 -> 14234)  ion 13: Seg0 -> Seg4 via J0
    - MOVE   (14234 -> 14248)  ion 13: Seg4 -> Seg2 via J1
    - MERGE  (14248 -> 14328)  ion 13: Seg2 -> T1
[SHUTTLE 44] ion=8  T1 -> T2  route=T1->J1->T2
    - SPLIT  (14448 -> 14568)  ion 8: T1 -> Seg2 (swap_cnt=1, swap_hops=10, ion_hops=0, i1=8, i2=13)
    - MOVE   (14568 -> 14582)  ion 8: Seg2 -> Seg3 via J1
    - MERGE  (14582 -> 14662)  ion 8: Seg3 -> T2
[SHUTTLE 45] ion=24  T1 -> T0  route=T1->J1->J0->T0
    - SPLIT  (14702 -> 14822)  ion 24: T1 -> Seg2 (swap_cnt=1, swap_hops=10, ion_hops=0, i1=24, i2=13)
    - MOVE   (14822 -> 14836)  ion 24: Seg2 -> Seg4 via J1
    - MOVE   (14836 -> 14850)  ion 24: Seg4 -> Seg0 via J0
    - MERGE  (14850 -> 14930)  ion 24: Seg0 -> T0
[SHUTTLE 46] ion=30  T2 -> T1  route=T2->J1->T1
    - SPLIT  (15050 -> 15170)  ion 30: T2 -> Seg3 (swap_cnt=1, swap_hops=9, ion_hops=0, i1=30, i2=8)
    - MOVE   (15170 -> 15184)  ion 30: Seg3 -> Seg2 via J1
    - MERGE  (15184 -> 15264)  ion 30: Seg2 -> T1
[SHUTTLE 47] ion=14  T0 -> T1  route=T0->J0->J1->T1
    - SPLIT  (15304 -> 15424)  ion 14: T0 -> Seg0 (swap_cnt=1, swap_hops=10, ion_hops=0, i1=14, i2=24)
    - MOVE   (15424 -> 15438)  ion 14: Seg0 -> Seg4 via J0
    - MOVE   (15438 -> 15452)  ion 14: Seg4 -> Seg2 via J1
    - MERGE  (15452 -> 15532)  ion 14: Seg2 -> T1
[SHUTTLE 48] ion=9  T1 -> T2  route=T1->J1->T2
    - SPLIT  (15652 -> 15772)  ion 9: T1 -> Seg2 (swap_cnt=1, swap_hops=10, ion_hops=0, i1=9, i2=14)
    - MOVE   (15772 -> 15786)  ion 9: Seg2 -> Seg3 via J1
    - MERGE  (15786 -> 15866)  ion 9: Seg3 -> T2
[SHUTTLE 49] ion=25  T1 -> T0  route=T1->J1->J0->T0
    - SPLIT  (15906 -> 16026)  ion 25: T1 -> Seg2 (swap_cnt=1, swap_hops=10, ion_hops=0, i1=25, i2=14)
    - MOVE   (16026 -> 16040)  ion 25: Seg2 -> Seg4 via J1
    - MOVE   (16040 -> 16054)  ion 25: Seg4 -> Seg0 via J0
    - MERGE  (16054 -> 16134)  ion 25: Seg0 -> T0
[SHUTTLE 50] ion=31  T2 -> T1  route=T2->J1->T1
    - SPLIT  (16254 -> 16374)  ion 31: T2 -> Seg3 (swap_cnt=1, swap_hops=10, ion_hops=0, i1=31, i2=9)
    - MOVE   (16374 -> 16388)  ion 31: Seg3 -> Seg2 via J1
    - MERGE  (16388 -> 16468)  ion 31: Seg2 -> T1
[SHUTTLE 51] ion=15  T0 -> T1  route=T0->J0->J1->T1
    - SPLIT  (16508 -> 16628)  ion 15: T0 -> Seg0 (swap_cnt=1, swap_hops=10, ion_hops=0, i1=15, i2=25)
    - MOVE   (16628 -> 16642)  ion 15: Seg0 -> Seg4 via J0
    - MOVE   (16642 -> 16656)  ion 15: Seg4 -> Seg2 via J1
    - MERGE  (16656 -> 16736)  ion 15: Seg2 -> T1
[SHUTTLE 52] ion=26  T1 -> T0  route=T1->J1->J0->T0
    - SPLIT  (16856 -> 16976)  ion 26: T1 -> Seg2 (swap_cnt=1, swap_hops=11, ion_hops=0, i1=26, i2=15)
    - MOVE   (16976 -> 16990)  ion 26: Seg2 -> Seg4 via J1
    - MOVE   (16990 -> 17004)  ion 26: Seg4 -> Seg0 via J0
    - MERGE  (17004 -> 17084)  ion 26: Seg0 -> T0
[SHUTTLE 53] ion=16  T0 -> T1  route=T0->J0->J1->T1
    - SPLIT  (17204 -> 17324)  ion 16: T0 -> Seg0 (swap_cnt=1, swap_hops=10, ion_hops=0, i1=16, i2=26)
    - MOVE   (17324 -> 17338)  ion 16: Seg0 -> Seg4 via J0
    - MOVE   (17338 -> 17352)  ion 16: Seg4 -> Seg2 via J1
    - MERGE  (17352 -> 17432)  ion 16: Seg2 -> T1
[SHUTTLE 54] ion=27  T1 -> T0  route=T1->J1->J0->T0
    - SPLIT  (17552 -> 17672)  ion 27: T1 -> Seg2 (swap_cnt=1, swap_hops=10, ion_hops=0, i1=27, i2=16)
    - MOVE   (17672 -> 17686)  ion 27: Seg2 -> Seg4 via J1
    - MOVE   (17686 -> 17700)  ion 27: Seg4 -> Seg0 via J0
    - MERGE  (17700 -> 17780)  ion 27: Seg0 -> T0
[SHUTTLE 55] ion=17  T0 -> T1  route=T0->J0->J1->T1
    - SPLIT  (17900 -> 18020)  ion 17: T0 -> Seg0 (swap_cnt=1, swap_hops=10, ion_hops=0, i1=17, i2=27)
    - MOVE   (18020 -> 18034)  ion 17: Seg0 -> Seg4 via J0
    - MOVE   (18034 -> 18048)  ion 17: Seg4 -> Seg2 via J1
    - MERGE  (18048 -> 18128)  ion 17: Seg2 -> T1
[SHUTTLE 56] ion=28  T1 -> T0  route=T1->J1->J0->T0
    - SPLIT  (18248 -> 18368)  ion 28: T1 -> Seg2 (swap_cnt=1, swap_hops=9, ion_hops=0, i1=28, i2=17)
    - MOVE   (18368 -> 18382)  ion 28: Seg2 -> Seg4 via J1
    - MOVE   (18382 -> 18396)  ion 28: Seg4 -> Seg0 via J0
    - MERGE  (18396 -> 18476)  ion 28: Seg0 -> T0
[SHUTTLE 57] ion=18  T0 -> T1  route=T0->J0->J1->T1
    - SPLIT  (18596 -> 18716)  ion 18: T0 -> Seg0 (swap_cnt=1, swap_hops=10, ion_hops=0, i1=18, i2=28)
    - MOVE   (18716 -> 18730)  ion 18: Seg0 -> Seg4 via J0
    - MOVE   (18730 -> 18744)  ion 18: Seg4 -> Seg2 via J1
    - MERGE  (18744 -> 18824)  ion 18: Seg2 -> T1
[SHUTTLE 58] ion=29  T1 -> T0  route=T1->J1->J0->T0
    - SPLIT  (18944 -> 19064)  ion 29: T1 -> Seg2 (swap_cnt=1, swap_hops=8, ion_hops=0, i1=29, i2=18)
    - MOVE   (19064 -> 19078)  ion 29: Seg2 -> Seg4 via J1
    - MOVE   (19078 -> 19092)  ion 29: Seg4 -> Seg0 via J0
    - MERGE  (19092 -> 19172)  ion 29: Seg0 -> T0
[SHUTTLE 59] ion=30  T1 -> T0  route=T1->J1->J0->T0
    - SPLIT  (19292 -> 19412)  ion 30: T1 -> Seg2 (swap_cnt=1, swap_hops=6, ion_hops=0, i1=30, i2=18)
    - MOVE   (19412 -> 19426)  ion 30: Seg2 -> Seg4 via J1
    - MOVE   (19426 -> 19440)  ion 30: Seg4 -> Seg0 via J0
    - MERGE  (19440 -> 19520)  ion 30: Seg0 -> T0
[SHUTTLE 60] ion=19  T0 -> T1  route=T0->J0->J1->T1
    - SPLIT  (19640 -> 19760)  ion 19: T0 -> Seg0 (swap_cnt=1, swap_hops=11, ion_hops=0, i1=19, i2=30)
    - MOVE   (19760 -> 19774)  ion 19: Seg0 -> Seg4 via J0
    - MOVE   (19774 -> 19788)  ion 19: Seg4 -> Seg2 via J1
    - MERGE  (19788 -> 19868)  ion 19: Seg2 -> T1
[SHUTTLE 61] ion=31  T1 -> T0  route=T1->J1->J0->T0
    - SPLIT  (20068 -> 20188)  ion 31: T1 -> Seg2 (swap_cnt=1, swap_hops=5, ion_hops=0, i1=31, i2=19)
    - MOVE   (20188 -> 20202)  ion 31: Seg2 -> Seg4 via J1
    - MOVE   (20202 -> 20216)  ion 31: Seg4 -> Seg0 via J0
    - MERGE  (20216 -> 20296)  ion 31: Seg0 -> T0
[SHUTTLE 62] ion=20  T0 -> T1  route=T0->J0->J1->T1
    - SPLIT  (20416 -> 20536)  ion 20: T0 -> Seg0 (swap_cnt=1, swap_hops=11, ion_hops=0, i1=20, i2=31)
    - MOVE   (20536 -> 20550)  ion 20: Seg0 -> Seg4 via J0
    - MOVE   (20550 -> 20564)  ion 20: Seg4 -> Seg2 via J1
    - MERGE  (20564 -> 20644)  ion 20: Seg2 -> T1
[SHUTTLE 63] ion=21  T0 -> T1  route=T0->J0->J1->T1
    - SPLIT  (20764 -> 20884)  ion 21: T0 -> Seg0 (swap_cnt=1, swap_hops=10, ion_hops=0, i1=21, i2=31)
    - MOVE   (20884 -> 20898)  ion 21: Seg0 -> Seg4 via J0
    - MOVE   (20898 -> 20912)  ion 21: Seg4 -> Seg2 via J1
    - MERGE  (20912 -> 20992)  ion 21: Seg2 -> T1
[SHUTTLE 64] ion=22  T0 -> T2  route=T0->J0->J1->T2
    - SPLIT  (21112 -> 21232)  ion 22: T0 -> Seg0 (swap_cnt=1, swap_hops=9, ion_hops=0, i1=22, i2=31)
    - MOVE   (21232 -> 21246)  ion 22: Seg0 -> Seg4 via J0
    - MOVE   (21246 -> 21260)  ion 22: Seg4 -> Seg3 via J1
    - MERGE  (21260 -> 21340)  ion 22: Seg3 -> T2
[SHUTTLE 65] ion=8  T2 -> T0  route=T2->J1->J0->T0
    - SPLIT  (21460 -> 21580)  ion 8: T2 -> Seg3 (swap_cnt=1, swap_hops=2, ion_hops=0, i1=8, i2=22)
    - MOVE   (21580 -> 21594)  ion 8: Seg3 -> Seg4 via J1
    - MOVE   (21594 -> 21608)  ion 8: Seg4 -> Seg0 via J0
    - MERGE  (21608 -> 21688)  ion 8: Seg0 -> T0
[SHUTTLE 66] ion=24  T0 -> T2  route=T0->J0->J1->T2
    - SPLIT  (21808 -> 21928)  ion 24: T0 -> Seg0 (swap_cnt=1, swap_hops=8, ion_hops=0, i1=24, i2=8)
    - MOVE   (21928 -> 21942)  ion 24: Seg0 -> Seg4 via J0
    - MOVE   (21942 -> 21956)  ion 24: Seg4 -> Seg3 via J1
    - MERGE  (21956 -> 22036)  ion 24: Seg3 -> T2
[SHUTTLE 67] ion=6  T2 -> T0  route=T2->J1->J0->T0
    - SPLIT  (22156 -> 22276)  ion 6: T2 -> Seg3 (swap_cnt=1, swap_hops=4, ion_hops=0, i1=6, i2=24)
    - MOVE   (22276 -> 22290)  ion 6: Seg3 -> Seg4 via J1
    - MOVE   (22290 -> 22304)  ion 6: Seg4 -> Seg0 via J0
    - MERGE  (22304 -> 22384)  ion 6: Seg0 -> T0
[SHUTTLE 68] ion=26  T0 -> T2  route=T0->J0->J1->T2
    - SPLIT  (22504 -> 22624)  ion 26: T0 -> Seg0 (swap_cnt=1, swap_hops=7, ion_hops=0, i1=26, i2=6)
    - MOVE   (22624 -> 22638)  ion 26: Seg0 -> Seg4 via J0
    - MOVE   (22638 -> 22652)  ion 26: Seg4 -> Seg3 via J1
    - MERGE  (22652 -> 22732)  ion 26: Seg3 -> T2
[SHUTTLE 69] ion=4  T2 -> T0  route=T2->J1->J0->T0
    - SPLIT  (22852 -> 22972)  ion 4: T2 -> Seg3 (swap_cnt=1, swap_hops=6, ion_hops=0, i1=4, i2=26)
    - MOVE   (22972 -> 22986)  ion 4: Seg3 -> Seg4 via J1
    - MOVE   (22986 -> 23000)  ion 4: Seg4 -> Seg0 via J0
    - MERGE  (23000 -> 23080)  ion 4: Seg0 -> T0
[SHUTTLE 70] ion=28  T0 -> T2  route=T0->J0->J1->T2
    - SPLIT  (23200 -> 23320)  ion 28: T0 -> Seg0 (swap_cnt=1, swap_hops=6, ion_hops=0, i1=28, i2=4)
    - MOVE   (23320 -> 23334)  ion 28: Seg0 -> Seg4 via J0
    - MOVE   (23334 -> 23348)  ion 28: Seg4 -> Seg3 via J1
    - MERGE  (23348 -> 23428)  ion 28: Seg3 -> T2
[SHUTTLE 71] ion=2  T2 -> T0  route=T2->J1->J0->T0
    - SPLIT  (23548 -> 23668)  ion 2: T2 -> Seg3 (swap_cnt=1, swap_hops=8, ion_hops=0, i1=2, i2=28)
    - MOVE   (23668 -> 23682)  ion 2: Seg3 -> Seg4 via J1
    - MOVE   (23682 -> 23696)  ion 2: Seg4 -> Seg0 via J0
    - MERGE  (23696 -> 23776)  ion 2: Seg0 -> T0
[SHUTTLE 72] ion=30  T0 -> T2  route=T0->J0->J1->T2
    - SPLIT  (23896 -> 24016)  ion 30: T0 -> Seg0 (swap_cnt=1, swap_hops=5, ion_hops=0, i1=30, i2=2)
    - MOVE   (24016 -> 24030)  ion 30: Seg0 -> Seg4 via J0
    - MOVE   (24030 -> 24044)  ion 30: Seg4 -> Seg3 via J1
    - MERGE  (24044 -> 24124)  ion 30: Seg3 -> T2
[SHUTTLE 73] ion=0  T2 -> T0  route=T2->J1->J0->T0
    - SPLIT  (24244 -> 24364)  ion 0: T2 -> Seg3 (swap_cnt=1, swap_hops=10, ion_hops=0, i1=0, i2=30)
    - MOVE   (24364 -> 24378)  ion 0: Seg3 -> Seg4 via J1
    - MOVE   (24378 -> 24392)  ion 0: Seg4 -> Seg0 via J0
    - MERGE  (24392 -> 24472)  ion 0: Seg0 -> T0
SplitSWAP: 73
SchedulerFiredShuttle: 74
ReportedTotalShuttle: 74
----------------
