Simulation
Program:      ./programs/QFT32.qasm
Machine:      G2x2
Model:        MUSS_Params
Ions:         12
Mapper:       SABRE
Reorder:      Naive
SerialTrap:   1
SerialComm:   0
SerialAll:    0
Gatetype:     FM
Swaptype:     GateSwap
Scheduler Family: MUSS
Scheduler Version: V4
qbit 0 dep gates: 0
qbit 0 dep gates: 1
qbit 1: 1 qbit 2: 0 dep gates: 3
qbit 1: 1 qbit 2: 0 dep gates: 2
qbit 0 dep gates: 4
qbit 1: 1 qbit 2: 0 dep gates: 4
qbit 1: 1 qbit 2: 0 dep gates: 5
qbit 0 dep gates: 6
qbit 1 dep gates: 6
qbit 1 dep gates: 8
qbit 1 dep gates: 9
qbit 1: 2 qbit 2: 0 dep gates: 11
qbit 1: 2 qbit 2: 0 dep gates: 7
qbit 0 dep gates: 12
qbit 1: 2 qbit 2: 0 dep gates: 12
qbit 1: 2 qbit 2: 0 dep gates: 13
qbit 0 dep gates: 14
qbit 2 dep gates: 14
qbit 1: 2 qbit 2: 1 dep gates: 16
qbit 1: 2 qbit 2: 1 dep gates: 10
qbit 1 dep gates: 17
qbit 1: 2 qbit 2: 1 dep gates: 17
qbit 1: 2 qbit 2: 1 dep gates: 18
qbit 1 dep gates: 19
qbit 2 dep gates: 19
qbit 2 dep gates: 21
qbit 2 dep gates: 22
qbit 1: 3 qbit 2: 0 dep gates: 24
qbit 1: 3 qbit 2: 0 dep gates: 15
qbit 0 dep gates: 25
qbit 1: 3 qbit 2: 0 dep gates: 25
qbit 1: 3 qbit 2: 0 dep gates: 26
qbit 0 dep gates: 27
qbit 3 dep gates: 27
qbit 1: 3 qbit 2: 1 dep gates: 29
qbit 1: 3 qbit 2: 1 dep gates: 20
qbit 1 dep gates: 30
qbit 1: 3 qbit 2: 1 dep gates: 30
qbit 1: 3 qbit 2: 1 dep gates: 31
qbit 1 dep gates: 32
qbit 3 dep gates: 32
qbit 1: 3 qbit 2: 2 dep gates: 34
qbit 1: 3 qbit 2: 2 dep gates: 23
qbit 2 dep gates: 35
qbit 1: 3 qbit 2: 2 dep gates: 35
qbit 1: 3 qbit 2: 2 dep gates: 36
qbit 2 dep gates: 37
qbit 3 dep gates: 37
qbit 3 dep gates: 39
qbit 3 dep gates: 40
qbit 1: 4 qbit 2: 0 dep gates: 42
qbit 1: 4 qbit 2: 0 dep gates: 28
qbit 0 dep gates: 43
qbit 1: 4 qbit 2: 0 dep gates: 43
qbit 1: 4 qbit 2: 0 dep gates: 44
qbit 0 dep gates: 45
qbit 4 dep gates: 45
qbit 1: 4 qbit 2: 1 dep gates: 47
qbit 1: 4 qbit 2: 1 dep gates: 33
qbit 1 dep gates: 48
qbit 1: 4 qbit 2: 1 dep gates: 48
qbit 1: 4 qbit 2: 1 dep gates: 49
qbit 1 dep gates: 50
qbit 4 dep gates: 50
qbit 1: 4 qbit 2: 2 dep gates: 52
qbit 1: 4 qbit 2: 2 dep gates: 38
qbit 2 dep gates: 53
qbit 1: 4 qbit 2: 2 dep gates: 53
qbit 1: 4 qbit 2: 2 dep gates: 54
qbit 2 dep gates: 55
qbit 4 dep gates: 55
qbit 1: 4 qbit 2: 3 dep gates: 57
qbit 1: 4 qbit 2: 3 dep gates: 41
qbit 3 dep gates: 58
qbit 1: 4 qbit 2: 3 dep gates: 58
qbit 1: 4 qbit 2: 3 dep gates: 59
qbit 3 dep gates: 60
qbit 4 dep gates: 60
qbit 4 dep gates: 62
qbit 4 dep gates: 63
qbit 1: 5 qbit 2: 0 dep gates: 65
qbit 1: 5 qbit 2: 0 dep gates: 46
qbit 0 dep gates: 66
qbit 1: 5 qbit 2: 0 dep gates: 66
qbit 1: 5 qbit 2: 0 dep gates: 67
qbit 0 dep gates: 68
qbit 5 dep gates: 68
qbit 1: 5 qbit 2: 1 dep gates: 70
qbit 1: 5 qbit 2: 1 dep gates: 51
qbit 1 dep gates: 71
qbit 1: 5 qbit 2: 1 dep gates: 71
qbit 1: 5 qbit 2: 1 dep gates: 72
qbit 1 dep gates: 73
qbit 5 dep gates: 73
qbit 1: 5 qbit 2: 2 dep gates: 75
qbit 1: 5 qbit 2: 2 dep gates: 56
qbit 2 dep gates: 76
qbit 1: 5 qbit 2: 2 dep gates: 76
qbit 1: 5 qbit 2: 2 dep gates: 77
qbit 2 dep gates: 78
qbit 5 dep gates: 78
qbit 1: 5 qbit 2: 3 dep gates: 80
qbit 1: 5 qbit 2: 3 dep gates: 61
qbit 3 dep gates: 81
qbit 1: 5 qbit 2: 3 dep gates: 81
qbit 1: 5 qbit 2: 3 dep gates: 82
qbit 3 dep gates: 83
qbit 5 dep gates: 83
qbit 1: 5 qbit 2: 4 dep gates: 85
qbit 1: 5 qbit 2: 4 dep gates: 64
qbit 4 dep gates: 86
qbit 1: 5 qbit 2: 4 dep gates: 86
qbit 1: 5 qbit 2: 4 dep gates: 87
qbit 4 dep gates: 88
qbit 5 dep gates: 88
qbit 5 dep gates: 90
qbit 5 dep gates: 91
qbit 1: 6 qbit 2: 0 dep gates: 93
qbit 1: 6 qbit 2: 0 dep gates: 69
qbit 0 dep gates: 94
qbit 1: 6 qbit 2: 0 dep gates: 94
qbit 1: 6 qbit 2: 0 dep gates: 95
qbit 0 dep gates: 96
qbit 6 dep gates: 96
qbit 1: 6 qbit 2: 1 dep gates: 98
qbit 1: 6 qbit 2: 1 dep gates: 74
qbit 1 dep gates: 99
qbit 1: 6 qbit 2: 1 dep gates: 99
qbit 1: 6 qbit 2: 1 dep gates: 100
qbit 1 dep gates: 101
qbit 6 dep gates: 101
qbit 1: 6 qbit 2: 2 dep gates: 103
qbit 1: 6 qbit 2: 2 dep gates: 79
qbit 2 dep gates: 104
qbit 1: 6 qbit 2: 2 dep gates: 104
qbit 1: 6 qbit 2: 2 dep gates: 105
qbit 2 dep gates: 106
qbit 6 dep gates: 106
qbit 1: 6 qbit 2: 3 dep gates: 108
qbit 1: 6 qbit 2: 3 dep gates: 84
qbit 3 dep gates: 109
qbit 1: 6 qbit 2: 3 dep gates: 109
qbit 1: 6 qbit 2: 3 dep gates: 110
qbit 3 dep gates: 111
qbit 6 dep gates: 111
qbit 1: 6 qbit 2: 4 dep gates: 113
qbit 1: 6 qbit 2: 4 dep gates: 89
qbit 4 dep gates: 114
qbit 1: 6 qbit 2: 4 dep gates: 114
qbit 1: 6 qbit 2: 4 dep gates: 115
qbit 4 dep gates: 116
qbit 6 dep gates: 116
qbit 1: 6 qbit 2: 5 dep gates: 118
qbit 1: 6 qbit 2: 5 dep gates: 92
qbit 5 dep gates: 119
qbit 1: 6 qbit 2: 5 dep gates: 119
qbit 1: 6 qbit 2: 5 dep gates: 120
qbit 5 dep gates: 121
qbit 6 dep gates: 121
qbit 6 dep gates: 123
qbit 6 dep gates: 124
qbit 1: 7 qbit 2: 0 dep gates: 126
qbit 1: 7 qbit 2: 0 dep gates: 97
qbit 0 dep gates: 127
qbit 1: 7 qbit 2: 0 dep gates: 127
qbit 1: 7 qbit 2: 0 dep gates: 128
qbit 0 dep gates: 129
qbit 7 dep gates: 129
qbit 1: 7 qbit 2: 1 dep gates: 131
qbit 1: 7 qbit 2: 1 dep gates: 102
qbit 1 dep gates: 132
qbit 1: 7 qbit 2: 1 dep gates: 132
qbit 1: 7 qbit 2: 1 dep gates: 133
qbit 1 dep gates: 134
qbit 7 dep gates: 134
qbit 1: 7 qbit 2: 2 dep gates: 136
qbit 1: 7 qbit 2: 2 dep gates: 107
qbit 2 dep gates: 137
qbit 1: 7 qbit 2: 2 dep gates: 137
qbit 1: 7 qbit 2: 2 dep gates: 138
qbit 2 dep gates: 139
qbit 7 dep gates: 139
qbit 1: 7 qbit 2: 3 dep gates: 141
qbit 1: 7 qbit 2: 3 dep gates: 112
qbit 3 dep gates: 142
qbit 1: 7 qbit 2: 3 dep gates: 142
qbit 1: 7 qbit 2: 3 dep gates: 143
qbit 3 dep gates: 144
qbit 7 dep gates: 144
qbit 1: 7 qbit 2: 4 dep gates: 146
qbit 1: 7 qbit 2: 4 dep gates: 117
qbit 4 dep gates: 147
qbit 1: 7 qbit 2: 4 dep gates: 147
qbit 1: 7 qbit 2: 4 dep gates: 148
qbit 4 dep gates: 149
qbit 7 dep gates: 149
qbit 1: 7 qbit 2: 5 dep gates: 151
qbit 1: 7 qbit 2: 5 dep gates: 122
qbit 5 dep gates: 152
qbit 1: 7 qbit 2: 5 dep gates: 152
qbit 1: 7 qbit 2: 5 dep gates: 153
qbit 5 dep gates: 154
qbit 7 dep gates: 154
qbit 1: 7 qbit 2: 6 dep gates: 156
qbit 1: 7 qbit 2: 6 dep gates: 125
qbit 6 dep gates: 157
qbit 1: 7 qbit 2: 6 dep gates: 157
qbit 1: 7 qbit 2: 6 dep gates: 158
qbit 6 dep gates: 159
qbit 7 dep gates: 159
qbit 7 dep gates: 161
qbit 7 dep gates: 162
qbit 1: 8 qbit 2: 0 dep gates: 164
qbit 1: 8 qbit 2: 0 dep gates: 130
qbit 0 dep gates: 165
qbit 1: 8 qbit 2: 0 dep gates: 165
qbit 1: 8 qbit 2: 0 dep gates: 166
qbit 0 dep gates: 167
qbit 8 dep gates: 167
qbit 1: 8 qbit 2: 1 dep gates: 169
qbit 1: 8 qbit 2: 1 dep gates: 135
qbit 1 dep gates: 170
qbit 1: 8 qbit 2: 1 dep gates: 170
qbit 1: 8 qbit 2: 1 dep gates: 171
qbit 1 dep gates: 172
qbit 8 dep gates: 172
qbit 1: 8 qbit 2: 2 dep gates: 174
qbit 1: 8 qbit 2: 2 dep gates: 140
qbit 2 dep gates: 175
qbit 1: 8 qbit 2: 2 dep gates: 175
qbit 1: 8 qbit 2: 2 dep gates: 176
qbit 2 dep gates: 177
qbit 8 dep gates: 177
qbit 1: 8 qbit 2: 3 dep gates: 179
qbit 1: 8 qbit 2: 3 dep gates: 145
qbit 3 dep gates: 180
qbit 1: 8 qbit 2: 3 dep gates: 180
qbit 1: 8 qbit 2: 3 dep gates: 181
qbit 3 dep gates: 182
qbit 8 dep gates: 182
qbit 1: 8 qbit 2: 4 dep gates: 184
qbit 1: 8 qbit 2: 4 dep gates: 150
qbit 4 dep gates: 185
qbit 1: 8 qbit 2: 4 dep gates: 185
qbit 1: 8 qbit 2: 4 dep gates: 186
qbit 4 dep gates: 187
qbit 8 dep gates: 187
qbit 1: 8 qbit 2: 5 dep gates: 189
qbit 1: 8 qbit 2: 5 dep gates: 155
qbit 5 dep gates: 190
qbit 1: 8 qbit 2: 5 dep gates: 190
qbit 1: 8 qbit 2: 5 dep gates: 191
qbit 5 dep gates: 192
qbit 8 dep gates: 192
qbit 1: 8 qbit 2: 6 dep gates: 194
qbit 1: 8 qbit 2: 6 dep gates: 160
qbit 6 dep gates: 195
qbit 1: 8 qbit 2: 6 dep gates: 195
qbit 1: 8 qbit 2: 6 dep gates: 196
qbit 6 dep gates: 197
qbit 8 dep gates: 197
qbit 1: 8 qbit 2: 7 dep gates: 199
qbit 1: 8 qbit 2: 7 dep gates: 163
qbit 7 dep gates: 200
qbit 1: 8 qbit 2: 7 dep gates: 200
qbit 1: 8 qbit 2: 7 dep gates: 201
qbit 7 dep gates: 202
qbit 8 dep gates: 202
qbit 8 dep gates: 204
qbit 8 dep gates: 205
qbit 1: 9 qbit 2: 0 dep gates: 207
qbit 1: 9 qbit 2: 0 dep gates: 168
qbit 0 dep gates: 208
qbit 1: 9 qbit 2: 0 dep gates: 208
qbit 1: 9 qbit 2: 0 dep gates: 209
qbit 0 dep gates: 210
qbit 9 dep gates: 210
qbit 1: 9 qbit 2: 1 dep gates: 212
qbit 1: 9 qbit 2: 1 dep gates: 173
qbit 1 dep gates: 213
qbit 1: 9 qbit 2: 1 dep gates: 213
qbit 1: 9 qbit 2: 1 dep gates: 214
qbit 1 dep gates: 215
qbit 9 dep gates: 215
qbit 1: 9 qbit 2: 2 dep gates: 217
qbit 1: 9 qbit 2: 2 dep gates: 178
qbit 2 dep gates: 218
qbit 1: 9 qbit 2: 2 dep gates: 218
qbit 1: 9 qbit 2: 2 dep gates: 219
qbit 2 dep gates: 220
qbit 9 dep gates: 220
qbit 1: 9 qbit 2: 3 dep gates: 222
qbit 1: 9 qbit 2: 3 dep gates: 183
qbit 3 dep gates: 223
qbit 1: 9 qbit 2: 3 dep gates: 223
qbit 1: 9 qbit 2: 3 dep gates: 224
qbit 3 dep gates: 225
qbit 9 dep gates: 225
qbit 1: 9 qbit 2: 4 dep gates: 227
qbit 1: 9 qbit 2: 4 dep gates: 188
qbit 4 dep gates: 228
qbit 1: 9 qbit 2: 4 dep gates: 228
qbit 1: 9 qbit 2: 4 dep gates: 229
qbit 4 dep gates: 230
qbit 9 dep gates: 230
qbit 1: 9 qbit 2: 5 dep gates: 232
qbit 1: 9 qbit 2: 5 dep gates: 193
qbit 5 dep gates: 233
qbit 1: 9 qbit 2: 5 dep gates: 233
qbit 1: 9 qbit 2: 5 dep gates: 234
qbit 5 dep gates: 235
qbit 9 dep gates: 235
qbit 1: 9 qbit 2: 6 dep gates: 237
qbit 1: 9 qbit 2: 6 dep gates: 198
qbit 6 dep gates: 238
qbit 1: 9 qbit 2: 6 dep gates: 238
qbit 1: 9 qbit 2: 6 dep gates: 239
qbit 6 dep gates: 240
qbit 9 dep gates: 240
qbit 1: 9 qbit 2: 7 dep gates: 242
qbit 1: 9 qbit 2: 7 dep gates: 203
qbit 7 dep gates: 243
qbit 1: 9 qbit 2: 7 dep gates: 243
qbit 1: 9 qbit 2: 7 dep gates: 244
qbit 7 dep gates: 245
qbit 9 dep gates: 245
qbit 1: 9 qbit 2: 8 dep gates: 247
qbit 1: 9 qbit 2: 8 dep gates: 206
qbit 8 dep gates: 248
qbit 1: 9 qbit 2: 8 dep gates: 248
qbit 1: 9 qbit 2: 8 dep gates: 249
qbit 8 dep gates: 250
qbit 9 dep gates: 250
qbit 9 dep gates: 252
qbit 9 dep gates: 253
qbit 1: 10 qbit 2: 0 dep gates: 255
qbit 1: 10 qbit 2: 0 dep gates: 211
qbit 0 dep gates: 256
qbit 1: 10 qbit 2: 0 dep gates: 256
qbit 1: 10 qbit 2: 0 dep gates: 257
qbit 0 dep gates: 258
qbit 10 dep gates: 258
qbit 1: 10 qbit 2: 1 dep gates: 260
qbit 1: 10 qbit 2: 1 dep gates: 216
qbit 1 dep gates: 261
qbit 1: 10 qbit 2: 1 dep gates: 261
qbit 1: 10 qbit 2: 1 dep gates: 262
qbit 1 dep gates: 263
qbit 10 dep gates: 263
qbit 1: 10 qbit 2: 2 dep gates: 265
qbit 1: 10 qbit 2: 2 dep gates: 221
qbit 2 dep gates: 266
qbit 10 dep gates: 266
qbit 1: 10 qbit 2: 3 dep gates: 268
qbit 1: 10 qbit 2: 3 dep gates: 226
qbit 2 dep gates: 267
qbit 3 dep gates: 269
qbit 10 dep gates: 269
qbit 1: 10 qbit 2: 4 dep gates: 272
qbit 1: 10 qbit 2: 4 dep gates: 231
qbit 3 dep gates: 271
qbit 4 dep gates: 273
qbit 10 dep gates: 273
qbit 1: 10 qbit 2: 5 dep gates: 276
qbit 1: 10 qbit 2: 5 dep gates: 236
qbit 4 dep gates: 275
qbit 5 dep gates: 277
qbit 10 dep gates: 277
qbit 1: 10 qbit 2: 6 dep gates: 280
qbit 1: 10 qbit 2: 6 dep gates: 241
qbit 5 dep gates: 279
qbit 6 dep gates: 281
qbit 10 dep gates: 281
qbit 1: 10 qbit 2: 7 dep gates: 284
qbit 1: 10 qbit 2: 7 dep gates: 246
qbit 6 dep gates: 283
qbit 7 dep gates: 285
qbit 10 dep gates: 285
qbit 1: 10 qbit 2: 8 dep gates: 288
qbit 1: 10 qbit 2: 8 dep gates: 251
qbit 7 dep gates: 287
qbit 8 dep gates: 289
qbit 10 dep gates: 289
qbit 1: 10 qbit 2: 9 dep gates: 292
qbit 1: 10 qbit 2: 9 dep gates: 254
qbit 8 dep gates: 291
qbit 9 dep gates: 293
qbit 1: 10 qbit 2: 9 dep gates: 293
qbit 1: 10 qbit 2: 9 dep gates: 295
qbit 10 dep gates: 296
qbit 10 dep gates: 297
qbit 10 dep gates: 298
qbit 9 dep gates: 296
qbit 1: 11 qbit 2: 0 dep gates: 301
qbit 1: 11 qbit 2: 0 dep gates: 259
qbit 0 dep gates: 302
qbit 1: 11 qbit 2: 0 dep gates: 302
qbit 1: 11 qbit 2: 0 dep gates: 303
qbit 0 dep gates: 304
qbit 11 dep gates: 304
qbit 1: 11 qbit 2: 1 dep gates: 306
qbit 1: 11 qbit 2: 1 dep gates: 264
qbit 1 dep gates: 307
qbit 1: 11 qbit 2: 1 dep gates: 307
qbit 1: 11 qbit 2: 1 dep gates: 308
qbit 1 dep gates: 309
qbit 11 dep gates: 309
qbit 1: 11 qbit 2: 2 dep gates: 311
qbit 1: 11 qbit 2: 2 dep gates: 270
qbit 2 dep gates: 312
qbit 1: 11 qbit 2: 2 dep gates: 312
qbit 1: 11 qbit 2: 2 dep gates: 313
qbit 11 dep gates: 314
qbit 1: 11 qbit 2: 3 dep gates: 315
qbit 1: 11 qbit 2: 3 dep gates: 274
qbit 2 dep gates: 314
qbit 3 dep gates: 316
qbit 11 dep gates: 316
qbit 1: 11 qbit 2: 4 dep gates: 319
qbit 1: 11 qbit 2: 4 dep gates: 278
qbit 3 dep gates: 318
qbit 4 dep gates: 320
qbit 11 dep gates: 320
qbit 1: 11 qbit 2: 5 dep gates: 323
qbit 1: 11 qbit 2: 5 dep gates: 282
qbit 4 dep gates: 322
qbit 5 dep gates: 324
qbit 11 dep gates: 324
qbit 1: 11 qbit 2: 6 dep gates: 327
qbit 1: 11 qbit 2: 6 dep gates: 286
qbit 5 dep gates: 326
qbit 6 dep gates: 328
qbit 11 dep gates: 328
qbit 1: 11 qbit 2: 7 dep gates: 331
qbit 1: 11 qbit 2: 7 dep gates: 290
qbit 6 dep gates: 330
qbit 7 dep gates: 332
qbit 11 dep gates: 332
qbit 1: 11 qbit 2: 8 dep gates: 335
qbit 1: 11 qbit 2: 8 dep gates: 294
qbit 7 dep gates: 334
qbit 8 dep gates: 336
qbit 11 dep gates: 336
qbit 1: 11 qbit 2: 9 dep gates: 339
qbit 1: 11 qbit 2: 9 dep gates: 300
qbit 8 dep gates: 338
qbit 9 dep gates: 340
qbit 11 dep gates: 340
qbit 1: 11 qbit 2: 10 dep gates: 343
qbit 1: 11 qbit 2: 10 dep gates: 299
qbit 9 dep gates: 342
qbit 10 dep gates: 344
qbit 1: 11 qbit 2: 10 dep gates: 344
qbit 1: 11 qbit 2: 10 dep gates: 346
qbit 11 dep gates: 347
qbit 11 dep gates: 348
qbit 11 dep gates: 349
qbit 10 dep gates: 347
qbit 1: 12 qbit 2: 0 dep gates: 352
qbit 1: 12 qbit 2: 0 dep gates: 305
qbit 0 dep gates: 353
qbit 1: 12 qbit 2: 0 dep gates: 353
qbit 1: 12 qbit 2: 0 dep gates: 354
qbit 0 dep gates: 355
qbit 12 dep gates: 355
qbit 1: 12 qbit 2: 1 dep gates: 357
qbit 1: 12 qbit 2: 1 dep gates: 310
qbit 1 dep gates: 358
qbit 1: 12 qbit 2: 1 dep gates: 358
qbit 1: 12 qbit 2: 1 dep gates: 359
qbit 1 dep gates: 360
qbit 12 dep gates: 360
qbit 1: 12 qbit 2: 2 dep gates: 362
qbit 1: 12 qbit 2: 2 dep gates: 317
qbit 2 dep gates: 363
qbit 1: 12 qbit 2: 2 dep gates: 363
qbit 1: 12 qbit 2: 2 dep gates: 364
qbit 12 dep gates: 365
qbit 1: 12 qbit 2: 3 dep gates: 366
qbit 1: 12 qbit 2: 3 dep gates: 321
qbit 2 dep gates: 365
qbit 3 dep gates: 367
qbit 12 dep gates: 367
qbit 1: 12 qbit 2: 4 dep gates: 370
qbit 1: 12 qbit 2: 4 dep gates: 325
qbit 3 dep gates: 369
qbit 4 dep gates: 371
qbit 12 dep gates: 371
qbit 1: 12 qbit 2: 5 dep gates: 374
qbit 1: 12 qbit 2: 5 dep gates: 329
qbit 4 dep gates: 373
qbit 5 dep gates: 375
qbit 12 dep gates: 375
qbit 1: 12 qbit 2: 6 dep gates: 378
qbit 1: 12 qbit 2: 6 dep gates: 333
qbit 5 dep gates: 377
qbit 6 dep gates: 379
qbit 12 dep gates: 379
qbit 1: 12 qbit 2: 7 dep gates: 382
qbit 1: 12 qbit 2: 7 dep gates: 337
qbit 6 dep gates: 381
qbit 7 dep gates: 383
qbit 12 dep gates: 383
qbit 1: 12 qbit 2: 8 dep gates: 386
qbit 1: 12 qbit 2: 8 dep gates: 341
qbit 7 dep gates: 385
qbit 8 dep gates: 387
qbit 12 dep gates: 387
qbit 1: 12 qbit 2: 9 dep gates: 390
qbit 1: 12 qbit 2: 9 dep gates: 345
qbit 8 dep gates: 389
qbit 9 dep gates: 391
qbit 12 dep gates: 391
qbit 1: 12 qbit 2: 10 dep gates: 394
qbit 1: 12 qbit 2: 10 dep gates: 351
qbit 9 dep gates: 393
qbit 10 dep gates: 395
qbit 12 dep gates: 395
qbit 1: 12 qbit 2: 11 dep gates: 398
qbit 1: 12 qbit 2: 11 dep gates: 350
qbit 10 dep gates: 397
qbit 11 dep gates: 399
qbit 1: 12 qbit 2: 11 dep gates: 399
qbit 1: 12 qbit 2: 11 dep gates: 401
qbit 12 dep gates: 402
qbit 12 dep gates: 403
qbit 12 dep gates: 404
qbit 11 dep gates: 402
qbit 1: 13 qbit 2: 0 dep gates: 407
qbit 1: 13 qbit 2: 0 dep gates: 356
qbit 0 dep gates: 408
qbit 1: 13 qbit 2: 0 dep gates: 408
qbit 1: 13 qbit 2: 0 dep gates: 409
qbit 0 dep gates: 410
qbit 13 dep gates: 410
qbit 1: 13 qbit 2: 1 dep gates: 412
qbit 1: 13 qbit 2: 1 dep gates: 361
qbit 1 dep gates: 413
qbit 1: 13 qbit 2: 1 dep gates: 413
qbit 1: 13 qbit 2: 1 dep gates: 414
qbit 1 dep gates: 415
qbit 13 dep gates: 415
qbit 1: 13 qbit 2: 2 dep gates: 417
qbit 1: 13 qbit 2: 2 dep gates: 368
qbit 2 dep gates: 418
qbit 1: 13 qbit 2: 2 dep gates: 418
qbit 1: 13 qbit 2: 2 dep gates: 419
qbit 13 dep gates: 420
qbit 1: 13 qbit 2: 3 dep gates: 421
qbit 1: 13 qbit 2: 3 dep gates: 372
qbit 2 dep gates: 420
qbit 3 dep gates: 422
qbit 13 dep gates: 422
qbit 1: 13 qbit 2: 4 dep gates: 425
qbit 1: 13 qbit 2: 4 dep gates: 376
qbit 3 dep gates: 424
qbit 4 dep gates: 426
qbit 13 dep gates: 426
qbit 1: 13 qbit 2: 5 dep gates: 429
qbit 1: 13 qbit 2: 5 dep gates: 380
qbit 4 dep gates: 428
qbit 5 dep gates: 430
qbit 13 dep gates: 430
qbit 1: 13 qbit 2: 6 dep gates: 433
qbit 1: 13 qbit 2: 6 dep gates: 384
qbit 5 dep gates: 432
qbit 6 dep gates: 434
qbit 13 dep gates: 434
qbit 1: 13 qbit 2: 7 dep gates: 437
qbit 1: 13 qbit 2: 7 dep gates: 388
qbit 6 dep gates: 436
qbit 7 dep gates: 438
qbit 13 dep gates: 438
qbit 1: 13 qbit 2: 8 dep gates: 441
qbit 1: 13 qbit 2: 8 dep gates: 392
qbit 7 dep gates: 440
qbit 8 dep gates: 442
qbit 13 dep gates: 442
qbit 1: 13 qbit 2: 9 dep gates: 445
qbit 1: 13 qbit 2: 9 dep gates: 396
qbit 8 dep gates: 444
qbit 9 dep gates: 446
qbit 13 dep gates: 446
qbit 1: 13 qbit 2: 10 dep gates: 449
qbit 1: 13 qbit 2: 10 dep gates: 400
qbit 9 dep gates: 448
qbit 10 dep gates: 450
qbit 13 dep gates: 450
qbit 1: 13 qbit 2: 11 dep gates: 453
qbit 1: 13 qbit 2: 11 dep gates: 406
qbit 10 dep gates: 452
qbit 11 dep gates: 454
qbit 13 dep gates: 454
qbit 1: 13 qbit 2: 12 dep gates: 457
qbit 1: 13 qbit 2: 12 dep gates: 405
qbit 11 dep gates: 456
qbit 12 dep gates: 458
qbit 1: 13 qbit 2: 12 dep gates: 458
qbit 1: 13 qbit 2: 12 dep gates: 460
qbit 13 dep gates: 461
qbit 13 dep gates: 462
qbit 13 dep gates: 463
qbit 12 dep gates: 461
qbit 1: 14 qbit 2: 0 dep gates: 466
qbit 1: 14 qbit 2: 0 dep gates: 411
qbit 0 dep gates: 467
qbit 1: 14 qbit 2: 0 dep gates: 467
qbit 1: 14 qbit 2: 0 dep gates: 468
qbit 0 dep gates: 469
qbit 14 dep gates: 469
qbit 1: 14 qbit 2: 1 dep gates: 471
qbit 1: 14 qbit 2: 1 dep gates: 416
qbit 1 dep gates: 472
qbit 1: 14 qbit 2: 1 dep gates: 472
qbit 1: 14 qbit 2: 1 dep gates: 473
qbit 1 dep gates: 474
qbit 14 dep gates: 474
qbit 1: 14 qbit 2: 2 dep gates: 476
qbit 1: 14 qbit 2: 2 dep gates: 423
qbit 2 dep gates: 477
qbit 1: 14 qbit 2: 2 dep gates: 477
qbit 1: 14 qbit 2: 2 dep gates: 478
qbit 14 dep gates: 479
qbit 1: 14 qbit 2: 3 dep gates: 480
qbit 1: 14 qbit 2: 3 dep gates: 427
qbit 2 dep gates: 479
qbit 3 dep gates: 481
qbit 14 dep gates: 481
qbit 1: 14 qbit 2: 4 dep gates: 484
qbit 1: 14 qbit 2: 4 dep gates: 431
qbit 3 dep gates: 483
qbit 4 dep gates: 485
qbit 14 dep gates: 485
qbit 1: 14 qbit 2: 5 dep gates: 488
qbit 1: 14 qbit 2: 5 dep gates: 435
qbit 4 dep gates: 487
qbit 5 dep gates: 489
qbit 14 dep gates: 489
qbit 1: 14 qbit 2: 6 dep gates: 492
qbit 1: 14 qbit 2: 6 dep gates: 439
qbit 5 dep gates: 491
qbit 6 dep gates: 493
qbit 14 dep gates: 493
qbit 1: 14 qbit 2: 7 dep gates: 496
qbit 1: 14 qbit 2: 7 dep gates: 443
qbit 6 dep gates: 495
qbit 7 dep gates: 497
qbit 14 dep gates: 497
qbit 1: 14 qbit 2: 8 dep gates: 500
qbit 1: 14 qbit 2: 8 dep gates: 447
qbit 7 dep gates: 499
qbit 8 dep gates: 501
qbit 14 dep gates: 501
qbit 1: 14 qbit 2: 9 dep gates: 504
qbit 1: 14 qbit 2: 9 dep gates: 451
qbit 8 dep gates: 503
qbit 9 dep gates: 505
qbit 14 dep gates: 505
qbit 1: 14 qbit 2: 10 dep gates: 508
qbit 1: 14 qbit 2: 10 dep gates: 455
qbit 9 dep gates: 507
qbit 10 dep gates: 509
qbit 14 dep gates: 509
qbit 1: 14 qbit 2: 11 dep gates: 512
qbit 1: 14 qbit 2: 11 dep gates: 459
qbit 10 dep gates: 511
qbit 11 dep gates: 513
qbit 14 dep gates: 513
qbit 1: 14 qbit 2: 12 dep gates: 516
qbit 1: 14 qbit 2: 12 dep gates: 465
qbit 11 dep gates: 515
qbit 12 dep gates: 517
qbit 14 dep gates: 517
qbit 1: 14 qbit 2: 13 dep gates: 520
qbit 1: 14 qbit 2: 13 dep gates: 464
qbit 12 dep gates: 519
qbit 13 dep gates: 521
qbit 1: 14 qbit 2: 13 dep gates: 521
qbit 1: 14 qbit 2: 13 dep gates: 523
qbit 14 dep gates: 524
qbit 14 dep gates: 525
qbit 14 dep gates: 526
qbit 13 dep gates: 524
qbit 1: 15 qbit 2: 0 dep gates: 529
qbit 1: 15 qbit 2: 0 dep gates: 470
qbit 0 dep gates: 530
qbit 1: 15 qbit 2: 0 dep gates: 530
qbit 1: 15 qbit 2: 0 dep gates: 531
qbit 0 dep gates: 532
qbit 15 dep gates: 532
qbit 1: 15 qbit 2: 1 dep gates: 534
qbit 1: 15 qbit 2: 1 dep gates: 475
qbit 1 dep gates: 535
qbit 1: 15 qbit 2: 1 dep gates: 535
qbit 1: 15 qbit 2: 1 dep gates: 536
qbit 1 dep gates: 537
qbit 15 dep gates: 537
qbit 1: 15 qbit 2: 2 dep gates: 539
qbit 1: 15 qbit 2: 2 dep gates: 482
qbit 2 dep gates: 540
qbit 1: 15 qbit 2: 2 dep gates: 540
qbit 1: 15 qbit 2: 2 dep gates: 541
qbit 15 dep gates: 542
qbit 1: 15 qbit 2: 3 dep gates: 543
qbit 1: 15 qbit 2: 3 dep gates: 486
qbit 2 dep gates: 542
qbit 3 dep gates: 544
qbit 15 dep gates: 544
qbit 1: 15 qbit 2: 4 dep gates: 547
qbit 1: 15 qbit 2: 4 dep gates: 490
qbit 3 dep gates: 546
qbit 4 dep gates: 548
qbit 15 dep gates: 548
qbit 1: 15 qbit 2: 5 dep gates: 551
qbit 1: 15 qbit 2: 5 dep gates: 494
qbit 4 dep gates: 550
qbit 5 dep gates: 552
qbit 15 dep gates: 552
qbit 1: 15 qbit 2: 6 dep gates: 555
qbit 1: 15 qbit 2: 6 dep gates: 498
qbit 5 dep gates: 554
qbit 6 dep gates: 556
qbit 15 dep gates: 556
qbit 1: 15 qbit 2: 7 dep gates: 559
qbit 1: 15 qbit 2: 7 dep gates: 502
qbit 6 dep gates: 558
qbit 7 dep gates: 560
qbit 15 dep gates: 560
qbit 1: 15 qbit 2: 8 dep gates: 563
qbit 1: 15 qbit 2: 8 dep gates: 506
qbit 7 dep gates: 562
qbit 8 dep gates: 564
qbit 15 dep gates: 564
qbit 1: 15 qbit 2: 9 dep gates: 567
qbit 1: 15 qbit 2: 9 dep gates: 510
qbit 8 dep gates: 566
qbit 9 dep gates: 568
qbit 15 dep gates: 568
qbit 1: 15 qbit 2: 10 dep gates: 571
qbit 1: 15 qbit 2: 10 dep gates: 514
qbit 9 dep gates: 570
qbit 10 dep gates: 572
qbit 15 dep gates: 572
qbit 1: 15 qbit 2: 11 dep gates: 575
qbit 1: 15 qbit 2: 11 dep gates: 518
qbit 10 dep gates: 574
qbit 11 dep gates: 576
qbit 15 dep gates: 576
qbit 1: 15 qbit 2: 12 dep gates: 579
qbit 1: 15 qbit 2: 12 dep gates: 522
qbit 11 dep gates: 578
qbit 12 dep gates: 580
qbit 15 dep gates: 580
qbit 1: 15 qbit 2: 13 dep gates: 583
qbit 1: 15 qbit 2: 13 dep gates: 528
qbit 12 dep gates: 582
qbit 13 dep gates: 584
qbit 15 dep gates: 584
qbit 1: 15 qbit 2: 14 dep gates: 587
qbit 1: 15 qbit 2: 14 dep gates: 527
qbit 13 dep gates: 586
qbit 14 dep gates: 588
qbit 1: 15 qbit 2: 14 dep gates: 588
qbit 1: 15 qbit 2: 14 dep gates: 590
qbit 15 dep gates: 591
qbit 15 dep gates: 592
qbit 15 dep gates: 593
qbit 14 dep gates: 591
qbit 1: 16 qbit 2: 0 dep gates: 596
qbit 1: 16 qbit 2: 0 dep gates: 533
qbit 0 dep gates: 597
qbit 1: 16 qbit 2: 0 dep gates: 597
qbit 1: 16 qbit 2: 0 dep gates: 598
qbit 0 dep gates: 599
qbit 16 dep gates: 599
qbit 1: 16 qbit 2: 1 dep gates: 601
qbit 1: 16 qbit 2: 1 dep gates: 538
qbit 1 dep gates: 602
qbit 1: 16 qbit 2: 1 dep gates: 602
qbit 1: 16 qbit 2: 1 dep gates: 603
qbit 1 dep gates: 604
qbit 16 dep gates: 604
qbit 1: 16 qbit 2: 2 dep gates: 606
qbit 1: 16 qbit 2: 2 dep gates: 545
qbit 2 dep gates: 607
qbit 1: 16 qbit 2: 2 dep gates: 607
qbit 1: 16 qbit 2: 2 dep gates: 608
qbit 16 dep gates: 609
qbit 1: 16 qbit 2: 3 dep gates: 610
qbit 1: 16 qbit 2: 3 dep gates: 549
qbit 2 dep gates: 609
qbit 3 dep gates: 611
qbit 16 dep gates: 611
qbit 1: 16 qbit 2: 4 dep gates: 614
qbit 1: 16 qbit 2: 4 dep gates: 553
qbit 3 dep gates: 613
qbit 4 dep gates: 615
qbit 16 dep gates: 615
qbit 1: 16 qbit 2: 5 dep gates: 618
qbit 1: 16 qbit 2: 5 dep gates: 557
qbit 4 dep gates: 617
qbit 5 dep gates: 619
qbit 16 dep gates: 619
qbit 1: 16 qbit 2: 6 dep gates: 622
qbit 1: 16 qbit 2: 6 dep gates: 561
qbit 5 dep gates: 621
qbit 6 dep gates: 623
qbit 16 dep gates: 623
qbit 1: 16 qbit 2: 7 dep gates: 626
qbit 1: 16 qbit 2: 7 dep gates: 565
qbit 6 dep gates: 625
qbit 7 dep gates: 627
qbit 16 dep gates: 627
qbit 1: 16 qbit 2: 8 dep gates: 630
qbit 1: 16 qbit 2: 8 dep gates: 569
qbit 7 dep gates: 629
qbit 8 dep gates: 631
qbit 16 dep gates: 631
qbit 1: 16 qbit 2: 9 dep gates: 634
qbit 1: 16 qbit 2: 9 dep gates: 573
qbit 8 dep gates: 633
qbit 9 dep gates: 635
qbit 16 dep gates: 635
qbit 1: 16 qbit 2: 10 dep gates: 638
qbit 1: 16 qbit 2: 10 dep gates: 577
qbit 9 dep gates: 637
qbit 10 dep gates: 639
qbit 16 dep gates: 639
qbit 1: 16 qbit 2: 11 dep gates: 642
qbit 1: 16 qbit 2: 11 dep gates: 581
qbit 10 dep gates: 641
qbit 11 dep gates: 643
qbit 16 dep gates: 643
qbit 1: 16 qbit 2: 12 dep gates: 646
qbit 1: 16 qbit 2: 12 dep gates: 585
qbit 11 dep gates: 645
qbit 12 dep gates: 647
qbit 16 dep gates: 647
qbit 1: 16 qbit 2: 13 dep gates: 650
qbit 1: 16 qbit 2: 13 dep gates: 589
qbit 12 dep gates: 649
qbit 13 dep gates: 651
qbit 16 dep gates: 651
qbit 1: 16 qbit 2: 14 dep gates: 654
qbit 1: 16 qbit 2: 14 dep gates: 595
qbit 13 dep gates: 653
qbit 14 dep gates: 655
qbit 16 dep gates: 655
qbit 1: 16 qbit 2: 15 dep gates: 658
qbit 1: 16 qbit 2: 15 dep gates: 594
qbit 14 dep gates: 657
qbit 15 dep gates: 659
qbit 1: 16 qbit 2: 15 dep gates: 659
qbit 1: 16 qbit 2: 15 dep gates: 661
qbit 16 dep gates: 662
qbit 16 dep gates: 663
qbit 16 dep gates: 664
qbit 15 dep gates: 662
qbit 1: 17 qbit 2: 0 dep gates: 667
qbit 1: 17 qbit 2: 0 dep gates: 600
qbit 0 dep gates: 668
qbit 1: 17 qbit 2: 0 dep gates: 668
qbit 1: 17 qbit 2: 0 dep gates: 669
qbit 0 dep gates: 670
qbit 17 dep gates: 670
qbit 1: 17 qbit 2: 1 dep gates: 672
qbit 1: 17 qbit 2: 1 dep gates: 605
qbit 1 dep gates: 673
qbit 1: 17 qbit 2: 1 dep gates: 673
qbit 1: 17 qbit 2: 1 dep gates: 674
qbit 1 dep gates: 675
qbit 17 dep gates: 675
qbit 1: 17 qbit 2: 2 dep gates: 677
qbit 1: 17 qbit 2: 2 dep gates: 612
qbit 2 dep gates: 678
qbit 1: 17 qbit 2: 2 dep gates: 678
qbit 1: 17 qbit 2: 2 dep gates: 679
qbit 17 dep gates: 680
qbit 1: 17 qbit 2: 3 dep gates: 681
qbit 1: 17 qbit 2: 3 dep gates: 616
qbit 2 dep gates: 680
qbit 3 dep gates: 682
qbit 17 dep gates: 682
qbit 1: 17 qbit 2: 4 dep gates: 685
qbit 1: 17 qbit 2: 4 dep gates: 620
qbit 3 dep gates: 684
qbit 4 dep gates: 686
qbit 17 dep gates: 686
qbit 1: 17 qbit 2: 5 dep gates: 689
qbit 1: 17 qbit 2: 5 dep gates: 624
qbit 4 dep gates: 688
qbit 5 dep gates: 690
qbit 17 dep gates: 690
qbit 1: 17 qbit 2: 6 dep gates: 693
qbit 1: 17 qbit 2: 6 dep gates: 628
qbit 5 dep gates: 692
qbit 6 dep gates: 694
qbit 17 dep gates: 694
qbit 1: 17 qbit 2: 7 dep gates: 697
qbit 1: 17 qbit 2: 7 dep gates: 632
qbit 6 dep gates: 696
qbit 7 dep gates: 698
qbit 17 dep gates: 698
qbit 1: 17 qbit 2: 8 dep gates: 701
qbit 1: 17 qbit 2: 8 dep gates: 636
qbit 7 dep gates: 700
qbit 8 dep gates: 702
qbit 17 dep gates: 702
qbit 1: 17 qbit 2: 9 dep gates: 705
qbit 1: 17 qbit 2: 9 dep gates: 640
qbit 8 dep gates: 704
qbit 9 dep gates: 706
qbit 17 dep gates: 706
qbit 1: 17 qbit 2: 10 dep gates: 709
qbit 1: 17 qbit 2: 10 dep gates: 644
qbit 9 dep gates: 708
qbit 10 dep gates: 710
qbit 17 dep gates: 710
qbit 1: 17 qbit 2: 11 dep gates: 713
qbit 1: 17 qbit 2: 11 dep gates: 648
qbit 10 dep gates: 712
qbit 11 dep gates: 714
qbit 17 dep gates: 714
qbit 1: 17 qbit 2: 12 dep gates: 717
qbit 1: 17 qbit 2: 12 dep gates: 652
qbit 11 dep gates: 716
qbit 12 dep gates: 718
qbit 17 dep gates: 718
qbit 1: 17 qbit 2: 13 dep gates: 721
qbit 1: 17 qbit 2: 13 dep gates: 656
qbit 12 dep gates: 720
qbit 13 dep gates: 722
qbit 17 dep gates: 722
qbit 1: 17 qbit 2: 14 dep gates: 725
qbit 1: 17 qbit 2: 14 dep gates: 660
qbit 13 dep gates: 724
qbit 14 dep gates: 726
qbit 17 dep gates: 726
qbit 1: 17 qbit 2: 15 dep gates: 729
qbit 1: 17 qbit 2: 15 dep gates: 666
qbit 14 dep gates: 728
qbit 15 dep gates: 730
qbit 17 dep gates: 730
qbit 1: 17 qbit 2: 16 dep gates: 733
qbit 1: 17 qbit 2: 16 dep gates: 665
qbit 15 dep gates: 732
qbit 16 dep gates: 734
qbit 1: 17 qbit 2: 16 dep gates: 734
qbit 1: 17 qbit 2: 16 dep gates: 736
qbit 17 dep gates: 737
qbit 17 dep gates: 738
qbit 17 dep gates: 739
qbit 16 dep gates: 737
qbit 1: 18 qbit 2: 0 dep gates: 742
qbit 1: 18 qbit 2: 0 dep gates: 671
qbit 0 dep gates: 743
qbit 1: 18 qbit 2: 0 dep gates: 743
qbit 1: 18 qbit 2: 0 dep gates: 744
qbit 0 dep gates: 745
qbit 18 dep gates: 745
qbit 1: 18 qbit 2: 1 dep gates: 747
qbit 1: 18 qbit 2: 1 dep gates: 676
qbit 1 dep gates: 748
qbit 1: 18 qbit 2: 1 dep gates: 748
qbit 1: 18 qbit 2: 1 dep gates: 749
qbit 1 dep gates: 750
qbit 18 dep gates: 750
qbit 1: 18 qbit 2: 2 dep gates: 752
qbit 1: 18 qbit 2: 2 dep gates: 683
qbit 2 dep gates: 753
qbit 1: 18 qbit 2: 2 dep gates: 753
qbit 1: 18 qbit 2: 2 dep gates: 754
qbit 18 dep gates: 755
qbit 1: 18 qbit 2: 3 dep gates: 756
qbit 1: 18 qbit 2: 3 dep gates: 687
qbit 2 dep gates: 755
qbit 3 dep gates: 757
qbit 18 dep gates: 757
qbit 1: 18 qbit 2: 4 dep gates: 760
qbit 1: 18 qbit 2: 4 dep gates: 691
qbit 3 dep gates: 759
qbit 4 dep gates: 761
qbit 18 dep gates: 761
qbit 1: 18 qbit 2: 5 dep gates: 764
qbit 1: 18 qbit 2: 5 dep gates: 695
qbit 4 dep gates: 763
qbit 5 dep gates: 765
qbit 18 dep gates: 765
qbit 1: 18 qbit 2: 6 dep gates: 768
qbit 1: 18 qbit 2: 6 dep gates: 699
qbit 5 dep gates: 767
qbit 6 dep gates: 769
qbit 18 dep gates: 769
qbit 1: 18 qbit 2: 7 dep gates: 772
qbit 1: 18 qbit 2: 7 dep gates: 703
qbit 6 dep gates: 771
qbit 7 dep gates: 773
qbit 18 dep gates: 773
qbit 1: 18 qbit 2: 8 dep gates: 776
qbit 1: 18 qbit 2: 8 dep gates: 707
qbit 7 dep gates: 775
qbit 8 dep gates: 777
qbit 18 dep gates: 777
qbit 1: 18 qbit 2: 9 dep gates: 780
qbit 1: 18 qbit 2: 9 dep gates: 711
qbit 8 dep gates: 779
qbit 9 dep gates: 781
qbit 18 dep gates: 781
qbit 1: 18 qbit 2: 10 dep gates: 784
qbit 1: 18 qbit 2: 10 dep gates: 715
qbit 9 dep gates: 783
qbit 10 dep gates: 785
qbit 18 dep gates: 785
qbit 1: 18 qbit 2: 11 dep gates: 788
qbit 1: 18 qbit 2: 11 dep gates: 719
qbit 10 dep gates: 787
qbit 11 dep gates: 789
qbit 18 dep gates: 789
qbit 1: 18 qbit 2: 12 dep gates: 792
qbit 1: 18 qbit 2: 12 dep gates: 723
qbit 11 dep gates: 791
qbit 12 dep gates: 793
qbit 18 dep gates: 793
qbit 1: 18 qbit 2: 13 dep gates: 796
qbit 1: 18 qbit 2: 13 dep gates: 727
qbit 12 dep gates: 795
qbit 13 dep gates: 797
qbit 18 dep gates: 797
qbit 1: 18 qbit 2: 14 dep gates: 800
qbit 1: 18 qbit 2: 14 dep gates: 731
qbit 13 dep gates: 799
qbit 14 dep gates: 801
qbit 18 dep gates: 801
qbit 1: 18 qbit 2: 15 dep gates: 804
qbit 1: 18 qbit 2: 15 dep gates: 735
qbit 14 dep gates: 803
qbit 15 dep gates: 805
qbit 18 dep gates: 805
qbit 1: 18 qbit 2: 16 dep gates: 808
qbit 1: 18 qbit 2: 16 dep gates: 741
qbit 15 dep gates: 807
qbit 16 dep gates: 809
qbit 18 dep gates: 809
qbit 1: 18 qbit 2: 17 dep gates: 812
qbit 1: 18 qbit 2: 17 dep gates: 740
qbit 16 dep gates: 811
qbit 17 dep gates: 813
qbit 1: 18 qbit 2: 17 dep gates: 813
qbit 1: 18 qbit 2: 17 dep gates: 815
qbit 18 dep gates: 816
qbit 18 dep gates: 817
qbit 18 dep gates: 818
qbit 17 dep gates: 816
qbit 1: 19 qbit 2: 0 dep gates: 821
qbit 1: 19 qbit 2: 0 dep gates: 746
qbit 0 dep gates: 822
qbit 1: 19 qbit 2: 0 dep gates: 822
qbit 1: 19 qbit 2: 0 dep gates: 823
qbit 0 dep gates: 824
qbit 19 dep gates: 824
qbit 1: 19 qbit 2: 1 dep gates: 826
qbit 1: 19 qbit 2: 1 dep gates: 751
qbit 1 dep gates: 827
qbit 1: 19 qbit 2: 1 dep gates: 827
qbit 1: 19 qbit 2: 1 dep gates: 828
qbit 1 dep gates: 829
qbit 19 dep gates: 829
qbit 1: 19 qbit 2: 2 dep gates: 831
qbit 1: 19 qbit 2: 2 dep gates: 758
qbit 2 dep gates: 832
qbit 1: 19 qbit 2: 2 dep gates: 832
qbit 1: 19 qbit 2: 2 dep gates: 833
qbit 19 dep gates: 834
qbit 1: 19 qbit 2: 3 dep gates: 835
qbit 1: 19 qbit 2: 3 dep gates: 762
qbit 2 dep gates: 834
qbit 3 dep gates: 836
qbit 19 dep gates: 836
qbit 1: 19 qbit 2: 4 dep gates: 839
qbit 1: 19 qbit 2: 4 dep gates: 766
qbit 3 dep gates: 838
qbit 4 dep gates: 840
qbit 19 dep gates: 840
qbit 1: 19 qbit 2: 5 dep gates: 843
qbit 1: 19 qbit 2: 5 dep gates: 770
qbit 4 dep gates: 842
qbit 5 dep gates: 844
qbit 19 dep gates: 844
qbit 1: 19 qbit 2: 6 dep gates: 847
qbit 1: 19 qbit 2: 6 dep gates: 774
qbit 5 dep gates: 846
qbit 6 dep gates: 848
qbit 19 dep gates: 848
qbit 1: 19 qbit 2: 7 dep gates: 851
qbit 1: 19 qbit 2: 7 dep gates: 778
qbit 6 dep gates: 850
qbit 7 dep gates: 852
qbit 19 dep gates: 852
qbit 1: 19 qbit 2: 8 dep gates: 855
qbit 1: 19 qbit 2: 8 dep gates: 782
qbit 7 dep gates: 854
qbit 8 dep gates: 856
qbit 19 dep gates: 856
qbit 1: 19 qbit 2: 9 dep gates: 859
qbit 1: 19 qbit 2: 9 dep gates: 786
qbit 8 dep gates: 858
qbit 9 dep gates: 860
qbit 19 dep gates: 860
qbit 1: 19 qbit 2: 10 dep gates: 863
qbit 1: 19 qbit 2: 10 dep gates: 790
qbit 9 dep gates: 862
qbit 10 dep gates: 864
qbit 19 dep gates: 864
qbit 1: 19 qbit 2: 11 dep gates: 867
qbit 1: 19 qbit 2: 11 dep gates: 794
qbit 10 dep gates: 866
qbit 11 dep gates: 868
qbit 19 dep gates: 868
qbit 1: 19 qbit 2: 12 dep gates: 871
qbit 1: 19 qbit 2: 12 dep gates: 798
qbit 11 dep gates: 870
qbit 12 dep gates: 872
qbit 19 dep gates: 872
qbit 1: 19 qbit 2: 13 dep gates: 875
qbit 1: 19 qbit 2: 13 dep gates: 802
qbit 12 dep gates: 874
qbit 13 dep gates: 876
qbit 19 dep gates: 876
qbit 1: 19 qbit 2: 14 dep gates: 879
qbit 1: 19 qbit 2: 14 dep gates: 806
qbit 13 dep gates: 878
qbit 14 dep gates: 880
qbit 19 dep gates: 880
qbit 1: 19 qbit 2: 15 dep gates: 883
qbit 1: 19 qbit 2: 15 dep gates: 810
qbit 14 dep gates: 882
qbit 15 dep gates: 884
qbit 19 dep gates: 884
qbit 1: 19 qbit 2: 16 dep gates: 887
qbit 1: 19 qbit 2: 16 dep gates: 814
qbit 15 dep gates: 886
qbit 16 dep gates: 888
qbit 19 dep gates: 888
qbit 1: 19 qbit 2: 17 dep gates: 891
qbit 1: 19 qbit 2: 17 dep gates: 820
qbit 16 dep gates: 890
qbit 17 dep gates: 892
qbit 19 dep gates: 892
qbit 1: 19 qbit 2: 18 dep gates: 895
qbit 1: 19 qbit 2: 18 dep gates: 819
qbit 17 dep gates: 894
qbit 18 dep gates: 896
qbit 1: 19 qbit 2: 18 dep gates: 896
qbit 1: 19 qbit 2: 18 dep gates: 898
qbit 19 dep gates: 899
qbit 19 dep gates: 900
qbit 19 dep gates: 901
qbit 18 dep gates: 899
qbit 1: 20 qbit 2: 0 dep gates: 904
qbit 1: 20 qbit 2: 0 dep gates: 825
qbit 0 dep gates: 905
qbit 1: 20 qbit 2: 0 dep gates: 905
qbit 1: 20 qbit 2: 0 dep gates: 906
qbit 0 dep gates: 907
qbit 20 dep gates: 907
qbit 1: 20 qbit 2: 1 dep gates: 909
qbit 1: 20 qbit 2: 1 dep gates: 830
qbit 1 dep gates: 910
qbit 1: 20 qbit 2: 1 dep gates: 910
qbit 1: 20 qbit 2: 1 dep gates: 911
qbit 1 dep gates: 912
qbit 20 dep gates: 912
qbit 1: 20 qbit 2: 2 dep gates: 914
qbit 1: 20 qbit 2: 2 dep gates: 837
qbit 2 dep gates: 915
qbit 1: 20 qbit 2: 2 dep gates: 915
qbit 1: 20 qbit 2: 2 dep gates: 916
qbit 20 dep gates: 917
qbit 1: 20 qbit 2: 3 dep gates: 918
qbit 1: 20 qbit 2: 3 dep gates: 841
qbit 2 dep gates: 917
qbit 3 dep gates: 919
qbit 20 dep gates: 919
qbit 1: 20 qbit 2: 4 dep gates: 922
qbit 1: 20 qbit 2: 4 dep gates: 845
qbit 3 dep gates: 921
qbit 4 dep gates: 923
qbit 20 dep gates: 923
qbit 1: 20 qbit 2: 5 dep gates: 926
qbit 1: 20 qbit 2: 5 dep gates: 849
qbit 4 dep gates: 925
qbit 5 dep gates: 927
qbit 20 dep gates: 927
qbit 1: 20 qbit 2: 6 dep gates: 930
qbit 1: 20 qbit 2: 6 dep gates: 853
qbit 5 dep gates: 929
qbit 6 dep gates: 931
qbit 20 dep gates: 931
qbit 1: 20 qbit 2: 7 dep gates: 934
qbit 1: 20 qbit 2: 7 dep gates: 857
qbit 6 dep gates: 933
qbit 7 dep gates: 935
qbit 20 dep gates: 935
qbit 1: 20 qbit 2: 8 dep gates: 938
qbit 1: 20 qbit 2: 8 dep gates: 861
qbit 7 dep gates: 937
qbit 8 dep gates: 939
qbit 20 dep gates: 939
qbit 1: 20 qbit 2: 9 dep gates: 942
qbit 1: 20 qbit 2: 9 dep gates: 865
qbit 8 dep gates: 941
qbit 9 dep gates: 943
qbit 20 dep gates: 943
qbit 1: 20 qbit 2: 10 dep gates: 946
qbit 1: 20 qbit 2: 10 dep gates: 869
qbit 9 dep gates: 945
qbit 10 dep gates: 947
qbit 20 dep gates: 947
qbit 1: 20 qbit 2: 11 dep gates: 950
qbit 1: 20 qbit 2: 11 dep gates: 873
qbit 10 dep gates: 949
qbit 11 dep gates: 951
qbit 20 dep gates: 951
qbit 1: 20 qbit 2: 12 dep gates: 954
qbit 1: 20 qbit 2: 12 dep gates: 877
qbit 11 dep gates: 953
qbit 12 dep gates: 955
qbit 20 dep gates: 955
qbit 1: 20 qbit 2: 13 dep gates: 958
qbit 1: 20 qbit 2: 13 dep gates: 881
qbit 12 dep gates: 957
qbit 13 dep gates: 959
qbit 20 dep gates: 959
qbit 1: 20 qbit 2: 14 dep gates: 962
qbit 1: 20 qbit 2: 14 dep gates: 885
qbit 13 dep gates: 961
qbit 14 dep gates: 963
qbit 20 dep gates: 963
qbit 1: 20 qbit 2: 15 dep gates: 966
qbit 1: 20 qbit 2: 15 dep gates: 889
qbit 14 dep gates: 965
qbit 15 dep gates: 967
qbit 20 dep gates: 967
qbit 1: 20 qbit 2: 16 dep gates: 970
qbit 1: 20 qbit 2: 16 dep gates: 893
qbit 15 dep gates: 969
qbit 16 dep gates: 971
qbit 20 dep gates: 971
qbit 1: 20 qbit 2: 17 dep gates: 974
qbit 1: 20 qbit 2: 17 dep gates: 897
qbit 16 dep gates: 973
qbit 17 dep gates: 975
qbit 20 dep gates: 975
qbit 1: 20 qbit 2: 18 dep gates: 978
qbit 1: 20 qbit 2: 18 dep gates: 903
qbit 17 dep gates: 977
qbit 18 dep gates: 979
qbit 20 dep gates: 979
qbit 1: 20 qbit 2: 19 dep gates: 982
qbit 1: 20 qbit 2: 19 dep gates: 902
qbit 18 dep gates: 981
qbit 19 dep gates: 983
qbit 1: 20 qbit 2: 19 dep gates: 983
qbit 1: 20 qbit 2: 19 dep gates: 985
qbit 20 dep gates: 986
qbit 20 dep gates: 987
qbit 20 dep gates: 988
qbit 19 dep gates: 986
qbit 1: 21 qbit 2: 0 dep gates: 991
qbit 1: 21 qbit 2: 0 dep gates: 908
qbit 0 dep gates: 992
qbit 1: 21 qbit 2: 0 dep gates: 992
qbit 1: 21 qbit 2: 0 dep gates: 993
qbit 0 dep gates: 994
qbit 21 dep gates: 994
qbit 1: 21 qbit 2: 1 dep gates: 996
qbit 1: 21 qbit 2: 1 dep gates: 913
qbit 1 dep gates: 997
qbit 1: 21 qbit 2: 1 dep gates: 997
qbit 1: 21 qbit 2: 1 dep gates: 998
qbit 1 dep gates: 999
qbit 21 dep gates: 999
qbit 1: 21 qbit 2: 2 dep gates: 1001
qbit 1: 21 qbit 2: 2 dep gates: 920
qbit 2 dep gates: 1002
qbit 1: 21 qbit 2: 2 dep gates: 1002
qbit 1: 21 qbit 2: 2 dep gates: 1003
qbit 21 dep gates: 1004
qbit 1: 21 qbit 2: 3 dep gates: 1005
qbit 1: 21 qbit 2: 3 dep gates: 924
qbit 2 dep gates: 1004
qbit 3 dep gates: 1006
qbit 21 dep gates: 1006
qbit 1: 21 qbit 2: 4 dep gates: 1009
qbit 1: 21 qbit 2: 4 dep gates: 928
qbit 3 dep gates: 1008
qbit 4 dep gates: 1010
qbit 21 dep gates: 1010
qbit 1: 21 qbit 2: 5 dep gates: 1013
qbit 1: 21 qbit 2: 5 dep gates: 932
qbit 4 dep gates: 1012
qbit 5 dep gates: 1014
qbit 21 dep gates: 1014
qbit 1: 21 qbit 2: 6 dep gates: 1017
qbit 1: 21 qbit 2: 6 dep gates: 936
qbit 5 dep gates: 1016
qbit 6 dep gates: 1018
qbit 21 dep gates: 1018
qbit 1: 21 qbit 2: 7 dep gates: 1021
qbit 1: 21 qbit 2: 7 dep gates: 940
qbit 6 dep gates: 1020
qbit 7 dep gates: 1022
qbit 21 dep gates: 1022
qbit 1: 21 qbit 2: 8 dep gates: 1025
qbit 1: 21 qbit 2: 8 dep gates: 944
qbit 7 dep gates: 1024
qbit 8 dep gates: 1026
qbit 21 dep gates: 1026
qbit 1: 21 qbit 2: 9 dep gates: 1029
qbit 1: 21 qbit 2: 9 dep gates: 948
qbit 8 dep gates: 1028
qbit 9 dep gates: 1030
qbit 21 dep gates: 1030
qbit 1: 21 qbit 2: 10 dep gates: 1033
qbit 1: 21 qbit 2: 10 dep gates: 952
qbit 9 dep gates: 1032
qbit 10 dep gates: 1034
qbit 21 dep gates: 1034
qbit 1: 21 qbit 2: 11 dep gates: 1037
qbit 1: 21 qbit 2: 11 dep gates: 956
qbit 10 dep gates: 1036
qbit 11 dep gates: 1038
qbit 21 dep gates: 1038
qbit 1: 21 qbit 2: 12 dep gates: 1041
qbit 1: 21 qbit 2: 12 dep gates: 960
qbit 11 dep gates: 1040
qbit 12 dep gates: 1042
qbit 21 dep gates: 1042
qbit 1: 21 qbit 2: 13 dep gates: 1045
qbit 1: 21 qbit 2: 13 dep gates: 964
qbit 12 dep gates: 1044
qbit 13 dep gates: 1046
qbit 21 dep gates: 1046
qbit 1: 21 qbit 2: 14 dep gates: 1049
qbit 1: 21 qbit 2: 14 dep gates: 968
qbit 13 dep gates: 1048
qbit 14 dep gates: 1050
qbit 21 dep gates: 1050
qbit 1: 21 qbit 2: 15 dep gates: 1053
qbit 1: 21 qbit 2: 15 dep gates: 972
qbit 14 dep gates: 1052
qbit 15 dep gates: 1054
qbit 21 dep gates: 1054
qbit 1: 21 qbit 2: 16 dep gates: 1057
qbit 1: 21 qbit 2: 16 dep gates: 976
qbit 15 dep gates: 1056
qbit 16 dep gates: 1058
qbit 21 dep gates: 1058
qbit 1: 21 qbit 2: 17 dep gates: 1061
qbit 1: 21 qbit 2: 17 dep gates: 980
qbit 16 dep gates: 1060
qbit 17 dep gates: 1062
qbit 21 dep gates: 1062
qbit 1: 21 qbit 2: 18 dep gates: 1065
qbit 1: 21 qbit 2: 18 dep gates: 984
qbit 17 dep gates: 1064
qbit 18 dep gates: 1066
qbit 21 dep gates: 1066
qbit 1: 21 qbit 2: 19 dep gates: 1069
qbit 1: 21 qbit 2: 19 dep gates: 990
qbit 18 dep gates: 1068
qbit 19 dep gates: 1070
qbit 21 dep gates: 1070
qbit 1: 21 qbit 2: 20 dep gates: 1073
qbit 1: 21 qbit 2: 20 dep gates: 989
qbit 19 dep gates: 1072
qbit 20 dep gates: 1074
qbit 1: 21 qbit 2: 20 dep gates: 1074
qbit 1: 21 qbit 2: 20 dep gates: 1076
qbit 21 dep gates: 1077
qbit 21 dep gates: 1078
qbit 21 dep gates: 1079
qbit 20 dep gates: 1077
qbit 1: 22 qbit 2: 0 dep gates: 1082
qbit 1: 22 qbit 2: 0 dep gates: 995
qbit 0 dep gates: 1083
qbit 1: 22 qbit 2: 0 dep gates: 1083
qbit 1: 22 qbit 2: 0 dep gates: 1084
qbit 0 dep gates: 1085
qbit 22 dep gates: 1085
qbit 1: 22 qbit 2: 1 dep gates: 1087
qbit 1: 22 qbit 2: 1 dep gates: 1000
qbit 1 dep gates: 1088
qbit 1: 22 qbit 2: 1 dep gates: 1088
qbit 1: 22 qbit 2: 1 dep gates: 1089
qbit 1 dep gates: 1090
qbit 22 dep gates: 1090
qbit 1: 22 qbit 2: 2 dep gates: 1092
qbit 1: 22 qbit 2: 2 dep gates: 1007
qbit 2 dep gates: 1093
qbit 1: 22 qbit 2: 2 dep gates: 1093
qbit 1: 22 qbit 2: 2 dep gates: 1094
qbit 22 dep gates: 1095
qbit 1: 22 qbit 2: 3 dep gates: 1096
qbit 1: 22 qbit 2: 3 dep gates: 1011
qbit 2 dep gates: 1095
qbit 3 dep gates: 1097
qbit 22 dep gates: 1097
qbit 1: 22 qbit 2: 4 dep gates: 1100
qbit 1: 22 qbit 2: 4 dep gates: 1015
qbit 3 dep gates: 1099
qbit 4 dep gates: 1101
qbit 22 dep gates: 1101
qbit 1: 22 qbit 2: 5 dep gates: 1104
qbit 1: 22 qbit 2: 5 dep gates: 1019
qbit 4 dep gates: 1103
qbit 5 dep gates: 1105
qbit 22 dep gates: 1105
qbit 1: 22 qbit 2: 6 dep gates: 1108
qbit 1: 22 qbit 2: 6 dep gates: 1023
qbit 5 dep gates: 1107
qbit 6 dep gates: 1109
qbit 22 dep gates: 1109
qbit 1: 22 qbit 2: 7 dep gates: 1112
qbit 1: 22 qbit 2: 7 dep gates: 1027
qbit 6 dep gates: 1111
qbit 7 dep gates: 1113
qbit 22 dep gates: 1113
qbit 1: 22 qbit 2: 8 dep gates: 1116
qbit 1: 22 qbit 2: 8 dep gates: 1031
qbit 7 dep gates: 1115
qbit 8 dep gates: 1117
qbit 22 dep gates: 1117
qbit 1: 22 qbit 2: 9 dep gates: 1120
qbit 1: 22 qbit 2: 9 dep gates: 1035
qbit 8 dep gates: 1119
qbit 9 dep gates: 1121
qbit 22 dep gates: 1121
qbit 1: 22 qbit 2: 10 dep gates: 1124
qbit 1: 22 qbit 2: 10 dep gates: 1039
qbit 9 dep gates: 1123
qbit 10 dep gates: 1125
qbit 22 dep gates: 1125
qbit 1: 22 qbit 2: 11 dep gates: 1128
qbit 1: 22 qbit 2: 11 dep gates: 1043
qbit 10 dep gates: 1127
qbit 11 dep gates: 1129
qbit 22 dep gates: 1129
qbit 1: 22 qbit 2: 12 dep gates: 1132
qbit 1: 22 qbit 2: 12 dep gates: 1047
qbit 11 dep gates: 1131
qbit 12 dep gates: 1133
qbit 22 dep gates: 1133
qbit 1: 22 qbit 2: 13 dep gates: 1136
qbit 1: 22 qbit 2: 13 dep gates: 1051
qbit 12 dep gates: 1135
qbit 13 dep gates: 1137
qbit 22 dep gates: 1137
qbit 1: 22 qbit 2: 14 dep gates: 1140
qbit 1: 22 qbit 2: 14 dep gates: 1055
qbit 13 dep gates: 1139
qbit 14 dep gates: 1141
qbit 22 dep gates: 1141
qbit 1: 22 qbit 2: 15 dep gates: 1144
qbit 1: 22 qbit 2: 15 dep gates: 1059
qbit 14 dep gates: 1143
qbit 15 dep gates: 1145
qbit 22 dep gates: 1145
qbit 1: 22 qbit 2: 16 dep gates: 1148
qbit 1: 22 qbit 2: 16 dep gates: 1063
qbit 15 dep gates: 1147
qbit 16 dep gates: 1149
qbit 22 dep gates: 1149
qbit 1: 22 qbit 2: 17 dep gates: 1152
qbit 1: 22 qbit 2: 17 dep gates: 1067
qbit 16 dep gates: 1151
qbit 17 dep gates: 1153
qbit 22 dep gates: 1153
qbit 1: 22 qbit 2: 18 dep gates: 1156
qbit 1: 22 qbit 2: 18 dep gates: 1071
qbit 17 dep gates: 1155
qbit 18 dep gates: 1157
qbit 22 dep gates: 1157
qbit 1: 22 qbit 2: 19 dep gates: 1160
qbit 1: 22 qbit 2: 19 dep gates: 1075
qbit 18 dep gates: 1159
qbit 19 dep gates: 1161
qbit 22 dep gates: 1161
qbit 1: 22 qbit 2: 20 dep gates: 1164
qbit 1: 22 qbit 2: 20 dep gates: 1081
qbit 19 dep gates: 1163
qbit 20 dep gates: 1165
qbit 22 dep gates: 1165
qbit 1: 22 qbit 2: 21 dep gates: 1168
qbit 1: 22 qbit 2: 21 dep gates: 1080
qbit 20 dep gates: 1167
qbit 21 dep gates: 1169
qbit 1: 22 qbit 2: 21 dep gates: 1169
qbit 1: 22 qbit 2: 21 dep gates: 1171
qbit 22 dep gates: 1172
qbit 22 dep gates: 1173
qbit 22 dep gates: 1174
qbit 21 dep gates: 1172
qbit 1: 23 qbit 2: 0 dep gates: 1177
qbit 1: 23 qbit 2: 0 dep gates: 1086
qbit 0 dep gates: 1178
qbit 1: 23 qbit 2: 0 dep gates: 1178
qbit 1: 23 qbit 2: 0 dep gates: 1179
qbit 0 dep gates: 1180
qbit 23 dep gates: 1180
qbit 1: 23 qbit 2: 1 dep gates: 1182
qbit 1: 23 qbit 2: 1 dep gates: 1091
qbit 1 dep gates: 1183
qbit 1: 23 qbit 2: 1 dep gates: 1183
qbit 1: 23 qbit 2: 1 dep gates: 1184
qbit 1 dep gates: 1185
qbit 23 dep gates: 1185
qbit 1: 23 qbit 2: 2 dep gates: 1187
qbit 1: 23 qbit 2: 2 dep gates: 1098
qbit 2 dep gates: 1188
qbit 1: 23 qbit 2: 2 dep gates: 1188
qbit 1: 23 qbit 2: 2 dep gates: 1189
qbit 23 dep gates: 1190
qbit 1: 23 qbit 2: 3 dep gates: 1191
qbit 1: 23 qbit 2: 3 dep gates: 1102
qbit 2 dep gates: 1190
qbit 3 dep gates: 1192
qbit 23 dep gates: 1192
qbit 1: 23 qbit 2: 4 dep gates: 1195
qbit 1: 23 qbit 2: 4 dep gates: 1106
qbit 3 dep gates: 1194
qbit 4 dep gates: 1196
qbit 23 dep gates: 1196
qbit 1: 23 qbit 2: 5 dep gates: 1199
qbit 1: 23 qbit 2: 5 dep gates: 1110
qbit 4 dep gates: 1198
qbit 5 dep gates: 1200
qbit 23 dep gates: 1200
qbit 1: 23 qbit 2: 6 dep gates: 1203
qbit 1: 23 qbit 2: 6 dep gates: 1114
qbit 5 dep gates: 1202
qbit 6 dep gates: 1204
qbit 23 dep gates: 1204
qbit 1: 23 qbit 2: 7 dep gates: 1207
qbit 1: 23 qbit 2: 7 dep gates: 1118
qbit 6 dep gates: 1206
qbit 7 dep gates: 1208
qbit 23 dep gates: 1208
qbit 1: 23 qbit 2: 8 dep gates: 1211
qbit 1: 23 qbit 2: 8 dep gates: 1122
qbit 7 dep gates: 1210
qbit 8 dep gates: 1212
qbit 23 dep gates: 1212
qbit 1: 23 qbit 2: 9 dep gates: 1215
qbit 1: 23 qbit 2: 9 dep gates: 1126
qbit 8 dep gates: 1214
qbit 9 dep gates: 1216
qbit 23 dep gates: 1216
qbit 1: 23 qbit 2: 10 dep gates: 1219
qbit 1: 23 qbit 2: 10 dep gates: 1130
qbit 9 dep gates: 1218
qbit 10 dep gates: 1220
qbit 23 dep gates: 1220
qbit 1: 23 qbit 2: 11 dep gates: 1223
qbit 1: 23 qbit 2: 11 dep gates: 1134
qbit 10 dep gates: 1222
qbit 11 dep gates: 1224
qbit 23 dep gates: 1224
qbit 1: 23 qbit 2: 12 dep gates: 1227
qbit 1: 23 qbit 2: 12 dep gates: 1138
qbit 11 dep gates: 1226
qbit 12 dep gates: 1228
qbit 23 dep gates: 1228
qbit 1: 23 qbit 2: 13 dep gates: 1231
qbit 1: 23 qbit 2: 13 dep gates: 1142
qbit 12 dep gates: 1230
qbit 13 dep gates: 1232
qbit 23 dep gates: 1232
qbit 1: 23 qbit 2: 14 dep gates: 1235
qbit 1: 23 qbit 2: 14 dep gates: 1146
qbit 13 dep gates: 1234
qbit 14 dep gates: 1236
qbit 23 dep gates: 1236
qbit 1: 23 qbit 2: 15 dep gates: 1239
qbit 1: 23 qbit 2: 15 dep gates: 1150
qbit 14 dep gates: 1238
qbit 15 dep gates: 1240
qbit 23 dep gates: 1240
qbit 1: 23 qbit 2: 16 dep gates: 1243
qbit 1: 23 qbit 2: 16 dep gates: 1154
qbit 15 dep gates: 1242
qbit 16 dep gates: 1244
qbit 23 dep gates: 1244
qbit 1: 23 qbit 2: 17 dep gates: 1247
qbit 1: 23 qbit 2: 17 dep gates: 1158
qbit 16 dep gates: 1246
qbit 17 dep gates: 1248
qbit 23 dep gates: 1248
qbit 1: 23 qbit 2: 18 dep gates: 1251
qbit 1: 23 qbit 2: 18 dep gates: 1162
qbit 17 dep gates: 1250
qbit 18 dep gates: 1252
qbit 23 dep gates: 1252
qbit 1: 23 qbit 2: 19 dep gates: 1255
qbit 1: 23 qbit 2: 19 dep gates: 1166
qbit 18 dep gates: 1254
qbit 19 dep gates: 1256
qbit 23 dep gates: 1256
qbit 1: 23 qbit 2: 20 dep gates: 1259
qbit 1: 23 qbit 2: 20 dep gates: 1170
qbit 19 dep gates: 1258
qbit 20 dep gates: 1260
qbit 23 dep gates: 1260
qbit 1: 23 qbit 2: 21 dep gates: 1263
qbit 1: 23 qbit 2: 21 dep gates: 1176
qbit 20 dep gates: 1262
qbit 21 dep gates: 1264
qbit 23 dep gates: 1264
qbit 1: 23 qbit 2: 22 dep gates: 1267
qbit 1: 23 qbit 2: 22 dep gates: 1175
qbit 21 dep gates: 1266
qbit 22 dep gates: 1268
qbit 1: 23 qbit 2: 22 dep gates: 1268
qbit 1: 23 qbit 2: 22 dep gates: 1270
qbit 23 dep gates: 1271
qbit 23 dep gates: 1272
qbit 23 dep gates: 1273
qbit 22 dep gates: 1271
qbit 1: 24 qbit 2: 0 dep gates: 1276
qbit 1: 24 qbit 2: 0 dep gates: 1181
qbit 0 dep gates: 1277
qbit 1: 24 qbit 2: 0 dep gates: 1277
qbit 1: 24 qbit 2: 0 dep gates: 1278
qbit 0 dep gates: 1279
qbit 24 dep gates: 1279
qbit 1: 24 qbit 2: 1 dep gates: 1281
qbit 1: 24 qbit 2: 1 dep gates: 1186
qbit 1 dep gates: 1282
qbit 1: 24 qbit 2: 1 dep gates: 1282
qbit 1: 24 qbit 2: 1 dep gates: 1283
qbit 1 dep gates: 1284
qbit 24 dep gates: 1284
qbit 1: 24 qbit 2: 2 dep gates: 1286
qbit 1: 24 qbit 2: 2 dep gates: 1193
qbit 2 dep gates: 1287
qbit 1: 24 qbit 2: 2 dep gates: 1287
qbit 1: 24 qbit 2: 2 dep gates: 1288
qbit 24 dep gates: 1289
qbit 1: 24 qbit 2: 3 dep gates: 1290
qbit 1: 24 qbit 2: 3 dep gates: 1197
qbit 2 dep gates: 1289
qbit 3 dep gates: 1291
qbit 24 dep gates: 1291
qbit 1: 24 qbit 2: 4 dep gates: 1294
qbit 1: 24 qbit 2: 4 dep gates: 1201
qbit 3 dep gates: 1293
qbit 4 dep gates: 1295
qbit 24 dep gates: 1295
qbit 1: 24 qbit 2: 5 dep gates: 1298
qbit 1: 24 qbit 2: 5 dep gates: 1205
qbit 4 dep gates: 1297
qbit 5 dep gates: 1299
qbit 24 dep gates: 1299
qbit 1: 24 qbit 2: 6 dep gates: 1302
qbit 1: 24 qbit 2: 6 dep gates: 1209
qbit 5 dep gates: 1301
qbit 6 dep gates: 1303
qbit 24 dep gates: 1303
qbit 1: 24 qbit 2: 7 dep gates: 1306
qbit 1: 24 qbit 2: 7 dep gates: 1213
qbit 6 dep gates: 1305
qbit 7 dep gates: 1307
qbit 24 dep gates: 1307
qbit 1: 24 qbit 2: 8 dep gates: 1310
qbit 1: 24 qbit 2: 8 dep gates: 1217
qbit 7 dep gates: 1309
qbit 8 dep gates: 1311
qbit 24 dep gates: 1311
qbit 1: 24 qbit 2: 9 dep gates: 1314
qbit 1: 24 qbit 2: 9 dep gates: 1221
qbit 8 dep gates: 1313
qbit 9 dep gates: 1315
qbit 24 dep gates: 1315
qbit 1: 24 qbit 2: 10 dep gates: 1318
qbit 1: 24 qbit 2: 10 dep gates: 1225
qbit 9 dep gates: 1317
qbit 10 dep gates: 1319
qbit 24 dep gates: 1319
qbit 1: 24 qbit 2: 11 dep gates: 1322
qbit 1: 24 qbit 2: 11 dep gates: 1229
qbit 10 dep gates: 1321
qbit 11 dep gates: 1323
qbit 24 dep gates: 1323
qbit 1: 24 qbit 2: 12 dep gates: 1326
qbit 1: 24 qbit 2: 12 dep gates: 1233
qbit 11 dep gates: 1325
qbit 12 dep gates: 1327
qbit 24 dep gates: 1327
qbit 1: 24 qbit 2: 13 dep gates: 1330
qbit 1: 24 qbit 2: 13 dep gates: 1237
qbit 12 dep gates: 1329
qbit 13 dep gates: 1331
qbit 24 dep gates: 1331
qbit 1: 24 qbit 2: 14 dep gates: 1334
qbit 1: 24 qbit 2: 14 dep gates: 1241
qbit 13 dep gates: 1333
qbit 14 dep gates: 1335
qbit 24 dep gates: 1335
qbit 1: 24 qbit 2: 15 dep gates: 1338
qbit 1: 24 qbit 2: 15 dep gates: 1245
qbit 14 dep gates: 1337
qbit 15 dep gates: 1339
qbit 24 dep gates: 1339
qbit 1: 24 qbit 2: 16 dep gates: 1342
qbit 1: 24 qbit 2: 16 dep gates: 1249
qbit 15 dep gates: 1341
qbit 16 dep gates: 1343
qbit 24 dep gates: 1343
qbit 1: 24 qbit 2: 17 dep gates: 1346
qbit 1: 24 qbit 2: 17 dep gates: 1253
qbit 16 dep gates: 1345
qbit 17 dep gates: 1347
qbit 24 dep gates: 1347
qbit 1: 24 qbit 2: 18 dep gates: 1350
qbit 1: 24 qbit 2: 18 dep gates: 1257
qbit 17 dep gates: 1349
qbit 18 dep gates: 1351
qbit 24 dep gates: 1351
qbit 1: 24 qbit 2: 19 dep gates: 1354
qbit 1: 24 qbit 2: 19 dep gates: 1261
qbit 18 dep gates: 1353
qbit 19 dep gates: 1355
qbit 24 dep gates: 1355
qbit 1: 24 qbit 2: 20 dep gates: 1358
qbit 1: 24 qbit 2: 20 dep gates: 1265
qbit 19 dep gates: 1357
qbit 20 dep gates: 1359
qbit 24 dep gates: 1359
qbit 1: 24 qbit 2: 21 dep gates: 1362
qbit 1: 24 qbit 2: 21 dep gates: 1269
qbit 20 dep gates: 1361
qbit 21 dep gates: 1363
qbit 24 dep gates: 1363
qbit 1: 24 qbit 2: 22 dep gates: 1366
qbit 1: 24 qbit 2: 22 dep gates: 1275
qbit 21 dep gates: 1365
qbit 22 dep gates: 1367
qbit 24 dep gates: 1367
qbit 1: 24 qbit 2: 23 dep gates: 1370
qbit 1: 24 qbit 2: 23 dep gates: 1274
qbit 22 dep gates: 1369
qbit 23 dep gates: 1371
qbit 1: 24 qbit 2: 23 dep gates: 1371
qbit 1: 24 qbit 2: 23 dep gates: 1373
qbit 24 dep gates: 1374
qbit 24 dep gates: 1375
qbit 24 dep gates: 1376
qbit 23 dep gates: 1374
qbit 1: 25 qbit 2: 0 dep gates: 1379
qbit 1: 25 qbit 2: 0 dep gates: 1280
qbit 0 dep gates: 1380
qbit 1: 25 qbit 2: 0 dep gates: 1380
qbit 1: 25 qbit 2: 0 dep gates: 1381
qbit 0 dep gates: 1382
qbit 25 dep gates: 1382
qbit 1: 25 qbit 2: 1 dep gates: 1384
qbit 1: 25 qbit 2: 1 dep gates: 1285
qbit 1 dep gates: 1385
qbit 1: 25 qbit 2: 1 dep gates: 1385
qbit 1: 25 qbit 2: 1 dep gates: 1386
qbit 1 dep gates: 1387
qbit 25 dep gates: 1387
qbit 1: 25 qbit 2: 2 dep gates: 1389
qbit 1: 25 qbit 2: 2 dep gates: 1292
qbit 2 dep gates: 1390
qbit 1: 25 qbit 2: 2 dep gates: 1390
qbit 1: 25 qbit 2: 2 dep gates: 1391
qbit 25 dep gates: 1392
qbit 1: 25 qbit 2: 3 dep gates: 1393
qbit 1: 25 qbit 2: 3 dep gates: 1296
qbit 2 dep gates: 1392
qbit 3 dep gates: 1394
qbit 25 dep gates: 1394
qbit 1: 25 qbit 2: 4 dep gates: 1397
qbit 1: 25 qbit 2: 4 dep gates: 1300
qbit 3 dep gates: 1396
qbit 4 dep gates: 1398
qbit 25 dep gates: 1398
qbit 1: 25 qbit 2: 5 dep gates: 1401
qbit 1: 25 qbit 2: 5 dep gates: 1304
qbit 4 dep gates: 1400
qbit 5 dep gates: 1402
qbit 25 dep gates: 1402
qbit 1: 25 qbit 2: 6 dep gates: 1405
qbit 1: 25 qbit 2: 6 dep gates: 1308
qbit 5 dep gates: 1404
qbit 6 dep gates: 1406
qbit 25 dep gates: 1406
qbit 1: 25 qbit 2: 7 dep gates: 1409
qbit 1: 25 qbit 2: 7 dep gates: 1312
qbit 6 dep gates: 1408
qbit 7 dep gates: 1410
qbit 25 dep gates: 1410
qbit 1: 25 qbit 2: 8 dep gates: 1413
qbit 1: 25 qbit 2: 8 dep gates: 1316
qbit 7 dep gates: 1412
qbit 8 dep gates: 1414
qbit 25 dep gates: 1414
qbit 1: 25 qbit 2: 9 dep gates: 1417
qbit 1: 25 qbit 2: 9 dep gates: 1320
qbit 8 dep gates: 1416
qbit 9 dep gates: 1418
qbit 25 dep gates: 1418
qbit 1: 25 qbit 2: 10 dep gates: 1421
qbit 1: 25 qbit 2: 10 dep gates: 1324
qbit 9 dep gates: 1420
qbit 10 dep gates: 1422
qbit 25 dep gates: 1422
qbit 1: 25 qbit 2: 11 dep gates: 1425
qbit 1: 25 qbit 2: 11 dep gates: 1328
qbit 10 dep gates: 1424
qbit 11 dep gates: 1426
qbit 25 dep gates: 1426
qbit 1: 25 qbit 2: 12 dep gates: 1429
qbit 1: 25 qbit 2: 12 dep gates: 1332
qbit 11 dep gates: 1428
qbit 12 dep gates: 1430
qbit 25 dep gates: 1430
qbit 1: 25 qbit 2: 13 dep gates: 1433
qbit 1: 25 qbit 2: 13 dep gates: 1336
qbit 12 dep gates: 1432
qbit 13 dep gates: 1434
qbit 25 dep gates: 1434
qbit 1: 25 qbit 2: 14 dep gates: 1437
qbit 1: 25 qbit 2: 14 dep gates: 1340
qbit 13 dep gates: 1436
qbit 14 dep gates: 1438
qbit 25 dep gates: 1438
qbit 1: 25 qbit 2: 15 dep gates: 1441
qbit 1: 25 qbit 2: 15 dep gates: 1344
qbit 14 dep gates: 1440
qbit 15 dep gates: 1442
qbit 25 dep gates: 1442
qbit 1: 25 qbit 2: 16 dep gates: 1445
qbit 1: 25 qbit 2: 16 dep gates: 1348
qbit 15 dep gates: 1444
qbit 16 dep gates: 1446
qbit 25 dep gates: 1446
qbit 1: 25 qbit 2: 17 dep gates: 1449
qbit 1: 25 qbit 2: 17 dep gates: 1352
qbit 16 dep gates: 1448
qbit 17 dep gates: 1450
qbit 25 dep gates: 1450
qbit 1: 25 qbit 2: 18 dep gates: 1453
qbit 1: 25 qbit 2: 18 dep gates: 1356
qbit 17 dep gates: 1452
qbit 18 dep gates: 1454
qbit 25 dep gates: 1454
qbit 1: 25 qbit 2: 19 dep gates: 1457
qbit 1: 25 qbit 2: 19 dep gates: 1360
qbit 18 dep gates: 1456
qbit 19 dep gates: 1458
qbit 25 dep gates: 1458
qbit 1: 25 qbit 2: 20 dep gates: 1461
qbit 1: 25 qbit 2: 20 dep gates: 1364
qbit 19 dep gates: 1460
qbit 20 dep gates: 1462
qbit 25 dep gates: 1462
qbit 1: 25 qbit 2: 21 dep gates: 1465
qbit 1: 25 qbit 2: 21 dep gates: 1368
qbit 20 dep gates: 1464
qbit 21 dep gates: 1466
qbit 25 dep gates: 1466
qbit 1: 25 qbit 2: 22 dep gates: 1469
qbit 1: 25 qbit 2: 22 dep gates: 1372
qbit 21 dep gates: 1468
qbit 22 dep gates: 1470
qbit 25 dep gates: 1470
qbit 1: 25 qbit 2: 23 dep gates: 1473
qbit 1: 25 qbit 2: 23 dep gates: 1378
qbit 22 dep gates: 1472
qbit 23 dep gates: 1474
qbit 25 dep gates: 1474
qbit 1: 25 qbit 2: 24 dep gates: 1477
qbit 1: 25 qbit 2: 24 dep gates: 1377
qbit 23 dep gates: 1476
qbit 24 dep gates: 1478
qbit 1: 25 qbit 2: 24 dep gates: 1478
qbit 1: 25 qbit 2: 24 dep gates: 1480
qbit 25 dep gates: 1481
qbit 25 dep gates: 1482
qbit 25 dep gates: 1483
qbit 24 dep gates: 1481
qbit 1: 26 qbit 2: 0 dep gates: 1486
qbit 1: 26 qbit 2: 0 dep gates: 1383
qbit 0 dep gates: 1487
qbit 1: 26 qbit 2: 0 dep gates: 1487
qbit 1: 26 qbit 2: 0 dep gates: 1488
qbit 0 dep gates: 1489
qbit 26 dep gates: 1489
qbit 1: 26 qbit 2: 1 dep gates: 1491
qbit 1: 26 qbit 2: 1 dep gates: 1388
qbit 1 dep gates: 1492
qbit 1: 26 qbit 2: 1 dep gates: 1492
qbit 1: 26 qbit 2: 1 dep gates: 1493
qbit 1 dep gates: 1494
qbit 26 dep gates: 1494
qbit 1: 26 qbit 2: 2 dep gates: 1496
qbit 1: 26 qbit 2: 2 dep gates: 1395
qbit 2 dep gates: 1497
qbit 1: 26 qbit 2: 2 dep gates: 1497
qbit 1: 26 qbit 2: 2 dep gates: 1498
qbit 26 dep gates: 1499
qbit 1: 26 qbit 2: 3 dep gates: 1500
qbit 1: 26 qbit 2: 3 dep gates: 1399
qbit 2 dep gates: 1499
qbit 3 dep gates: 1501
qbit 26 dep gates: 1501
qbit 1: 26 qbit 2: 4 dep gates: 1504
qbit 1: 26 qbit 2: 4 dep gates: 1403
qbit 3 dep gates: 1503
qbit 4 dep gates: 1505
qbit 26 dep gates: 1505
qbit 1: 26 qbit 2: 5 dep gates: 1508
qbit 1: 26 qbit 2: 5 dep gates: 1407
qbit 4 dep gates: 1507
qbit 5 dep gates: 1509
qbit 26 dep gates: 1509
qbit 1: 26 qbit 2: 6 dep gates: 1512
qbit 1: 26 qbit 2: 6 dep gates: 1411
qbit 5 dep gates: 1511
qbit 6 dep gates: 1513
qbit 26 dep gates: 1513
qbit 1: 26 qbit 2: 7 dep gates: 1516
qbit 1: 26 qbit 2: 7 dep gates: 1415
qbit 6 dep gates: 1515
qbit 7 dep gates: 1517
qbit 26 dep gates: 1517
qbit 1: 26 qbit 2: 8 dep gates: 1520
qbit 1: 26 qbit 2: 8 dep gates: 1419
qbit 7 dep gates: 1519
qbit 8 dep gates: 1521
qbit 26 dep gates: 1521
qbit 1: 26 qbit 2: 9 dep gates: 1524
qbit 1: 26 qbit 2: 9 dep gates: 1423
qbit 8 dep gates: 1523
qbit 9 dep gates: 1525
qbit 26 dep gates: 1525
qbit 1: 26 qbit 2: 10 dep gates: 1528
qbit 1: 26 qbit 2: 10 dep gates: 1427
qbit 9 dep gates: 1527
qbit 10 dep gates: 1529
qbit 26 dep gates: 1529
qbit 1: 26 qbit 2: 11 dep gates: 1532
qbit 1: 26 qbit 2: 11 dep gates: 1431
qbit 10 dep gates: 1531
qbit 11 dep gates: 1533
qbit 26 dep gates: 1533
qbit 1: 26 qbit 2: 12 dep gates: 1536
qbit 1: 26 qbit 2: 12 dep gates: 1435
qbit 11 dep gates: 1535
qbit 12 dep gates: 1537
qbit 26 dep gates: 1537
qbit 1: 26 qbit 2: 13 dep gates: 1540
qbit 1: 26 qbit 2: 13 dep gates: 1439
qbit 12 dep gates: 1539
qbit 13 dep gates: 1541
qbit 26 dep gates: 1541
qbit 1: 26 qbit 2: 14 dep gates: 1544
qbit 1: 26 qbit 2: 14 dep gates: 1443
qbit 13 dep gates: 1543
qbit 14 dep gates: 1545
qbit 26 dep gates: 1545
qbit 1: 26 qbit 2: 15 dep gates: 1548
qbit 1: 26 qbit 2: 15 dep gates: 1447
qbit 14 dep gates: 1547
qbit 15 dep gates: 1549
qbit 26 dep gates: 1549
qbit 1: 26 qbit 2: 16 dep gates: 1552
qbit 1: 26 qbit 2: 16 dep gates: 1451
qbit 15 dep gates: 1551
qbit 16 dep gates: 1553
qbit 26 dep gates: 1553
qbit 1: 26 qbit 2: 17 dep gates: 1556
qbit 1: 26 qbit 2: 17 dep gates: 1455
qbit 16 dep gates: 1555
qbit 17 dep gates: 1557
qbit 26 dep gates: 1557
qbit 1: 26 qbit 2: 18 dep gates: 1560
qbit 1: 26 qbit 2: 18 dep gates: 1459
qbit 17 dep gates: 1559
qbit 18 dep gates: 1561
qbit 26 dep gates: 1561
qbit 1: 26 qbit 2: 19 dep gates: 1564
qbit 1: 26 qbit 2: 19 dep gates: 1463
qbit 18 dep gates: 1563
qbit 19 dep gates: 1565
qbit 26 dep gates: 1565
qbit 1: 26 qbit 2: 20 dep gates: 1568
qbit 1: 26 qbit 2: 20 dep gates: 1467
qbit 19 dep gates: 1567
qbit 20 dep gates: 1569
qbit 26 dep gates: 1569
qbit 1: 26 qbit 2: 21 dep gates: 1572
qbit 1: 26 qbit 2: 21 dep gates: 1471
qbit 20 dep gates: 1571
qbit 21 dep gates: 1573
qbit 26 dep gates: 1573
qbit 1: 26 qbit 2: 22 dep gates: 1576
qbit 1: 26 qbit 2: 22 dep gates: 1475
qbit 21 dep gates: 1575
qbit 22 dep gates: 1577
qbit 26 dep gates: 1577
qbit 1: 26 qbit 2: 23 dep gates: 1580
qbit 1: 26 qbit 2: 23 dep gates: 1479
qbit 22 dep gates: 1579
qbit 23 dep gates: 1581
qbit 26 dep gates: 1581
qbit 1: 26 qbit 2: 24 dep gates: 1584
qbit 1: 26 qbit 2: 24 dep gates: 1485
qbit 23 dep gates: 1583
qbit 24 dep gates: 1585
qbit 26 dep gates: 1585
qbit 1: 26 qbit 2: 25 dep gates: 1588
qbit 1: 26 qbit 2: 25 dep gates: 1484
qbit 24 dep gates: 1587
qbit 25 dep gates: 1589
qbit 1: 26 qbit 2: 25 dep gates: 1589
qbit 1: 26 qbit 2: 25 dep gates: 1591
qbit 26 dep gates: 1592
qbit 26 dep gates: 1593
qbit 26 dep gates: 1594
qbit 25 dep gates: 1592
qbit 1: 27 qbit 2: 0 dep gates: 1597
qbit 1: 27 qbit 2: 0 dep gates: 1490
qbit 0 dep gates: 1598
qbit 1: 27 qbit 2: 0 dep gates: 1598
qbit 1: 27 qbit 2: 0 dep gates: 1599
qbit 0 dep gates: 1600
qbit 27 dep gates: 1600
qbit 1: 27 qbit 2: 1 dep gates: 1602
qbit 1: 27 qbit 2: 1 dep gates: 1495
qbit 1 dep gates: 1603
qbit 1: 27 qbit 2: 1 dep gates: 1603
qbit 1: 27 qbit 2: 1 dep gates: 1604
qbit 1 dep gates: 1605
qbit 27 dep gates: 1605
qbit 1: 27 qbit 2: 2 dep gates: 1607
qbit 1: 27 qbit 2: 2 dep gates: 1502
qbit 2 dep gates: 1608
qbit 1: 27 qbit 2: 2 dep gates: 1608
qbit 1: 27 qbit 2: 2 dep gates: 1609
qbit 27 dep gates: 1610
qbit 1: 27 qbit 2: 3 dep gates: 1611
qbit 1: 27 qbit 2: 3 dep gates: 1506
qbit 2 dep gates: 1610
qbit 3 dep gates: 1612
qbit 27 dep gates: 1612
qbit 1: 27 qbit 2: 4 dep gates: 1615
qbit 1: 27 qbit 2: 4 dep gates: 1510
qbit 3 dep gates: 1614
qbit 4 dep gates: 1616
qbit 27 dep gates: 1616
qbit 1: 27 qbit 2: 5 dep gates: 1619
qbit 1: 27 qbit 2: 5 dep gates: 1514
qbit 4 dep gates: 1618
qbit 5 dep gates: 1620
qbit 27 dep gates: 1620
qbit 1: 27 qbit 2: 6 dep gates: 1623
qbit 1: 27 qbit 2: 6 dep gates: 1518
qbit 5 dep gates: 1622
qbit 6 dep gates: 1624
qbit 27 dep gates: 1624
qbit 1: 27 qbit 2: 7 dep gates: 1627
qbit 1: 27 qbit 2: 7 dep gates: 1522
qbit 6 dep gates: 1626
qbit 7 dep gates: 1628
qbit 27 dep gates: 1628
qbit 1: 27 qbit 2: 8 dep gates: 1631
qbit 1: 27 qbit 2: 8 dep gates: 1526
qbit 7 dep gates: 1630
qbit 8 dep gates: 1632
qbit 27 dep gates: 1632
qbit 1: 27 qbit 2: 9 dep gates: 1635
qbit 1: 27 qbit 2: 9 dep gates: 1530
qbit 8 dep gates: 1634
qbit 9 dep gates: 1636
qbit 27 dep gates: 1636
qbit 1: 27 qbit 2: 10 dep gates: 1639
qbit 1: 27 qbit 2: 10 dep gates: 1534
qbit 9 dep gates: 1638
qbit 10 dep gates: 1640
qbit 27 dep gates: 1640
qbit 1: 27 qbit 2: 11 dep gates: 1643
qbit 1: 27 qbit 2: 11 dep gates: 1538
qbit 10 dep gates: 1642
qbit 11 dep gates: 1644
qbit 27 dep gates: 1644
qbit 1: 27 qbit 2: 12 dep gates: 1647
qbit 1: 27 qbit 2: 12 dep gates: 1542
qbit 11 dep gates: 1646
qbit 12 dep gates: 1648
qbit 27 dep gates: 1648
qbit 1: 27 qbit 2: 13 dep gates: 1651
qbit 1: 27 qbit 2: 13 dep gates: 1546
qbit 12 dep gates: 1650
qbit 13 dep gates: 1652
qbit 27 dep gates: 1652
qbit 1: 27 qbit 2: 14 dep gates: 1655
qbit 1: 27 qbit 2: 14 dep gates: 1550
qbit 13 dep gates: 1654
qbit 14 dep gates: 1656
qbit 27 dep gates: 1656
qbit 1: 27 qbit 2: 15 dep gates: 1659
qbit 1: 27 qbit 2: 15 dep gates: 1554
qbit 14 dep gates: 1658
qbit 15 dep gates: 1660
qbit 27 dep gates: 1660
qbit 1: 27 qbit 2: 16 dep gates: 1663
qbit 1: 27 qbit 2: 16 dep gates: 1558
qbit 15 dep gates: 1662
qbit 16 dep gates: 1664
qbit 27 dep gates: 1664
qbit 1: 27 qbit 2: 17 dep gates: 1667
qbit 1: 27 qbit 2: 17 dep gates: 1562
qbit 16 dep gates: 1666
qbit 17 dep gates: 1668
qbit 27 dep gates: 1668
qbit 1: 27 qbit 2: 18 dep gates: 1671
qbit 1: 27 qbit 2: 18 dep gates: 1566
qbit 17 dep gates: 1670
qbit 18 dep gates: 1672
qbit 27 dep gates: 1672
qbit 1: 27 qbit 2: 19 dep gates: 1675
qbit 1: 27 qbit 2: 19 dep gates: 1570
qbit 18 dep gates: 1674
qbit 19 dep gates: 1676
qbit 27 dep gates: 1676
qbit 1: 27 qbit 2: 20 dep gates: 1679
qbit 1: 27 qbit 2: 20 dep gates: 1574
qbit 19 dep gates: 1678
qbit 20 dep gates: 1680
qbit 27 dep gates: 1680
qbit 1: 27 qbit 2: 21 dep gates: 1683
qbit 1: 27 qbit 2: 21 dep gates: 1578
qbit 20 dep gates: 1682
qbit 21 dep gates: 1684
qbit 27 dep gates: 1684
qbit 1: 27 qbit 2: 22 dep gates: 1687
qbit 1: 27 qbit 2: 22 dep gates: 1582
qbit 21 dep gates: 1686
qbit 22 dep gates: 1688
qbit 27 dep gates: 1688
qbit 1: 27 qbit 2: 23 dep gates: 1691
qbit 1: 27 qbit 2: 23 dep gates: 1586
qbit 22 dep gates: 1690
qbit 23 dep gates: 1692
qbit 27 dep gates: 1692
qbit 1: 27 qbit 2: 24 dep gates: 1695
qbit 1: 27 qbit 2: 24 dep gates: 1590
qbit 23 dep gates: 1694
qbit 24 dep gates: 1696
qbit 27 dep gates: 1696
qbit 1: 27 qbit 2: 25 dep gates: 1699
qbit 1: 27 qbit 2: 25 dep gates: 1596
qbit 24 dep gates: 1698
qbit 25 dep gates: 1700
qbit 27 dep gates: 1700
qbit 1: 27 qbit 2: 26 dep gates: 1703
qbit 1: 27 qbit 2: 26 dep gates: 1595
qbit 25 dep gates: 1702
qbit 26 dep gates: 1704
qbit 1: 27 qbit 2: 26 dep gates: 1704
qbit 1: 27 qbit 2: 26 dep gates: 1706
qbit 27 dep gates: 1707
qbit 27 dep gates: 1708
qbit 27 dep gates: 1709
qbit 26 dep gates: 1707
qbit 1: 28 qbit 2: 0 dep gates: 1712
qbit 1: 28 qbit 2: 0 dep gates: 1601
qbit 0 dep gates: 1713
qbit 1: 28 qbit 2: 0 dep gates: 1713
qbit 1: 28 qbit 2: 0 dep gates: 1714
qbit 0 dep gates: 1715
qbit 28 dep gates: 1715
qbit 1: 28 qbit 2: 1 dep gates: 1717
qbit 1: 28 qbit 2: 1 dep gates: 1606
qbit 1 dep gates: 1718
qbit 1: 28 qbit 2: 1 dep gates: 1718
qbit 1: 28 qbit 2: 1 dep gates: 1719
qbit 1 dep gates: 1720
qbit 28 dep gates: 1720
qbit 1: 28 qbit 2: 2 dep gates: 1722
qbit 1: 28 qbit 2: 2 dep gates: 1613
qbit 2 dep gates: 1723
qbit 1: 28 qbit 2: 2 dep gates: 1723
qbit 1: 28 qbit 2: 2 dep gates: 1724
qbit 28 dep gates: 1725
qbit 1: 28 qbit 2: 3 dep gates: 1726
qbit 1: 28 qbit 2: 3 dep gates: 1617
qbit 2 dep gates: 1725
qbit 3 dep gates: 1727
qbit 28 dep gates: 1727
qbit 1: 28 qbit 2: 4 dep gates: 1730
qbit 1: 28 qbit 2: 4 dep gates: 1621
qbit 3 dep gates: 1729
qbit 4 dep gates: 1731
qbit 28 dep gates: 1731
qbit 1: 28 qbit 2: 5 dep gates: 1734
qbit 1: 28 qbit 2: 5 dep gates: 1625
qbit 4 dep gates: 1733
qbit 5 dep gates: 1735
qbit 28 dep gates: 1735
qbit 1: 28 qbit 2: 6 dep gates: 1738
qbit 1: 28 qbit 2: 6 dep gates: 1629
qbit 5 dep gates: 1737
qbit 6 dep gates: 1739
qbit 28 dep gates: 1739
qbit 1: 28 qbit 2: 7 dep gates: 1742
qbit 1: 28 qbit 2: 7 dep gates: 1633
qbit 6 dep gates: 1741
qbit 7 dep gates: 1743
qbit 28 dep gates: 1743
qbit 1: 28 qbit 2: 8 dep gates: 1746
qbit 1: 28 qbit 2: 8 dep gates: 1637
qbit 7 dep gates: 1745
qbit 8 dep gates: 1747
qbit 28 dep gates: 1747
qbit 1: 28 qbit 2: 9 dep gates: 1750
qbit 1: 28 qbit 2: 9 dep gates: 1641
qbit 8 dep gates: 1749
qbit 9 dep gates: 1751
qbit 28 dep gates: 1751
qbit 1: 28 qbit 2: 10 dep gates: 1754
qbit 1: 28 qbit 2: 10 dep gates: 1645
qbit 9 dep gates: 1753
qbit 10 dep gates: 1755
qbit 28 dep gates: 1755
qbit 1: 28 qbit 2: 11 dep gates: 1758
qbit 1: 28 qbit 2: 11 dep gates: 1649
qbit 10 dep gates: 1757
qbit 11 dep gates: 1759
qbit 28 dep gates: 1759
qbit 1: 28 qbit 2: 12 dep gates: 1762
qbit 1: 28 qbit 2: 12 dep gates: 1653
qbit 11 dep gates: 1761
qbit 12 dep gates: 1763
qbit 28 dep gates: 1763
qbit 1: 28 qbit 2: 13 dep gates: 1766
qbit 1: 28 qbit 2: 13 dep gates: 1657
qbit 12 dep gates: 1765
qbit 13 dep gates: 1767
qbit 28 dep gates: 1767
qbit 1: 28 qbit 2: 14 dep gates: 1770
qbit 1: 28 qbit 2: 14 dep gates: 1661
qbit 13 dep gates: 1769
qbit 14 dep gates: 1771
qbit 28 dep gates: 1771
qbit 1: 28 qbit 2: 15 dep gates: 1774
qbit 1: 28 qbit 2: 15 dep gates: 1665
qbit 14 dep gates: 1773
qbit 15 dep gates: 1775
qbit 28 dep gates: 1775
qbit 1: 28 qbit 2: 16 dep gates: 1778
qbit 1: 28 qbit 2: 16 dep gates: 1669
qbit 15 dep gates: 1777
qbit 16 dep gates: 1779
qbit 28 dep gates: 1779
qbit 1: 28 qbit 2: 17 dep gates: 1782
qbit 1: 28 qbit 2: 17 dep gates: 1673
qbit 16 dep gates: 1781
qbit 17 dep gates: 1783
qbit 28 dep gates: 1783
qbit 1: 28 qbit 2: 18 dep gates: 1786
qbit 1: 28 qbit 2: 18 dep gates: 1677
qbit 17 dep gates: 1785
qbit 18 dep gates: 1787
qbit 28 dep gates: 1787
qbit 1: 28 qbit 2: 19 dep gates: 1790
qbit 1: 28 qbit 2: 19 dep gates: 1681
qbit 18 dep gates: 1789
qbit 19 dep gates: 1791
qbit 28 dep gates: 1791
qbit 1: 28 qbit 2: 20 dep gates: 1794
qbit 1: 28 qbit 2: 20 dep gates: 1685
qbit 19 dep gates: 1793
qbit 20 dep gates: 1795
qbit 28 dep gates: 1795
qbit 1: 28 qbit 2: 21 dep gates: 1798
qbit 1: 28 qbit 2: 21 dep gates: 1689
qbit 20 dep gates: 1797
qbit 21 dep gates: 1799
qbit 28 dep gates: 1799
qbit 1: 28 qbit 2: 22 dep gates: 1802
qbit 1: 28 qbit 2: 22 dep gates: 1693
qbit 21 dep gates: 1801
qbit 22 dep gates: 1803
qbit 28 dep gates: 1803
qbit 1: 28 qbit 2: 23 dep gates: 1806
qbit 1: 28 qbit 2: 23 dep gates: 1697
qbit 22 dep gates: 1805
qbit 23 dep gates: 1807
qbit 28 dep gates: 1807
qbit 1: 28 qbit 2: 24 dep gates: 1810
qbit 1: 28 qbit 2: 24 dep gates: 1701
qbit 23 dep gates: 1809
qbit 24 dep gates: 1811
qbit 28 dep gates: 1811
qbit 1: 28 qbit 2: 25 dep gates: 1814
qbit 1: 28 qbit 2: 25 dep gates: 1705
qbit 24 dep gates: 1813
qbit 25 dep gates: 1815
qbit 28 dep gates: 1815
qbit 1: 28 qbit 2: 26 dep gates: 1818
qbit 1: 28 qbit 2: 26 dep gates: 1711
qbit 25 dep gates: 1817
qbit 26 dep gates: 1819
qbit 28 dep gates: 1819
qbit 1: 28 qbit 2: 27 dep gates: 1822
qbit 1: 28 qbit 2: 27 dep gates: 1710
qbit 26 dep gates: 1821
qbit 27 dep gates: 1823
qbit 1: 28 qbit 2: 27 dep gates: 1823
qbit 1: 28 qbit 2: 27 dep gates: 1825
qbit 28 dep gates: 1826
qbit 28 dep gates: 1827
qbit 28 dep gates: 1828
qbit 27 dep gates: 1826
qbit 1: 29 qbit 2: 0 dep gates: 1831
qbit 1: 29 qbit 2: 0 dep gates: 1716
qbit 0 dep gates: 1832
qbit 1: 29 qbit 2: 0 dep gates: 1832
qbit 1: 29 qbit 2: 0 dep gates: 1833
qbit 0 dep gates: 1834
qbit 29 dep gates: 1834
qbit 1: 29 qbit 2: 1 dep gates: 1836
qbit 1: 29 qbit 2: 1 dep gates: 1721
qbit 1 dep gates: 1837
qbit 1: 29 qbit 2: 1 dep gates: 1837
qbit 1: 29 qbit 2: 1 dep gates: 1838
qbit 1 dep gates: 1839
qbit 29 dep gates: 1839
qbit 1: 29 qbit 2: 2 dep gates: 1841
qbit 1: 29 qbit 2: 2 dep gates: 1728
qbit 2 dep gates: 1842
qbit 1: 29 qbit 2: 2 dep gates: 1842
qbit 1: 29 qbit 2: 2 dep gates: 1843
qbit 29 dep gates: 1844
qbit 1: 29 qbit 2: 3 dep gates: 1845
qbit 1: 29 qbit 2: 3 dep gates: 1732
qbit 2 dep gates: 1844
qbit 3 dep gates: 1846
qbit 29 dep gates: 1846
qbit 1: 29 qbit 2: 4 dep gates: 1849
qbit 1: 29 qbit 2: 4 dep gates: 1736
qbit 3 dep gates: 1848
qbit 4 dep gates: 1850
qbit 29 dep gates: 1850
qbit 1: 29 qbit 2: 5 dep gates: 1853
qbit 1: 29 qbit 2: 5 dep gates: 1740
qbit 4 dep gates: 1852
qbit 5 dep gates: 1854
qbit 29 dep gates: 1854
qbit 1: 29 qbit 2: 6 dep gates: 1857
qbit 1: 29 qbit 2: 6 dep gates: 1744
qbit 5 dep gates: 1856
qbit 6 dep gates: 1858
qbit 29 dep gates: 1858
qbit 1: 29 qbit 2: 7 dep gates: 1861
qbit 1: 29 qbit 2: 7 dep gates: 1748
qbit 6 dep gates: 1860
qbit 7 dep gates: 1862
qbit 29 dep gates: 1862
qbit 1: 29 qbit 2: 8 dep gates: 1865
qbit 1: 29 qbit 2: 8 dep gates: 1752
qbit 7 dep gates: 1864
qbit 8 dep gates: 1866
qbit 29 dep gates: 1866
qbit 1: 29 qbit 2: 9 dep gates: 1869
qbit 1: 29 qbit 2: 9 dep gates: 1756
qbit 8 dep gates: 1868
qbit 9 dep gates: 1870
qbit 29 dep gates: 1870
qbit 1: 29 qbit 2: 10 dep gates: 1873
qbit 1: 29 qbit 2: 10 dep gates: 1760
qbit 9 dep gates: 1872
qbit 10 dep gates: 1874
qbit 29 dep gates: 1874
qbit 1: 29 qbit 2: 11 dep gates: 1877
qbit 1: 29 qbit 2: 11 dep gates: 1764
qbit 10 dep gates: 1876
qbit 11 dep gates: 1878
qbit 29 dep gates: 1878
qbit 1: 29 qbit 2: 12 dep gates: 1881
qbit 1: 29 qbit 2: 12 dep gates: 1768
qbit 11 dep gates: 1880
qbit 12 dep gates: 1882
qbit 29 dep gates: 1882
qbit 1: 29 qbit 2: 13 dep gates: 1885
qbit 1: 29 qbit 2: 13 dep gates: 1772
qbit 12 dep gates: 1884
qbit 13 dep gates: 1886
qbit 29 dep gates: 1886
qbit 1: 29 qbit 2: 14 dep gates: 1889
qbit 1: 29 qbit 2: 14 dep gates: 1776
qbit 13 dep gates: 1888
qbit 14 dep gates: 1890
qbit 29 dep gates: 1890
qbit 1: 29 qbit 2: 15 dep gates: 1893
qbit 1: 29 qbit 2: 15 dep gates: 1780
qbit 14 dep gates: 1892
qbit 15 dep gates: 1894
qbit 29 dep gates: 1894
qbit 1: 29 qbit 2: 16 dep gates: 1897
qbit 1: 29 qbit 2: 16 dep gates: 1784
qbit 15 dep gates: 1896
qbit 16 dep gates: 1898
qbit 29 dep gates: 1898
qbit 1: 29 qbit 2: 17 dep gates: 1901
qbit 1: 29 qbit 2: 17 dep gates: 1788
qbit 16 dep gates: 1900
qbit 17 dep gates: 1902
qbit 29 dep gates: 1902
qbit 1: 29 qbit 2: 18 dep gates: 1905
qbit 1: 29 qbit 2: 18 dep gates: 1792
qbit 17 dep gates: 1904
qbit 18 dep gates: 1906
qbit 29 dep gates: 1906
qbit 1: 29 qbit 2: 19 dep gates: 1909
qbit 1: 29 qbit 2: 19 dep gates: 1796
qbit 18 dep gates: 1908
qbit 19 dep gates: 1910
qbit 29 dep gates: 1910
qbit 1: 29 qbit 2: 20 dep gates: 1913
qbit 1: 29 qbit 2: 20 dep gates: 1800
qbit 19 dep gates: 1912
qbit 20 dep gates: 1914
qbit 29 dep gates: 1914
qbit 1: 29 qbit 2: 21 dep gates: 1917
qbit 1: 29 qbit 2: 21 dep gates: 1804
qbit 20 dep gates: 1916
qbit 21 dep gates: 1918
qbit 29 dep gates: 1918
qbit 1: 29 qbit 2: 22 dep gates: 1921
qbit 1: 29 qbit 2: 22 dep gates: 1808
qbit 21 dep gates: 1920
qbit 22 dep gates: 1922
qbit 29 dep gates: 1922
qbit 1: 29 qbit 2: 23 dep gates: 1925
qbit 1: 29 qbit 2: 23 dep gates: 1812
qbit 22 dep gates: 1924
qbit 23 dep gates: 1926
qbit 29 dep gates: 1926
qbit 1: 29 qbit 2: 24 dep gates: 1929
qbit 1: 29 qbit 2: 24 dep gates: 1816
qbit 23 dep gates: 1928
qbit 24 dep gates: 1930
qbit 29 dep gates: 1930
qbit 1: 29 qbit 2: 25 dep gates: 1933
qbit 1: 29 qbit 2: 25 dep gates: 1820
qbit 24 dep gates: 1932
qbit 25 dep gates: 1934
qbit 29 dep gates: 1934
qbit 1: 29 qbit 2: 26 dep gates: 1937
qbit 1: 29 qbit 2: 26 dep gates: 1824
qbit 25 dep gates: 1936
qbit 26 dep gates: 1938
qbit 29 dep gates: 1938
qbit 1: 29 qbit 2: 27 dep gates: 1941
qbit 1: 29 qbit 2: 27 dep gates: 1830
qbit 26 dep gates: 1940
qbit 27 dep gates: 1942
qbit 29 dep gates: 1942
qbit 1: 29 qbit 2: 28 dep gates: 1945
qbit 1: 29 qbit 2: 28 dep gates: 1829
qbit 27 dep gates: 1944
qbit 28 dep gates: 1946
qbit 1: 29 qbit 2: 28 dep gates: 1946
qbit 1: 29 qbit 2: 28 dep gates: 1948
qbit 29 dep gates: 1949
qbit 29 dep gates: 1950
qbit 29 dep gates: 1951
qbit 28 dep gates: 1949
qbit 1: 30 qbit 2: 0 dep gates: 1954
qbit 1: 30 qbit 2: 0 dep gates: 1835
qbit 0 dep gates: 1955
qbit 1: 30 qbit 2: 0 dep gates: 1955
qbit 1: 30 qbit 2: 0 dep gates: 1956
qbit 0 dep gates: 1957
qbit 30 dep gates: 1957
qbit 1: 30 qbit 2: 1 dep gates: 1959
qbit 1: 30 qbit 2: 1 dep gates: 1840
qbit 1 dep gates: 1960
qbit 1: 30 qbit 2: 1 dep gates: 1960
qbit 1: 30 qbit 2: 1 dep gates: 1961
qbit 1 dep gates: 1962
qbit 30 dep gates: 1962
qbit 1: 30 qbit 2: 2 dep gates: 1964
qbit 1: 30 qbit 2: 2 dep gates: 1847
qbit 2 dep gates: 1965
qbit 1: 30 qbit 2: 2 dep gates: 1965
qbit 1: 30 qbit 2: 2 dep gates: 1966
qbit 30 dep gates: 1967
qbit 1: 30 qbit 2: 3 dep gates: 1968
qbit 1: 30 qbit 2: 3 dep gates: 1851
qbit 2 dep gates: 1967
qbit 3 dep gates: 1969
qbit 30 dep gates: 1969
qbit 1: 30 qbit 2: 4 dep gates: 1972
qbit 1: 30 qbit 2: 4 dep gates: 1855
qbit 3 dep gates: 1971
qbit 4 dep gates: 1973
qbit 30 dep gates: 1973
qbit 1: 30 qbit 2: 5 dep gates: 1976
qbit 1: 30 qbit 2: 5 dep gates: 1859
qbit 4 dep gates: 1975
qbit 5 dep gates: 1977
qbit 30 dep gates: 1977
qbit 1: 30 qbit 2: 6 dep gates: 1980
qbit 1: 30 qbit 2: 6 dep gates: 1863
qbit 5 dep gates: 1979
qbit 6 dep gates: 1981
qbit 30 dep gates: 1981
qbit 1: 30 qbit 2: 7 dep gates: 1984
qbit 1: 30 qbit 2: 7 dep gates: 1867
qbit 6 dep gates: 1983
qbit 7 dep gates: 1985
qbit 30 dep gates: 1985
qbit 1: 30 qbit 2: 8 dep gates: 1988
qbit 1: 30 qbit 2: 8 dep gates: 1871
qbit 7 dep gates: 1987
qbit 8 dep gates: 1989
qbit 30 dep gates: 1989
qbit 1: 30 qbit 2: 9 dep gates: 1992
qbit 1: 30 qbit 2: 9 dep gates: 1875
qbit 8 dep gates: 1991
qbit 9 dep gates: 1993
qbit 30 dep gates: 1993
qbit 1: 30 qbit 2: 10 dep gates: 1996
qbit 1: 30 qbit 2: 10 dep gates: 1879
qbit 9 dep gates: 1995
qbit 10 dep gates: 1997
qbit 30 dep gates: 1997
qbit 1: 30 qbit 2: 11 dep gates: 2000
qbit 1: 30 qbit 2: 11 dep gates: 1883
qbit 10 dep gates: 1999
qbit 11 dep gates: 2001
qbit 30 dep gates: 2001
qbit 1: 30 qbit 2: 12 dep gates: 2004
qbit 1: 30 qbit 2: 12 dep gates: 1887
qbit 11 dep gates: 2003
qbit 12 dep gates: 2005
qbit 30 dep gates: 2005
qbit 1: 30 qbit 2: 13 dep gates: 2008
qbit 1: 30 qbit 2: 13 dep gates: 1891
qbit 12 dep gates: 2007
qbit 13 dep gates: 2009
qbit 30 dep gates: 2009
qbit 1: 30 qbit 2: 14 dep gates: 2012
qbit 1: 30 qbit 2: 14 dep gates: 1895
qbit 13 dep gates: 2011
qbit 14 dep gates: 2013
qbit 30 dep gates: 2013
qbit 1: 30 qbit 2: 15 dep gates: 2016
qbit 1: 30 qbit 2: 15 dep gates: 1899
qbit 14 dep gates: 2015
qbit 15 dep gates: 2017
qbit 30 dep gates: 2017
qbit 1: 30 qbit 2: 16 dep gates: 2020
qbit 1: 30 qbit 2: 16 dep gates: 1903
qbit 15 dep gates: 2019
qbit 16 dep gates: 2021
qbit 30 dep gates: 2021
qbit 1: 30 qbit 2: 17 dep gates: 2024
qbit 1: 30 qbit 2: 17 dep gates: 1907
qbit 16 dep gates: 2023
qbit 17 dep gates: 2025
qbit 30 dep gates: 2025
qbit 1: 30 qbit 2: 18 dep gates: 2028
qbit 1: 30 qbit 2: 18 dep gates: 1911
qbit 17 dep gates: 2027
qbit 18 dep gates: 2029
qbit 30 dep gates: 2029
qbit 1: 30 qbit 2: 19 dep gates: 2032
qbit 1: 30 qbit 2: 19 dep gates: 1915
qbit 18 dep gates: 2031
qbit 19 dep gates: 2033
qbit 30 dep gates: 2033
qbit 1: 30 qbit 2: 20 dep gates: 2036
qbit 1: 30 qbit 2: 20 dep gates: 1919
qbit 19 dep gates: 2035
qbit 20 dep gates: 2037
qbit 30 dep gates: 2037
qbit 1: 30 qbit 2: 21 dep gates: 2040
qbit 1: 30 qbit 2: 21 dep gates: 1923
qbit 20 dep gates: 2039
qbit 21 dep gates: 2041
qbit 30 dep gates: 2041
qbit 1: 30 qbit 2: 22 dep gates: 2044
qbit 1: 30 qbit 2: 22 dep gates: 1927
qbit 21 dep gates: 2043
qbit 22 dep gates: 2045
qbit 30 dep gates: 2045
qbit 1: 30 qbit 2: 23 dep gates: 2048
qbit 1: 30 qbit 2: 23 dep gates: 1931
qbit 22 dep gates: 2047
qbit 23 dep gates: 2049
qbit 30 dep gates: 2049
qbit 1: 30 qbit 2: 24 dep gates: 2052
qbit 1: 30 qbit 2: 24 dep gates: 1935
qbit 23 dep gates: 2051
qbit 24 dep gates: 2053
qbit 30 dep gates: 2053
qbit 1: 30 qbit 2: 25 dep gates: 2056
qbit 1: 30 qbit 2: 25 dep gates: 1939
qbit 24 dep gates: 2055
qbit 25 dep gates: 2057
qbit 30 dep gates: 2057
qbit 1: 30 qbit 2: 26 dep gates: 2060
qbit 1: 30 qbit 2: 26 dep gates: 1943
qbit 25 dep gates: 2059
qbit 26 dep gates: 2061
qbit 30 dep gates: 2061
qbit 1: 30 qbit 2: 27 dep gates: 2064
qbit 1: 30 qbit 2: 27 dep gates: 1947
qbit 26 dep gates: 2063
qbit 27 dep gates: 2065
qbit 30 dep gates: 2065
qbit 1: 30 qbit 2: 28 dep gates: 2068
qbit 1: 30 qbit 2: 28 dep gates: 1953
qbit 27 dep gates: 2067
qbit 28 dep gates: 2069
qbit 30 dep gates: 2069
qbit 1: 30 qbit 2: 29 dep gates: 2072
qbit 1: 30 qbit 2: 29 dep gates: 1952
qbit 28 dep gates: 2071
qbit 29 dep gates: 2073
qbit 1: 30 qbit 2: 29 dep gates: 2073
qbit 1: 30 qbit 2: 29 dep gates: 2075
qbit 30 dep gates: 2076
qbit 30 dep gates: 2077
qbit 30 dep gates: 2078
qbit 29 dep gates: 2076
qbit 1: 31 qbit 2: 0 dep gates: 2081
qbit 1: 31 qbit 2: 0 dep gates: 1958
qbit 0 dep gates: 2082
qbit 1: 31 qbit 2: 0 dep gates: 2082
qbit 1: 31 qbit 2: 0 dep gates: 2083
qbit 0 dep gates: 2084
qbit 31 dep gates: 2084
qbit 1: 31 qbit 2: 1 dep gates: 2086
qbit 1: 31 qbit 2: 1 dep gates: 1963
qbit 1 dep gates: 2087
qbit 1: 31 qbit 2: 1 dep gates: 2087
qbit 1: 31 qbit 2: 1 dep gates: 2088
qbit 1 dep gates: 2089
qbit 31 dep gates: 2089
qbit 1: 31 qbit 2: 2 dep gates: 2091
qbit 1: 31 qbit 2: 2 dep gates: 1970
qbit 2 dep gates: 2092
qbit 1: 31 qbit 2: 2 dep gates: 2092
qbit 1: 31 qbit 2: 2 dep gates: 2093
qbit 31 dep gates: 2094
qbit 1: 31 qbit 2: 3 dep gates: 2095
qbit 1: 31 qbit 2: 3 dep gates: 1974
qbit 2 dep gates: 2094
qbit 3 dep gates: 2096
qbit 31 dep gates: 2096
qbit 1: 31 qbit 2: 4 dep gates: 2099
qbit 1: 31 qbit 2: 4 dep gates: 1978
qbit 3 dep gates: 2098
qbit 4 dep gates: 2100
qbit 31 dep gates: 2100
qbit 1: 31 qbit 2: 5 dep gates: 2103
qbit 1: 31 qbit 2: 5 dep gates: 1982
qbit 4 dep gates: 2102
qbit 5 dep gates: 2104
qbit 31 dep gates: 2104
qbit 1: 31 qbit 2: 6 dep gates: 2107
qbit 1: 31 qbit 2: 6 dep gates: 1986
qbit 5 dep gates: 2106
qbit 6 dep gates: 2108
qbit 31 dep gates: 2108
qbit 1: 31 qbit 2: 7 dep gates: 2111
qbit 1: 31 qbit 2: 7 dep gates: 1990
qbit 6 dep gates: 2110
qbit 7 dep gates: 2112
qbit 31 dep gates: 2112
qbit 1: 31 qbit 2: 8 dep gates: 2115
qbit 1: 31 qbit 2: 8 dep gates: 1994
qbit 7 dep gates: 2114
qbit 8 dep gates: 2116
qbit 31 dep gates: 2116
qbit 1: 31 qbit 2: 9 dep gates: 2119
qbit 1: 31 qbit 2: 9 dep gates: 1998
qbit 8 dep gates: 2118
qbit 9 dep gates: 2120
qbit 31 dep gates: 2120
qbit 1: 31 qbit 2: 10 dep gates: 2123
qbit 1: 31 qbit 2: 10 dep gates: 2002
qbit 9 dep gates: 2122
qbit 10 dep gates: 2124
qbit 31 dep gates: 2124
qbit 1: 31 qbit 2: 11 dep gates: 2127
qbit 1: 31 qbit 2: 11 dep gates: 2006
qbit 10 dep gates: 2126
qbit 11 dep gates: 2128
qbit 31 dep gates: 2128
qbit 1: 31 qbit 2: 12 dep gates: 2131
qbit 1: 31 qbit 2: 12 dep gates: 2010
qbit 11 dep gates: 2130
qbit 12 dep gates: 2132
qbit 31 dep gates: 2132
qbit 1: 31 qbit 2: 13 dep gates: 2135
qbit 1: 31 qbit 2: 13 dep gates: 2014
qbit 12 dep gates: 2134
qbit 13 dep gates: 2136
qbit 31 dep gates: 2136
qbit 1: 31 qbit 2: 14 dep gates: 2139
qbit 1: 31 qbit 2: 14 dep gates: 2018
qbit 13 dep gates: 2138
qbit 14 dep gates: 2140
qbit 31 dep gates: 2140
qbit 1: 31 qbit 2: 15 dep gates: 2143
qbit 1: 31 qbit 2: 15 dep gates: 2022
qbit 14 dep gates: 2142
qbit 15 dep gates: 2144
qbit 31 dep gates: 2144
qbit 1: 31 qbit 2: 16 dep gates: 2147
qbit 1: 31 qbit 2: 16 dep gates: 2026
qbit 15 dep gates: 2146
qbit 16 dep gates: 2148
qbit 31 dep gates: 2148
qbit 1: 31 qbit 2: 17 dep gates: 2151
qbit 1: 31 qbit 2: 17 dep gates: 2030
qbit 16 dep gates: 2150
qbit 17 dep gates: 2152
qbit 31 dep gates: 2152
qbit 1: 31 qbit 2: 18 dep gates: 2155
qbit 1: 31 qbit 2: 18 dep gates: 2034
qbit 17 dep gates: 2154
qbit 18 dep gates: 2156
qbit 31 dep gates: 2156
qbit 1: 31 qbit 2: 19 dep gates: 2159
qbit 1: 31 qbit 2: 19 dep gates: 2038
qbit 18 dep gates: 2158
qbit 19 dep gates: 2160
qbit 31 dep gates: 2160
qbit 1: 31 qbit 2: 20 dep gates: 2163
qbit 1: 31 qbit 2: 20 dep gates: 2042
qbit 19 dep gates: 2162
qbit 20 dep gates: 2164
qbit 31 dep gates: 2164
qbit 1: 31 qbit 2: 21 dep gates: 2167
qbit 1: 31 qbit 2: 21 dep gates: 2046
qbit 20 dep gates: 2166
qbit 21 dep gates: 2168
qbit 31 dep gates: 2168
qbit 1: 31 qbit 2: 22 dep gates: 2171
qbit 1: 31 qbit 2: 22 dep gates: 2050
qbit 21 dep gates: 2170
qbit 22 dep gates: 2172
qbit 31 dep gates: 2172
qbit 1: 31 qbit 2: 23 dep gates: 2175
qbit 1: 31 qbit 2: 23 dep gates: 2054
qbit 22 dep gates: 2174
qbit 23 dep gates: 2176
qbit 31 dep gates: 2176
qbit 1: 31 qbit 2: 24 dep gates: 2179
qbit 1: 31 qbit 2: 24 dep gates: 2058
qbit 23 dep gates: 2178
qbit 24 dep gates: 2180
qbit 31 dep gates: 2180
qbit 1: 31 qbit 2: 25 dep gates: 2183
qbit 1: 31 qbit 2: 25 dep gates: 2062
qbit 24 dep gates: 2182
qbit 25 dep gates: 2184
qbit 31 dep gates: 2184
qbit 1: 31 qbit 2: 26 dep gates: 2187
qbit 1: 31 qbit 2: 26 dep gates: 2066
qbit 25 dep gates: 2186
qbit 26 dep gates: 2188
qbit 31 dep gates: 2188
qbit 1: 31 qbit 2: 27 dep gates: 2191
qbit 1: 31 qbit 2: 27 dep gates: 2070
qbit 26 dep gates: 2190
qbit 27 dep gates: 2192
qbit 31 dep gates: 2192
qbit 1: 31 qbit 2: 28 dep gates: 2195
qbit 1: 31 qbit 2: 28 dep gates: 2074
qbit 27 dep gates: 2194
qbit 28 dep gates: 2196
qbit 31 dep gates: 2196
qbit 1: 31 qbit 2: 29 dep gates: 2199
qbit 1: 31 qbit 2: 29 dep gates: 2080
qbit 28 dep gates: 2198
qbit 29 dep gates: 2200
qbit 31 dep gates: 2200
qbit 1: 31 qbit 2: 30 dep gates: 2203
qbit 1: 31 qbit 2: 30 dep gates: 2079
qbit 29 dep gates: 2202
qbit 30 dep gates: 2204
qbit 1: 31 qbit 2: 30 dep gates: 2204
qbit 1: 31 qbit 2: 30 dep gates: 2206
qbit 31 dep gates: 2207
qbit 31 dep gates: 2208
qbit 31 dep gates: 2209
qbit 30 dep gates: 2207
qbit 0 dep gates: 2085
qbit 1 dep gates: 2090
qbit 2 dep gates: 2097
qbit 3 dep gates: 2101
qbit 4 dep gates: 2105
qbit 5 dep gates: 2109
qbit 6 dep gates: 2113
qbit 7 dep gates: 2117
qbit 8 dep gates: 2121
qbit 9 dep gates: 2125
qbit 10 dep gates: 2129
qbit 11 dep gates: 2133
qbit 12 dep gates: 2137
qbit 13 dep gates: 2141
qbit 14 dep gates: 2145
qbit 15 dep gates: 2149
qbit 16 dep gates: 2153
qbit 17 dep gates: 2157
qbit 18 dep gates: 2161
qbit 19 dep gates: 2165
qbit 20 dep gates: 2169
qbit 21 dep gates: 2173
qbit 22 dep gates: 2177
qbit 23 dep gates: 2181
qbit 24 dep gates: 2185
qbit 25 dep gates: 2189
qbit 26 dep gates: 2193
qbit 27 dep gates: 2197
qbit 28 dep gates: 2201
qbit 29 dep gates: 2205
qbit 30 dep gates: 2211
qbit 31 dep gates: 2210
parse object map:
{4: [1, 0], 6: [1, 0], 12: [2, 0], 14: [2, 0], 17: [2, 1], 19: [2, 1], 25: [3, 0], 27: [3, 0], 30: [3, 1], 32: [3, 1], 35: [3, 2], 37: [3, 2], 43: [4, 0], 45: [4, 0], 48: [4, 1], 50: [4, 1], 53: [4, 2], 55: [4, 2], 58: [4, 3], 60: [4, 3], 66: [5, 0], 68: [5, 0], 71: [5, 1], 73: [5, 1], 76: [5, 2], 78: [5, 2], 81: [5, 3], 83: [5, 3], 86: [5, 4], 88: [5, 4], 94: [6, 0], 96: [6, 0], 99: [6, 1], 101: [6, 1], 104: [6, 2], 106: [6, 2], 109: [6, 3], 111: [6, 3], 114: [6, 4], 116: [6, 4], 119: [6, 5], 121: [6, 5], 127: [7, 0], 129: [7, 0], 132: [7, 1], 134: [7, 1], 137: [7, 2], 139: [7, 2], 142: [7, 3], 144: [7, 3], 147: [7, 4], 149: [7, 4], 152: [7, 5], 154: [7, 5], 157: [7, 6], 159: [7, 6], 165: [8, 0], 167: [8, 0], 170: [8, 1], 172: [8, 1], 175: [8, 2], 177: [8, 2], 180: [8, 3], 182: [8, 3], 185: [8, 4], 187: [8, 4], 190: [8, 5], 192: [8, 5], 195: [8, 6], 197: [8, 6], 200: [8, 7], 202: [8, 7], 208: [9, 0], 210: [9, 0], 213: [9, 1], 215: [9, 1], 218: [9, 2], 220: [9, 2], 223: [9, 3], 225: [9, 3], 228: [9, 4], 230: [9, 4], 233: [9, 5], 235: [9, 5], 238: [9, 6], 240: [9, 6], 243: [9, 7], 245: [9, 7], 248: [9, 8], 250: [9, 8], 256: [10, 0], 258: [10, 0], 261: [10, 1], 263: [10, 1], 266: [10, 2], 269: [10, 3], 273: [10, 4], 277: [10, 5], 281: [10, 6], 285: [10, 7], 289: [10, 8], 293: [10, 9], 296: [10, 9], 302: [11, 0], 304: [11, 0], 307: [11, 1], 309: [11, 1], 312: [11, 2], 314: [11, 2], 316: [11, 3], 320: [11, 4], 324: [11, 5], 328: [11, 6], 332: [11, 7], 336: [11, 8], 340: [11, 9], 344: [11, 10], 347: [11, 10], 353: [12, 0], 355: [12, 0], 358: [12, 1], 360: [12, 1], 363: [12, 2], 365: [12, 2], 367: [12, 3], 371: [12, 4], 375: [12, 5], 379: [12, 6], 383: [12, 7], 387: [12, 8], 391: [12, 9], 395: [12, 10], 399: [12, 11], 402: [12, 11], 408: [13, 0], 410: [13, 0], 413: [13, 1], 415: [13, 1], 418: [13, 2], 420: [13, 2], 422: [13, 3], 426: [13, 4], 430: [13, 5], 434: [13, 6], 438: [13, 7], 442: [13, 8], 446: [13, 9], 450: [13, 10], 454: [13, 11], 458: [13, 12], 461: [13, 12], 467: [14, 0], 469: [14, 0], 472: [14, 1], 474: [14, 1], 477: [14, 2], 479: [14, 2], 481: [14, 3], 485: [14, 4], 489: [14, 5], 493: [14, 6], 497: [14, 7], 501: [14, 8], 505: [14, 9], 509: [14, 10], 513: [14, 11], 517: [14, 12], 521: [14, 13], 524: [14, 13], 530: [15, 0], 532: [15, 0], 535: [15, 1], 537: [15, 1], 540: [15, 2], 542: [15, 2], 544: [15, 3], 548: [15, 4], 552: [15, 5], 556: [15, 6], 560: [15, 7], 564: [15, 8], 568: [15, 9], 572: [15, 10], 576: [15, 11], 580: [15, 12], 584: [15, 13], 588: [15, 14], 591: [15, 14], 597: [16, 0], 599: [16, 0], 602: [16, 1], 604: [16, 1], 607: [16, 2], 609: [16, 2], 611: [16, 3], 615: [16, 4], 619: [16, 5], 623: [16, 6], 627: [16, 7], 631: [16, 8], 635: [16, 9], 639: [16, 10], 643: [16, 11], 647: [16, 12], 651: [16, 13], 655: [16, 14], 659: [16, 15], 662: [16, 15], 668: [17, 0], 670: [17, 0], 673: [17, 1], 675: [17, 1], 678: [17, 2], 680: [17, 2], 682: [17, 3], 686: [17, 4], 690: [17, 5], 694: [17, 6], 698: [17, 7], 702: [17, 8], 706: [17, 9], 710: [17, 10], 714: [17, 11], 718: [17, 12], 722: [17, 13], 726: [17, 14], 730: [17, 15], 734: [17, 16], 737: [17, 16], 743: [18, 0], 745: [18, 0], 748: [18, 1], 750: [18, 1], 753: [18, 2], 755: [18, 2], 757: [18, 3], 761: [18, 4], 765: [18, 5], 769: [18, 6], 773: [18, 7], 777: [18, 8], 781: [18, 9], 785: [18, 10], 789: [18, 11], 793: [18, 12], 797: [18, 13], 801: [18, 14], 805: [18, 15], 809: [18, 16], 813: [18, 17], 816: [18, 17], 822: [19, 0], 824: [19, 0], 827: [19, 1], 829: [19, 1], 832: [19, 2], 834: [19, 2], 836: [19, 3], 840: [19, 4], 844: [19, 5], 848: [19, 6], 852: [19, 7], 856: [19, 8], 860: [19, 9], 864: [19, 10], 868: [19, 11], 872: [19, 12], 876: [19, 13], 880: [19, 14], 884: [19, 15], 888: [19, 16], 892: [19, 17], 896: [19, 18], 899: [19, 18], 905: [20, 0], 907: [20, 0], 910: [20, 1], 912: [20, 1], 915: [20, 2], 917: [20, 2], 919: [20, 3], 923: [20, 4], 927: [20, 5], 931: [20, 6], 935: [20, 7], 939: [20, 8], 943: [20, 9], 947: [20, 10], 951: [20, 11], 955: [20, 12], 959: [20, 13], 963: [20, 14], 967: [20, 15], 971: [20, 16], 975: [20, 17], 979: [20, 18], 983: [20, 19], 986: [20, 19], 992: [21, 0], 994: [21, 0], 997: [21, 1], 999: [21, 1], 1002: [21, 2], 1004: [21, 2], 1006: [21, 3], 1010: [21, 4], 1014: [21, 5], 1018: [21, 6], 1022: [21, 7], 1026: [21, 8], 1030: [21, 9], 1034: [21, 10], 1038: [21, 11], 1042: [21, 12], 1046: [21, 13], 1050: [21, 14], 1054: [21, 15], 1058: [21, 16], 1062: [21, 17], 1066: [21, 18], 1070: [21, 19], 1074: [21, 20], 1077: [21, 20], 1083: [22, 0], 1085: [22, 0], 1088: [22, 1], 1090: [22, 1], 1093: [22, 2], 1095: [22, 2], 1097: [22, 3], 1101: [22, 4], 1105: [22, 5], 1109: [22, 6], 1113: [22, 7], 1117: [22, 8], 1121: [22, 9], 1125: [22, 10], 1129: [22, 11], 1133: [22, 12], 1137: [22, 13], 1141: [22, 14], 1145: [22, 15], 1149: [22, 16], 1153: [22, 17], 1157: [22, 18], 1161: [22, 19], 1165: [22, 20], 1169: [22, 21], 1172: [22, 21], 1178: [23, 0], 1180: [23, 0], 1183: [23, 1], 1185: [23, 1], 1188: [23, 2], 1190: [23, 2], 1192: [23, 3], 1196: [23, 4], 1200: [23, 5], 1204: [23, 6], 1208: [23, 7], 1212: [23, 8], 1216: [23, 9], 1220: [23, 10], 1224: [23, 11], 1228: [23, 12], 1232: [23, 13], 1236: [23, 14], 1240: [23, 15], 1244: [23, 16], 1248: [23, 17], 1252: [23, 18], 1256: [23, 19], 1260: [23, 20], 1264: [23, 21], 1268: [23, 22], 1271: [23, 22], 1277: [24, 0], 1279: [24, 0], 1282: [24, 1], 1284: [24, 1], 1287: [24, 2], 1289: [24, 2], 1291: [24, 3], 1295: [24, 4], 1299: [24, 5], 1303: [24, 6], 1307: [24, 7], 1311: [24, 8], 1315: [24, 9], 1319: [24, 10], 1323: [24, 11], 1327: [24, 12], 1331: [24, 13], 1335: [24, 14], 1339: [24, 15], 1343: [24, 16], 1347: [24, 17], 1351: [24, 18], 1355: [24, 19], 1359: [24, 20], 1363: [24, 21], 1367: [24, 22], 1371: [24, 23], 1374: [24, 23], 1380: [25, 0], 1382: [25, 0], 1385: [25, 1], 1387: [25, 1], 1390: [25, 2], 1392: [25, 2], 1394: [25, 3], 1398: [25, 4], 1402: [25, 5], 1406: [25, 6], 1410: [25, 7], 1414: [25, 8], 1418: [25, 9], 1422: [25, 10], 1426: [25, 11], 1430: [25, 12], 1434: [25, 13], 1438: [25, 14], 1442: [25, 15], 1446: [25, 16], 1450: [25, 17], 1454: [25, 18], 1458: [25, 19], 1462: [25, 20], 1466: [25, 21], 1470: [25, 22], 1474: [25, 23], 1478: [25, 24], 1481: [25, 24], 1487: [26, 0], 1489: [26, 0], 1492: [26, 1], 1494: [26, 1], 1497: [26, 2], 1499: [26, 2], 1501: [26, 3], 1505: [26, 4], 1509: [26, 5], 1513: [26, 6], 1517: [26, 7], 1521: [26, 8], 1525: [26, 9], 1529: [26, 10], 1533: [26, 11], 1537: [26, 12], 1541: [26, 13], 1545: [26, 14], 1549: [26, 15], 1553: [26, 16], 1557: [26, 17], 1561: [26, 18], 1565: [26, 19], 1569: [26, 20], 1573: [26, 21], 1577: [26, 22], 1581: [26, 23], 1585: [26, 24], 1589: [26, 25], 1592: [26, 25], 1598: [27, 0], 1600: [27, 0], 1603: [27, 1], 1605: [27, 1], 1608: [27, 2], 1610: [27, 2], 1612: [27, 3], 1616: [27, 4], 1620: [27, 5], 1624: [27, 6], 1628: [27, 7], 1632: [27, 8], 1636: [27, 9], 1640: [27, 10], 1644: [27, 11], 1648: [27, 12], 1652: [27, 13], 1656: [27, 14], 1660: [27, 15], 1664: [27, 16], 1668: [27, 17], 1672: [27, 18], 1676: [27, 19], 1680: [27, 20], 1684: [27, 21], 1688: [27, 22], 1692: [27, 23], 1696: [27, 24], 1700: [27, 25], 1704: [27, 26], 1707: [27, 26], 1713: [28, 0], 1715: [28, 0], 1718: [28, 1], 1720: [28, 1], 1723: [28, 2], 1725: [28, 2], 1727: [28, 3], 1731: [28, 4], 1735: [28, 5], 1739: [28, 6], 1743: [28, 7], 1747: [28, 8], 1751: [28, 9], 1755: [28, 10], 1759: [28, 11], 1763: [28, 12], 1767: [28, 13], 1771: [28, 14], 1775: [28, 15], 1779: [28, 16], 1783: [28, 17], 1787: [28, 18], 1791: [28, 19], 1795: [28, 20], 1799: [28, 21], 1803: [28, 22], 1807: [28, 23], 1811: [28, 24], 1815: [28, 25], 1819: [28, 26], 1823: [28, 27], 1826: [28, 27], 1832: [29, 0], 1834: [29, 0], 1837: [29, 1], 1839: [29, 1], 1842: [29, 2], 1844: [29, 2], 1846: [29, 3], 1850: [29, 4], 1854: [29, 5], 1858: [29, 6], 1862: [29, 7], 1866: [29, 8], 1870: [29, 9], 1874: [29, 10], 1878: [29, 11], 1882: [29, 12], 1886: [29, 13], 1890: [29, 14], 1894: [29, 15], 1898: [29, 16], 1902: [29, 17], 1906: [29, 18], 1910: [29, 19], 1914: [29, 20], 1918: [29, 21], 1922: [29, 22], 1926: [29, 23], 1930: [29, 24], 1934: [29, 25], 1938: [29, 26], 1942: [29, 27], 1946: [29, 28], 1949: [29, 28], 1955: [30, 0], 1957: [30, 0], 1960: [30, 1], 1962: [30, 1], 1965: [30, 2], 1967: [30, 2], 1969: [30, 3], 1973: [30, 4], 1977: [30, 5], 1981: [30, 6], 1985: [30, 7], 1989: [30, 8], 1993: [30, 9], 1997: [30, 10], 2001: [30, 11], 2005: [30, 12], 2009: [30, 13], 2013: [30, 14], 2017: [30, 15], 2021: [30, 16], 2025: [30, 17], 2029: [30, 18], 2033: [30, 19], 2037: [30, 20], 2041: [30, 21], 2045: [30, 22], 2049: [30, 23], 2053: [30, 24], 2057: [30, 25], 2061: [30, 26], 2065: [30, 27], 2069: [30, 28], 2073: [30, 29], 2076: [30, 29], 2082: [31, 0], 2084: [31, 0], 2087: [31, 1], 2089: [31, 1], 2092: [31, 2], 2094: [31, 2], 2096: [31, 3], 2100: [31, 4], 2104: [31, 5], 2108: [31, 6], 2112: [31, 7], 2116: [31, 8], 2120: [31, 9], 2124: [31, 10], 2128: [31, 11], 2132: [31, 12], 2136: [31, 13], 2140: [31, 14], 2144: [31, 15], 2148: [31, 16], 2152: [31, 17], 2156: [31, 18], 2160: [31, 19], 2164: [31, 20], 2168: [31, 21], 2172: [31, 22], 2176: [31, 23], 2180: [31, 24], 2184: [31, 25], 2188: [31, 26], 2192: [31, 27], 2196: [31, 28], 2200: [31, 29], 2204: [31, 30], 2207: [31, 30]}
parse object graph:
DiGraph with 2244 nodes and 2840 edges
ˇú Using SABRE6 mapper (matches muss_schedule4 improved version)
SABRE (Overload+MaxFlow+Chain+Urgency): Starting optimization...
SABRE: Optimization Done. Best Cost (Overloaded): 60
SABRE: Legalizing using Min-Cost Max-Flow (distance + convex chain + urgency)...
init_qubit_layout:
{0: [0, 1, 2, 3, 4, 5, 6, 7, 8, 9, 10, 11], 1: [12, 13, 14, 15, 16, 17, 18, 19, 20, 21, 22, 23], 2: [24, 25, 26, 27, 28, 29, 30, 31], 3: []}
Using MUSS Scheduler (V4) with SABRE Mapping
 muss_schedule4.py new_vision
Program Finish Time: 29970 us
OPCOUNTS Gate: 628 Split: 56 Move: 94 Merge: 56

ˇľTwo-qubit gate chain length distribution statisticsˇż
  Number of gates : 628
  Mean chain length: 12.27
  Median          : 13.0
  Max chain length: 14
  90th percentile : 14.0
  Gates with length ˇÝ11: 544 (86.6%)
  Gates with length ˇÝ12: 461 (73.4%)
Fidelity: 6.0849768152313584e-12
Total System Heating (quanta): 2947

ˇľGate information on highest heating chains (top 10)ˇż
  1. trap= 0  avg_n_bar= 105.8  chain length=14  gate fidelity=8.9272e-01
  2. trap= 0  avg_n_bar= 105.8  chain length=14  gate fidelity=8.9272e-01
  3. trap= 0  avg_n_bar= 105.8  chain length=14  gate fidelity=8.9272e-01
  4. trap= 0  avg_n_bar= 105.8  chain length=14  gate fidelity=8.9272e-01
  5. trap= 0  avg_n_bar= 105.8  chain length=14  gate fidelity=8.9272e-01
  6. trap= 0  avg_n_bar= 105.8  chain length=14  gate fidelity=8.9272e-01
  7. trap= 0  avg_n_bar= 105.8  chain length=14  gate fidelity=8.9272e-01
  8. trap= 0  avg_n_bar= 105.8  chain length=14  gate fidelity=8.9272e-01
  9. trap= 0  avg_n_bar= 105.8  chain length=14  gate fidelity=8.9272e-01
  10. trap= 0  avg_n_bar= 105.8  chain length=14  gate fidelity=8.9272e-01
  Global max avg_n_bar: 105.8
SplitSWAP: 56
----------------
