Simulation
Program:           programs\qft32_swap.qasm
Machine:           G2x3
Model:             MUSS_Params
Ions/Region:       8
Mapper:            SABRE
Reorder:           Naive
SerialTrap:        1
SerialComm:        1
SerialAll:         1
GateType:          FM
SwapType:          PaperSwapDirect
Scheduler Family:  MUSS
Scheduler Version: V4
Analyzer Mode:     PAPER
Arch Scale:        SMALL
parse object map:
{2: [1, 0], 4: [1, 0], 8: [2, 0], 10: [2, 0], 13: [2, 1], 15: [2, 1], 19: [3, 0], 21: [3, 0], 24: [3, 1], 26: [3, 1], 29: [3, 2], 31: [3, 2], 35: [4, 0], 37: [4, 0], 40: [4, 1], 42: [4, 1], 45: [4, 2], 47: [4, 2], 50: [4, 3], 52: [4, 3], 56: [5, 0], 58: [5, 0], 61: [5, 1], 63: [5, 1], 66: [5, 2], 68: [5, 2], 71: [5, 3], 73: [5, 3], 76: [5, 4], 78: [5, 4], 82: [6, 0], 84: [6, 0], 87: [6, 1], 89: [6, 1], 92: [6, 2], 94: [6, 2], 97: [6, 3], 99: [6, 3], 102: [6, 4], 104: [6, 4], 107: [6, 5], 109: [6, 5], 113: [7, 0], 115: [7, 0], 118: [7, 1], 120: [7, 1], 123: [7, 2], 125: [7, 2], 128: [7, 3], 130: [7, 3], 133: [7, 4], 135: [7, 4], 138: [7, 5], 140: [7, 5], 143: [7, 6], 145: [7, 6], 149: [8, 0], 151: [8, 0], 154: [8, 1], 156: [8, 1], 159: [8, 2], 161: [8, 2], 164: [8, 3], 166: [8, 3], 169: [8, 4], 171: [8, 4], 174: [8, 5], 176: [8, 5], 179: [8, 6], 181: [8, 6], 184: [8, 7], 186: [8, 7], 190: [9, 0], 192: [9, 0], 195: [9, 1], 197: [9, 1], 200: [9, 2], 202: [9, 2], 205: [9, 3], 207: [9, 3], 210: [9, 4], 212: [9, 4], 215: [9, 5], 217: [9, 5], 220: [9, 6], 222: [9, 6], 225: [9, 7], 227: [9, 7], 230: [9, 8], 232: [9, 8], 236: [10, 0], 238: [10, 0], 241: [10, 1], 243: [10, 1], 246: [10, 2], 248: [10, 2], 251: [10, 3], 253: [10, 3], 256: [10, 4], 258: [10, 4], 261: [10, 5], 263: [10, 5], 266: [10, 6], 268: [10, 6], 271: [10, 7], 273: [10, 7], 276: [10, 8], 278: [10, 8], 281: [10, 9], 283: [10, 9], 287: [11, 0], 289: [11, 0], 292: [11, 1], 294: [11, 1], 297: [11, 2], 299: [11, 2], 302: [11, 3], 304: [11, 3], 307: [11, 4], 309: [11, 4], 312: [11, 5], 314: [11, 5], 317: [11, 6], 319: [11, 6], 322: [11, 7], 324: [11, 7], 327: [11, 8], 329: [11, 8], 332: [11, 9], 334: [11, 9], 337: [11, 10], 339: [11, 10], 343: [12, 0], 345: [12, 0], 348: [12, 1], 350: [12, 1], 353: [12, 2], 355: [12, 2], 358: [12, 3], 360: [12, 3], 363: [12, 4], 365: [12, 4], 368: [12, 5], 370: [12, 5], 373: [12, 6], 375: [12, 6], 378: [12, 7], 380: [12, 7], 383: [12, 8], 385: [12, 8], 388: [12, 9], 390: [12, 9], 393: [12, 10], 395: [12, 10], 398: [12, 11], 400: [12, 11], 404: [13, 0], 406: [13, 0], 409: [13, 1], 411: [13, 1], 414: [13, 2], 416: [13, 2], 419: [13, 3], 421: [13, 3], 424: [13, 4], 426: [13, 4], 429: [13, 5], 431: [13, 5], 434: [13, 6], 436: [13, 6], 439: [13, 7], 441: [13, 7], 444: [13, 8], 446: [13, 8], 449: [13, 9], 451: [13, 9], 454: [13, 10], 456: [13, 10], 459: [13, 11], 461: [13, 11], 464: [13, 12], 466: [13, 12], 470: [14, 0], 472: [14, 0], 475: [14, 1], 477: [14, 1], 480: [14, 2], 482: [14, 2], 485: [14, 3], 487: [14, 3], 490: [14, 4], 492: [14, 4], 495: [14, 5], 497: [14, 5], 500: [14, 6], 502: [14, 6], 505: [14, 7], 507: [14, 7], 510: [14, 8], 512: [14, 8], 515: [14, 9], 517: [14, 9], 520: [14, 10], 522: [14, 10], 525: [14, 11], 527: [14, 11], 530: [14, 12], 532: [14, 12], 535: [14, 13], 537: [14, 13], 541: [15, 0], 543: [15, 0], 546: [15, 1], 548: [15, 1], 551: [15, 2], 553: [15, 2], 556: [15, 3], 558: [15, 3], 561: [15, 4], 563: [15, 4], 566: [15, 5], 568: [15, 5], 571: [15, 6], 573: [15, 6], 576: [15, 7], 578: [15, 7], 581: [15, 8], 583: [15, 8], 586: [15, 9], 588: [15, 9], 591: [15, 10], 593: [15, 10], 596: [15, 11], 598: [15, 11], 601: [15, 12], 603: [15, 12], 606: [15, 13], 608: [15, 13], 611: [15, 14], 613: [15, 14], 617: [16, 0], 619: [16, 0], 622: [16, 1], 624: [16, 1], 627: [16, 2], 629: [16, 2], 632: [16, 3], 634: [16, 3], 637: [16, 4], 639: [16, 4], 642: [16, 5], 644: [16, 5], 647: [16, 6], 649: [16, 6], 652: [16, 7], 654: [16, 7], 657: [16, 8], 659: [16, 8], 662: [16, 9], 664: [16, 9], 667: [16, 10], 669: [16, 10], 672: [16, 11], 674: [16, 11], 677: [16, 12], 679: [16, 12], 682: [16, 13], 684: [16, 13], 687: [16, 14], 689: [16, 14], 692: [16, 15], 694: [16, 15], 698: [17, 0], 700: [17, 0], 703: [17, 1], 705: [17, 1], 708: [17, 2], 710: [17, 2], 713: [17, 3], 715: [17, 3], 718: [17, 4], 720: [17, 4], 723: [17, 5], 725: [17, 5], 728: [17, 6], 730: [17, 6], 733: [17, 7], 735: [17, 7], 738: [17, 8], 740: [17, 8], 743: [17, 9], 745: [17, 9], 748: [17, 10], 750: [17, 10], 753: [17, 11], 755: [17, 11], 758: [17, 12], 760: [17, 12], 763: [17, 13], 765: [17, 13], 768: [17, 14], 770: [17, 14], 773: [17, 15], 775: [17, 15], 778: [17, 16], 780: [17, 16], 784: [18, 0], 786: [18, 0], 789: [18, 1], 791: [18, 1], 794: [18, 2], 796: [18, 2], 799: [18, 3], 801: [18, 3], 804: [18, 4], 806: [18, 4], 809: [18, 5], 811: [18, 5], 814: [18, 6], 816: [18, 6], 819: [18, 7], 821: [18, 7], 824: [18, 8], 826: [18, 8], 829: [18, 9], 831: [18, 9], 834: [18, 10], 836: [18, 10], 839: [18, 11], 841: [18, 11], 844: [18, 12], 846: [18, 12], 849: [18, 13], 851: [18, 13], 854: [18, 14], 856: [18, 14], 859: [18, 15], 861: [18, 15], 864: [18, 16], 866: [18, 16], 869: [18, 17], 871: [18, 17], 875: [19, 0], 877: [19, 0], 880: [19, 1], 882: [19, 1], 885: [19, 2], 887: [19, 2], 890: [19, 3], 892: [19, 3], 895: [19, 4], 897: [19, 4], 900: [19, 5], 902: [19, 5], 905: [19, 6], 907: [19, 6], 910: [19, 7], 912: [19, 7], 915: [19, 8], 917: [19, 8], 920: [19, 9], 922: [19, 9], 925: [19, 10], 927: [19, 10], 930: [19, 11], 932: [19, 11], 935: [19, 12], 937: [19, 12], 940: [19, 13], 942: [19, 13], 945: [19, 14], 947: [19, 14], 950: [19, 15], 952: [19, 15], 955: [19, 16], 957: [19, 16], 960: [19, 17], 962: [19, 17], 965: [19, 18], 967: [19, 18], 971: [20, 0], 973: [20, 0], 976: [20, 1], 978: [20, 1], 981: [20, 2], 983: [20, 2], 986: [20, 3], 988: [20, 3], 991: [20, 4], 993: [20, 4], 996: [20, 5], 998: [20, 5], 1001: [20, 6], 1003: [20, 6], 1006: [20, 7], 1008: [20, 7], 1011: [20, 8], 1013: [20, 8], 1016: [20, 9], 1018: [20, 9], 1021: [20, 10], 1023: [20, 10], 1026: [20, 11], 1028: [20, 11], 1031: [20, 12], 1033: [20, 12], 1036: [20, 13], 1038: [20, 13], 1041: [20, 14], 1043: [20, 14], 1046: [20, 15], 1048: [20, 15], 1051: [20, 16], 1053: [20, 16], 1056: [20, 17], 1058: [20, 17], 1061: [20, 18], 1063: [20, 18], 1066: [20, 19], 1068: [20, 19], 1072: [21, 0], 1074: [21, 0], 1077: [21, 1], 1079: [21, 1], 1082: [21, 2], 1084: [21, 2], 1087: [21, 3], 1089: [21, 3], 1092: [21, 4], 1094: [21, 4], 1097: [21, 5], 1099: [21, 5], 1102: [21, 6], 1104: [21, 6], 1107: [21, 7], 1109: [21, 7], 1112: [21, 8], 1114: [21, 8], 1117: [21, 9], 1119: [21, 9], 1122: [21, 10], 1124: [21, 10], 1127: [21, 11], 1129: [21, 11], 1132: [21, 12], 1134: [21, 12], 1137: [21, 13], 1139: [21, 13], 1142: [21, 14], 1144: [21, 14], 1147: [21, 15], 1149: [21, 15], 1152: [21, 16], 1154: [21, 16], 1157: [21, 17], 1159: [21, 17], 1162: [21, 18], 1164: [21, 18], 1167: [21, 19], 1169: [21, 19], 1172: [21, 20], 1174: [21, 20], 1178: [22, 0], 1180: [22, 0], 1183: [22, 1], 1185: [22, 1], 1188: [22, 2], 1190: [22, 2], 1193: [22, 3], 1195: [22, 3], 1198: [22, 4], 1200: [22, 4], 1203: [22, 5], 1205: [22, 5], 1208: [22, 6], 1210: [22, 6], 1213: [22, 7], 1215: [22, 7], 1218: [22, 8], 1220: [22, 8], 1223: [22, 9], 1225: [22, 9], 1228: [22, 10], 1230: [22, 10], 1233: [22, 11], 1235: [22, 11], 1238: [22, 12], 1240: [22, 12], 1243: [22, 13], 1245: [22, 13], 1248: [22, 14], 1250: [22, 14], 1253: [22, 15], 1255: [22, 15], 1258: [22, 16], 1260: [22, 16], 1263: [22, 17], 1265: [22, 17], 1268: [22, 18], 1270: [22, 18], 1273: [22, 19], 1275: [22, 19], 1278: [22, 20], 1280: [22, 20], 1283: [22, 21], 1285: [22, 21], 1289: [23, 0], 1291: [23, 0], 1294: [23, 1], 1296: [23, 1], 1299: [23, 2], 1301: [23, 2], 1304: [23, 3], 1306: [23, 3], 1309: [23, 4], 1311: [23, 4], 1314: [23, 5], 1316: [23, 5], 1319: [23, 6], 1321: [23, 6], 1324: [23, 7], 1326: [23, 7], 1329: [23, 8], 1331: [23, 8], 1334: [23, 9], 1336: [23, 9], 1339: [23, 10], 1341: [23, 10], 1344: [23, 11], 1346: [23, 11], 1349: [23, 12], 1351: [23, 12], 1354: [23, 13], 1356: [23, 13], 1359: [23, 14], 1361: [23, 14], 1364: [23, 15], 1366: [23, 15], 1369: [23, 16], 1371: [23, 16], 1374: [23, 17], 1376: [23, 17], 1379: [23, 18], 1381: [23, 18], 1384: [23, 19], 1386: [23, 19], 1389: [23, 20], 1391: [23, 20], 1394: [23, 21], 1396: [23, 21], 1399: [23, 22], 1401: [23, 22], 1405: [24, 0], 1407: [24, 0], 1410: [24, 1], 1412: [24, 1], 1415: [24, 2], 1417: [24, 2], 1420: [24, 3], 1422: [24, 3], 1425: [24, 4], 1427: [24, 4], 1430: [24, 5], 1432: [24, 5], 1435: [24, 6], 1437: [24, 6], 1440: [24, 7], 1442: [24, 7], 1445: [24, 8], 1447: [24, 8], 1450: [24, 9], 1452: [24, 9], 1455: [24, 10], 1457: [24, 10], 1460: [24, 11], 1462: [24, 11], 1465: [24, 12], 1467: [24, 12], 1470: [24, 13], 1472: [24, 13], 1475: [24, 14], 1477: [24, 14], 1480: [24, 15], 1482: [24, 15], 1485: [24, 16], 1487: [24, 16], 1490: [24, 17], 1492: [24, 17], 1495: [24, 18], 1497: [24, 18], 1500: [24, 19], 1502: [24, 19], 1505: [24, 20], 1507: [24, 20], 1510: [24, 21], 1512: [24, 21], 1515: [24, 22], 1517: [24, 22], 1520: [24, 23], 1522: [24, 23], 1526: [25, 0], 1528: [25, 0], 1531: [25, 1], 1533: [25, 1], 1536: [25, 2], 1538: [25, 2], 1541: [25, 3], 1543: [25, 3], 1546: [25, 4], 1548: [25, 4], 1551: [25, 5], 1553: [25, 5], 1556: [25, 6], 1558: [25, 6], 1561: [25, 7], 1563: [25, 7], 1566: [25, 8], 1568: [25, 8], 1571: [25, 9], 1573: [25, 9], 1576: [25, 10], 1578: [25, 10], 1581: [25, 11], 1583: [25, 11], 1586: [25, 12], 1588: [25, 12], 1591: [25, 13], 1593: [25, 13], 1596: [25, 14], 1598: [25, 14], 1601: [25, 15], 1603: [25, 15], 1606: [25, 16], 1608: [25, 16], 1611: [25, 17], 1613: [25, 17], 1616: [25, 18], 1618: [25, 18], 1621: [25, 19], 1623: [25, 19], 1626: [25, 20], 1628: [25, 20], 1631: [25, 21], 1633: [25, 21], 1636: [25, 22], 1638: [25, 22], 1641: [25, 23], 1643: [25, 23], 1646: [25, 24], 1648: [25, 24], 1652: [26, 0], 1654: [26, 0], 1657: [26, 1], 1659: [26, 1], 1662: [26, 2], 1664: [26, 2], 1667: [26, 3], 1669: [26, 3], 1672: [26, 4], 1674: [26, 4], 1677: [26, 5], 1679: [26, 5], 1682: [26, 6], 1684: [26, 6], 1687: [26, 7], 1689: [26, 7], 1692: [26, 8], 1694: [26, 8], 1697: [26, 9], 1699: [26, 9], 1702: [26, 10], 1704: [26, 10], 1707: [26, 11], 1709: [26, 11], 1712: [26, 12], 1714: [26, 12], 1717: [26, 13], 1719: [26, 13], 1722: [26, 14], 1724: [26, 14], 1727: [26, 15], 1729: [26, 15], 1732: [26, 16], 1734: [26, 16], 1737: [26, 17], 1739: [26, 17], 1742: [26, 18], 1744: [26, 18], 1747: [26, 19], 1749: [26, 19], 1752: [26, 20], 1754: [26, 20], 1757: [26, 21], 1759: [26, 21], 1762: [26, 22], 1764: [26, 22], 1767: [26, 23], 1769: [26, 23], 1772: [26, 24], 1774: [26, 24], 1777: [26, 25], 1779: [26, 25], 1783: [27, 0], 1785: [27, 0], 1788: [27, 1], 1790: [27, 1], 1793: [27, 2], 1795: [27, 2], 1798: [27, 3], 1800: [27, 3], 1803: [27, 4], 1805: [27, 4], 1808: [27, 5], 1810: [27, 5], 1813: [27, 6], 1815: [27, 6], 1818: [27, 7], 1820: [27, 7], 1823: [27, 8], 1825: [27, 8], 1828: [27, 9], 1830: [27, 9], 1833: [27, 10], 1835: [27, 10], 1838: [27, 11], 1840: [27, 11], 1843: [27, 12], 1845: [27, 12], 1848: [27, 13], 1850: [27, 13], 1853: [27, 14], 1855: [27, 14], 1858: [27, 15], 1860: [27, 15], 1863: [27, 16], 1865: [27, 16], 1868: [27, 17], 1870: [27, 17], 1873: [27, 18], 1875: [27, 18], 1878: [27, 19], 1880: [27, 19], 1883: [27, 20], 1885: [27, 20], 1888: [27, 21], 1890: [27, 21], 1893: [27, 22], 1895: [27, 22], 1898: [27, 23], 1900: [27, 23], 1903: [27, 24], 1905: [27, 24], 1908: [27, 25], 1910: [27, 25], 1913: [27, 26], 1915: [27, 26], 1919: [28, 0], 1921: [28, 0], 1924: [28, 1], 1926: [28, 1], 1929: [28, 2], 1931: [28, 2], 1934: [28, 3], 1936: [28, 3], 1939: [28, 4], 1941: [28, 4], 1944: [28, 5], 1946: [28, 5], 1949: [28, 6], 1951: [28, 6], 1954: [28, 7], 1956: [28, 7], 1959: [28, 8], 1961: [28, 8], 1964: [28, 9], 1966: [28, 9], 1969: [28, 10], 1971: [28, 10], 1974: [28, 11], 1976: [28, 11], 1979: [28, 12], 1981: [28, 12], 1984: [28, 13], 1986: [28, 13], 1989: [28, 14], 1991: [28, 14], 1994: [28, 15], 1996: [28, 15], 1999: [28, 16], 2001: [28, 16], 2004: [28, 17], 2006: [28, 17], 2009: [28, 18], 2011: [28, 18], 2014: [28, 19], 2016: [28, 19], 2019: [28, 20], 2021: [28, 20], 2024: [28, 21], 2026: [28, 21], 2029: [28, 22], 2031: [28, 22], 2034: [28, 23], 2036: [28, 23], 2039: [28, 24], 2041: [28, 24], 2044: [28, 25], 2046: [28, 25], 2049: [28, 26], 2051: [28, 26], 2054: [28, 27], 2056: [28, 27], 2060: [29, 0], 2062: [29, 0], 2065: [29, 1], 2067: [29, 1], 2070: [29, 2], 2072: [29, 2], 2075: [29, 3], 2077: [29, 3], 2080: [29, 4], 2082: [29, 4], 2085: [29, 5], 2087: [29, 5], 2090: [29, 6], 2092: [29, 6], 2095: [29, 7], 2097: [29, 7], 2100: [29, 8], 2102: [29, 8], 2105: [29, 9], 2107: [29, 9], 2110: [29, 10], 2112: [29, 10], 2115: [29, 11], 2117: [29, 11], 2120: [29, 12], 2122: [29, 12], 2125: [29, 13], 2127: [29, 13], 2130: [29, 14], 2132: [29, 14], 2135: [29, 15], 2137: [29, 15], 2140: [29, 16], 2142: [29, 16], 2145: [29, 17], 2147: [29, 17], 2150: [29, 18], 2152: [29, 18], 2155: [29, 19], 2157: [29, 19], 2160: [29, 20], 2162: [29, 20], 2165: [29, 21], 2167: [29, 21], 2170: [29, 22], 2172: [29, 22], 2175: [29, 23], 2177: [29, 23], 2180: [29, 24], 2182: [29, 24], 2185: [29, 25], 2187: [29, 25], 2190: [29, 26], 2192: [29, 26], 2195: [29, 27], 2197: [29, 27], 2200: [29, 28], 2202: [29, 28], 2206: [30, 0], 2208: [30, 0], 2211: [30, 1], 2213: [30, 1], 2216: [30, 2], 2218: [30, 2], 2221: [30, 3], 2223: [30, 3], 2226: [30, 4], 2228: [30, 4], 2231: [30, 5], 2233: [30, 5], 2236: [30, 6], 2238: [30, 6], 2241: [30, 7], 2243: [30, 7], 2246: [30, 8], 2248: [30, 8], 2251: [30, 9], 2253: [30, 9], 2256: [30, 10], 2258: [30, 10], 2261: [30, 11], 2263: [30, 11], 2266: [30, 12], 2268: [30, 12], 2271: [30, 13], 2273: [30, 13], 2276: [30, 14], 2278: [30, 14], 2281: [30, 15], 2283: [30, 15], 2286: [30, 16], 2288: [30, 16], 2291: [30, 17], 2293: [30, 17], 2296: [30, 18], 2298: [30, 18], 2301: [30, 19], 2303: [30, 19], 2306: [30, 20], 2308: [30, 20], 2311: [30, 21], 2313: [30, 21], 2316: [30, 22], 2318: [30, 22], 2321: [30, 23], 2323: [30, 23], 2326: [30, 24], 2328: [30, 24], 2331: [30, 25], 2333: [30, 25], 2336: [30, 26], 2338: [30, 26], 2341: [30, 27], 2343: [30, 27], 2346: [30, 28], 2348: [30, 28], 2351: [30, 29], 2353: [30, 29], 2357: [31, 0], 2359: [31, 0], 2362: [31, 1], 2364: [31, 1], 2367: [31, 2], 2369: [31, 2], 2372: [31, 3], 2374: [31, 3], 2377: [31, 4], 2379: [31, 4], 2382: [31, 5], 2384: [31, 5], 2387: [31, 6], 2389: [31, 6], 2392: [31, 7], 2394: [31, 7], 2397: [31, 8], 2399: [31, 8], 2402: [31, 9], 2404: [31, 9], 2407: [31, 10], 2409: [31, 10], 2412: [31, 11], 2414: [31, 11], 2417: [31, 12], 2419: [31, 12], 2422: [31, 13], 2424: [31, 13], 2427: [31, 14], 2429: [31, 14], 2432: [31, 15], 2434: [31, 15], 2437: [31, 16], 2439: [31, 16], 2442: [31, 17], 2444: [31, 17], 2447: [31, 18], 2449: [31, 18], 2452: [31, 19], 2454: [31, 19], 2457: [31, 20], 2459: [31, 20], 2462: [31, 21], 2464: [31, 21], 2467: [31, 22], 2469: [31, 22], 2472: [31, 23], 2474: [31, 23], 2477: [31, 24], 2479: [31, 24], 2482: [31, 25], 2484: [31, 25], 2487: [31, 26], 2489: [31, 26], 2492: [31, 27], 2494: [31, 27], 2497: [31, 28], 2499: [31, 28], 2502: [31, 29], 2504: [31, 29], 2507: [31, 30], 2509: [31, 30], 2512: [0, 31], 2513: [31, 0], 2514: [0, 31], 2515: [1, 30], 2516: [30, 1], 2517: [1, 30], 2518: [2, 29], 2519: [29, 2], 2520: [2, 29], 2521: [3, 28], 2522: [28, 3], 2523: [3, 28], 2524: [4, 27], 2525: [27, 4], 2526: [4, 27], 2527: [5, 26], 2528: [26, 5], 2529: [5, 26], 2530: [6, 25], 2531: [25, 6], 2532: [6, 25], 2533: [7, 24], 2534: [24, 7], 2535: [7, 24], 2536: [8, 23], 2537: [23, 8], 2538: [8, 23], 2539: [9, 22], 2540: [22, 9], 2541: [9, 22], 2542: [10, 21], 2543: [21, 10], 2544: [10, 21], 2545: [11, 20], 2546: [20, 11], 2547: [11, 20], 2548: [12, 19], 2549: [19, 12], 2550: [12, 19], 2551: [13, 18], 2552: [18, 13], 2553: [13, 18], 2554: [14, 17], 2555: [17, 14], 2556: [14, 17], 2557: [15, 16], 2558: [16, 15], 2559: [15, 16]}
parse object graph:
DiGraph with 2592 nodes and 3568 edges
ˇú Using SABRE6 mapper (matches muss_schedule4 improved version)
SABRE (Overload+MaxFlow+Chain+Urgency): Starting optimization...
SABRE: Optimization Done. Best Cost (Overloaded): 116
SABRE: Legalizing using Min-Cost Max-Flow (distance + convex chain + urgency)...
init_qubit_layout:
{0: [0, 1, 2, 3, 4, 5, 6, 7], 1: [8, 9, 10, 11, 12, 13, 14, 15], 2: [16, 17, 18, 19, 20, 21, 22, 23], 3: [24, 25, 26, 27, 28, 29, 30, 31], 4: [], 5: []}
Using MUSS Scheduler (V4) with SABRE Mapping
ˇú muss_schedule4.py new_vision
Analyzer shuttle mode: aggregate (detected shuttle_id annotations)
Analyzer mode: paper
Program Finish Time: 49906 us
OPCOUNTS Gate: 2592 Split: 171 Move: 339 Merge: 171

Two-qubit gate chain statistics
Mean: 7.551923076923077 Max: 8.0
Fidelity: 9.476845186614364e-65

Shuttle count summary
  logical_shuttle_count      = 171   # High-level shuttle count aggregated by shuttle_id (same as old total_shuttle semantics)
  physical_shuttle_leg_count = 171   # Most faithful to the paper: each complete trap-to-trap split+move+merge segment counts as 1 shuttle
  split_count                = 171   # Number of low-level split operations
  merge_count                = 171   # Number of low-level merge operations
  move_count                 = 339   # Number of low-level move operations
[DBG SUMMARY] gates=2592  gate_mult=2.25097e-64  avg_gate_nbar=72.2884
[DBG SUMMARY] logical_shuttles=171  shuttle_mult=0.421011  min_shuttle=0.9935
[DBG SUMMARY] worst_B: Trap 4 -> 0.903301 (heat_state=101.700000, alpha_bg=0.001, move_bg_fraction=0.0, model=exp)

========== ANALYSIS RESULT ==========
{'fidelity': 9.476845186614364e-65, 'total_shuttle': 171, 'logical_shuttle_count': 171, 'physical_shuttle_leg_count': 171, 'split_count': 171, 'merge_count': 171, 'move_count': 339, 'time': 49906}

========== SHUTTLE TRACE ==========
[SHUTTLE 0] ion=4  T0 -> T4  route=T0->J0->J1->T4
    - SPLIT  (600 -> 720)  ion 4: T0 -> Seg0 (swap_cnt=1, swap_hops=3, ion_hops=0, i1=4, i2=7)
    - MOVE   (720 -> 734)  ion 4: Seg0 -> Seg6 via J0
    - MOVE   (734 -> 748)  ion 4: Seg6 -> Seg4 via J1
    - MERGE  (748 -> 828)  ion 4: Seg4 -> T4
[SHUTTLE 1] ion=15  T1 -> T4  route=T1->J1->T4
    - SPLIT  (828 -> 908)  ion 15: T1 -> Seg1 (swap_cnt=0, swap_hops=0, ion_hops=0, i1=0, i2=0)
    - MOVE   (908 -> 922)  ion 15: Seg1 -> Seg4 via J1
    - MERGE  (922 -> 1002)  ion 15: Seg4 -> T4
[SHUTTLE 2] ion=23  T2 -> T4  route=T2->J2->J1->T4
    - SPLIT  (1002 -> 1082)  ion 23: T2 -> Seg2 (swap_cnt=0, swap_hops=0, ion_hops=0, i1=0, i2=0)
    - MOVE   (1082 -> 1096)  ion 23: Seg2 -> Seg7 via J2
    - MOVE   (1096 -> 1110)  ion 23: Seg7 -> Seg4 via J1
    - MERGE  (1110 -> 1190)  ion 23: Seg4 -> T4
[SHUTTLE 3] ion=31  T3 -> T4  route=T3->J0->J1->T4
    - SPLIT  (1190 -> 1310)  ion 31: T3 -> Seg3 (swap_cnt=1, swap_hops=7, ion_hops=0, i1=31, i2=24)
    - MOVE   (1310 -> 1324)  ion 31: Seg3 -> Seg6 via J0
    - MOVE   (1324 -> 1338)  ion 31: Seg6 -> Seg4 via J1
    - MERGE  (1338 -> 1418)  ion 31: Seg4 -> T4
[SHUTTLE 4] ion=0  T0 -> T1  route=T0->J0->J1->T1
    - SPLIT  (1418 -> 1538)  ion 0: T0 -> Seg0 (swap_cnt=1, swap_hops=6, ion_hops=0, i1=0, i2=7)
    - MOVE   (1538 -> 1552)  ion 0: Seg0 -> Seg6 via J0
    - MOVE   (1552 -> 1566)  ion 0: Seg6 -> Seg1 via J1
    - MERGE  (1566 -> 1646)  ion 0: Seg1 -> T1
[SHUTTLE 5] ion=8  T1 -> T0  route=T1->J1->J0->T0
    - SPLIT  (1766 -> 1886)  ion 8: T1 -> Seg1 (swap_cnt=1, swap_hops=7, ion_hops=0, i1=8, i2=0)
    - MOVE   (1886 -> 1900)  ion 8: Seg1 -> Seg6 via J1
    - MOVE   (1900 -> 1914)  ion 8: Seg6 -> Seg0 via J0
    - MERGE  (1914 -> 1994)  ion 8: Seg0 -> T0
[SHUTTLE 6] ion=4  T4 -> T0  route=T4->J1->J0->T0
    - SPLIT  (2034 -> 2154)  ion 4: T4 -> Seg4 (swap_cnt=1, swap_hops=3, ion_hops=0, i1=4, i2=31)
    - MOVE   (2154 -> 2168)  ion 4: Seg4 -> Seg6 via J1
    - MOVE   (2168 -> 2182)  ion 4: Seg6 -> Seg0 via J0
    - MERGE  (2182 -> 2262)  ion 4: Seg0 -> T0
[SHUTTLE 7] ion=1  T0 -> T1  route=T0->J0->J1->T1
    - SPLIT  (2382 -> 2502)  ion 1: T0 -> Seg0 (swap_cnt=1, swap_hops=7, ion_hops=0, i1=1, i2=4)
    - MOVE   (2502 -> 2516)  ion 1: Seg0 -> Seg6 via J0
    - MOVE   (2516 -> 2530)  ion 1: Seg6 -> Seg1 via J1
    - MERGE  (2530 -> 2610)  ion 1: Seg1 -> T1
[SHUTTLE 8] ion=9  T1 -> T0  route=T1->J1->J0->T0
    - SPLIT  (2730 -> 2850)  ion 9: T1 -> Seg1 (swap_cnt=1, swap_hops=7, ion_hops=0, i1=9, i2=1)
    - MOVE   (2850 -> 2864)  ion 9: Seg1 -> Seg6 via J1
    - MOVE   (2864 -> 2878)  ion 9: Seg6 -> Seg0 via J0
    - MERGE  (2878 -> 2958)  ion 9: Seg0 -> T0
[SHUTTLE 9] ion=2  T0 -> T1  route=T0->J0->J1->T1
    - SPLIT  (3078 -> 3198)  ion 2: T0 -> Seg0 (swap_cnt=1, swap_hops=7, ion_hops=0, i1=2, i2=9)
    - MOVE   (3198 -> 3212)  ion 2: Seg0 -> Seg6 via J0
    - MOVE   (3212 -> 3226)  ion 2: Seg6 -> Seg1 via J1
    - MERGE  (3226 -> 3306)  ion 2: Seg1 -> T1
[SHUTTLE 10] ion=10  T1 -> T0  route=T1->J1->J0->T0
    - SPLIT  (3426 -> 3546)  ion 10: T1 -> Seg1 (swap_cnt=1, swap_hops=7, ion_hops=0, i1=10, i2=2)
    - MOVE   (3546 -> 3560)  ion 10: Seg1 -> Seg6 via J1
    - MOVE   (3560 -> 3574)  ion 10: Seg6 -> Seg0 via J0
    - MERGE  (3574 -> 3654)  ion 10: Seg0 -> T0
[SHUTTLE 11] ion=3  T0 -> T1  route=T0->J0->J1->T1
    - SPLIT  (3774 -> 3894)  ion 3: T0 -> Seg0 (swap_cnt=1, swap_hops=7, ion_hops=0, i1=3, i2=10)
    - MOVE   (3894 -> 3908)  ion 3: Seg0 -> Seg6 via J0
    - MOVE   (3908 -> 3922)  ion 3: Seg6 -> Seg1 via J1
    - MERGE  (3922 -> 4002)  ion 3: Seg1 -> T1
[SHUTTLE 12] ion=0  T1 -> T4  route=T1->J1->T4
    - SPLIT  (4122 -> 4242)  ion 0: T1 -> Seg1 (swap_cnt=1, swap_hops=3, ion_hops=0, i1=0, i2=3)
    - MOVE   (4242 -> 4256)  ion 0: Seg1 -> Seg4 via J1
    - MERGE  (4256 -> 4336)  ion 0: Seg4 -> T4
[SHUTTLE 13] ion=11  T1 -> T0  route=T1->J1->J0->T0
    - SPLIT  (4376 -> 4496)  ion 11: T1 -> Seg1 (swap_cnt=1, swap_hops=6, ion_hops=0, i1=11, i2=3)
    - MOVE   (4496 -> 4510)  ion 11: Seg1 -> Seg6 via J1
    - MOVE   (4510 -> 4524)  ion 11: Seg6 -> Seg0 via J0
    - MERGE  (4524 -> 4604)  ion 11: Seg0 -> T0
[SHUTTLE 14] ion=0  T4 -> T2  route=T4->J1->J2->T2
    - SPLIT  (4724 -> 4804)  ion 0: T4 -> Seg4 (swap_cnt=0, swap_hops=0, ion_hops=0, i1=0, i2=0)
    - MOVE   (4804 -> 4818)  ion 0: Seg4 -> Seg7 via J1
    - MOVE   (4818 -> 4832)  ion 0: Seg7 -> Seg2 via J2
    - MERGE  (4832 -> 4912)  ion 0: Seg2 -> T2
[SHUTTLE 15] ion=15  T4 -> T1  route=T4->J1->T1
    - SPLIT  (4952 -> 5072)  ion 15: T4 -> Seg4 (swap_cnt=1, swap_hops=2, ion_hops=0, i1=15, i2=31)
    - MOVE   (5072 -> 5086)  ion 15: Seg4 -> Seg1 via J1
    - MERGE  (5086 -> 5166)  ion 15: Seg1 -> T1
[SHUTTLE 16] ion=4  T0 -> T1  route=T0->J0->J1->T1
    - SPLIT  (5206 -> 5326)  ion 4: T0 -> Seg0 (swap_cnt=1, swap_hops=3, ion_hops=0, i1=4, i2=11)
    - MOVE   (5326 -> 5340)  ion 4: Seg0 -> Seg6 via J0
    - MOVE   (5340 -> 5354)  ion 4: Seg6 -> Seg1 via J1
    - MERGE  (5354 -> 5434)  ion 4: Seg1 -> T1
[SHUTTLE 17] ion=13  T1 -> T4  route=T1->J1->T4
    - SPLIT  (5554 -> 5674)  ion 13: T1 -> Seg1 (swap_cnt=1, swap_hops=6, ion_hops=0, i1=13, i2=4)
    - MOVE   (5674 -> 5688)  ion 13: Seg1 -> Seg4 via J1
    - MERGE  (5688 -> 5768)  ion 13: Seg4 -> T4
[SHUTTLE 18] ion=22  T2 -> T4  route=T2->J2->J1->T4
    - SPLIT  (5768 -> 5888)  ion 22: T2 -> Seg2 (swap_cnt=1, swap_hops=1, ion_hops=0, i1=22, i2=0)
    - MOVE   (5888 -> 5902)  ion 22: Seg2 -> Seg7 via J2
    - MOVE   (5902 -> 5916)  ion 22: Seg7 -> Seg4 via J1
    - MERGE  (5916 -> 5996)  ion 22: Seg4 -> T4
[SHUTTLE 19] ion=1  T1 -> T2  route=T1->J1->J2->T2
    - SPLIT  (5996 -> 6116)  ion 1: T1 -> Seg1 (swap_cnt=1, swap_hops=4, ion_hops=0, i1=1, i2=4)
    - MOVE   (6116 -> 6130)  ion 1: Seg1 -> Seg7 via J1
    - MOVE   (6130 -> 6144)  ion 1: Seg7 -> Seg2 via J2
    - MERGE  (6144 -> 6224)  ion 1: Seg2 -> T2
[SHUTTLE 20] ion=12  T1 -> T0  route=T1->J1->J0->T0
    - SPLIT  (6264 -> 6384)  ion 12: T1 -> Seg1 (swap_cnt=1, swap_hops=5, ion_hops=0, i1=12, i2=4)
    - MOVE   (6384 -> 6398)  ion 12: Seg1 -> Seg6 via J1
    - MOVE   (6398 -> 6412)  ion 12: Seg6 -> Seg0 via J0
    - MERGE  (6412 -> 6492)  ion 12: Seg0 -> T0
[SHUTTLE 21] ion=13  T4 -> T1  route=T4->J1->T1
    - SPLIT  (6572 -> 6692)  ion 13: T4 -> Seg4 (swap_cnt=1, swap_hops=1, ion_hops=0, i1=13, i2=22)
    - MOVE   (6692 -> 6706)  ion 13: Seg4 -> Seg1 via J1
    - MERGE  (6706 -> 6786)  ion 13: Seg1 -> T1
[SHUTTLE 22] ion=16  T2 -> T1  route=T2->J2->J1->T1
    - SPLIT  (6866 -> 6986)  ion 16: T2 -> Seg2 (swap_cnt=1, swap_hops=7, ion_hops=0, i1=16, i2=1)
    - MOVE   (6986 -> 7000)  ion 16: Seg2 -> Seg7 via J2
    - MOVE   (7000 -> 7014)  ion 16: Seg7 -> Seg1 via J1
    - MERGE  (7014 -> 7094)  ion 16: Seg1 -> T1
[SHUTTLE 23] ion=5  T0 -> T1  route=T0->J0->J1->T1
    - SPLIT  (7134 -> 7254)  ion 5: T0 -> Seg0 (swap_cnt=1, swap_hops=7, ion_hops=0, i1=5, i2=12)
    - MOVE   (7254 -> 7268)  ion 5: Seg0 -> Seg6 via J0
    - MOVE   (7268 -> 7282)  ion 5: Seg6 -> Seg1 via J1
    - MERGE  (7282 -> 7362)  ion 5: Seg1 -> T1
[SHUTTLE 24] ion=2  T1 -> T2  route=T1->J1->J2->T2
    - SPLIT  (7482 -> 7602)  ion 2: T1 -> Seg1 (swap_cnt=1, swap_hops=6, ion_hops=0, i1=2, i2=5)
    - MOVE   (7602 -> 7616)  ion 2: Seg1 -> Seg7 via J1
    - MOVE   (7616 -> 7630)  ion 2: Seg7 -> Seg2 via J2
    - MERGE  (7630 -> 7710)  ion 2: Seg2 -> T2
[SHUTTLE 25] ion=13  T1 -> T0  route=T1->J1->J0->T0
    - SPLIT  (7750 -> 7870)  ion 13: T1 -> Seg1 (swap_cnt=1, swap_hops=2, ion_hops=0, i1=13, i2=5)
    - MOVE   (7870 -> 7884)  ion 13: Seg1 -> Seg6 via J1
    - MOVE   (7884 -> 7898)  ion 13: Seg6 -> Seg0 via J0
    - MERGE  (7898 -> 7978)  ion 13: Seg0 -> T0
[SHUTTLE 26] ion=17  T2 -> T1  route=T2->J2->J1->T1
    - SPLIT  (8098 -> 8218)  ion 17: T2 -> Seg2 (swap_cnt=1, swap_hops=7, ion_hops=0, i1=17, i2=2)
    - MOVE   (8218 -> 8232)  ion 17: Seg2 -> Seg7 via J2
    - MOVE   (8232 -> 8246)  ion 17: Seg7 -> Seg1 via J1
    - MERGE  (8246 -> 8326)  ion 17: Seg1 -> T1
[SHUTTLE 27] ion=6  T0 -> T1  route=T0->J0->J1->T1
    - SPLIT  (8366 -> 8486)  ion 6: T0 -> Seg0 (swap_cnt=1, swap_hops=7, ion_hops=0, i1=6, i2=13)
    - MOVE   (8486 -> 8500)  ion 6: Seg0 -> Seg6 via J0
    - MOVE   (8500 -> 8514)  ion 6: Seg6 -> Seg1 via J1
    - MERGE  (8514 -> 8594)  ion 6: Seg1 -> T1
[SHUTTLE 28] ion=3  T1 -> T2  route=T1->J1->J2->T2
    - SPLIT  (8714 -> 8834)  ion 3: T1 -> Seg1 (swap_cnt=1, swap_hops=6, ion_hops=0, i1=3, i2=6)
    - MOVE   (8834 -> 8848)  ion 3: Seg1 -> Seg7 via J1
    - MOVE   (8848 -> 8862)  ion 3: Seg7 -> Seg2 via J2
    - MERGE  (8862 -> 8942)  ion 3: Seg2 -> T2
[SHUTTLE 29] ion=14  T1 -> T0  route=T1->J1->J0->T0
    - SPLIT  (8982 -> 9102)  ion 14: T1 -> Seg1 (swap_cnt=1, swap_hops=6, ion_hops=0, i1=14, i2=6)
    - MOVE   (9102 -> 9116)  ion 14: Seg1 -> Seg6 via J1
    - MOVE   (9116 -> 9130)  ion 14: Seg6 -> Seg0 via J0
    - MERGE  (9130 -> 9210)  ion 14: Seg0 -> T0
[SHUTTLE 30] ion=0  T2 -> T4  route=T2->J2->J1->T4
    - SPLIT  (9330 -> 9450)  ion 0: T2 -> Seg2 (swap_cnt=1, swap_hops=3, ion_hops=0, i1=0, i2=3)
    - MOVE   (9450 -> 9464)  ion 0: Seg2 -> Seg7 via J2
    - MOVE   (9464 -> 9478)  ion 0: Seg7 -> Seg4 via J1
    - MERGE  (9478 -> 9558)  ion 0: Seg4 -> T4
[SHUTTLE 31] ion=4  T1 -> T2  route=T1->J1->J2->T2
    - SPLIT  (9598 -> 9718)  ion 4: T1 -> Seg1 (swap_cnt=1, swap_hops=4, ion_hops=0, i1=4, i2=6)
    - MOVE   (9718 -> 9732)  ion 4: Seg1 -> Seg7 via J1
    - MOVE   (9732 -> 9746)  ion 4: Seg7 -> Seg2 via J2
    - MERGE  (9746 -> 9826)  ion 4: Seg2 -> T2
[SHUTTLE 32] ion=7  T0 -> T1  route=T0->J0->J1->T1
    - SPLIT  (9866 -> 9986)  ion 7: T0 -> Seg0 (swap_cnt=1, swap_hops=7, ion_hops=0, i1=7, i2=14)
    - MOVE   (9986 -> 10000)  ion 7: Seg0 -> Seg6 via J0
    - MOVE   (10000 -> 10014)  ion 7: Seg6 -> Seg1 via J1
    - MERGE  (10014 -> 10094)  ion 7: Seg1 -> T1
[SHUTTLE 33] ion=1  T2 -> T4  route=T2->J2->J1->T4
    - SPLIT  (10214 -> 10334)  ion 1: T2 -> Seg2 (swap_cnt=1, swap_hops=3, ion_hops=0, i1=1, i2=4)
    - MOVE   (10334 -> 10348)  ion 1: Seg2 -> Seg7 via J2
    - MOVE   (10348 -> 10362)  ion 1: Seg7 -> Seg4 via J1
    - MERGE  (10362 -> 10442)  ion 1: Seg4 -> T4
[SHUTTLE 34] ion=5  T1 -> T2  route=T1->J1->J2->T2
    - SPLIT  (10482 -> 10602)  ion 5: T1 -> Seg1 (swap_cnt=1, swap_hops=3, ion_hops=0, i1=5, i2=7)
    - MOVE   (10602 -> 10616)  ion 5: Seg1 -> Seg7 via J1
    - MOVE   (10616 -> 10630)  ion 5: Seg7 -> Seg2 via J2
    - MERGE  (10630 -> 10710)  ion 5: Seg2 -> T2
[SHUTTLE 35] ion=15  T1 -> T0  route=T1->J1->J0->T0
    - SPLIT  (10750 -> 10870)  ion 15: T1 -> Seg1 (swap_cnt=1, swap_hops=4, ion_hops=0, i1=15, i2=7)
    - MOVE   (10870 -> 10884)  ion 15: Seg1 -> Seg6 via J1
    - MOVE   (10884 -> 10898)  ion 15: Seg6 -> Seg0 via J0
    - MERGE  (10898 -> 10978)  ion 15: Seg0 -> T0
[SHUTTLE 36] ion=0  T4 -> T3  route=T4->J1->J0->T3
    - SPLIT  (11098 -> 11218)  ion 0: T4 -> Seg4 (swap_cnt=1, swap_hops=1, ion_hops=0, i1=0, i2=1)
    - MOVE   (11218 -> 11232)  ion 0: Seg4 -> Seg6 via J1
    - MOVE   (11232 -> 11246)  ion 0: Seg6 -> Seg3 via J0
    - MERGE  (11246 -> 11326)  ion 0: Seg3 -> T3
[SHUTTLE 37] ion=2  T2 -> T4  route=T2->J2->J1->T4
    - SPLIT  (11366 -> 11486)  ion 2: T2 -> Seg2 (swap_cnt=1, swap_hops=3, ion_hops=0, i1=2, i2=5)
    - MOVE   (11486 -> 11500)  ion 2: Seg2 -> Seg7 via J2
    - MOVE   (11500 -> 11514)  ion 2: Seg7 -> Seg4 via J1
    - MERGE  (11514 -> 11594)  ion 2: Seg4 -> T4
[SHUTTLE 38] ion=6  T1 -> T2  route=T1->J1->J2->T2
    - SPLIT  (11634 -> 11754)  ion 6: T1 -> Seg1 (swap_cnt=1, swap_hops=1, ion_hops=0, i1=6, i2=7)
    - MOVE   (11754 -> 11768)  ion 6: Seg1 -> Seg7 via J1
    - MOVE   (11768 -> 11782)  ion 6: Seg7 -> Seg2 via J2
    - MERGE  (11782 -> 11862)  ion 6: Seg2 -> T2
[SHUTTLE 39] ion=8  T0 -> T1  route=T0->J0->J1->T1
    - SPLIT  (11902 -> 12022)  ion 8: T0 -> Seg0 (swap_cnt=1, swap_hops=7, ion_hops=0, i1=8, i2=15)
    - MOVE   (12022 -> 12036)  ion 8: Seg0 -> Seg6 via J0
    - MOVE   (12036 -> 12050)  ion 8: Seg6 -> Seg1 via J1
    - MERGE  (12050 -> 12130)  ion 8: Seg1 -> T1
[SHUTTLE 40] ion=24  T3 -> T4  route=T3->J0->J1->T4
    - SPLIT  (12250 -> 12370)  ion 24: T3 -> Seg3 (swap_cnt=1, swap_hops=1, ion_hops=0, i1=24, i2=0)
    - MOVE   (12370 -> 12384)  ion 24: Seg3 -> Seg6 via J0
    - MOVE   (12384 -> 12398)  ion 24: Seg6 -> Seg4 via J1
    - MERGE  (12398 -> 12478)  ion 24: Seg4 -> T4
[SHUTTLE 41] ion=3  T2 -> T4  route=T2->J2->J1->T4
    - SPLIT  (12518 -> 12638)  ion 3: T2 -> Seg2 (swap_cnt=1, swap_hops=3, ion_hops=0, i1=3, i2=6)
    - MOVE   (12638 -> 12652)  ion 3: Seg2 -> Seg7 via J2
    - MOVE   (12652 -> 12666)  ion 3: Seg7 -> Seg4 via J1
    - MERGE  (12666 -> 12746)  ion 3: Seg4 -> T4
[SHUTTLE 42] ion=7  T1 -> T2  route=T1->J1->J2->T2
    - SPLIT  (12786 -> 12906)  ion 7: T1 -> Seg1 (swap_cnt=1, swap_hops=1, ion_hops=0, i1=7, i2=8)
    - MOVE   (12906 -> 12920)  ion 7: Seg1 -> Seg7 via J1
    - MOVE   (12920 -> 12934)  ion 7: Seg7 -> Seg2 via J2
    - MERGE  (12934 -> 13014)  ion 7: Seg2 -> T2
[SHUTTLE 43] ion=16  T1 -> T0  route=T1->J1->J0->T0
    - SPLIT  (13054 -> 13174)  ion 16: T1 -> Seg1 (swap_cnt=1, swap_hops=2, ion_hops=0, i1=16, i2=8)
    - MOVE   (13174 -> 13188)  ion 16: Seg1 -> Seg6 via J1
    - MOVE   (13188 -> 13202)  ion 16: Seg6 -> Seg0 via J0
    - MERGE  (13202 -> 13282)  ion 16: Seg0 -> T0
[SHUTTLE 44] ion=1  T4 -> T3  route=T4->J1->J0->T3
    - SPLIT  (13402 -> 13522)  ion 1: T4 -> Seg4 (swap_cnt=1, swap_hops=3, ion_hops=0, i1=1, i2=3)
    - MOVE   (13522 -> 13536)  ion 1: Seg4 -> Seg6 via J1
    - MOVE   (13536 -> 13550)  ion 1: Seg6 -> Seg3 via J0
    - MERGE  (13550 -> 13630)  ion 1: Seg3 -> T3
[SHUTTLE 45] ion=4  T2 -> T4  route=T2->J2->J1->T4
    - SPLIT  (13670 -> 13790)  ion 4: T2 -> Seg2 (swap_cnt=1, swap_hops=3, ion_hops=0, i1=4, i2=7)
    - MOVE   (13790 -> 13804)  ion 4: Seg2 -> Seg7 via J2
    - MOVE   (13804 -> 13818)  ion 4: Seg7 -> Seg4 via J1
    - MERGE  (13818 -> 13898)  ion 4: Seg4 -> T4
[SHUTTLE 46] ion=8  T1 -> T2  route=T1->J1->J2->T2
    - SPLIT  (13938 -> 14018)  ion 8: T1 -> Seg1 (swap_cnt=0, swap_hops=0, ion_hops=0, i1=0, i2=0)
    - MOVE   (14018 -> 14032)  ion 8: Seg1 -> Seg7 via J1
    - MOVE   (14032 -> 14046)  ion 8: Seg7 -> Seg2 via J2
    - MERGE  (14046 -> 14126)  ion 8: Seg2 -> T2
[SHUTTLE 47] ion=9  T0 -> T1  route=T0->J0->J1->T1
    - SPLIT  (14166 -> 14286)  ion 9: T0 -> Seg0 (swap_cnt=1, swap_hops=7, ion_hops=0, i1=9, i2=16)
    - MOVE   (14286 -> 14300)  ion 9: Seg0 -> Seg6 via J0
    - MOVE   (14300 -> 14314)  ion 9: Seg6 -> Seg1 via J1
    - MERGE  (14314 -> 14394)  ion 9: Seg1 -> T1
[SHUTTLE 48] ion=25  T3 -> T4  route=T3->J0->J1->T4
    - SPLIT  (14474 -> 14594)  ion 25: T3 -> Seg3 (swap_cnt=1, swap_hops=2, ion_hops=0, i1=25, i2=1)
    - MOVE   (14594 -> 14608)  ion 25: Seg3 -> Seg6 via J0
    - MOVE   (14608 -> 14622)  ion 25: Seg6 -> Seg4 via J1
    - MERGE  (14622 -> 14702)  ion 25: Seg4 -> T4
[SHUTTLE 49] ion=19  T2 -> T1  route=T2->J2->J1->T1
    - SPLIT  (14742 -> 14862)  ion 19: T2 -> Seg2 (swap_cnt=1, swap_hops=6, ion_hops=0, i1=19, i2=8)
    - MOVE   (14862 -> 14876)  ion 19: Seg2 -> Seg7 via J2
    - MOVE   (14876 -> 14890)  ion 19: Seg7 -> Seg1 via J1
    - MERGE  (14890 -> 14970)  ion 19: Seg1 -> T1
[SHUTTLE 50] ion=31  T4 -> T1  route=T4->J1->T1
    - SPLIT  (14970 -> 15090)  ion 31: T4 -> Seg4 (swap_cnt=1, swap_hops=6, ion_hops=0, i1=31, i2=25)
    - MOVE   (15090 -> 15104)  ion 31: Seg4 -> Seg1 via J1
    - MERGE  (15104 -> 15184)  ion 31: Seg1 -> T1
[SHUTTLE 51] ion=5  T2 -> T4  route=T2->J2->J1->T4
    - SPLIT  (15184 -> 15304)  ion 5: T2 -> Seg2 (swap_cnt=1, swap_hops=3, ion_hops=0, i1=5, i2=8)
    - MOVE   (15304 -> 15318)  ion 5: Seg2 -> Seg7 via J2
    - MOVE   (15318 -> 15332)  ion 5: Seg7 -> Seg4 via J1
    - MERGE  (15332 -> 15412)  ion 5: Seg4 -> T4
[SHUTTLE 52] ion=18  T2 -> T1  route=T2->J2->J1->T1
    - SPLIT  (15452 -> 15572)  ion 18: T2 -> Seg2 (swap_cnt=1, swap_hops=5, ion_hops=0, i1=18, i2=8)
    - MOVE   (15572 -> 15586)  ion 18: Seg2 -> Seg7 via J2
    - MOVE   (15586 -> 15600)  ion 18: Seg7 -> Seg1 via J1
    - MERGE  (15600 -> 15680)  ion 18: Seg1 -> T1
[SHUTTLE 53] ion=17  T1 -> T0  route=T1->J1->J0->T0
    - SPLIT  (15720 -> 15840)  ion 17: T1 -> Seg1 (swap_cnt=1, swap_hops=4, ion_hops=0, i1=17, i2=18)
    - MOVE   (15840 -> 15854)  ion 17: Seg1 -> Seg6 via J1
    - MOVE   (15854 -> 15868)  ion 17: Seg6 -> Seg0 via J0
    - MERGE  (15868 -> 15948)  ion 17: Seg0 -> T0
[SHUTTLE 54] ion=8  T2 -> T1  route=T2->J2->J1->T1
    - SPLIT  (16028 -> 16108)  ion 8: T2 -> Seg2 (swap_cnt=0, swap_hops=0, ion_hops=0, i1=0, i2=0)
    - MOVE   (16108 -> 16122)  ion 8: Seg2 -> Seg7 via J2
    - MOVE   (16122 -> 16136)  ion 8: Seg7 -> Seg1 via J1
    - MERGE  (16136 -> 16216)  ion 8: Seg1 -> T1
[SHUTTLE 55] ion=2  T4 -> T3  route=T4->J1->J0->T3
    - SPLIT  (16296 -> 16416)  ion 2: T4 -> Seg4 (swap_cnt=1, swap_hops=5, ion_hops=0, i1=2, i2=5)
    - MOVE   (16416 -> 16430)  ion 2: Seg4 -> Seg6 via J1
    - MOVE   (16430 -> 16444)  ion 2: Seg6 -> Seg3 via J0
    - MERGE  (16444 -> 16524)  ion 2: Seg3 -> T3
[SHUTTLE 56] ion=6  T2 -> T4  route=T2->J2->J1->T4
    - SPLIT  (16564 -> 16684)  ion 6: T2 -> Seg2 (swap_cnt=1, swap_hops=1, ion_hops=0, i1=6, i2=7)
    - MOVE   (16684 -> 16698)  ion 6: Seg2 -> Seg7 via J2
    - MOVE   (16698 -> 16712)  ion 6: Seg7 -> Seg4 via J1
    - MERGE  (16712 -> 16792)  ion 6: Seg4 -> T4
[SHUTTLE 57] ion=20  T2 -> T1  route=T2->J2->J1->T1
    - SPLIT  (16832 -> 16952)  ion 20: T2 -> Seg2 (swap_cnt=1, swap_hops=2, ion_hops=0, i1=20, i2=7)
    - MOVE   (16952 -> 16966)  ion 20: Seg2 -> Seg7 via J2
    - MOVE   (16966 -> 16980)  ion 20: Seg7 -> Seg1 via J1
    - MERGE  (16980 -> 17060)  ion 20: Seg1 -> T1
[SHUTTLE 58] ion=10  T0 -> T1  route=T0->J0->J1->T1
    - SPLIT  (17100 -> 17220)  ion 10: T0 -> Seg0 (swap_cnt=1, swap_hops=7, ion_hops=0, i1=10, i2=17)
    - MOVE   (17220 -> 17234)  ion 10: Seg0 -> Seg6 via J0
    - MOVE   (17234 -> 17248)  ion 10: Seg6 -> Seg1 via J1
    - MERGE  (17248 -> 17328)  ion 10: Seg1 -> T1
[SHUTTLE 59] ion=30  T3 -> T2  route=T3->J0->J1->J2->T2
    - SPLIT  (17448 -> 17568)  ion 30: T3 -> Seg3 (swap_cnt=1, swap_hops=7, ion_hops=0, i1=30, i2=2)
    - MOVE   (17568 -> 17582)  ion 30: Seg3 -> Seg6 via J0
    - MOVE   (17582 -> 17596)  ion 30: Seg6 -> Seg7 via J1
    - MOVE   (17596 -> 17610)  ion 30: Seg7 -> Seg2 via J2
    - MERGE  (17610 -> 17690)  ion 30: Seg2 -> T2
[SHUTTLE 60] ion=23  T4 -> T2  route=T4->J1->J2->T2
    - SPLIT  (17690 -> 17810)  ion 23: T4 -> Seg4 (swap_cnt=1, swap_hops=7, ion_hops=0, i1=23, i2=6)
    - MOVE   (17810 -> 17824)  ion 23: Seg4 -> Seg7 via J1
    - MOVE   (17824 -> 17838)  ion 23: Seg7 -> Seg2 via J2
    - MERGE  (17838 -> 17918)  ion 23: Seg2 -> T2
[SHUTTLE 61] ion=26  T3 -> T4  route=T3->J0->J1->T4
    - SPLIT  (17918 -> 18038)  ion 26: T3 -> Seg3 (swap_cnt=1, swap_hops=3, ion_hops=0, i1=26, i2=2)
    - MOVE   (18038 -> 18052)  ion 26: Seg3 -> Seg6 via J0
    - MOVE   (18052 -> 18066)  ion 26: Seg6 -> Seg4 via J1
    - MERGE  (18066 -> 18146)  ion 26: Seg4 -> T4
[SHUTTLE 62] ion=22  T4 -> T2  route=T4->J1->J2->T2
    - SPLIT  (18186 -> 18306)  ion 22: T4 -> Seg4 (swap_cnt=1, swap_hops=7, ion_hops=0, i1=22, i2=26)
    - MOVE   (18306 -> 18320)  ion 22: Seg4 -> Seg7 via J1
    - MOVE   (18320 -> 18334)  ion 22: Seg7 -> Seg2 via J2
    - MERGE  (18334 -> 18414)  ion 22: Seg2 -> T2
[SHUTTLE 63] ion=21  T2 -> T1  route=T2->J2->J1->T1
    - SPLIT  (18454 -> 18574)  ion 21: T2 -> Seg2 (swap_cnt=1, swap_hops=4, ion_hops=0, i1=21, i2=22)
    - MOVE   (18574 -> 18588)  ion 21: Seg2 -> Seg7 via J2
    - MOVE   (18588 -> 18602)  ion 21: Seg7 -> Seg1 via J1
    - MERGE  (18602 -> 18682)  ion 21: Seg1 -> T1
[SHUTTLE 64] ion=18  T1 -> T0  route=T1->J1->J0->T0
    - SPLIT  (18722 -> 18842)  ion 18: T1 -> Seg1 (swap_cnt=1, swap_hops=4, ion_hops=0, i1=18, i2=21)
    - MOVE   (18842 -> 18856)  ion 18: Seg1 -> Seg6 via J1
    - MOVE   (18856 -> 18870)  ion 18: Seg6 -> Seg0 via J0
    - MERGE  (18870 -> 18950)  ion 18: Seg0 -> T0
[SHUTTLE 65] ion=23  T2 -> T4  route=T2->J2->J1->T4
    - SPLIT  (19030 -> 19150)  ion 23: T2 -> Seg2 (swap_cnt=1, swap_hops=1, ion_hops=0, i1=23, i2=22)
    - MOVE   (19150 -> 19164)  ion 23: Seg2 -> Seg7 via J2
    - MOVE   (19164 -> 19178)  ion 23: Seg7 -> Seg4 via J1
    - MERGE  (19178 -> 19258)  ion 23: Seg4 -> T4
[SHUTTLE 66] ion=30  T2 -> T3  route=T2->J2->J1->J0->T3
    - SPLIT  (19338 -> 19458)  ion 30: T2 -> Seg2 (swap_cnt=1, swap_hops=1, ion_hops=0, i1=30, i2=22)
    - MOVE   (19458 -> 19472)  ion 30: Seg2 -> Seg7 via J2
    - MOVE   (19472 -> 19486)  ion 30: Seg7 -> Seg6 via J1
    - MOVE   (19486 -> 19500)  ion 30: Seg6 -> Seg3 via J0
    - MERGE  (19500 -> 19580)  ion 30: Seg3 -> T3
[SHUTTLE 67] ion=3  T4 -> T3  route=T4->J1->J0->T3
    - SPLIT  (19620 -> 19740)  ion 3: T4 -> Seg4 (swap_cnt=1, swap_hops=6, ion_hops=0, i1=3, i2=23)
    - MOVE   (19740 -> 19754)  ion 3: Seg4 -> Seg6 via J1
    - MOVE   (19754 -> 19768)  ion 3: Seg6 -> Seg3 via J0
    - MERGE  (19768 -> 19848)  ion 3: Seg3 -> T3
[SHUTTLE 68] ion=7  T2 -> T4  route=T2->J2->J1->T4
    - SPLIT  (19888 -> 20008)  ion 7: T2 -> Seg2 (swap_cnt=1, swap_hops=1, ion_hops=0, i1=7, i2=22)
    - MOVE   (20008 -> 20022)  ion 7: Seg2 -> Seg7 via J2
    - MOVE   (20022 -> 20036)  ion 7: Seg7 -> Seg4 via J1
    - MERGE  (20036 -> 20116)  ion 7: Seg4 -> T4
[SHUTTLE 69] ion=22  T2 -> T1  route=T2->J2->J1->T1
    - SPLIT  (20156 -> 20236)  ion 22: T2 -> Seg2 (swap_cnt=0, swap_hops=0, ion_hops=0, i1=0, i2=0)
    - MOVE   (20236 -> 20250)  ion 22: Seg2 -> Seg7 via J2
    - MOVE   (20250 -> 20264)  ion 22: Seg7 -> Seg1 via J1
    - MERGE  (20264 -> 20344)  ion 22: Seg1 -> T1
[SHUTTLE 70] ion=15  T0 -> T2  route=T0->J0->J1->J2->T2
    - SPLIT  (20384 -> 20504)  ion 15: T0 -> Seg0 (swap_cnt=1, swap_hops=3, ion_hops=0, i1=15, i2=18)
    - MOVE   (20504 -> 20518)  ion 15: Seg0 -> Seg6 via J0
    - MOVE   (20518 -> 20532)  ion 15: Seg6 -> Seg7 via J1
    - MOVE   (20532 -> 20546)  ion 15: Seg7 -> Seg2 via J2
    - MERGE  (20546 -> 20626)  ion 15: Seg2 -> T2
[SHUTTLE 71] ion=31  T1 -> T2  route=T1->J1->J2->T2
    - SPLIT  (20626 -> 20746)  ion 31: T1 -> Seg1 (swap_cnt=1, swap_hops=5, ion_hops=0, i1=31, i2=22)
    - MOVE   (20746 -> 20760)  ion 31: Seg1 -> Seg7 via J1
    - MOVE   (20760 -> 20774)  ion 31: Seg7 -> Seg2 via J2
    - MERGE  (20774 -> 20854)  ion 31: Seg2 -> T2
[SHUTTLE 72] ion=27  T3 -> T2  route=T3->J0->J1->J2->T2
    - SPLIT  (20854 -> 20974)  ion 27: T3 -> Seg3 (swap_cnt=1, swap_hops=5, ion_hops=0, i1=27, i2=3)
    - MOVE   (20974 -> 20988)  ion 27: Seg3 -> Seg6 via J0
    - MOVE   (20988 -> 21002)  ion 27: Seg6 -> Seg7 via J1
    - MOVE   (21002 -> 21016)  ion 27: Seg7 -> Seg2 via J2
    - MERGE  (21016 -> 21096)  ion 27: Seg2 -> T2
[SHUTTLE 73] ion=23  T4 -> T2  route=T4->J1->J2->T2
    - SPLIT  (21096 -> 21216)  ion 23: T4 -> Seg4 (swap_cnt=1, swap_hops=1, ion_hops=0, i1=23, i2=7)
    - MOVE   (21216 -> 21230)  ion 23: Seg4 -> Seg7 via J1
    - MOVE   (21230 -> 21244)  ion 23: Seg7 -> Seg2 via J2
    - MERGE  (21244 -> 21324)  ion 23: Seg2 -> T2
[SHUTTLE 74] ion=11  T0 -> T1  route=T0->J0->J1->T1
    - SPLIT  (21324 -> 21444)  ion 11: T0 -> Seg0 (swap_cnt=1, swap_hops=6, ion_hops=0, i1=11, i2=18)
    - MOVE   (21444 -> 21458)  ion 11: Seg0 -> Seg6 via J0
    - MOVE   (21458 -> 21472)  ion 11: Seg6 -> Seg1 via J1
    - MERGE  (21472 -> 21552)  ion 11: Seg1 -> T1
[SHUTTLE 75] ion=27  T2 -> T3  route=T2->J2->J1->J0->T3
    - SPLIT  (21632 -> 21752)  ion 27: T2 -> Seg2 (swap_cnt=1, swap_hops=1, ion_hops=0, i1=27, i2=23)
    - MOVE   (21752 -> 21766)  ion 27: Seg2 -> Seg7 via J2
    - MOVE   (21766 -> 21780)  ion 27: Seg7 -> Seg6 via J1
    - MOVE   (21780 -> 21794)  ion 27: Seg6 -> Seg3 via J0
    - MERGE  (21794 -> 21874)  ion 27: Seg3 -> T3
[SHUTTLE 76] ion=23  T2 -> T4  route=T2->J2->J1->T4
    - SPLIT  (21914 -> 21994)  ion 23: T2 -> Seg2 (swap_cnt=0, swap_hops=0, ion_hops=0, i1=0, i2=0)
    - MOVE   (21994 -> 22008)  ion 23: Seg2 -> Seg7 via J2
    - MOVE   (22008 -> 22022)  ion 23: Seg7 -> Seg4 via J1
    - MERGE  (22022 -> 22102)  ion 23: Seg4 -> T4
[SHUTTLE 77] ion=0  T3 -> T2  route=T3->J0->J1->J2->T2
    - SPLIT  (22182 -> 22302)  ion 0: T3 -> Seg3 (swap_cnt=1, swap_hops=5, ion_hops=0, i1=0, i2=27)
    - MOVE   (22302 -> 22316)  ion 0: Seg3 -> Seg6 via J0
    - MOVE   (22316 -> 22330)  ion 0: Seg6 -> Seg7 via J1
    - MOVE   (22330 -> 22344)  ion 0: Seg7 -> Seg2 via J2
    - MERGE  (22344 -> 22424)  ion 0: Seg2 -> T2
[SHUTTLE 78] ion=4  T4 -> T3  route=T4->J1->J0->T3
    - SPLIT  (22464 -> 22584)  ion 4: T4 -> Seg4 (swap_cnt=1, swap_hops=6, ion_hops=0, i1=4, i2=23)
    - MOVE   (22584 -> 22598)  ion 4: Seg4 -> Seg6 via J1
    - MOVE   (22598 -> 22612)  ion 4: Seg6 -> Seg3 via J0
    - MERGE  (22612 -> 22692)  ion 4: Seg3 -> T3
[SHUTTLE 79] ion=8  T1 -> T4  route=T1->J1->T4
    - SPLIT  (22732 -> 22852)  ion 8: T1 -> Seg1 (swap_cnt=1, swap_hops=5, ion_hops=0, i1=8, i2=11)
    - MOVE   (22852 -> 22866)  ion 8: Seg1 -> Seg4 via J1
    - MERGE  (22866 -> 22946)  ion 8: Seg4 -> T4
[SHUTTLE 80] ion=12  T0 -> T1  route=T0->J0->J1->T1
    - SPLIT  (22986 -> 23106)  ion 12: T0 -> Seg0 (swap_cnt=1, swap_hops=5, ion_hops=0, i1=12, i2=18)
    - MOVE   (23106 -> 23120)  ion 12: Seg0 -> Seg6 via J0
    - MOVE   (23120 -> 23134)  ion 12: Seg6 -> Seg1 via J1
    - MERGE  (23134 -> 23214)  ion 12: Seg1 -> T1
[SHUTTLE 81] ion=15  T2 -> T0  route=T2->J2->J1->J0->T0
    - SPLIT  (23254 -> 23374)  ion 15: T2 -> Seg2 (swap_cnt=1, swap_hops=2, ion_hops=0, i1=15, i2=0)
    - MOVE   (23374 -> 23388)  ion 15: Seg2 -> Seg7 via J2
    - MOVE   (23388 -> 23402)  ion 15: Seg7 -> Seg6 via J1
    - MOVE   (23402 -> 23416)  ion 15: Seg6 -> Seg0 via J0
    - MERGE  (23416 -> 23496)  ion 15: Seg0 -> T0
[SHUTTLE 82] ion=1  T3 -> T2  route=T3->J0->J1->J2->T2
    - SPLIT  (23616 -> 23736)  ion 1: T3 -> Seg3 (swap_cnt=1, swap_hops=5, ion_hops=0, i1=1, i2=4)
    - MOVE   (23736 -> 23750)  ion 1: Seg3 -> Seg6 via J0
    - MOVE   (23750 -> 23764)  ion 1: Seg6 -> Seg7 via J1
    - MOVE   (23764 -> 23778)  ion 1: Seg7 -> Seg2 via J2
    - MERGE  (23778 -> 23858)  ion 1: Seg2 -> T2
[SHUTTLE 83] ion=5  T4 -> T3  route=T4->J1->J0->T3
    - SPLIT  (23898 -> 24018)  ion 5: T4 -> Seg4 (swap_cnt=1, swap_hops=5, ion_hops=0, i1=5, i2=8)
    - MOVE   (24018 -> 24032)  ion 5: Seg4 -> Seg6 via J1
    - MOVE   (24032 -> 24046)  ion 5: Seg6 -> Seg3 via J0
    - MERGE  (24046 -> 24126)  ion 5: Seg3 -> T3
[SHUTTLE 84] ion=9  T1 -> T4  route=T1->J1->T4
    - SPLIT  (24166 -> 24286)  ion 9: T1 -> Seg1 (swap_cnt=1, swap_hops=7, ion_hops=0, i1=9, i2=12)
    - MOVE   (24286 -> 24300)  ion 9: Seg1 -> Seg4 via J1
    - MERGE  (24300 -> 24380)  ion 9: Seg4 -> T4
[SHUTTLE 85] ion=19  T1 -> T0  route=T1->J1->J0->T0
    - SPLIT  (24420 -> 24540)  ion 19: T1 -> Seg1 (swap_cnt=1, swap_hops=6, ion_hops=0, i1=19, i2=12)
    - MOVE   (24540 -> 24554)  ion 19: Seg1 -> Seg6 via J1
    - MOVE   (24554 -> 24568)  ion 19: Seg6 -> Seg0 via J0
    - MERGE  (24568 -> 24648)  ion 19: Seg0 -> T0
[SHUTTLE 86] ion=2  T3 -> T2  route=T3->J0->J1->J2->T2
    - SPLIT  (24768 -> 24888)  ion 2: T3 -> Seg3 (swap_cnt=1, swap_hops=5, ion_hops=0, i1=2, i2=5)
    - MOVE   (24888 -> 24902)  ion 2: Seg3 -> Seg6 via J0
    - MOVE   (24902 -> 24916)  ion 2: Seg6 -> Seg7 via J1
    - MOVE   (24916 -> 24930)  ion 2: Seg7 -> Seg2 via J2
    - MERGE  (24930 -> 25010)  ion 2: Seg2 -> T2
[SHUTTLE 87] ion=6  T4 -> T3  route=T4->J1->J0->T3
    - SPLIT  (25050 -> 25170)  ion 6: T4 -> Seg4 (swap_cnt=1, swap_hops=5, ion_hops=0, i1=6, i2=9)
    - MOVE   (25170 -> 25184)  ion 6: Seg4 -> Seg6 via J1
    - MOVE   (25184 -> 25198)  ion 6: Seg6 -> Seg3 via J0
    - MERGE  (25198 -> 25278)  ion 6: Seg3 -> T3
[SHUTTLE 88] ion=10  T1 -> T4  route=T1->J1->T4
    - SPLIT  (25318 -> 25438)  ion 10: T1 -> Seg1 (swap_cnt=1, swap_hops=4, ion_hops=0, i1=10, i2=12)
    - MOVE   (25438 -> 25452)  ion 10: Seg1 -> Seg4 via J1
    - MERGE  (25452 -> 25532)  ion 10: Seg4 -> T4
[SHUTTLE 89] ion=20  T1 -> T0  route=T1->J1->J0->T0
    - SPLIT  (25572 -> 25692)  ion 20: T1 -> Seg1 (swap_cnt=1, swap_hops=4, ion_hops=0, i1=20, i2=12)
    - MOVE   (25692 -> 25706)  ion 20: Seg1 -> Seg6 via J1
    - MOVE   (25706 -> 25720)  ion 20: Seg6 -> Seg0 via J0
    - MERGE  (25720 -> 25800)  ion 20: Seg0 -> T0
[SHUTTLE 90] ion=3  T3 -> T2  route=T3->J0->J1->J2->T2
    - SPLIT  (25920 -> 26040)  ion 3: T3 -> Seg3 (swap_cnt=1, swap_hops=4, ion_hops=0, i1=3, i2=6)
    - MOVE   (26040 -> 26054)  ion 3: Seg3 -> Seg6 via J0
    - MOVE   (26054 -> 26068)  ion 3: Seg6 -> Seg7 via J1
    - MOVE   (26068 -> 26082)  ion 3: Seg7 -> Seg2 via J2
    - MERGE  (26082 -> 26162)  ion 3: Seg2 -> T2
[SHUTTLE 91] ion=7  T4 -> T3  route=T4->J1->J0->T3
    - SPLIT  (26202 -> 26322)  ion 7: T4 -> Seg4 (swap_cnt=1, swap_hops=4, ion_hops=0, i1=7, i2=10)
    - MOVE   (26322 -> 26336)  ion 7: Seg4 -> Seg6 via J1
    - MOVE   (26336 -> 26350)  ion 7: Seg6 -> Seg3 via J0
    - MERGE  (26350 -> 26430)  ion 7: Seg3 -> T3
[SHUTTLE 92] ion=11  T1 -> T4  route=T1->J1->T4
    - SPLIT  (26470 -> 26590)  ion 11: T1 -> Seg1 (swap_cnt=1, swap_hops=1, ion_hops=0, i1=11, i2=12)
    - MOVE   (26590 -> 26604)  ion 11: Seg1 -> Seg4 via J1
    - MERGE  (26604 -> 26684)  ion 11: Seg4 -> T4
[SHUTTLE 93] ion=13  T0 -> T1  route=T0->J0->J1->T1
    - SPLIT  (26724 -> 26844)  ion 13: T0 -> Seg0 (swap_cnt=1, swap_hops=7, ion_hops=0, i1=13, i2=20)
    - MOVE   (26844 -> 26858)  ion 13: Seg0 -> Seg6 via J0
    - MOVE   (26858 -> 26872)  ion 13: Seg6 -> Seg1 via J1
    - MERGE  (26872 -> 26952)  ion 13: Seg1 -> T1
[SHUTTLE 94] ion=4  T3 -> T2  route=T3->J0->J1->J2->T2
    - SPLIT  (27072 -> 27192)  ion 4: T3 -> Seg3 (swap_cnt=1, swap_hops=3, ion_hops=0, i1=4, i2=7)
    - MOVE   (27192 -> 27206)  ion 4: Seg3 -> Seg6 via J0
    - MOVE   (27206 -> 27220)  ion 4: Seg6 -> Seg7 via J1
    - MOVE   (27220 -> 27234)  ion 4: Seg7 -> Seg2 via J2
    - MERGE  (27234 -> 27314)  ion 4: Seg2 -> T2
[SHUTTLE 95] ion=8  T4 -> T3  route=T4->J1->J0->T3
    - SPLIT  (27354 -> 27474)  ion 8: T4 -> Seg4 (swap_cnt=1, swap_hops=3, ion_hops=0, i1=8, i2=11)
    - MOVE   (27474 -> 27488)  ion 8: Seg4 -> Seg6 via J1
    - MOVE   (27488 -> 27502)  ion 8: Seg6 -> Seg3 via J0
    - MERGE  (27502 -> 27582)  ion 8: Seg3 -> T3
[SHUTTLE 96] ion=12  T1 -> T4  route=T1->J1->T4
    - SPLIT  (27622 -> 27742)  ion 12: T1 -> Seg1 (swap_cnt=1, swap_hops=1, ion_hops=0, i1=12, i2=13)
    - MOVE   (27742 -> 27756)  ion 12: Seg1 -> Seg4 via J1
    - MERGE  (27756 -> 27836)  ion 12: Seg4 -> T4
[SHUTTLE 97] ion=21  T1 -> T0  route=T1->J1->J0->T0
    - SPLIT  (27876 -> 27996)  ion 21: T1 -> Seg1 (swap_cnt=1, swap_hops=2, ion_hops=0, i1=21, i2=13)
    - MOVE   (27996 -> 28010)  ion 21: Seg1 -> Seg6 via J1
    - MOVE   (28010 -> 28024)  ion 21: Seg6 -> Seg0 via J0
    - MERGE  (28024 -> 28104)  ion 21: Seg0 -> T0
[SHUTTLE 98] ion=5  T3 -> T2  route=T3->J0->J1->J2->T2
    - SPLIT  (28224 -> 28344)  ion 5: T3 -> Seg3 (swap_cnt=1, swap_hops=3, ion_hops=0, i1=5, i2=8)
    - MOVE   (28344 -> 28358)  ion 5: Seg3 -> Seg6 via J0
    - MOVE   (28358 -> 28372)  ion 5: Seg6 -> Seg7 via J1
    - MOVE   (28372 -> 28386)  ion 5: Seg7 -> Seg2 via J2
    - MERGE  (28386 -> 28466)  ion 5: Seg2 -> T2
[SHUTTLE 99] ion=9  T4 -> T3  route=T4->J1->J0->T3
    - SPLIT  (28506 -> 28626)  ion 9: T4 -> Seg4 (swap_cnt=1, swap_hops=3, ion_hops=0, i1=9, i2=12)
    - MOVE   (28626 -> 28640)  ion 9: Seg4 -> Seg6 via J1
    - MOVE   (28640 -> 28654)  ion 9: Seg6 -> Seg3 via J0
    - MERGE  (28654 -> 28734)  ion 9: Seg3 -> T3
[SHUTTLE 100] ion=13  T1 -> T4  route=T1->J1->T4
    - SPLIT  (28774 -> 28854)  ion 13: T1 -> Seg1 (swap_cnt=0, swap_hops=0, ion_hops=0, i1=0, i2=0)
    - MOVE   (28854 -> 28868)  ion 13: Seg1 -> Seg4 via J1
    - MERGE  (28868 -> 28948)  ion 13: Seg4 -> T4
[SHUTTLE 101] ion=14  T0 -> T1  route=T0->J0->J1->T1
    - SPLIT  (28988 -> 29108)  ion 14: T0 -> Seg0 (swap_cnt=1, swap_hops=7, ion_hops=0, i1=14, i2=21)
    - MOVE   (29108 -> 29122)  ion 14: Seg0 -> Seg6 via J0
    - MOVE   (29122 -> 29136)  ion 14: Seg6 -> Seg1 via J1
    - MERGE  (29136 -> 29216)  ion 14: Seg1 -> T1
[SHUTTLE 102] ion=6  T3 -> T2  route=T3->J0->J1->J2->T2
    - SPLIT  (29296 -> 29416)  ion 6: T3 -> Seg3 (swap_cnt=1, swap_hops=3, ion_hops=0, i1=6, i2=9)
    - MOVE   (29416 -> 29430)  ion 6: Seg3 -> Seg6 via J0
    - MOVE   (29430 -> 29444)  ion 6: Seg6 -> Seg7 via J1
    - MOVE   (29444 -> 29458)  ion 6: Seg7 -> Seg2 via J2
    - MERGE  (29458 -> 29538)  ion 6: Seg2 -> T2
[SHUTTLE 103] ion=10  T4 -> T3  route=T4->J1->J0->T3
    - SPLIT  (29578 -> 29698)  ion 10: T4 -> Seg4 (swap_cnt=1, swap_hops=3, ion_hops=0, i1=10, i2=13)
    - MOVE   (29698 -> 29712)  ion 10: Seg4 -> Seg6 via J1
    - MOVE   (29712 -> 29726)  ion 10: Seg6 -> Seg3 via J0
    - MERGE  (29726 -> 29806)  ion 10: Seg3 -> T3
[SHUTTLE 104] ion=14  T1 -> T4  route=T1->J1->T4
    - SPLIT  (29846 -> 29926)  ion 14: T1 -> Seg1 (swap_cnt=0, swap_hops=0, ion_hops=0, i1=0, i2=0)
    - MOVE   (29926 -> 29940)  ion 14: Seg1 -> Seg4 via J1
    - MERGE  (29940 -> 30020)  ion 14: Seg4 -> T4
[SHUTTLE 105] ion=22  T1 -> T0  route=T1->J1->J0->T0
    - SPLIT  (30060 -> 30140)  ion 22: T1 -> Seg1 (swap_cnt=0, swap_hops=0, ion_hops=0, i1=0, i2=0)
    - MOVE   (30140 -> 30154)  ion 22: Seg1 -> Seg6 via J1
    - MOVE   (30154 -> 30168)  ion 22: Seg6 -> Seg0 via J0
    - MERGE  (30168 -> 30248)  ion 22: Seg0 -> T0
[SHUTTLE 106] ion=19  T0 -> T1  route=T0->J0->J1->T1
    - SPLIT  (30368 -> 30488)  ion 19: T0 -> Seg0 (swap_cnt=1, swap_hops=3, ion_hops=0, i1=19, i2=22)
    - MOVE   (30488 -> 30502)  ion 19: Seg0 -> Seg6 via J0
    - MOVE   (30502 -> 30516)  ion 19: Seg6 -> Seg1 via J1
    - MERGE  (30516 -> 30596)  ion 19: Seg1 -> T1
[SHUTTLE 107] ion=1  T2 -> T1  route=T2->J2->J1->T1
    - SPLIT  (30596 -> 30716)  ion 1: T2 -> Seg2 (swap_cnt=1, swap_hops=5, ion_hops=0, i1=1, i2=6)
    - MOVE   (30716 -> 30730)  ion 1: Seg2 -> Seg7 via J2
    - MOVE   (30730 -> 30744)  ion 1: Seg7 -> Seg1 via J1
    - MERGE  (30744 -> 30824)  ion 1: Seg1 -> T1
[SHUTTLE 108] ion=28  T3 -> T1  route=T3->J0->J1->T1
    - SPLIT  (30824 -> 30944)  ion 28: T3 -> Seg3 (swap_cnt=1, swap_hops=6, ion_hops=0, i1=28, i2=10)
    - MOVE   (30944 -> 30958)  ion 28: Seg3 -> Seg6 via J0
    - MOVE   (30958 -> 30972)  ion 28: Seg6 -> Seg1 via J1
    - MERGE  (30972 -> 31052)  ion 28: Seg1 -> T1
[SHUTTLE 109] ion=24  T4 -> T1  route=T4->J1->T1
    - SPLIT  (31052 -> 31172)  ion 24: T4 -> Seg4 (swap_cnt=1, swap_hops=7, ion_hops=0, i1=24, i2=14)
    - MOVE   (31172 -> 31186)  ion 24: Seg4 -> Seg1 via J1
    - MERGE  (31186 -> 31266)  ion 24: Seg1 -> T1
[SHUTTLE 110] ion=31  T2 -> T3  route=T2->J2->J1->J0->T3
    - SPLIT  (31266 -> 31386)  ion 31: T2 -> Seg2 (swap_cnt=1, swap_hops=6, ion_hops=0, i1=31, i2=6)
    - MOVE   (31386 -> 31400)  ion 31: Seg2 -> Seg7 via J2
    - MOVE   (31400 -> 31414)  ion 31: Seg7 -> Seg6 via J1
    - MOVE   (31414 -> 31428)  ion 31: Seg6 -> Seg3 via J0
    - MERGE  (31428 -> 31508)  ion 31: Seg3 -> T3
[SHUTTLE 111] ion=27  T3 -> T4  route=T3->J0->J1->T4
    - SPLIT  (31548 -> 31668)  ion 27: T3 -> Seg3 (swap_cnt=1, swap_hops=5, ion_hops=0, i1=27, i2=31)
    - MOVE   (31668 -> 31682)  ion 27: Seg3 -> Seg6 via J0
    - MOVE   (31682 -> 31696)  ion 27: Seg6 -> Seg4 via J1
    - MERGE  (31696 -> 31776)  ion 27: Seg4 -> T4
[SHUTTLE 112] ion=23  T4 -> T0  route=T4->J1->J0->T0
    - SPLIT  (31816 -> 31936)  ion 23: T4 -> Seg4 (swap_cnt=1, swap_hops=5, ion_hops=0, i1=23, i2=27)
    - MOVE   (31936 -> 31950)  ion 23: Seg4 -> Seg6 via J1
    - MOVE   (31950 -> 31964)  ion 23: Seg6 -> Seg0 via J0
    - MERGE  (31964 -> 32044)  ion 23: Seg0 -> T0
[SHUTTLE 113] ion=28  T1 -> T3  route=T1->J1->J0->T3
    - SPLIT  (32124 -> 32244)  ion 28: T1 -> Seg1 (swap_cnt=1, swap_hops=1, ion_hops=0, i1=28, i2=24)
    - MOVE   (32244 -> 32258)  ion 28: Seg1 -> Seg6 via J1
    - MOVE   (32258 -> 32272)  ion 28: Seg6 -> Seg3 via J0
    - MERGE  (32272 -> 32352)  ion 28: Seg3 -> T3
[SHUTTLE 114] ion=24  T1 -> T4  route=T1->J1->T4
    - SPLIT  (32392 -> 32472)  ion 24: T1 -> Seg1 (swap_cnt=0, swap_hops=0, ion_hops=0, i1=0, i2=0)
    - MOVE   (32472 -> 32486)  ion 24: Seg1 -> Seg4 via J1
    - MERGE  (32486 -> 32566)  ion 24: Seg4 -> T4
[SHUTTLE 115] ion=16  T0 -> T1  route=T0->J0->J1->T1
    - SPLIT  (32646 -> 32766)  ion 16: T0 -> Seg0 (swap_cnt=1, swap_hops=7, ion_hops=0, i1=16, i2=23)
    - MOVE   (32766 -> 32780)  ion 16: Seg0 -> Seg6 via J0
    - MOVE   (32780 -> 32794)  ion 16: Seg6 -> Seg1 via J1
    - MERGE  (32794 -> 32874)  ion 16: Seg1 -> T1
[SHUTTLE 116] ion=7  T3 -> T1  route=T3->J0->J1->T1
    - SPLIT  (32874 -> 32994)  ion 7: T3 -> Seg3 (swap_cnt=1, swap_hops=5, ion_hops=0, i1=7, i2=28)
    - MOVE   (32994 -> 33008)  ion 7: Seg3 -> Seg6 via J0
    - MOVE   (33008 -> 33022)  ion 7: Seg6 -> Seg1 via J1
    - MERGE  (33022 -> 33102)  ion 7: Seg1 -> T1
[SHUTTLE 117] ion=25  T4 -> T1  route=T4->J1->T1
    - SPLIT  (33102 -> 33222)  ion 25: T4 -> Seg4 (swap_cnt=1, swap_hops=7, ion_hops=0, i1=25, i2=24)
    - MOVE   (33222 -> 33236)  ion 25: Seg4 -> Seg1 via J1
    - MERGE  (33236 -> 33316)  ion 25: Seg1 -> T1
[SHUTTLE 118] ion=11  T4 -> T3  route=T4->J1->J0->T3
    - SPLIT  (33316 -> 33436)  ion 11: T4 -> Seg4 (swap_cnt=1, swap_hops=5, ion_hops=0, i1=11, i2=24)
    - MOVE   (33436 -> 33450)  ion 11: Seg4 -> Seg6 via J1
    - MOVE   (33450 -> 33464)  ion 11: Seg6 -> Seg3 via J0
    - MERGE  (33464 -> 33544)  ion 11: Seg3 -> T3
[SHUTTLE 119] ion=15  T0 -> T4  route=T0->J0->J1->T4
    - SPLIT  (33584 -> 33704)  ion 15: T0 -> Seg0 (swap_cnt=1, swap_hops=4, ion_hops=0, i1=15, i2=23)
    - MOVE   (33704 -> 33718)  ion 15: Seg0 -> Seg6 via J0
    - MOVE   (33718 -> 33732)  ion 15: Seg6 -> Seg4 via J1
    - MERGE  (33732 -> 33812)  ion 15: Seg4 -> T4
[SHUTTLE 120] ion=19  T1 -> T0  route=T1->J1->J0->T0
    - SPLIT  (33852 -> 33972)  ion 19: T1 -> Seg1 (swap_cnt=1, swap_hops=4, ion_hops=0, i1=19, i2=25)
    - MOVE   (33972 -> 33986)  ion 19: Seg1 -> Seg6 via J1
    - MOVE   (33986 -> 34000)  ion 19: Seg6 -> Seg0 via J0
    - MERGE  (34000 -> 34080)  ion 19: Seg0 -> T0
[SHUTTLE 121] ion=25  T1 -> T4  route=T1->J1->T4
    - SPLIT  (34160 -> 34240)  ion 25: T1 -> Seg1 (swap_cnt=0, swap_hops=0, ion_hops=0, i1=0, i2=0)
    - MOVE   (34240 -> 34254)  ion 25: Seg1 -> Seg4 via J1
    - MERGE  (34254 -> 34334)  ion 25: Seg4 -> T4
[SHUTTLE 122] ion=16  T1 -> T0  route=T1->J1->J0->T0
    - SPLIT  (34374 -> 34494)  ion 16: T1 -> Seg1 (swap_cnt=1, swap_hops=1, ion_hops=0, i1=16, i2=7)
    - MOVE   (34494 -> 34508)  ion 16: Seg1 -> Seg6 via J1
    - MOVE   (34508 -> 34522)  ion 16: Seg6 -> Seg0 via J0
    - MERGE  (34522 -> 34602)  ion 16: Seg0 -> T0
[SHUTTLE 123] ion=20  T0 -> T1  route=T0->J0->J1->T1
    - SPLIT  (34682 -> 34802)  ion 20: T0 -> Seg0 (swap_cnt=1, swap_hops=5, ion_hops=0, i1=20, i2=16)
    - MOVE   (34802 -> 34816)  ion 20: Seg0 -> Seg6 via J0
    - MOVE   (34816 -> 34830)  ion 20: Seg6 -> Seg1 via J1
    - MERGE  (34830 -> 34910)  ion 20: Seg1 -> T1
[SHUTTLE 124] ion=8  T3 -> T1  route=T3->J0->J1->T1
    - SPLIT  (34910 -> 35030)  ion 8: T3 -> Seg3 (swap_cnt=1, swap_hops=5, ion_hops=0, i1=8, i2=11)
    - MOVE   (35030 -> 35044)  ion 8: Seg3 -> Seg6 via J0
    - MOVE   (35044 -> 35058)  ion 8: Seg6 -> Seg1 via J1
    - MERGE  (35058 -> 35138)  ion 8: Seg1 -> T1
[SHUTTLE 125] ion=25  T4 -> T1  route=T4->J1->T1
    - SPLIT  (35138 -> 35218)  ion 25: T4 -> Seg4 (swap_cnt=0, swap_hops=0, ion_hops=0, i1=0, i2=0)
    - MOVE   (35218 -> 35232)  ion 25: Seg4 -> Seg1 via J1
    - MERGE  (35232 -> 35312)  ion 25: Seg1 -> T1
[SHUTTLE 126] ion=12  T4 -> T3  route=T4->J1->J0->T3
    - SPLIT  (35312 -> 35432)  ion 12: T4 -> Seg4 (swap_cnt=1, swap_hops=5, ion_hops=0, i1=12, i2=15)
    - MOVE   (35432 -> 35446)  ion 12: Seg4 -> Seg6 via J1
    - MOVE   (35446 -> 35460)  ion 12: Seg6 -> Seg3 via J0
    - MERGE  (35460 -> 35540)  ion 12: Seg3 -> T3
[SHUTTLE 127] ion=24  T4 -> T0  route=T4->J1->J0->T0
    - SPLIT  (35580 -> 35700)  ion 24: T4 -> Seg4 (swap_cnt=1, swap_hops=1, ion_hops=0, i1=24, i2=15)
    - MOVE   (35700 -> 35714)  ion 24: Seg4 -> Seg6 via J1
    - MOVE   (35714 -> 35728)  ion 24: Seg6 -> Seg0 via J0
    - MERGE  (35728 -> 35808)  ion 24: Seg0 -> T0
[SHUTTLE 128] ion=25  T1 -> T4  route=T1->J1->T4
    - SPLIT  (35888 -> 35968)  ion 25: T1 -> Seg1 (swap_cnt=0, swap_hops=0, ion_hops=0, i1=0, i2=0)
    - MOVE   (35968 -> 35982)  ion 25: Seg1 -> Seg4 via J1
    - MERGE  (35982 -> 36062)  ion 25: Seg4 -> T4
[SHUTTLE 129] ion=28  T3 -> T4  route=T3->J0->J1->T4
    - SPLIT  (36142 -> 36262)  ion 28: T3 -> Seg3 (swap_cnt=1, swap_hops=2, ion_hops=0, i1=28, i2=12)
    - MOVE   (36262 -> 36276)  ion 28: Seg3 -> Seg6 via J0
    - MOVE   (36276 -> 36290)  ion 28: Seg6 -> Seg4 via J1
    - MERGE  (36290 -> 36370)  ion 28: Seg4 -> T4
[SHUTTLE 130] ion=16  T0 -> T4  route=T0->J0->J1->T4
    - SPLIT  (36410 -> 36530)  ion 16: T0 -> Seg0 (swap_cnt=1, swap_hops=1, ion_hops=0, i1=16, i2=24)
    - MOVE   (36530 -> 36544)  ion 16: Seg0 -> Seg6 via J0
    - MOVE   (36544 -> 36558)  ion 16: Seg6 -> Seg4 via J1
    - MERGE  (36558 -> 36638)  ion 16: Seg4 -> T4
[SHUTTLE 131] ion=20  T1 -> T0  route=T1->J1->J0->T0
    - SPLIT  (36678 -> 36798)  ion 20: T1 -> Seg1 (swap_cnt=1, swap_hops=1, ion_hops=0, i1=20, i2=8)
    - MOVE   (36798 -> 36812)  ion 20: Seg1 -> Seg6 via J1
    - MOVE   (36812 -> 36826)  ion 20: Seg6 -> Seg0 via J0
    - MERGE  (36826 -> 36906)  ion 20: Seg0 -> T0
[SHUTTLE 132] ion=13  T4 -> T3  route=T4->J1->J0->T3
    - SPLIT  (37026 -> 37146)  ion 13: T4 -> Seg4 (swap_cnt=1, swap_hops=6, ion_hops=0, i1=13, i2=16)
    - MOVE   (37146 -> 37160)  ion 13: Seg4 -> Seg6 via J1
    - MOVE   (37160 -> 37174)  ion 13: Seg6 -> Seg3 via J0
    - MERGE  (37174 -> 37254)  ion 13: Seg3 -> T3
[SHUTTLE 133] ion=17  T0 -> T4  route=T0->J0->J1->T4
    - SPLIT  (37294 -> 37414)  ion 17: T0 -> Seg0 (swap_cnt=1, swap_hops=7, ion_hops=0, i1=17, i2=20)
    - MOVE   (37414 -> 37428)  ion 17: Seg0 -> Seg6 via J0
    - MOVE   (37428 -> 37442)  ion 17: Seg6 -> Seg4 via J1
    - MERGE  (37442 -> 37522)  ion 17: Seg4 -> T4
[SHUTTLE 134] ion=9  T3 -> T1  route=T3->J0->J1->T1
    - SPLIT  (37642 -> 37762)  ion 9: T3 -> Seg3 (swap_cnt=1, swap_hops=5, ion_hops=0, i1=9, i2=13)
    - MOVE   (37762 -> 37776)  ion 9: Seg3 -> Seg6 via J0
    - MOVE   (37776 -> 37790)  ion 9: Seg6 -> Seg1 via J1
    - MERGE  (37790 -> 37870)  ion 9: Seg1 -> T1
[SHUTTLE 135] ion=26  T4 -> T1  route=T4->J1->T1
    - SPLIT  (37870 -> 37990)  ion 26: T4 -> Seg4 (swap_cnt=1, swap_hops=7, ion_hops=0, i1=26, i2=17)
    - MOVE   (37990 -> 38004)  ion 26: Seg4 -> Seg1 via J1
    - MERGE  (38004 -> 38084)  ion 26: Seg1 -> T1
[SHUTTLE 136] ion=29  T3 -> T4  route=T3->J0->J1->T4
    - SPLIT  (38084 -> 38204)  ion 29: T3 -> Seg3 (swap_cnt=1, swap_hops=6, ion_hops=0, i1=29, i2=13)
    - MOVE   (38204 -> 38218)  ion 29: Seg3 -> Seg6 via J0
    - MOVE   (38218 -> 38232)  ion 29: Seg6 -> Seg4 via J1
    - MERGE  (38232 -> 38312)  ion 29: Seg4 -> T4
[SHUTTLE 137] ion=25  T4 -> T0  route=T4->J1->J0->T0
    - SPLIT  (38352 -> 38472)  ion 25: T4 -> Seg4 (swap_cnt=1, swap_hops=4, ion_hops=0, i1=25, i2=29)
    - MOVE   (38472 -> 38486)  ion 25: Seg4 -> Seg6 via J1
    - MOVE   (38486 -> 38500)  ion 25: Seg6 -> Seg0 via J0
    - MERGE  (38500 -> 38580)  ion 25: Seg0 -> T0
[SHUTTLE 138] ion=26  T1 -> T4  route=T1->J1->T4
    - SPLIT  (38660 -> 38740)  ion 26: T1 -> Seg1 (swap_cnt=0, swap_hops=0, ion_hops=0, i1=0, i2=0)
    - MOVE   (38740 -> 38754)  ion 26: Seg1 -> Seg4 via J1
    - MERGE  (38754 -> 38834)  ion 26: Seg4 -> T4
[SHUTTLE 139] ion=14  T4 -> T3  route=T4->J1->J0->T3
    - SPLIT  (38914 -> 39034)  ion 14: T4 -> Seg4 (swap_cnt=1, swap_hops=7, ion_hops=0, i1=14, i2=26)
    - MOVE   (39034 -> 39048)  ion 14: Seg4 -> Seg6 via J1
    - MOVE   (39048 -> 39062)  ion 14: Seg6 -> Seg3 via J0
    - MERGE  (39062 -> 39142)  ion 14: Seg3 -> T3
[SHUTTLE 140] ion=18  T0 -> T4  route=T0->J0->J1->T4
    - SPLIT  (39182 -> 39302)  ion 18: T0 -> Seg0 (swap_cnt=1, swap_hops=7, ion_hops=0, i1=18, i2=25)
    - MOVE   (39302 -> 39316)  ion 18: Seg0 -> Seg6 via J0
    - MOVE   (39316 -> 39330)  ion 18: Seg6 -> Seg4 via J1
    - MERGE  (39330 -> 39410)  ion 18: Seg4 -> T4
[SHUTTLE 141] ion=15  T4 -> T3  route=T4->J1->J0->T3
    - SPLIT  (39530 -> 39650)  ion 15: T4 -> Seg4 (swap_cnt=1, swap_hops=6, ion_hops=0, i1=15, i2=18)
    - MOVE   (39650 -> 39664)  ion 15: Seg4 -> Seg6 via J1
    - MOVE   (39664 -> 39678)  ion 15: Seg6 -> Seg3 via J0
    - MERGE  (39678 -> 39758)  ion 15: Seg3 -> T3
[SHUTTLE 142] ion=26  T4 -> T0  route=T4->J1->J0->T0
    - SPLIT  (39798 -> 39918)  ion 26: T4 -> Seg4 (swap_cnt=1, swap_hops=1, ion_hops=0, i1=26, i2=18)
    - MOVE   (39918 -> 39932)  ion 26: Seg4 -> Seg6 via J1
    - MOVE   (39932 -> 39946)  ion 26: Seg6 -> Seg0 via J0
    - MERGE  (39946 -> 40026)  ion 26: Seg0 -> T0
[SHUTTLE 143] ion=30  T3 -> T4  route=T3->J0->J1->T4
    - SPLIT  (40146 -> 40266)  ion 30: T3 -> Seg3 (swap_cnt=1, swap_hops=7, ion_hops=0, i1=30, i2=15)
    - MOVE   (40266 -> 40280)  ion 30: Seg3 -> Seg6 via J0
    - MOVE   (40280 -> 40294)  ion 30: Seg6 -> Seg4 via J1
    - MERGE  (40294 -> 40374)  ion 30: Seg4 -> T4
[SHUTTLE 144] ion=19  T0 -> T4  route=T0->J0->J1->T4
    - SPLIT  (40414 -> 40534)  ion 19: T0 -> Seg0 (swap_cnt=1, swap_hops=4, ion_hops=0, i1=19, i2=26)
    - MOVE   (40534 -> 40548)  ion 19: Seg0 -> Seg6 via J0
    - MOVE   (40548 -> 40562)  ion 19: Seg6 -> Seg4 via J1
    - MERGE  (40562 -> 40642)  ion 19: Seg4 -> T4
[SHUTTLE 145] ion=16  T4 -> T3  route=T4->J1->J0->T3
    - SPLIT  (40762 -> 40882)  ion 16: T4 -> Seg4 (swap_cnt=1, swap_hops=5, ion_hops=0, i1=16, i2=19)
    - MOVE   (40882 -> 40896)  ion 16: Seg4 -> Seg6 via J1
    - MOVE   (40896 -> 40910)  ion 16: Seg6 -> Seg3 via J0
    - MERGE  (40910 -> 40990)  ion 16: Seg3 -> T3
[SHUTTLE 146] ion=27  T4 -> T0  route=T4->J1->J0->T0
    - SPLIT  (41030 -> 41150)  ion 27: T4 -> Seg4 (swap_cnt=1, swap_hops=6, ion_hops=0, i1=27, i2=19)
    - MOVE   (41150 -> 41164)  ion 27: Seg4 -> Seg6 via J1
    - MOVE   (41164 -> 41178)  ion 27: Seg6 -> Seg0 via J0
    - MERGE  (41178 -> 41258)  ion 27: Seg0 -> T0
[SHUTTLE 147] ion=31  T3 -> T4  route=T3->J0->J1->T4
    - SPLIT  (41378 -> 41498)  ion 31: T3 -> Seg3 (swap_cnt=1, swap_hops=6, ion_hops=0, i1=31, i2=16)
    - MOVE   (41498 -> 41512)  ion 31: Seg3 -> Seg6 via J0
    - MOVE   (41512 -> 41526)  ion 31: Seg6 -> Seg4 via J1
    - MERGE  (41526 -> 41606)  ion 31: Seg4 -> T4
[SHUTTLE 148] ion=20  T0 -> T4  route=T0->J0->J1->T4
    - SPLIT  (41646 -> 41766)  ion 20: T0 -> Seg0 (swap_cnt=1, swap_hops=3, ion_hops=0, i1=20, i2=27)
    - MOVE   (41766 -> 41780)  ion 20: Seg0 -> Seg6 via J0
    - MOVE   (41780 -> 41794)  ion 20: Seg6 -> Seg4 via J1
    - MERGE  (41794 -> 41874)  ion 20: Seg4 -> T4
[SHUTTLE 149] ion=17  T4 -> T3  route=T4->J1->J0->T3
    - SPLIT  (41994 -> 42114)  ion 17: T4 -> Seg4 (swap_cnt=1, swap_hops=6, ion_hops=0, i1=17, i2=20)
    - MOVE   (42114 -> 42128)  ion 17: Seg4 -> Seg6 via J1
    - MOVE   (42128 -> 42142)  ion 17: Seg6 -> Seg3 via J0
    - MERGE  (42142 -> 42222)  ion 17: Seg3 -> T3
[SHUTTLE 150] ion=28  T4 -> T0  route=T4->J1->J0->T0
    - SPLIT  (42342 -> 42462)  ion 28: T4 -> Seg4 (swap_cnt=1, swap_hops=6, ion_hops=0, i1=28, i2=20)
    - MOVE   (42462 -> 42476)  ion 28: Seg4 -> Seg6 via J1
    - MOVE   (42476 -> 42490)  ion 28: Seg6 -> Seg0 via J0
    - MERGE  (42490 -> 42570)  ion 28: Seg0 -> T0
[SHUTTLE 151] ion=13  T3 -> T4  route=T3->J0->J1->T4
    - SPLIT  (42690 -> 42810)  ion 13: T3 -> Seg3 (swap_cnt=1, swap_hops=4, ion_hops=0, i1=13, i2=17)
    - MOVE   (42810 -> 42824)  ion 13: Seg3 -> Seg6 via J0
    - MOVE   (42824 -> 42838)  ion 13: Seg6 -> Seg4 via J1
    - MERGE  (42838 -> 42918)  ion 13: Seg4 -> T4
[SHUTTLE 152] ion=21  T0 -> T4  route=T0->J0->J1->T4
    - SPLIT  (43038 -> 43158)  ion 21: T0 -> Seg0 (swap_cnt=1, swap_hops=7, ion_hops=0, i1=21, i2=28)
    - MOVE   (43158 -> 43172)  ion 21: Seg0 -> Seg6 via J0
    - MOVE   (43172 -> 43186)  ion 21: Seg6 -> Seg4 via J1
    - MERGE  (43186 -> 43266)  ion 21: Seg4 -> T4
[SHUTTLE 153] ion=19  T4 -> T3  route=T4->J1->J0->T3
    - SPLIT  (43386 -> 43506)  ion 19: T4 -> Seg4 (swap_cnt=1, swap_hops=4, ion_hops=0, i1=19, i2=21)
    - MOVE   (43506 -> 43520)  ion 19: Seg4 -> Seg6 via J1
    - MOVE   (43520 -> 43534)  ion 19: Seg6 -> Seg3 via J0
    - MERGE  (43534 -> 43614)  ion 19: Seg3 -> T3
[SHUTTLE 154] ion=29  T4 -> T0  route=T4->J1->J0->T0
    - SPLIT  (43734 -> 43854)  ion 29: T4 -> Seg4 (swap_cnt=1, swap_hops=6, ion_hops=0, i1=29, i2=21)
    - MOVE   (43854 -> 43868)  ion 29: Seg4 -> Seg6 via J1
    - MOVE   (43868 -> 43882)  ion 29: Seg6 -> Seg0 via J0
    - MERGE  (43882 -> 43962)  ion 29: Seg0 -> T0
[SHUTTLE 155] ion=11  T3 -> T4  route=T3->J0->J1->T4
    - SPLIT  (44082 -> 44202)  ion 11: T3 -> Seg3 (swap_cnt=1, swap_hops=6, ion_hops=0, i1=11, i2=19)
    - MOVE   (44202 -> 44216)  ion 11: Seg3 -> Seg6 via J0
    - MOVE   (44216 -> 44230)  ion 11: Seg6 -> Seg4 via J1
    - MERGE  (44230 -> 44310)  ion 11: Seg4 -> T4
[SHUTTLE 156] ion=22  T0 -> T4  route=T0->J0->J1->T4
    - SPLIT  (44430 -> 44550)  ion 22: T0 -> Seg0 (swap_cnt=1, swap_hops=7, ion_hops=0, i1=22, i2=29)
    - MOVE   (44550 -> 44564)  ion 22: Seg0 -> Seg6 via J0
    - MOVE   (44564 -> 44578)  ion 22: Seg6 -> Seg4 via J1
    - MERGE  (44578 -> 44658)  ion 22: Seg4 -> T4
[SHUTTLE 157] ion=21  T4 -> T3  route=T4->J1->J0->T3
    - SPLIT  (44778 -> 44898)  ion 21: T4 -> Seg4 (swap_cnt=1, swap_hops=2, ion_hops=0, i1=21, i2=22)
    - MOVE   (44898 -> 44912)  ion 21: Seg4 -> Seg6 via J1
    - MOVE   (44912 -> 44926)  ion 21: Seg6 -> Seg3 via J0
    - MERGE  (44926 -> 45006)  ion 21: Seg3 -> T3
[SHUTTLE 158] ion=30  T4 -> T0  route=T4->J1->J0->T0
    - SPLIT  (45126 -> 45246)  ion 30: T4 -> Seg4 (swap_cnt=1, swap_hops=5, ion_hops=0, i1=30, i2=22)
    - MOVE   (45246 -> 45260)  ion 30: Seg4 -> Seg6 via J1
    - MOVE   (45260 -> 45274)  ion 30: Seg6 -> Seg0 via J0
    - MERGE  (45274 -> 45354)  ion 30: Seg0 -> T0
[SHUTTLE 159] ion=22  T4 -> T1  route=T4->J1->T1
    - SPLIT  (45474 -> 45554)  ion 22: T4 -> Seg4 (swap_cnt=0, swap_hops=0, ion_hops=0, i1=0, i2=0)
    - MOVE   (45554 -> 45568)  ion 22: Seg4 -> Seg1 via J1
    - MERGE  (45568 -> 45648)  ion 22: Seg1 -> T1
[SHUTTLE 160] ion=23  T0 -> T4  route=T0->J0->J1->T4
    - SPLIT  (45768 -> 45888)  ion 23: T0 -> Seg0 (swap_cnt=1, swap_hops=7, ion_hops=0, i1=23, i2=30)
    - MOVE   (45888 -> 45902)  ion 23: Seg0 -> Seg6 via J0
    - MOVE   (45902 -> 45916)  ion 23: Seg6 -> Seg4 via J1
    - MERGE  (45916 -> 45996)  ion 23: Seg4 -> T4
[SHUTTLE 161] ion=23  T4 -> T1  route=T4->J1->T1
    - SPLIT  (46076 -> 46156)  ion 23: T4 -> Seg4 (swap_cnt=0, swap_hops=0, ion_hops=0, i1=0, i2=0)
    - MOVE   (46156 -> 46170)  ion 23: Seg4 -> Seg1 via J1
    - MERGE  (46170 -> 46250)  ion 23: Seg1 -> T1
[SHUTTLE 162] ion=31  T4 -> T0  route=T4->J1->J0->T0
    - SPLIT  (46370 -> 46490)  ion 31: T4 -> Seg4 (swap_cnt=1, swap_hops=3, ion_hops=0, i1=31, i2=11)
    - MOVE   (46490 -> 46504)  ion 31: Seg4 -> Seg6 via J1
    - MOVE   (46504 -> 46518)  ion 31: Seg6 -> Seg0 via J0
    - MERGE  (46518 -> 46598)  ion 31: Seg0 -> T0
[SHUTTLE 163] ion=24  T0 -> T1  route=T0->J0->J1->T1
    - SPLIT  (46718 -> 46838)  ion 24: T0 -> Seg0 (swap_cnt=1, swap_hops=7, ion_hops=0, i1=24, i2=31)
    - MOVE   (46838 -> 46852)  ion 24: Seg0 -> Seg6 via J0
    - MOVE   (46852 -> 46866)  ion 24: Seg6 -> Seg1 via J1
    - MERGE  (46866 -> 46946)  ion 24: Seg1 -> T1
[SHUTTLE 164] ion=25  T0 -> T2  route=T0->J0->J1->J2->T2
    - SPLIT  (47066 -> 47186)  ion 25: T0 -> Seg0 (swap_cnt=1, swap_hops=6, ion_hops=0, i1=25, i2=31)
    - MOVE   (47186 -> 47200)  ion 25: Seg0 -> Seg6 via J0
    - MOVE   (47200 -> 47214)  ion 25: Seg6 -> Seg7 via J1
    - MOVE   (47214 -> 47228)  ion 25: Seg7 -> Seg2 via J2
    - MERGE  (47228 -> 47308)  ion 25: Seg2 -> T2
[SHUTTLE 165] ion=5  T2 -> T0  route=T2->J2->J1->J0->T0
    - SPLIT  (47428 -> 47548)  ion 5: T2 -> Seg2 (swap_cnt=1, swap_hops=2, ion_hops=0, i1=5, i2=25)
    - MOVE   (47548 -> 47562)  ion 5: Seg2 -> Seg7 via J2
    - MOVE   (47562 -> 47576)  ion 5: Seg7 -> Seg6 via J1
    - MOVE   (47576 -> 47590)  ion 5: Seg6 -> Seg0 via J0
    - MERGE  (47590 -> 47670)  ion 5: Seg0 -> T0
[SHUTTLE 166] ion=27  T0 -> T2  route=T0->J0->J1->J2->T2
    - SPLIT  (47790 -> 47910)  ion 27: T0 -> Seg0 (swap_cnt=1, swap_hops=5, ion_hops=0, i1=27, i2=5)
    - MOVE   (47910 -> 47924)  ion 27: Seg0 -> Seg6 via J0
    - MOVE   (47924 -> 47938)  ion 27: Seg6 -> Seg7 via J1
    - MOVE   (47938 -> 47952)  ion 27: Seg7 -> Seg2 via J2
    - MERGE  (47952 -> 48032)  ion 27: Seg2 -> T2
[SHUTTLE 167] ion=3  T2 -> T0  route=T2->J2->J1->J0->T0
    - SPLIT  (48152 -> 48272)  ion 3: T2 -> Seg2 (swap_cnt=1, swap_hops=4, ion_hops=0, i1=3, i2=27)
    - MOVE   (48272 -> 48286)  ion 3: Seg2 -> Seg7 via J2
    - MOVE   (48286 -> 48300)  ion 3: Seg7 -> Seg6 via J1
    - MOVE   (48300 -> 48314)  ion 3: Seg6 -> Seg0 via J0
    - MERGE  (48314 -> 48394)  ion 3: Seg0 -> T0
[SHUTTLE 168] ion=29  T0 -> T2  route=T0->J0->J1->J2->T2
    - SPLIT  (48514 -> 48634)  ion 29: T0 -> Seg0 (swap_cnt=1, swap_hops=4, ion_hops=0, i1=29, i2=3)
    - MOVE   (48634 -> 48648)  ion 29: Seg0 -> Seg6 via J0
    - MOVE   (48648 -> 48662)  ion 29: Seg6 -> Seg7 via J1
    - MOVE   (48662 -> 48676)  ion 29: Seg7 -> Seg2 via J2
    - MERGE  (48676 -> 48756)  ion 29: Seg2 -> T2
[SHUTTLE 169] ion=1  T1 -> T0  route=T1->J1->J0->T0
    - SPLIT  (48876 -> 48996)  ion 1: T1 -> Seg1 (swap_cnt=1, swap_hops=6, ion_hops=0, i1=1, i2=24)
    - MOVE   (48996 -> 49010)  ion 1: Seg1 -> Seg6 via J1
    - MOVE   (49010 -> 49024)  ion 1: Seg6 -> Seg0 via J0
    - MERGE  (49024 -> 49104)  ion 1: Seg0 -> T0
[SHUTTLE 170] ion=31  T0 -> T2  route=T0->J0->J1->J2->T2
    - SPLIT  (49224 -> 49344)  ion 31: T0 -> Seg0 (swap_cnt=1, swap_hops=3, ion_hops=0, i1=31, i2=1)
    - MOVE   (49344 -> 49358)  ion 31: Seg0 -> Seg6 via J0
    - MOVE   (49358 -> 49372)  ion 31: Seg6 -> Seg7 via J1
    - MOVE   (49372 -> 49386)  ion 31: Seg7 -> Seg2 via J2
    - MERGE  (49386 -> 49466)  ion 31: Seg2 -> T2
SplitSWAP: 154
SchedulerFiredShuttle: 171
ReportedTotalShuttle: 171
----------------
