Simulation
Program:           programs\SQRT30.qasm
Machine:           G2x3
Model:             MUSS_Params
Ions/Region:       8
Mapper:            SABRE
Reorder:           Naive
SerialTrap:        1
SerialComm:        1
SerialAll:         1
GateType:          FM
SwapType:          PaperSwapDirect
Scheduler Family:  MUSS
Scheduler Version: V4
Analyzer Mode:     PAPER
Arch Scale:        SMALL
parse object map:
{4: [21, 25], 5: [22, 27], 6: [23, 25], 7: [23, 26], 8: [24, 27], 9: [24, 28], 17: [25, 26], 18: [0, 25], 19: [26, 0], 22: [26, 25], 25: [0, 25], 26: [26, 0], 27: [25, 26], 33: [27, 0], 34: [1, 27], 35: [0, 1], 38: [0, 27], 41: [1, 27], 42: [0, 1], 43: [27, 0], 49: [28, 1], 50: [2, 28], 51: [1, 2], 54: [1, 28], 57: [2, 28], 58: [1, 2], 59: [28, 1], 66: [28, 1], 67: [2, 28], 68: [1, 2], 71: [1, 28], 74: [2, 28], 75: [1, 2], 76: [28, 1], 82: [27, 0], 83: [1, 27], 84: [0, 1], 87: [0, 27], 90: [1, 27], 91: [0, 1], 92: [27, 0], 98: [25, 26], 99: [0, 25], 100: [26, 0], 103: [26, 25], 106: [0, 25], 107: [26, 0], 108: [25, 26], 113: [21, 25], 114: [22, 27], 115: [23, 25], 116: [23, 26], 117: [24, 27], 118: [24, 28], 131: [21, 22], 132: [9, 21], 133: [22, 9], 136: [22, 21], 139: [9, 21], 140: [22, 9], 141: [21, 22], 147: [23, 9], 148: [10, 23], 149: [9, 10], 152: [9, 23], 155: [10, 23], 156: [9, 10], 157: [23, 9], 163: [24, 10], 164: [11, 24], 165: [10, 11], 168: [10, 24], 171: [11, 24], 172: [10, 11], 173: [24, 10], 180: [24, 10], 181: [11, 24], 182: [10, 11], 185: [10, 24], 188: [11, 24], 189: [10, 11], 190: [24, 10], 196: [23, 9], 197: [10, 23], 198: [9, 10], 201: [9, 23], 204: [10, 23], 205: [9, 10], 206: [23, 9], 212: [21, 22], 213: [9, 21], 214: [22, 9], 217: [22, 21], 220: [9, 21], 221: [22, 9], 222: [21, 22], 232: [21, 25], 233: [22, 27], 234: [23, 25], 235: [23, 26], 236: [24, 27], 237: [24, 28], 245: [25, 26], 246: [3, 25], 247: [26, 3], 250: [26, 25], 253: [3, 25], 254: [26, 3], 255: [25, 26], 261: [27, 3], 262: [4, 27], 263: [3, 4], 266: [3, 27], 269: [4, 27], 270: [3, 4], 271: [27, 3], 277: [28, 4], 278: [5, 28], 279: [4, 5], 282: [4, 28], 285: [5, 28], 286: [4, 5], 287: [28, 4], 294: [28, 4], 295: [5, 28], 296: [4, 5], 299: [4, 28], 302: [5, 28], 303: [4, 5], 304: [28, 4], 310: [27, 3], 311: [4, 27], 312: [3, 4], 315: [3, 27], 318: [4, 27], 319: [3, 4], 320: [27, 3], 326: [25, 26], 327: [3, 25], 328: [26, 3], 331: [26, 25], 334: [3, 25], 335: [26, 3], 336: [25, 26], 341: [21, 25], 342: [22, 27], 343: [23, 25], 344: [23, 26], 345: [24, 27], 346: [24, 28], 359: [21, 22], 360: [12, 21], 361: [22, 12], 364: [22, 21], 367: [12, 21], 368: [22, 12], 369: [21, 22], 375: [23, 12], 376: [13, 23], 377: [12, 13], 380: [12, 23], 383: [13, 23], 384: [12, 13], 385: [23, 12], 391: [24, 13], 392: [14, 24], 393: [13, 14], 396: [13, 24], 399: [14, 24], 400: [13, 14], 401: [24, 13], 408: [24, 13], 409: [14, 24], 410: [13, 14], 413: [13, 24], 416: [14, 24], 417: [13, 14], 418: [24, 13], 424: [23, 12], 425: [13, 23], 426: [12, 13], 429: [12, 23], 432: [13, 23], 433: [12, 13], 434: [23, 12], 440: [21, 22], 441: [12, 21], 442: [22, 12], 445: [22, 21], 448: [12, 21], 449: [22, 12], 450: [21, 22], 460: [21, 25], 461: [22, 27], 462: [23, 25], 463: [23, 26], 464: [24, 27], 465: [24, 28], 473: [25, 26], 474: [6, 25], 475: [26, 6], 478: [26, 25], 481: [6, 25], 482: [26, 6], 483: [25, 26], 489: [27, 6], 490: [7, 27], 491: [6, 7], 494: [6, 27], 497: [7, 27], 498: [6, 7], 499: [27, 6], 505: [28, 7], 506: [8, 28], 507: [7, 8], 510: [7, 28], 513: [8, 28], 514: [7, 8], 515: [28, 7], 522: [28, 7], 523: [8, 28], 524: [7, 8], 527: [7, 28], 530: [8, 28], 531: [7, 8], 532: [28, 7], 538: [27, 6], 539: [7, 27], 540: [6, 7], 543: [6, 27], 546: [7, 27], 547: [6, 7], 548: [27, 6], 554: [25, 26], 555: [6, 25], 556: [26, 6], 559: [26, 25], 562: [6, 25], 563: [26, 6], 564: [25, 26], 569: [21, 25], 570: [22, 27], 571: [23, 25], 572: [23, 26], 573: [24, 27], 574: [24, 28], 587: [21, 22], 588: [15, 21], 589: [22, 15], 592: [22, 21], 595: [15, 21], 596: [22, 15], 597: [21, 22], 603: [23, 15], 604: [16, 23], 605: [15, 16], 608: [15, 23], 611: [16, 23], 612: [15, 16], 613: [23, 15], 619: [24, 16], 620: [17, 24], 621: [16, 17], 624: [16, 24], 627: [17, 24], 628: [16, 17], 629: [24, 16], 636: [24, 16], 637: [17, 24], 638: [16, 17], 641: [16, 24], 644: [17, 24], 645: [16, 17], 646: [24, 16], 652: [23, 15], 653: [16, 23], 654: [15, 16], 657: [15, 23], 660: [16, 23], 661: [15, 16], 662: [23, 15], 668: [21, 22], 669: [15, 21], 670: [22, 15], 673: [22, 21], 676: [15, 21], 677: [22, 15], 678: [21, 22], 688: [21, 25], 689: [22, 27], 690: [23, 25], 691: [23, 26], 692: [24, 27], 693: [24, 28], 701: [25, 26], 702: [18, 25], 703: [26, 18], 706: [26, 25], 709: [18, 25], 710: [26, 18], 711: [25, 26], 717: [27, 18], 718: [19, 27], 719: [18, 19], 722: [18, 27], 725: [19, 27], 726: [18, 19], 727: [27, 18], 733: [28, 19], 734: [20, 28], 735: [19, 20], 738: [19, 28], 741: [20, 28], 742: [19, 20], 743: [28, 19], 745: [20, 29], 750: [28, 19], 751: [20, 28], 752: [19, 20], 755: [19, 28], 758: [20, 28], 759: [19, 20], 760: [28, 19], 766: [27, 18], 767: [19, 27], 768: [18, 19], 771: [18, 27], 774: [19, 27], 775: [18, 19], 776: [27, 18], 782: [25, 26], 783: [18, 25], 784: [26, 18], 787: [26, 25], 790: [18, 25], 791: [26, 18], 792: [25, 26]}
parse object graph:
DiGraph with 802 nodes and 1109 edges
ˇú Using SABRE6 mapper (matches muss_schedule4 improved version)
SABRE (Overload+MaxFlow+Chain+Urgency): Starting optimization...
SABRE: Optimization Done. Best Cost (Overloaded): 125
SABRE: Legalizing using Min-Cost Max-Flow (distance + convex chain + urgency)...
init_qubit_layout:
{0: [1, 11, 12, 15, 24, 26, 28], 1: [2, 5, 6, 13, 16, 18], 2: [0, 4, 8, 14, 20, 23, 29], 3: [3, 7, 9, 10, 21, 22, 25, 27], 4: [17], 5: [19]}
Using MUSS Scheduler (V4) with SABRE Mapping
ˇú muss_schedule4.py new_vision
Analyzer shuttle mode: aggregate (detected shuttle_id annotations)
Analyzer mode: paper
Program Finish Time: 34496 us
OPCOUNTS Gate: 802 Split: 99 Move: 207 Merge: 99

Two-qubit gate chain statistics
Mean: 7.4777448071216615 Max: 8.0
Fidelity: 9.795431264451765e-12

Shuttle count summary
  logical_shuttle_count      = 99   # High-level shuttle count aggregated by shuttle_id (same as old total_shuttle semantics)
  physical_shuttle_leg_count = 99   # Most faithful to the paper: each complete trap-to-trap split+move+merge segment counts as 1 shuttle
  split_count                = 99   # Number of low-level split operations
  merge_count                = 99   # Number of low-level merge operations
  move_count                 = 207   # Number of low-level move operations
[DBG SUMMARY] gates=802  gate_mult=1.63598e-11  avg_gate_nbar=45.8503
[DBG SUMMARY] logical_shuttles=99  shuttle_mult=0.59875  min_shuttle=0.9935
[DBG SUMMARY] worst_B: Trap 3 -> 0.941200 (heat_state=60.600000, alpha_bg=0.001, move_bg_fraction=0.0, model=exp)

========== ANALYSIS RESULT ==========
{'fidelity': 9.795431264451765e-12, 'total_shuttle': 99, 'logical_shuttle_count': 99, 'physical_shuttle_leg_count': 99, 'split_count': 99, 'merge_count': 99, 'move_count': 207, 'time': 34496}

========== SHUTTLE TRACE ==========
[SHUTTLE 0] ion=25  T3 -> T2  route=T3->J0->J1->J2->T2
    - SPLIT  (40 -> 160)  ion 25: T3 -> Seg3 (swap_cnt=1, swap_hops=6, ion_hops=0, i1=25, i2=3)
    - MOVE   (160 -> 174)  ion 25: Seg3 -> Seg6 via J0
    - MOVE   (174 -> 188)  ion 25: Seg6 -> Seg7 via J1
    - MOVE   (188 -> 202)  ion 25: Seg7 -> Seg2 via J2
    - MERGE  (202 -> 282)  ion 25: Seg2 -> T2
[SHUTTLE 1] ion=27  T3 -> T0  route=T3->J0->T0
    - SPLIT  (322 -> 442)  ion 27: T3 -> Seg3 (swap_cnt=1, swap_hops=6, ion_hops=0, i1=27, i2=3)
    - MOVE   (442 -> 456)  ion 27: Seg3 -> Seg0 via J0
    - MERGE  (456 -> 536)  ion 27: Seg0 -> T0
[SHUTTLE 2] ion=15  T0 -> T3  route=T0->J0->T3
    - SPLIT  (616 -> 736)  ion 15: T0 -> Seg0 (swap_cnt=1, swap_hops=4, ion_hops=0, i1=15, i2=27)
    - MOVE   (736 -> 750)  ion 15: Seg0 -> Seg3 via J0
    - MERGE  (750 -> 830)  ion 15: Seg3 -> T3
[SHUTTLE 3] ion=29  T2 -> T1  route=T2->J2->J1->T1
    - SPLIT  (830 -> 950)  ion 29: T2 -> Seg2 (swap_cnt=1, swap_hops=1, ion_hops=0, i1=29, i2=25)
    - MOVE   (950 -> 964)  ion 29: Seg2 -> Seg7 via J2
    - MOVE   (964 -> 978)  ion 29: Seg7 -> Seg1 via J1
    - MERGE  (978 -> 1058)  ion 29: Seg1 -> T1
[SHUTTLE 4] ion=26  T0 -> T2  route=T0->J0->J1->J2->T2
    - SPLIT  (1058 -> 1178)  ion 26: T0 -> Seg0 (swap_cnt=1, swap_hops=2, ion_hops=0, i1=26, i2=27)
    - MOVE   (1178 -> 1192)  ion 26: Seg0 -> Seg6 via J0
    - MOVE   (1192 -> 1206)  ion 26: Seg6 -> Seg7 via J1
    - MOVE   (1206 -> 1220)  ion 26: Seg7 -> Seg2 via J2
    - MERGE  (1220 -> 1300)  ion 26: Seg2 -> T2
[SHUTTLE 5] ion=0  T2 -> T0  route=T2->J2->J1->J0->T0
    - SPLIT  (1660 -> 1780)  ion 0: T2 -> Seg2 (swap_cnt=1, swap_hops=7, ion_hops=0, i1=0, i2=26)
    - MOVE   (1780 -> 1794)  ion 0: Seg2 -> Seg7 via J2
    - MOVE   (1794 -> 1808)  ion 0: Seg7 -> Seg6 via J1
    - MOVE   (1808 -> 1822)  ion 0: Seg6 -> Seg0 via J0
    - MERGE  (1822 -> 1902)  ion 0: Seg0 -> T0
[SHUTTLE 6] ion=2  T1 -> T0  route=T1->J1->J0->T0
    - SPLIT  (2222 -> 2342)  ion 2: T1 -> Seg1 (swap_cnt=1, swap_hops=6, ion_hops=0, i1=2, i2=29)
    - MOVE   (2342 -> 2356)  ion 2: Seg1 -> Seg6 via J1
    - MOVE   (2356 -> 2370)  ion 2: Seg6 -> Seg0 via J0
    - MERGE  (2370 -> 2450)  ion 2: Seg0 -> T0
[SHUTTLE 7] ion=27  T0 -> T3  route=T0->J0->T3
    - SPLIT  (3210 -> 3330)  ion 27: T0 -> Seg0 (swap_cnt=1, swap_hops=2, ion_hops=0, i1=27, i2=2)
    - MOVE   (3330 -> 3344)  ion 27: Seg0 -> Seg3 via J0
    - MERGE  (3344 -> 3424)  ion 27: Seg3 -> T3
[SHUTTLE 8] ion=0  T0 -> T2  route=T0->J0->J1->J2->T2
    - SPLIT  (3464 -> 3584)  ion 0: T0 -> Seg0 (swap_cnt=1, swap_hops=1, ion_hops=0, i1=0, i2=2)
    - MOVE   (3584 -> 3598)  ion 0: Seg0 -> Seg6 via J0
    - MOVE   (3598 -> 3612)  ion 0: Seg6 -> Seg7 via J1
    - MOVE   (3612 -> 3626)  ion 0: Seg7 -> Seg2 via J2
    - MERGE  (3626 -> 3706)  ion 0: Seg2 -> T2
[SHUTTLE 9] ion=27  T3 -> T0  route=T3->J0->T0
    - SPLIT  (3786 -> 3866)  ion 27: T3 -> Seg3 (swap_cnt=0, swap_hops=0, ion_hops=0, i1=0, i2=0)
    - MOVE   (3866 -> 3880)  ion 27: Seg3 -> Seg0 via J0
    - MERGE  (3880 -> 3960)  ion 27: Seg0 -> T0
[SHUTTLE 10] ion=25  T2 -> T3  route=T2->J2->J1->J0->T3
    - SPLIT  (4040 -> 4160)  ion 25: T2 -> Seg2 (swap_cnt=1, swap_hops=2, ion_hops=0, i1=25, i2=0)
    - MOVE   (4160 -> 4174)  ion 25: Seg2 -> Seg7 via J2
    - MOVE   (4174 -> 4188)  ion 25: Seg7 -> Seg6 via J1
    - MOVE   (4188 -> 4202)  ion 25: Seg6 -> Seg3 via J0
    - MERGE  (4202 -> 4282)  ion 25: Seg3 -> T3
[SHUTTLE 11] ion=25  T3 -> T2  route=T3->J0->J1->J2->T2
    - SPLIT  (4322 -> 4402)  ion 25: T3 -> Seg3 (swap_cnt=0, swap_hops=0, ion_hops=0, i1=0, i2=0)
    - MOVE   (4402 -> 4416)  ion 25: Seg3 -> Seg6 via J0
    - MOVE   (4416 -> 4430)  ion 25: Seg6 -> Seg7 via J1
    - MOVE   (4430 -> 4444)  ion 25: Seg7 -> Seg2 via J2
    - MERGE  (4444 -> 4524)  ion 25: Seg2 -> T2
[SHUTTLE 12] ion=23  T2 -> T3  route=T2->J2->J1->J0->T3
    - SPLIT  (4642 -> 4762)  ion 23: T2 -> Seg2 (swap_cnt=1, swap_hops=3, ion_hops=0, i1=23, i2=25)
    - MOVE   (4762 -> 4776)  ion 23: Seg2 -> Seg7 via J2
    - MOVE   (4776 -> 4790)  ion 23: Seg7 -> Seg6 via J1
    - MOVE   (4790 -> 4804)  ion 23: Seg6 -> Seg3 via J0
    - MERGE  (4804 -> 4884)  ion 23: Seg3 -> T3
[SHUTTLE 13] ion=10  T3 -> T0  route=T3->J0->T0
    - SPLIT  (5204 -> 5324)  ion 10: T3 -> Seg3 (swap_cnt=1, swap_hops=5, ion_hops=0, i1=10, i2=23)
    - MOVE   (5324 -> 5338)  ion 10: Seg3 -> Seg0 via J0
    - MERGE  (5338 -> 5418)  ion 10: Seg0 -> T0
[SHUTTLE 14] ion=10  T0 -> T3  route=T0->J0->T3
    - SPLIT  (5978 -> 6058)  ion 10: T0 -> Seg0 (swap_cnt=0, swap_hops=0, ion_hops=0, i1=0, i2=0)
    - MOVE   (6058 -> 6072)  ion 10: Seg0 -> Seg3 via J0
    - MERGE  (6072 -> 6152)  ion 10: Seg3 -> T3
[SHUTTLE 15] ion=21  T3 -> T2  route=T3->J0->J1->J2->T2
    - SPLIT  (6632 -> 6752)  ion 21: T3 -> Seg3 (swap_cnt=1, swap_hops=6, ion_hops=0, i1=21, i2=10)
    - MOVE   (6752 -> 6766)  ion 21: Seg3 -> Seg6 via J0
    - MOVE   (6766 -> 6780)  ion 21: Seg6 -> Seg7 via J1
    - MOVE   (6780 -> 6794)  ion 21: Seg7 -> Seg2 via J2
    - MERGE  (6794 -> 6874)  ion 21: Seg2 -> T2
[SHUTTLE 16] ion=22  T3 -> T0  route=T3->J0->T0
    - SPLIT  (6914 -> 7034)  ion 22: T3 -> Seg3 (swap_cnt=1, swap_hops=6, ion_hops=0, i1=22, i2=10)
    - MOVE   (7034 -> 7048)  ion 22: Seg3 -> Seg0 via J0
    - MERGE  (7048 -> 7128)  ion 22: Seg0 -> T0
[SHUTTLE 17] ion=25  T2 -> T3  route=T2->J2->J1->J0->T3
    - SPLIT  (7248 -> 7368)  ion 25: T2 -> Seg2 (swap_cnt=1, swap_hops=1, ion_hops=0, i1=25, i2=21)
    - MOVE   (7368 -> 7382)  ion 25: Seg2 -> Seg7 via J2
    - MOVE   (7382 -> 7396)  ion 25: Seg7 -> Seg6 via J1
    - MOVE   (7396 -> 7410)  ion 25: Seg6 -> Seg3 via J0
    - MERGE  (7410 -> 7490)  ion 25: Seg3 -> T3
[SHUTTLE 18] ion=26  T2 -> T3  route=T2->J2->J1->J0->T3
    - SPLIT  (7530 -> 7650)  ion 26: T2 -> Seg2 (swap_cnt=1, swap_hops=2, ion_hops=0, i1=26, i2=21)
    - MOVE   (7650 -> 7664)  ion 26: Seg2 -> Seg7 via J2
    - MOVE   (7664 -> 7678)  ion 26: Seg7 -> Seg6 via J1
    - MOVE   (7678 -> 7692)  ion 26: Seg6 -> Seg3 via J0
    - MERGE  (7692 -> 7772)  ion 26: Seg3 -> T3
[SHUTTLE 19] ion=1  T0 -> T1  route=T0->J0->J1->T1
    - SPLIT  (8132 -> 8252)  ion 1: T0 -> Seg0 (swap_cnt=1, swap_hops=7, ion_hops=0, i1=1, i2=22)
    - MOVE   (8252 -> 8266)  ion 1: Seg0 -> Seg6 via J0
    - MOVE   (8266 -> 8280)  ion 1: Seg6 -> Seg1 via J1
    - MERGE  (8280 -> 8360)  ion 1: Seg1 -> T1
[SHUTTLE 20] ion=10  T3 -> T2  route=T3->J0->J1->J2->T2
    - SPLIT  (8360 -> 8480)  ion 10: T3 -> Seg3 (swap_cnt=1, swap_hops=2, ion_hops=0, i1=10, i2=26)
    - MOVE   (8480 -> 8494)  ion 10: Seg3 -> Seg6 via J0
    - MOVE   (8494 -> 8508)  ion 10: Seg6 -> Seg7 via J1
    - MOVE   (8508 -> 8522)  ion 10: Seg7 -> Seg2 via J2
    - MERGE  (8522 -> 8602)  ion 10: Seg2 -> T2
[SHUTTLE 21] ion=3  T3 -> T0  route=T3->J0->T0
    - SPLIT  (8602 -> 8722)  ion 3: T3 -> Seg3 (swap_cnt=1, swap_hops=4, ion_hops=0, i1=3, i2=26)
    - MOVE   (8722 -> 8736)  ion 3: Seg3 -> Seg0 via J0
    - MERGE  (8736 -> 8816)  ion 3: Seg0 -> T0
[SHUTTLE 22] ion=27  T0 -> T2  route=T0->J0->J1->J2->T2
    - SPLIT  (8856 -> 8976)  ion 27: T0 -> Seg0 (swap_cnt=1, swap_hops=2, ion_hops=0, i1=27, i2=3)
    - MOVE   (8976 -> 8990)  ion 27: Seg0 -> Seg6 via J0
    - MOVE   (8990 -> 9004)  ion 27: Seg6 -> Seg7 via J1
    - MOVE   (9004 -> 9018)  ion 27: Seg7 -> Seg2 via J2
    - MERGE  (9018 -> 9098)  ion 27: Seg2 -> T2
[SHUTTLE 23] ion=4  T2 -> T0  route=T2->J2->J1->J0->T0
    - SPLIT  (9138 -> 9258)  ion 4: T2 -> Seg2 (swap_cnt=1, swap_hops=7, ion_hops=0, i1=4, i2=27)
    - MOVE   (9258 -> 9272)  ion 4: Seg2 -> Seg7 via J2
    - MOVE   (9272 -> 9286)  ion 4: Seg7 -> Seg6 via J1
    - MOVE   (9286 -> 9300)  ion 4: Seg6 -> Seg0 via J0
    - MERGE  (9300 -> 9380)  ion 4: Seg0 -> T0
[SHUTTLE 24] ion=3  T0 -> T2  route=T0->J0->J1->J2->T2
    - SPLIT  (9420 -> 9540)  ion 3: T0 -> Seg0 (swap_cnt=1, swap_hops=1, ion_hops=0, i1=3, i2=4)
    - MOVE   (9540 -> 9554)  ion 3: Seg0 -> Seg6 via J0
    - MOVE   (9554 -> 9568)  ion 3: Seg6 -> Seg7 via J1
    - MOVE   (9568 -> 9582)  ion 3: Seg7 -> Seg2 via J2
    - MERGE  (9582 -> 9662)  ion 3: Seg2 -> T2
[SHUTTLE 25] ion=27  T2 -> T0  route=T2->J2->J1->J0->T0
    - SPLIT  (9702 -> 9822)  ion 27: T2 -> Seg2 (swap_cnt=1, swap_hops=1, ion_hops=0, i1=27, i2=3)
    - MOVE   (9822 -> 9836)  ion 27: Seg2 -> Seg7 via J2
    - MOVE   (9836 -> 9850)  ion 27: Seg7 -> Seg6 via J1
    - MOVE   (9850 -> 9864)  ion 27: Seg6 -> Seg0 via J0
    - MERGE  (9864 -> 9944)  ion 27: Seg0 -> T0
[SHUTTLE 26] ion=4  T0 -> T2  route=T0->J0->J1->J2->T2
    - SPLIT  (9984 -> 10104)  ion 4: T0 -> Seg0 (swap_cnt=1, swap_hops=1, ion_hops=0, i1=4, i2=27)
    - MOVE   (10104 -> 10118)  ion 4: Seg0 -> Seg6 via J0
    - MOVE   (10118 -> 10132)  ion 4: Seg6 -> Seg7 via J1
    - MOVE   (10132 -> 10146)  ion 4: Seg7 -> Seg2 via J2
    - MERGE  (10146 -> 10226)  ion 4: Seg2 -> T2
[SHUTTLE 27] ion=3  T2 -> T0  route=T2->J2->J1->J0->T0
    - SPLIT  (10266 -> 10386)  ion 3: T2 -> Seg2 (swap_cnt=1, swap_hops=1, ion_hops=0, i1=3, i2=4)
    - MOVE   (10386 -> 10400)  ion 3: Seg2 -> Seg7 via J2
    - MOVE   (10400 -> 10414)  ion 3: Seg7 -> Seg6 via J1
    - MOVE   (10414 -> 10428)  ion 3: Seg6 -> Seg0 via J0
    - MERGE  (10428 -> 10508)  ion 3: Seg0 -> T0
[SHUTTLE 28] ion=28  T0 -> T2  route=T0->J0->J1->J2->T2
    - SPLIT  (10588 -> 10708)  ion 28: T0 -> Seg0 (swap_cnt=1, swap_hops=4, ion_hops=0, i1=28, i2=3)
    - MOVE   (10708 -> 10722)  ion 28: Seg0 -> Seg6 via J0
    - MOVE   (10722 -> 10736)  ion 28: Seg6 -> Seg7 via J1
    - MOVE   (10736 -> 10750)  ion 28: Seg7 -> Seg2 via J2
    - MERGE  (10750 -> 10830)  ion 28: Seg2 -> T2
[SHUTTLE 29] ion=28  T2 -> T1  route=T2->J2->J1->T1
    - SPLIT  (10870 -> 10950)  ion 28: T2 -> Seg2 (swap_cnt=0, swap_hops=0, ion_hops=0, i1=0, i2=0)
    - MOVE   (10950 -> 10964)  ion 28: Seg2 -> Seg7 via J2
    - MOVE   (10964 -> 10978)  ion 28: Seg7 -> Seg1 via J1
    - MERGE  (10978 -> 11058)  ion 28: Seg1 -> T1
[SHUTTLE 30] ion=5  T1 -> T2  route=T1->J1->J2->T2
    - SPLIT  (11098 -> 11218)  ion 5: T1 -> Seg1 (swap_cnt=1, swap_hops=7, ion_hops=0, i1=5, i2=28)
    - MOVE   (11218 -> 11232)  ion 5: Seg1 -> Seg7 via J1
    - MOVE   (11232 -> 11246)  ion 5: Seg7 -> Seg2 via J2
    - MERGE  (11246 -> 11326)  ion 5: Seg2 -> T2
[SHUTTLE 31] ion=4  T2 -> T1  route=T2->J2->J1->T1
    - SPLIT  (11366 -> 11486)  ion 4: T2 -> Seg2 (swap_cnt=1, swap_hops=1, ion_hops=0, i1=4, i2=5)
    - MOVE   (11486 -> 11500)  ion 4: Seg2 -> Seg7 via J2
    - MOVE   (11500 -> 11514)  ion 4: Seg7 -> Seg1 via J1
    - MERGE  (11514 -> 11594)  ion 4: Seg1 -> T1
[SHUTTLE 32] ion=28  T1 -> T2  route=T1->J1->J2->T2
    - SPLIT  (11634 -> 11754)  ion 28: T1 -> Seg1 (swap_cnt=1, swap_hops=1, ion_hops=0, i1=28, i2=4)
    - MOVE   (11754 -> 11768)  ion 28: Seg1 -> Seg7 via J1
    - MOVE   (11768 -> 11782)  ion 28: Seg7 -> Seg2 via J2
    - MERGE  (11782 -> 11862)  ion 28: Seg2 -> T2
[SHUTTLE 33] ion=5  T2 -> T1  route=T2->J2->J1->T1
    - SPLIT  (11902 -> 12022)  ion 5: T2 -> Seg2 (swap_cnt=1, swap_hops=1, ion_hops=0, i1=5, i2=28)
    - MOVE   (12022 -> 12036)  ion 5: Seg2 -> Seg7 via J2
    - MOVE   (12036 -> 12050)  ion 5: Seg7 -> Seg1 via J1
    - MERGE  (12050 -> 12130)  ion 5: Seg1 -> T1
[SHUTTLE 34] ion=4  T1 -> T2  route=T1->J1->J2->T2
    - SPLIT  (12170 -> 12290)  ion 4: T1 -> Seg1 (swap_cnt=1, swap_hops=1, ion_hops=0, i1=4, i2=5)
    - MOVE   (12290 -> 12304)  ion 4: Seg1 -> Seg7 via J1
    - MOVE   (12304 -> 12318)  ion 4: Seg7 -> Seg2 via J2
    - MERGE  (12318 -> 12398)  ion 4: Seg2 -> T2
[SHUTTLE 35] ion=28  T2 -> T1  route=T2->J2->J1->T1
    - SPLIT  (12478 -> 12598)  ion 28: T2 -> Seg2 (swap_cnt=1, swap_hops=1, ion_hops=0, i1=28, i2=4)
    - MOVE   (12598 -> 12612)  ion 28: Seg2 -> Seg7 via J2
    - MOVE   (12612 -> 12626)  ion 28: Seg7 -> Seg1 via J1
    - MERGE  (12626 -> 12706)  ion 28: Seg1 -> T1
[SHUTTLE 36] ion=5  T1 -> T2  route=T1->J1->J2->T2
    - SPLIT  (12746 -> 12866)  ion 5: T1 -> Seg1 (swap_cnt=1, swap_hops=1, ion_hops=0, i1=5, i2=28)
    - MOVE   (12866 -> 12880)  ion 5: Seg1 -> Seg7 via J1
    - MOVE   (12880 -> 12894)  ion 5: Seg7 -> Seg2 via J2
    - MERGE  (12894 -> 12974)  ion 5: Seg2 -> T2
[SHUTTLE 37] ion=4  T2 -> T1  route=T2->J2->J1->T1
    - SPLIT  (13014 -> 13134)  ion 4: T2 -> Seg2 (swap_cnt=1, swap_hops=1, ion_hops=0, i1=4, i2=5)
    - MOVE   (13134 -> 13148)  ion 4: Seg2 -> Seg7 via J2
    - MOVE   (13148 -> 13162)  ion 4: Seg7 -> Seg1 via J1
    - MERGE  (13162 -> 13242)  ion 4: Seg1 -> T1
[SHUTTLE 38] ion=28  T1 -> T2  route=T1->J1->J2->T2
    - SPLIT  (13282 -> 13402)  ion 28: T1 -> Seg1 (swap_cnt=1, swap_hops=1, ion_hops=0, i1=28, i2=4)
    - MOVE   (13402 -> 13416)  ion 28: Seg1 -> Seg7 via J1
    - MOVE   (13416 -> 13430)  ion 28: Seg7 -> Seg2 via J2
    - MERGE  (13430 -> 13510)  ion 28: Seg2 -> T2
[SHUTTLE 39] ion=5  T2 -> T1  route=T2->J2->J1->T1
    - SPLIT  (13550 -> 13670)  ion 5: T2 -> Seg2 (swap_cnt=1, swap_hops=1, ion_hops=0, i1=5, i2=28)
    - MOVE   (13670 -> 13684)  ion 5: Seg2 -> Seg7 via J2
    - MOVE   (13684 -> 13698)  ion 5: Seg7 -> Seg1 via J1
    - MERGE  (13698 -> 13778)  ion 5: Seg1 -> T1
[SHUTTLE 40] ion=4  T1 -> T2  route=T1->J1->J2->T2
    - SPLIT  (13818 -> 13938)  ion 4: T1 -> Seg1 (swap_cnt=1, swap_hops=1, ion_hops=0, i1=4, i2=5)
    - MOVE   (13938 -> 13952)  ion 4: Seg1 -> Seg7 via J1
    - MOVE   (13952 -> 13966)  ion 4: Seg7 -> Seg2 via J2
    - MERGE  (13966 -> 14046)  ion 4: Seg2 -> T2
[SHUTTLE 41] ion=4  T2 -> T0  route=T2->J2->J1->J0->T0
    - SPLIT  (14086 -> 14166)  ion 4: T2 -> Seg2 (swap_cnt=0, swap_hops=0, ion_hops=0, i1=0, i2=0)
    - MOVE   (14166 -> 14180)  ion 4: Seg2 -> Seg7 via J2
    - MOVE   (14180 -> 14194)  ion 4: Seg7 -> Seg6 via J1
    - MOVE   (14194 -> 14208)  ion 4: Seg6 -> Seg0 via J0
    - MERGE  (14208 -> 14288)  ion 4: Seg0 -> T0
[SHUTTLE 42] ion=3  T0 -> T3  route=T0->J0->T3
    - SPLIT  (14608 -> 14728)  ion 3: T0 -> Seg0 (swap_cnt=1, swap_hops=1, ion_hops=0, i1=3, i2=4)
    - MOVE   (14728 -> 14742)  ion 3: Seg0 -> Seg3 via J0
    - MERGE  (14742 -> 14822)  ion 3: Seg3 -> T3
[SHUTTLE 43] ion=24  T0 -> T2  route=T0->J0->J1->J2->T2
    - SPLIT  (14942 -> 15062)  ion 24: T0 -> Seg0 (swap_cnt=1, swap_hops=4, ion_hops=0, i1=24, i2=4)
    - MOVE   (15062 -> 15076)  ion 24: Seg0 -> Seg6 via J0
    - MOVE   (15076 -> 15090)  ion 24: Seg6 -> Seg7 via J1
    - MOVE   (15090 -> 15104)  ion 24: Seg7 -> Seg2 via J2
    - MERGE  (15104 -> 15184)  ion 24: Seg2 -> T2
[SHUTTLE 44] ion=21  T2 -> T3  route=T2->J2->J1->J0->T3
    - SPLIT  (15224 -> 15344)  ion 21: T2 -> Seg2 (swap_cnt=1, swap_hops=3, ion_hops=0, i1=21, i2=24)
    - MOVE   (15344 -> 15358)  ion 21: Seg2 -> Seg7 via J2
    - MOVE   (15358 -> 15372)  ion 21: Seg7 -> Seg6 via J1
    - MOVE   (15372 -> 15386)  ion 21: Seg6 -> Seg3 via J0
    - MERGE  (15386 -> 15466)  ion 21: Seg3 -> T3
[SHUTTLE 45] ion=21  T3 -> T0  route=T3->J0->T0
    - SPLIT  (15586 -> 15666)  ion 21: T3 -> Seg3 (swap_cnt=0, swap_hops=0, ion_hops=0, i1=0, i2=0)
    - MOVE   (15666 -> 15680)  ion 21: Seg3 -> Seg0 via J0
    - MERGE  (15680 -> 15760)  ion 21: Seg0 -> T0
[SHUTTLE 46] ion=12  T0 -> T3  route=T0->J0->T3
    - SPLIT  (16080 -> 16200)  ion 12: T0 -> Seg0 (swap_cnt=1, swap_hops=5, ion_hops=0, i1=12, i2=21)
    - MOVE   (16200 -> 16214)  ion 12: Seg0 -> Seg3 via J0
    - MERGE  (16214 -> 16294)  ion 12: Seg3 -> T3
[SHUTTLE 47] ion=23  T3 -> T1  route=T3->J0->J1->T1
    - SPLIT  (16334 -> 16454)  ion 23: T3 -> Seg3 (swap_cnt=1, swap_hops=4, ion_hops=0, i1=23, i2=12)
    - MOVE   (16454 -> 16468)  ion 23: Seg3 -> Seg6 via J0
    - MOVE   (16468 -> 16482)  ion 23: Seg6 -> Seg1 via J1
    - MERGE  (16482 -> 16562)  ion 23: Seg1 -> T1
[SHUTTLE 48] ion=13  T1 -> T3  route=T1->J1->J0->T3
    - SPLIT  (16602 -> 16722)  ion 13: T1 -> Seg1 (swap_cnt=1, swap_hops=6, ion_hops=0, i1=13, i2=23)
    - MOVE   (16722 -> 16736)  ion 13: Seg1 -> Seg6 via J1
    - MOVE   (16736 -> 16750)  ion 13: Seg6 -> Seg3 via J0
    - MERGE  (16750 -> 16830)  ion 13: Seg3 -> T3
[SHUTTLE 49] ion=12  T3 -> T1  route=T3->J0->J1->T1
    - SPLIT  (16870 -> 16990)  ion 12: T3 -> Seg3 (swap_cnt=1, swap_hops=1, ion_hops=0, i1=12, i2=13)
    - MOVE   (16990 -> 17004)  ion 12: Seg3 -> Seg6 via J0
    - MOVE   (17004 -> 17018)  ion 12: Seg6 -> Seg1 via J1
    - MERGE  (17018 -> 17098)  ion 12: Seg1 -> T1
[SHUTTLE 50] ion=23  T1 -> T3  route=T1->J1->J0->T3
    - SPLIT  (17138 -> 17258)  ion 23: T1 -> Seg1 (swap_cnt=1, swap_hops=1, ion_hops=0, i1=23, i2=12)
    - MOVE   (17258 -> 17272)  ion 23: Seg1 -> Seg6 via J1
    - MOVE   (17272 -> 17286)  ion 23: Seg6 -> Seg3 via J0
    - MERGE  (17286 -> 17366)  ion 23: Seg3 -> T3
[SHUTTLE 51] ion=13  T3 -> T1  route=T3->J0->J1->T1
    - SPLIT  (17406 -> 17526)  ion 13: T3 -> Seg3 (swap_cnt=1, swap_hops=1, ion_hops=0, i1=13, i2=23)
    - MOVE   (17526 -> 17540)  ion 13: Seg3 -> Seg6 via J0
    - MOVE   (17540 -> 17554)  ion 13: Seg6 -> Seg1 via J1
    - MERGE  (17554 -> 17634)  ion 13: Seg1 -> T1
[SHUTTLE 52] ion=12  T1 -> T3  route=T1->J1->J0->T3
    - SPLIT  (17674 -> 17794)  ion 12: T1 -> Seg1 (swap_cnt=1, swap_hops=1, ion_hops=0, i1=12, i2=13)
    - MOVE   (17794 -> 17808)  ion 12: Seg1 -> Seg6 via J1
    - MOVE   (17808 -> 17822)  ion 12: Seg6 -> Seg3 via J0
    - MERGE  (17822 -> 17902)  ion 12: Seg3 -> T3
[SHUTTLE 53] ion=13  T1 -> T2  route=T1->J1->J2->T2
    - SPLIT  (17982 -> 18062)  ion 13: T1 -> Seg1 (swap_cnt=0, swap_hops=0, ion_hops=0, i1=0, i2=0)
    - MOVE   (18062 -> 18076)  ion 13: Seg1 -> Seg7 via J1
    - MOVE   (18076 -> 18090)  ion 13: Seg7 -> Seg2 via J2
    - MERGE  (18090 -> 18170)  ion 13: Seg2 -> T2
[SHUTTLE 54] ion=14  T2 -> T1  route=T2->J2->J1->T1
    - SPLIT  (18730 -> 18850)  ion 14: T2 -> Seg2 (swap_cnt=1, swap_hops=6, ion_hops=0, i1=14, i2=13)
    - MOVE   (18850 -> 18864)  ion 14: Seg2 -> Seg7 via J2
    - MOVE   (18864 -> 18878)  ion 14: Seg7 -> Seg1 via J1
    - MERGE  (18878 -> 18958)  ion 14: Seg1 -> T1
[SHUTTLE 55] ion=3  T3 -> T0  route=T3->J0->T0
    - SPLIT  (18958 -> 19078)  ion 3: T3 -> Seg3 (swap_cnt=1, swap_hops=2, ion_hops=0, i1=3, i2=12)
    - MOVE   (19078 -> 19092)  ion 3: Seg3 -> Seg0 via J0
    - MERGE  (19092 -> 19172)  ion 3: Seg0 -> T0
[SHUTTLE 56] ion=13  T2 -> T3  route=T2->J2->J1->J0->T3
    - SPLIT  (19172 -> 19252)  ion 13: T2 -> Seg2 (swap_cnt=0, swap_hops=0, ion_hops=0, i1=0, i2=0)
    - MOVE   (19252 -> 19266)  ion 13: Seg2 -> Seg7 via J2
    - MOVE   (19266 -> 19280)  ion 13: Seg7 -> Seg6 via J1
    - MOVE   (19280 -> 19294)  ion 13: Seg6 -> Seg3 via J0
    - MERGE  (19294 -> 19374)  ion 13: Seg3 -> T3
[SHUTTLE 57] ion=12  T3 -> T0  route=T3->J0->T0
    - SPLIT  (19614 -> 19734)  ion 12: T3 -> Seg3 (swap_cnt=1, swap_hops=1, ion_hops=0, i1=12, i2=13)
    - MOVE   (19734 -> 19748)  ion 12: Seg3 -> Seg0 via J0
    - MERGE  (19748 -> 19828)  ion 12: Seg0 -> T0
[SHUTTLE 58] ion=21  T0 -> T3  route=T0->J0->T3
    - SPLIT  (20108 -> 20228)  ion 21: T0 -> Seg0 (swap_cnt=1, swap_hops=2, ion_hops=0, i1=21, i2=12)
    - MOVE   (20228 -> 20242)  ion 21: Seg0 -> Seg3 via J0
    - MERGE  (20242 -> 20322)  ion 21: Seg3 -> T3
[SHUTTLE 59] ion=24  T2 -> T0  route=T2->J2->J1->J0->T0
    - SPLIT  (20442 -> 20522)  ion 24: T2 -> Seg2 (swap_cnt=0, swap_hops=0, ion_hops=0, i1=0, i2=0)
    - MOVE   (20522 -> 20536)  ion 24: Seg2 -> Seg7 via J2
    - MOVE   (20536 -> 20550)  ion 24: Seg7 -> Seg6 via J1
    - MOVE   (20550 -> 20564)  ion 24: Seg6 -> Seg0 via J0
    - MERGE  (20564 -> 20644)  ion 24: Seg0 -> T0
[SHUTTLE 60] ion=24  T0 -> T2  route=T0->J0->J1->J2->T2
    - SPLIT  (20684 -> 20764)  ion 24: T0 -> Seg0 (swap_cnt=0, swap_hops=0, ion_hops=0, i1=0, i2=0)
    - MOVE   (20764 -> 20778)  ion 24: Seg0 -> Seg6 via J0
    - MOVE   (20778 -> 20792)  ion 24: Seg6 -> Seg7 via J1
    - MOVE   (20792 -> 20806)  ion 24: Seg7 -> Seg2 via J2
    - MERGE  (20806 -> 20886)  ion 24: Seg2 -> T2
[SHUTTLE 61] ion=25  T3 -> T1  route=T3->J0->J1->T1
    - SPLIT  (20926 -> 21046)  ion 25: T3 -> Seg3 (swap_cnt=1, swap_hops=4, ion_hops=0, i1=25, i2=21)
    - MOVE   (21046 -> 21060)  ion 25: Seg3 -> Seg6 via J0
    - MOVE   (21060 -> 21074)  ion 25: Seg6 -> Seg1 via J1
    - MERGE  (21074 -> 21154)  ion 25: Seg1 -> T1
[SHUTTLE 62] ion=6  T1 -> T3  route=T1->J1->J0->T3
    - SPLIT  (21194 -> 21314)  ion 6: T1 -> Seg1 (swap_cnt=1, swap_hops=7, ion_hops=0, i1=6, i2=25)
    - MOVE   (21314 -> 21328)  ion 6: Seg1 -> Seg6 via J1
    - MOVE   (21328 -> 21342)  ion 6: Seg6 -> Seg3 via J0
    - MERGE  (21342 -> 21422)  ion 6: Seg3 -> T3
[SHUTTLE 63] ion=26  T3 -> T1  route=T3->J0->J1->T1
    - SPLIT  (21462 -> 21582)  ion 26: T3 -> Seg3 (swap_cnt=1, swap_hops=4, ion_hops=0, i1=26, i2=6)
    - MOVE   (21582 -> 21596)  ion 26: Seg3 -> Seg6 via J0
    - MOVE   (21596 -> 21610)  ion 26: Seg6 -> Seg1 via J1
    - MERGE  (21610 -> 21690)  ion 26: Seg1 -> T1
[SHUTTLE 64] ion=25  T1 -> T3  route=T1->J1->J0->T3
    - SPLIT  (21730 -> 21850)  ion 25: T1 -> Seg1 (swap_cnt=1, swap_hops=1, ion_hops=0, i1=25, i2=26)
    - MOVE   (21850 -> 21864)  ion 25: Seg1 -> Seg6 via J1
    - MOVE   (21864 -> 21878)  ion 25: Seg6 -> Seg3 via J0
    - MERGE  (21878 -> 21958)  ion 25: Seg3 -> T3
[SHUTTLE 65] ion=6  T3 -> T1  route=T3->J0->J1->T1
    - SPLIT  (21998 -> 22118)  ion 6: T3 -> Seg3 (swap_cnt=1, swap_hops=1, ion_hops=0, i1=6, i2=25)
    - MOVE   (22118 -> 22132)  ion 6: Seg3 -> Seg6 via J0
    - MOVE   (22132 -> 22146)  ion 6: Seg6 -> Seg1 via J1
    - MERGE  (22146 -> 22226)  ion 6: Seg1 -> T1
[SHUTTLE 66] ion=26  T1 -> T3  route=T1->J1->J0->T3
    - SPLIT  (22266 -> 22386)  ion 26: T1 -> Seg1 (swap_cnt=1, swap_hops=1, ion_hops=0, i1=26, i2=6)
    - MOVE   (22386 -> 22400)  ion 26: Seg1 -> Seg6 via J1
    - MOVE   (22400 -> 22414)  ion 26: Seg6 -> Seg3 via J0
    - MERGE  (22414 -> 22494)  ion 26: Seg3 -> T3
[SHUTTLE 67] ion=6  T1 -> T0  route=T1->J1->J0->T0
    - SPLIT  (22574 -> 22654)  ion 6: T1 -> Seg1 (swap_cnt=0, swap_hops=0, ion_hops=0, i1=0, i2=0)
    - MOVE   (22654 -> 22668)  ion 6: Seg1 -> Seg6 via J1
    - MOVE   (22668 -> 22682)  ion 6: Seg6 -> Seg0 via J0
    - MERGE  (22682 -> 22762)  ion 6: Seg0 -> T0
[SHUTTLE 68] ion=11  T0 -> T1  route=T0->J0->J1->T1
    - SPLIT  (22802 -> 22922)  ion 11: T0 -> Seg0 (swap_cnt=1, swap_hops=7, ion_hops=0, i1=11, i2=6)
    - MOVE   (22922 -> 22936)  ion 11: Seg0 -> Seg6 via J0
    - MOVE   (22936 -> 22950)  ion 11: Seg6 -> Seg1 via J1
    - MERGE  (22950 -> 23030)  ion 11: Seg1 -> T1
[SHUTTLE 69] ion=13  T3 -> T2  route=T3->J0->J1->J2->T2
    - SPLIT  (23030 -> 23150)  ion 13: T3 -> Seg3 (swap_cnt=1, swap_hops=3, ion_hops=0, i1=13, i2=26)
    - MOVE   (23150 -> 23164)  ion 13: Seg3 -> Seg6 via J0
    - MOVE   (23164 -> 23178)  ion 13: Seg6 -> Seg7 via J1
    - MOVE   (23178 -> 23192)  ion 13: Seg7 -> Seg2 via J2
    - MERGE  (23192 -> 23272)  ion 13: Seg2 -> T2
[SHUTTLE 70] ion=7  T3 -> T0  route=T3->J0->T0
    - SPLIT  (23272 -> 23392)  ion 7: T3 -> Seg3 (swap_cnt=1, swap_hops=5, ion_hops=0, i1=7, i2=26)
    - MOVE   (23392 -> 23406)  ion 7: Seg3 -> Seg0 via J0
    - MERGE  (23406 -> 23486)  ion 7: Seg0 -> T0
[SHUTTLE 71] ion=7  T0 -> T2  route=T0->J0->J1->J2->T2
    - SPLIT  (23766 -> 23846)  ion 7: T0 -> Seg0 (swap_cnt=0, swap_hops=0, ion_hops=0, i1=0, i2=0)
    - MOVE   (23846 -> 23860)  ion 7: Seg0 -> Seg6 via J0
    - MOVE   (23860 -> 23874)  ion 7: Seg6 -> Seg7 via J1
    - MOVE   (23874 -> 23888)  ion 7: Seg7 -> Seg2 via J2
    - MERGE  (23888 -> 23968)  ion 7: Seg2 -> T2
[SHUTTLE 72] ion=7  T2 -> T0  route=T2->J2->J1->J0->T0
    - SPLIT  (24528 -> 24608)  ion 7: T2 -> Seg2 (swap_cnt=0, swap_hops=0, ion_hops=0, i1=0, i2=0)
    - MOVE   (24608 -> 24622)  ion 7: Seg2 -> Seg7 via J2
    - MOVE   (24622 -> 24636)  ion 7: Seg7 -> Seg6 via J1
    - MOVE   (24636 -> 24650)  ion 7: Seg6 -> Seg0 via J0
    - MERGE  (24650 -> 24730)  ion 7: Seg0 -> T0
[SHUTTLE 73] ion=6  T0 -> T3  route=T0->J0->T3
    - SPLIT  (25010 -> 25130)  ion 6: T0 -> Seg0 (swap_cnt=1, swap_hops=1, ion_hops=0, i1=6, i2=7)
    - MOVE   (25130 -> 25144)  ion 6: Seg0 -> Seg3 via J0
    - MERGE  (25144 -> 25224)  ion 6: Seg3 -> T3
[SHUTTLE 74] ion=27  T0 -> T2  route=T0->J0->J1->J2->T2
    - SPLIT  (25304 -> 25424)  ion 27: T0 -> Seg0 (swap_cnt=1, swap_hops=4, ion_hops=0, i1=27, i2=7)
    - MOVE   (25424 -> 25438)  ion 27: Seg0 -> Seg6 via J0
    - MOVE   (25438 -> 25452)  ion 27: Seg6 -> Seg7 via J1
    - MOVE   (25452 -> 25466)  ion 27: Seg7 -> Seg2 via J2
    - MERGE  (25466 -> 25546)  ion 27: Seg2 -> T2
[SHUTTLE 75] ion=22  T0 -> T3  route=T0->J0->T3
    - SPLIT  (25626 -> 25746)  ion 22: T0 -> Seg0 (swap_cnt=1, swap_hops=4, ion_hops=0, i1=22, i2=7)
    - MOVE   (25746 -> 25760)  ion 22: Seg0 -> Seg3 via J0
    - MERGE  (25760 -> 25840)  ion 22: Seg3 -> T3
[SHUTTLE 76] ion=23  T3 -> T1  route=T3->J0->J1->T1
    - SPLIT  (26160 -> 26280)  ion 23: T3 -> Seg3 (swap_cnt=1, swap_hops=5, ion_hops=0, i1=23, i2=22)
    - MOVE   (26280 -> 26294)  ion 23: Seg3 -> Seg6 via J0
    - MOVE   (26294 -> 26308)  ion 23: Seg6 -> Seg1 via J1
    - MERGE  (26308 -> 26388)  ion 23: Seg1 -> T1
[SHUTTLE 77] ion=16  T1 -> T3  route=T1->J1->J0->T3
    - SPLIT  (26428 -> 26548)  ion 16: T1 -> Seg1 (swap_cnt=1, swap_hops=7, ion_hops=0, i1=16, i2=23)
    - MOVE   (26548 -> 26562)  ion 16: Seg1 -> Seg6 via J1
    - MOVE   (26562 -> 26576)  ion 16: Seg6 -> Seg3 via J0
    - MERGE  (26576 -> 26656)  ion 16: Seg3 -> T3
[SHUTTLE 78] ion=15  T3 -> T1  route=T3->J0->J1->T1
    - SPLIT  (26696 -> 26816)  ion 15: T3 -> Seg3 (swap_cnt=1, swap_hops=6, ion_hops=0, i1=15, i2=16)
    - MOVE   (26816 -> 26830)  ion 15: Seg3 -> Seg6 via J0
    - MOVE   (26830 -> 26844)  ion 15: Seg6 -> Seg1 via J1
    - MERGE  (26844 -> 26924)  ion 15: Seg1 -> T1
[SHUTTLE 79] ion=23  T1 -> T3  route=T1->J1->J0->T3
    - SPLIT  (26964 -> 27084)  ion 23: T1 -> Seg1 (swap_cnt=1, swap_hops=1, ion_hops=0, i1=23, i2=15)
    - MOVE   (27084 -> 27098)  ion 23: Seg1 -> Seg6 via J1
    - MOVE   (27098 -> 27112)  ion 23: Seg6 -> Seg3 via J0
    - MERGE  (27112 -> 27192)  ion 23: Seg3 -> T3
[SHUTTLE 80] ion=16  T3 -> T1  route=T3->J0->J1->T1
    - SPLIT  (27232 -> 27352)  ion 16: T3 -> Seg3 (swap_cnt=1, swap_hops=1, ion_hops=0, i1=16, i2=23)
    - MOVE   (27352 -> 27366)  ion 16: Seg3 -> Seg6 via J0
    - MOVE   (27366 -> 27380)  ion 16: Seg6 -> Seg1 via J1
    - MERGE  (27380 -> 27460)  ion 16: Seg1 -> T1
[SHUTTLE 81] ion=15  T1 -> T3  route=T1->J1->J0->T3
    - SPLIT  (27500 -> 27620)  ion 15: T1 -> Seg1 (swap_cnt=1, swap_hops=1, ion_hops=0, i1=15, i2=16)
    - MOVE   (27620 -> 27634)  ion 15: Seg1 -> Seg6 via J1
    - MOVE   (27634 -> 27648)  ion 15: Seg6 -> Seg3 via J0
    - MERGE  (27648 -> 27728)  ion 15: Seg3 -> T3
[SHUTTLE 82] ion=24  T2 -> T1  route=T2->J2->J1->T1
    - SPLIT  (27808 -> 27928)  ion 24: T2 -> Seg2 (swap_cnt=1, swap_hops=2, ion_hops=0, i1=24, i2=27)
    - MOVE   (27928 -> 27942)  ion 24: Seg2 -> Seg7 via J2
    - MOVE   (27942 -> 27956)  ion 24: Seg7 -> Seg1 via J1
    - MERGE  (27956 -> 28036)  ion 24: Seg1 -> T1
[SHUTTLE 83] ion=24  T1 -> T4  route=T1->J1->T4
    - SPLIT  (28076 -> 28156)  ion 24: T1 -> Seg1 (swap_cnt=0, swap_hops=0, ion_hops=0, i1=0, i2=0)
    - MOVE   (28156 -> 28170)  ion 24: Seg1 -> Seg4 via J1
    - MERGE  (28170 -> 28250)  ion 24: Seg4 -> T4
[SHUTTLE 84] ion=16  T1 -> T4  route=T1->J1->T4
    - SPLIT  (28290 -> 28370)  ion 16: T1 -> Seg1 (swap_cnt=0, swap_hops=0, ion_hops=0, i1=0, i2=0)
    - MOVE   (28370 -> 28384)  ion 16: Seg1 -> Seg4 via J1
    - MERGE  (28384 -> 28464)  ion 16: Seg4 -> T4
[SHUTTLE 85] ion=23  T3 -> T4  route=T3->J0->J1->T4
    - SPLIT  (28944 -> 29064)  ion 23: T3 -> Seg3 (swap_cnt=1, swap_hops=1, ion_hops=0, i1=23, i2=15)
    - MOVE   (29064 -> 29078)  ion 23: Seg3 -> Seg6 via J0
    - MOVE   (29078 -> 29092)  ion 23: Seg6 -> Seg4 via J1
    - MERGE  (29092 -> 29172)  ion 23: Seg4 -> T4
[SHUTTLE 86] ion=15  T3 -> T4  route=T3->J0->J1->T4
    - SPLIT  (29212 -> 29292)  ion 15: T3 -> Seg3 (swap_cnt=0, swap_hops=0, ion_hops=0, i1=0, i2=0)
    - MOVE   (29292 -> 29306)  ion 15: Seg3 -> Seg6 via J0
    - MOVE   (29306 -> 29320)  ion 15: Seg6 -> Seg4 via J1
    - MERGE  (29320 -> 29400)  ion 15: Seg4 -> T4
[SHUTTLE 87] ion=15  T4 -> T3  route=T4->J1->J0->T3
    - SPLIT  (29600 -> 29680)  ion 15: T4 -> Seg4 (swap_cnt=0, swap_hops=0, ion_hops=0, i1=0, i2=0)
    - MOVE   (29680 -> 29694)  ion 15: Seg4 -> Seg6 via J1
    - MOVE   (29694 -> 29708)  ion 15: Seg6 -> Seg3 via J0
    - MERGE  (29708 -> 29788)  ion 15: Seg3 -> T3
[SHUTTLE 88] ion=22  T3 -> T2  route=T3->J0->J1->J2->T2
    - SPLIT  (30068 -> 30188)  ion 22: T3 -> Seg3 (swap_cnt=1, swap_hops=1, ion_hops=0, i1=22, i2=15)
    - MOVE   (30188 -> 30202)  ion 22: Seg3 -> Seg6 via J0
    - MOVE   (30202 -> 30216)  ion 22: Seg6 -> Seg7 via J1
    - MOVE   (30216 -> 30230)  ion 22: Seg7 -> Seg2 via J2
    - MERGE  (30230 -> 30310)  ion 22: Seg2 -> T2
[SHUTTLE 89] ion=23  T4 -> T3  route=T4->J1->J0->T3
    - SPLIT  (30350 -> 30430)  ion 23: T4 -> Seg4 (swap_cnt=0, swap_hops=0, ion_hops=0, i1=0, i2=0)
    - MOVE   (30430 -> 30444)  ion 23: Seg4 -> Seg6 via J1
    - MOVE   (30444 -> 30458)  ion 23: Seg6 -> Seg3 via J0
    - MERGE  (30458 -> 30538)  ion 23: Seg3 -> T3
[SHUTTLE 90] ion=27  T2 -> T4  route=T2->J2->J1->T4
    - SPLIT  (30618 -> 30738)  ion 27: T2 -> Seg2 (swap_cnt=1, swap_hops=1, ion_hops=0, i1=27, i2=22)
    - MOVE   (30738 -> 30752)  ion 27: Seg2 -> Seg7 via J2
    - MOVE   (30752 -> 30766)  ion 27: Seg7 -> Seg4 via J1
    - MERGE  (30766 -> 30846)  ion 27: Seg4 -> T4
[SHUTTLE 91] ion=24  T4 -> T2  route=T4->J1->J2->T2
    - SPLIT  (30886 -> 31006)  ion 24: T4 -> Seg4 (swap_cnt=1, swap_hops=2, ion_hops=0, i1=24, i2=27)
    - MOVE   (31006 -> 31020)  ion 24: Seg4 -> Seg7 via J1
    - MOVE   (31020 -> 31034)  ion 24: Seg7 -> Seg2 via J2
    - MERGE  (31034 -> 31114)  ion 24: Seg2 -> T2
[SHUTTLE 92] ion=18  T1 -> T3  route=T1->J1->J0->T3
    - SPLIT  (31154 -> 31274)  ion 18: T1 -> Seg1 (swap_cnt=1, swap_hops=5, ion_hops=0, i1=18, i2=11)
    - MOVE   (31274 -> 31288)  ion 18: Seg1 -> Seg6 via J1
    - MOVE   (31288 -> 31302)  ion 18: Seg6 -> Seg3 via J0
    - MERGE  (31302 -> 31382)  ion 18: Seg3 -> T3
[SHUTTLE 93] ion=18  T3 -> T4  route=T3->J0->J1->T4
    - SPLIT  (31662 -> 31742)  ion 18: T3 -> Seg3 (swap_cnt=0, swap_hops=0, ion_hops=0, i1=0, i2=0)
    - MOVE   (31742 -> 31756)  ion 18: Seg3 -> Seg6 via J0
    - MOVE   (31756 -> 31770)  ion 18: Seg6 -> Seg4 via J1
    - MERGE  (31770 -> 31850)  ion 18: Seg4 -> T4
[SHUTTLE 94] ion=19  T5 -> T4  route=T5->J2->J1->T4
    - SPLIT  (31890 -> 31970)  ion 19: T5 -> Seg5 (swap_cnt=0, swap_hops=0, ion_hops=0, i1=0, i2=0)
    - MOVE   (31970 -> 31984)  ion 19: Seg5 -> Seg7 via J2
    - MOVE   (31984 -> 31998)  ion 19: Seg7 -> Seg4 via J1
    - MERGE  (31998 -> 32078)  ion 19: Seg4 -> T4
[SHUTTLE 95] ion=28  T2 -> T4  route=T2->J2->J1->T4
    - SPLIT  (32358 -> 32478)  ion 28: T2 -> Seg2 (swap_cnt=1, swap_hops=3, ion_hops=0, i1=28, i2=24)
    - MOVE   (32478 -> 32492)  ion 28: Seg2 -> Seg7 via J2
    - MOVE   (32492 -> 32506)  ion 28: Seg7 -> Seg4 via J1
    - MERGE  (32506 -> 32586)  ion 28: Seg4 -> T4
[SHUTTLE 96] ion=20  T2 -> T4  route=T2->J2->J1->T4
    - SPLIT  (32626 -> 32746)  ion 20: T2 -> Seg2 (swap_cnt=1, swap_hops=5, ion_hops=0, i1=20, i2=24)
    - MOVE   (32746 -> 32760)  ion 20: Seg2 -> Seg7 via J2
    - MOVE   (32760 -> 32774)  ion 20: Seg7 -> Seg4 via J1
    - MERGE  (32774 -> 32854)  ion 20: Seg4 -> T4
[SHUTTLE 97] ion=29  T1 -> T4  route=T1->J1->T4
    - SPLIT  (33134 -> 33254)  ion 29: T1 -> Seg1 (swap_cnt=1, swap_hops=4, ion_hops=0, i1=29, i2=11)
    - MOVE   (33254 -> 33268)  ion 29: Seg1 -> Seg4 via J1
    - MERGE  (33268 -> 33348)  ion 29: Seg4 -> T4
[SHUTTLE 98] ion=18  T4 -> T3  route=T4->J1->J0->T3
    - SPLIT  (33868 -> 33988)  ion 18: T4 -> Seg4 (swap_cnt=1, swap_hops=4, ion_hops=0, i1=18, i2=29)
    - MOVE   (33988 -> 34002)  ion 18: Seg4 -> Seg6 via J1
    - MOVE   (34002 -> 34016)  ion 18: Seg6 -> Seg3 via J0
    - MERGE  (34016 -> 34096)  ion 18: Seg3 -> T3
SplitSWAP: 79
SchedulerFiredShuttle: 99
ReportedTotalShuttle: 99
----------------
