Simulation
Program:           programs\SQRT30.qasm
Machine:           G2x2
Model:             MUSS_Params
Ions/Region:       12
Mapper:            SABRE
Reorder:           Naive
SerialTrap:        1
SerialComm:        1
SerialAll:         1
GateType:          FM
SwapType:          PaperSwapDirect
Scheduler Family:  MUSS
Scheduler Version: V4
Analyzer Mode:     PAPER
Arch Scale:        SMALL
parse object map:
{4: [21, 25], 5: [22, 27], 6: [23, 25], 7: [23, 26], 8: [24, 27], 9: [24, 28], 17: [25, 26], 18: [0, 25], 19: [26, 0], 22: [26, 25], 25: [0, 25], 26: [26, 0], 27: [25, 26], 33: [27, 0], 34: [1, 27], 35: [0, 1], 38: [0, 27], 41: [1, 27], 42: [0, 1], 43: [27, 0], 49: [28, 1], 50: [2, 28], 51: [1, 2], 54: [1, 28], 57: [2, 28], 58: [1, 2], 59: [28, 1], 66: [28, 1], 67: [2, 28], 68: [1, 2], 71: [1, 28], 74: [2, 28], 75: [1, 2], 76: [28, 1], 82: [27, 0], 83: [1, 27], 84: [0, 1], 87: [0, 27], 90: [1, 27], 91: [0, 1], 92: [27, 0], 98: [25, 26], 99: [0, 25], 100: [26, 0], 103: [26, 25], 106: [0, 25], 107: [26, 0], 108: [25, 26], 113: [21, 25], 114: [22, 27], 115: [23, 25], 116: [23, 26], 117: [24, 27], 118: [24, 28], 131: [21, 22], 132: [9, 21], 133: [22, 9], 136: [22, 21], 139: [9, 21], 140: [22, 9], 141: [21, 22], 147: [23, 9], 148: [10, 23], 149: [9, 10], 152: [9, 23], 155: [10, 23], 156: [9, 10], 157: [23, 9], 163: [24, 10], 164: [11, 24], 165: [10, 11], 168: [10, 24], 171: [11, 24], 172: [10, 11], 173: [24, 10], 180: [24, 10], 181: [11, 24], 182: [10, 11], 185: [10, 24], 188: [11, 24], 189: [10, 11], 190: [24, 10], 196: [23, 9], 197: [10, 23], 198: [9, 10], 201: [9, 23], 204: [10, 23], 205: [9, 10], 206: [23, 9], 212: [21, 22], 213: [9, 21], 214: [22, 9], 217: [22, 21], 220: [9, 21], 221: [22, 9], 222: [21, 22], 232: [21, 25], 233: [22, 27], 234: [23, 25], 235: [23, 26], 236: [24, 27], 237: [24, 28], 245: [25, 26], 246: [3, 25], 247: [26, 3], 250: [26, 25], 253: [3, 25], 254: [26, 3], 255: [25, 26], 261: [27, 3], 262: [4, 27], 263: [3, 4], 266: [3, 27], 269: [4, 27], 270: [3, 4], 271: [27, 3], 277: [28, 4], 278: [5, 28], 279: [4, 5], 282: [4, 28], 285: [5, 28], 286: [4, 5], 287: [28, 4], 294: [28, 4], 295: [5, 28], 296: [4, 5], 299: [4, 28], 302: [5, 28], 303: [4, 5], 304: [28, 4], 310: [27, 3], 311: [4, 27], 312: [3, 4], 315: [3, 27], 318: [4, 27], 319: [3, 4], 320: [27, 3], 326: [25, 26], 327: [3, 25], 328: [26, 3], 331: [26, 25], 334: [3, 25], 335: [26, 3], 336: [25, 26], 341: [21, 25], 342: [22, 27], 343: [23, 25], 344: [23, 26], 345: [24, 27], 346: [24, 28], 359: [21, 22], 360: [12, 21], 361: [22, 12], 364: [22, 21], 367: [12, 21], 368: [22, 12], 369: [21, 22], 375: [23, 12], 376: [13, 23], 377: [12, 13], 380: [12, 23], 383: [13, 23], 384: [12, 13], 385: [23, 12], 391: [24, 13], 392: [14, 24], 393: [13, 14], 396: [13, 24], 399: [14, 24], 400: [13, 14], 401: [24, 13], 408: [24, 13], 409: [14, 24], 410: [13, 14], 413: [13, 24], 416: [14, 24], 417: [13, 14], 418: [24, 13], 424: [23, 12], 425: [13, 23], 426: [12, 13], 429: [12, 23], 432: [13, 23], 433: [12, 13], 434: [23, 12], 440: [21, 22], 441: [12, 21], 442: [22, 12], 445: [22, 21], 448: [12, 21], 449: [22, 12], 450: [21, 22], 460: [21, 25], 461: [22, 27], 462: [23, 25], 463: [23, 26], 464: [24, 27], 465: [24, 28], 473: [25, 26], 474: [6, 25], 475: [26, 6], 478: [26, 25], 481: [6, 25], 482: [26, 6], 483: [25, 26], 489: [27, 6], 490: [7, 27], 491: [6, 7], 494: [6, 27], 497: [7, 27], 498: [6, 7], 499: [27, 6], 505: [28, 7], 506: [8, 28], 507: [7, 8], 510: [7, 28], 513: [8, 28], 514: [7, 8], 515: [28, 7], 522: [28, 7], 523: [8, 28], 524: [7, 8], 527: [7, 28], 530: [8, 28], 531: [7, 8], 532: [28, 7], 538: [27, 6], 539: [7, 27], 540: [6, 7], 543: [6, 27], 546: [7, 27], 547: [6, 7], 548: [27, 6], 554: [25, 26], 555: [6, 25], 556: [26, 6], 559: [26, 25], 562: [6, 25], 563: [26, 6], 564: [25, 26], 569: [21, 25], 570: [22, 27], 571: [23, 25], 572: [23, 26], 573: [24, 27], 574: [24, 28], 587: [21, 22], 588: [15, 21], 589: [22, 15], 592: [22, 21], 595: [15, 21], 596: [22, 15], 597: [21, 22], 603: [23, 15], 604: [16, 23], 605: [15, 16], 608: [15, 23], 611: [16, 23], 612: [15, 16], 613: [23, 15], 619: [24, 16], 620: [17, 24], 621: [16, 17], 624: [16, 24], 627: [17, 24], 628: [16, 17], 629: [24, 16], 636: [24, 16], 637: [17, 24], 638: [16, 17], 641: [16, 24], 644: [17, 24], 645: [16, 17], 646: [24, 16], 652: [23, 15], 653: [16, 23], 654: [15, 16], 657: [15, 23], 660: [16, 23], 661: [15, 16], 662: [23, 15], 668: [21, 22], 669: [15, 21], 670: [22, 15], 673: [22, 21], 676: [15, 21], 677: [22, 15], 678: [21, 22], 688: [21, 25], 689: [22, 27], 690: [23, 25], 691: [23, 26], 692: [24, 27], 693: [24, 28], 701: [25, 26], 702: [18, 25], 703: [26, 18], 706: [26, 25], 709: [18, 25], 710: [26, 18], 711: [25, 26], 717: [27, 18], 718: [19, 27], 719: [18, 19], 722: [18, 27], 725: [19, 27], 726: [18, 19], 727: [27, 18], 733: [28, 19], 734: [20, 28], 735: [19, 20], 738: [19, 28], 741: [20, 28], 742: [19, 20], 743: [28, 19], 745: [20, 29], 750: [28, 19], 751: [20, 28], 752: [19, 20], 755: [19, 28], 758: [20, 28], 759: [19, 20], 760: [28, 19], 766: [27, 18], 767: [19, 27], 768: [18, 19], 771: [18, 27], 774: [19, 27], 775: [18, 19], 776: [27, 18], 782: [25, 26], 783: [18, 25], 784: [26, 18], 787: [26, 25], 790: [18, 25], 791: [26, 18], 792: [25, 26]}
parse object graph:
DiGraph with 802 nodes and 1109 edges
ˇú Using SABRE6 mapper (matches muss_schedule4 improved version)
SABRE (Overload+MaxFlow+Chain+Urgency): Starting optimization...
SABRE: Optimization Done. Best Cost (Overloaded): 122
SABRE: Legalizing using Min-Cost Max-Flow (distance + convex chain + urgency)...
init_qubit_layout:
{0: [2, 3, 5, 6, 7, 10, 11, 13, 28], 1: [0, 14, 15, 16, 18, 19, 21, 23, 25, 26, 29], 2: [1, 4, 8, 9, 12, 17, 20, 22, 24, 27], 3: []}
Using MUSS Scheduler (V4) with SABRE Mapping
ˇú muss_schedule4.py new_vision
Analyzer shuttle mode: aggregate (detected shuttle_id annotations)
Analyzer mode: paper
Program Finish Time: 26724 us
OPCOUNTS Gate: 802 Split: 66 Move: 110 Merge: 66

Two-qubit gate chain statistics
Mean: 11.308605341246292 Max: 12.0
Fidelity: 2.0470568343559173e-11

Shuttle count summary
  logical_shuttle_count      = 66   # High-level shuttle count aggregated by shuttle_id (same as old total_shuttle semantics)
  physical_shuttle_leg_count = 66   # Most faithful to the paper: each complete trap-to-trap split+move+merge segment counts as 1 shuttle
  split_count                = 66   # Number of low-level split operations
  merge_count                = 66   # Number of low-level merge operations
  move_count                 = 110   # Number of low-level move operations
[DBG SUMMARY] gates=802  gate_mult=2.77302e-11  avg_gate_nbar=36.9007
[DBG SUMMARY] logical_shuttles=66  shuttle_mult=0.738204  min_shuttle=0.9949
[DBG SUMMARY] worst_B: Trap 2 -> 0.936599 (heat_state=65.500000, alpha_bg=0.001, move_bg_fraction=0.0, model=exp)

========== ANALYSIS RESULT ==========
{'fidelity': 2.0470568343559173e-11, 'total_shuttle': 66, 'logical_shuttle_count': 66, 'physical_shuttle_leg_count': 66, 'split_count': 66, 'merge_count': 66, 'move_count': 110, 'time': 26724}

========== SHUTTLE TRACE ==========
[SHUTTLE 0] ion=24  T2 -> T0  route=T2->J1->J0->T0
    - SPLIT  (120 -> 240)  ion 24: T2 -> Seg3 (swap_cnt=1, swap_hops=8, ion_hops=0, i1=24, i2=1)
    - MOVE   (240 -> 254)  ion 24: Seg3 -> Seg4 via J1
    - MOVE   (254 -> 268)  ion 24: Seg4 -> Seg0 via J0
    - MERGE  (268 -> 348)  ion 24: Seg0 -> T0
[SHUTTLE 1] ion=0  T1 -> T2  route=T1->J1->T2
    - SPLIT  (440 -> 560)  ion 0: T1 -> Seg2 (swap_cnt=1, swap_hops=10, ion_hops=0, i1=0, i2=29)
    - MOVE   (560 -> 574)  ion 0: Seg2 -> Seg3 via J1
    - MERGE  (574 -> 654)  ion 0: Seg3 -> T2
[SHUTTLE 2] ion=1  T2 -> T0  route=T2->J1->J0->T0
    - SPLIT  (974 -> 1094)  ion 1: T2 -> Seg3 (swap_cnt=1, swap_hops=1, ion_hops=0, i1=1, i2=0)
    - MOVE   (1094 -> 1108)  ion 1: Seg3 -> Seg4 via J1
    - MOVE   (1108 -> 1122)  ion 1: Seg4 -> Seg0 via J0
    - MERGE  (1122 -> 1202)  ion 1: Seg0 -> T0
[SHUTTLE 3] ion=1  T0 -> T2  route=T0->J0->J1->T2
    - SPLIT  (1762 -> 1842)  ion 1: T0 -> Seg0 (swap_cnt=0, swap_hops=0, ion_hops=0, i1=0, i2=0)
    - MOVE   (1842 -> 1856)  ion 1: Seg0 -> Seg4 via J0
    - MOVE   (1856 -> 1870)  ion 1: Seg4 -> Seg3 via J1
    - MERGE  (1870 -> 1950)  ion 1: Seg3 -> T2
[SHUTTLE 4] ion=0  T2 -> T1  route=T2->J1->T1
    - SPLIT  (2230 -> 2350)  ion 0: T2 -> Seg3 (swap_cnt=1, swap_hops=1, ion_hops=0, i1=0, i2=1)
    - MOVE   (2350 -> 2364)  ion 0: Seg3 -> Seg2 via J1
    - MERGE  (2364 -> 2444)  ion 0: Seg2 -> T1
[SHUTTLE 5] ion=27  T2 -> T0  route=T2->J1->J0->T0
    - SPLIT  (2524 -> 2644)  ion 27: T2 -> Seg3 (swap_cnt=1, swap_hops=8, ion_hops=0, i1=27, i2=1)
    - MOVE   (2644 -> 2658)  ion 27: Seg3 -> Seg4 via J1
    - MOVE   (2658 -> 2672)  ion 27: Seg4 -> Seg0 via J0
    - MERGE  (2672 -> 2752)  ion 27: Seg0 -> T0
[SHUTTLE 6] ion=21  T1 -> T2  route=T1->J1->T2
    - SPLIT  (2832 -> 2952)  ion 21: T1 -> Seg2 (swap_cnt=1, swap_hops=5, ion_hops=0, i1=21, i2=0)
    - MOVE   (2952 -> 2966)  ion 21: Seg2 -> Seg3 via J1
    - MERGE  (2966 -> 3046)  ion 21: Seg3 -> T2
[SHUTTLE 7] ion=23  T1 -> T2  route=T1->J1->T2
    - SPLIT  (3366 -> 3486)  ion 23: T1 -> Seg2 (swap_cnt=1, swap_hops=4, ion_hops=0, i1=23, i2=0)
    - MOVE   (3486 -> 3500)  ion 23: Seg2 -> Seg3 via J1
    - MERGE  (3500 -> 3580)  ion 23: Seg3 -> T2
[SHUTTLE 8] ion=10  T0 -> T2  route=T0->J0->J1->T2
    - SPLIT  (3620 -> 3740)  ion 10: T0 -> Seg0 (swap_cnt=1, swap_hops=5, ion_hops=0, i1=10, i2=27)
    - MOVE   (3740 -> 3754)  ion 10: Seg0 -> Seg4 via J0
    - MOVE   (3754 -> 3768)  ion 10: Seg4 -> Seg3 via J1
    - MERGE  (3768 -> 3848)  ion 10: Seg3 -> T2
[SHUTTLE 9] ion=10  T2 -> T0  route=T2->J1->J0->T0
    - SPLIT  (4128 -> 4208)  ion 10: T2 -> Seg3 (swap_cnt=0, swap_hops=0, ion_hops=0, i1=0, i2=0)
    - MOVE   (4208 -> 4222)  ion 10: Seg3 -> Seg4 via J1
    - MOVE   (4222 -> 4236)  ion 10: Seg4 -> Seg0 via J0
    - MERGE  (4236 -> 4316)  ion 10: Seg0 -> T0
[SHUTTLE 10] ion=10  T0 -> T2  route=T0->J0->J1->T2
    - SPLIT  (4876 -> 4956)  ion 10: T0 -> Seg0 (swap_cnt=0, swap_hops=0, ion_hops=0, i1=0, i2=0)
    - MOVE   (4956 -> 4970)  ion 10: Seg0 -> Seg4 via J0
    - MOVE   (4970 -> 4984)  ion 10: Seg4 -> Seg3 via J1
    - MERGE  (4984 -> 5064)  ion 10: Seg3 -> T2
[SHUTTLE 11] ion=25  T1 -> T2  route=T1->J1->T2
    - SPLIT  (5544 -> 5664)  ion 25: T1 -> Seg2 (swap_cnt=1, swap_hops=3, ion_hops=0, i1=25, i2=0)
    - MOVE   (5664 -> 5678)  ion 25: Seg2 -> Seg3 via J1
    - MERGE  (5678 -> 5758)  ion 25: Seg3 -> T2
[SHUTTLE 12] ion=22  T2 -> T0  route=T2->J1->J0->T0
    - SPLIT  (5838 -> 5958)  ion 22: T2 -> Seg3 (swap_cnt=1, swap_hops=11, ion_hops=0, i1=22, i2=25)
    - MOVE   (5958 -> 5972)  ion 22: Seg3 -> Seg4 via J1
    - MOVE   (5972 -> 5986)  ion 22: Seg4 -> Seg0 via J0
    - MERGE  (5986 -> 6066)  ion 22: Seg0 -> T0
[SHUTTLE 13] ion=26  T1 -> T2  route=T1->J1->T2
    - SPLIT  (6186 -> 6306)  ion 26: T1 -> Seg2 (swap_cnt=1, swap_hops=2, ion_hops=0, i1=26, i2=0)
    - MOVE   (6306 -> 6320)  ion 26: Seg2 -> Seg3 via J1
    - MERGE  (6320 -> 6400)  ion 26: Seg3 -> T2
[SHUTTLE 14] ion=25  T2 -> T0  route=T2->J1->J0->T0
    - SPLIT  (6480 -> 6600)  ion 25: T2 -> Seg3 (swap_cnt=1, swap_hops=1, ion_hops=0, i1=25, i2=26)
    - MOVE   (6600 -> 6614)  ion 25: Seg3 -> Seg4 via J1
    - MOVE   (6614 -> 6628)  ion 25: Seg4 -> Seg0 via J0
    - MERGE  (6628 -> 6708)  ion 25: Seg0 -> T0
[SHUTTLE 15] ion=3  T0 -> T2  route=T0->J0->J1->T2
    - SPLIT  (6748 -> 6868)  ion 3: T0 -> Seg0 (swap_cnt=1, swap_hops=10, ion_hops=0, i1=3, i2=25)
    - MOVE   (6868 -> 6882)  ion 3: Seg0 -> Seg4 via J0
    - MOVE   (6882 -> 6896)  ion 3: Seg4 -> Seg3 via J1
    - MERGE  (6896 -> 6976)  ion 3: Seg3 -> T2
[SHUTTLE 16] ion=26  T2 -> T0  route=T2->J1->J0->T0
    - SPLIT  (7016 -> 7136)  ion 26: T2 -> Seg3 (swap_cnt=1, swap_hops=1, ion_hops=0, i1=26, i2=3)
    - MOVE   (7136 -> 7150)  ion 26: Seg3 -> Seg4 via J1
    - MOVE   (7150 -> 7164)  ion 26: Seg4 -> Seg0 via J0
    - MERGE  (7164 -> 7244)  ion 26: Seg0 -> T0
[SHUTTLE 17] ion=25  T0 -> T2  route=T0->J0->J1->T2
    - SPLIT  (7284 -> 7404)  ion 25: T0 -> Seg0 (swap_cnt=1, swap_hops=1, ion_hops=0, i1=25, i2=26)
    - MOVE   (7404 -> 7418)  ion 25: Seg0 -> Seg4 via J0
    - MOVE   (7418 -> 7432)  ion 25: Seg4 -> Seg3 via J1
    - MERGE  (7432 -> 7512)  ion 25: Seg3 -> T2
[SHUTTLE 18] ion=3  T2 -> T0  route=T2->J1->J0->T0
    - SPLIT  (7552 -> 7672)  ion 3: T2 -> Seg3 (swap_cnt=1, swap_hops=1, ion_hops=0, i1=3, i2=25)
    - MOVE   (7672 -> 7686)  ion 3: Seg3 -> Seg4 via J1
    - MOVE   (7686 -> 7700)  ion 3: Seg4 -> Seg0 via J0
    - MERGE  (7700 -> 7780)  ion 3: Seg0 -> T0
[SHUTTLE 19] ion=26  T0 -> T2  route=T0->J0->J1->T2
    - SPLIT  (7820 -> 7940)  ion 26: T0 -> Seg0 (swap_cnt=1, swap_hops=1, ion_hops=0, i1=26, i2=3)
    - MOVE   (7940 -> 7954)  ion 26: Seg0 -> Seg4 via J0
    - MOVE   (7954 -> 7968)  ion 26: Seg4 -> Seg3 via J1
    - MERGE  (7968 -> 8048)  ion 26: Seg3 -> T2
[SHUTTLE 20] ion=4  T2 -> T0  route=T2->J1->J0->T0
    - SPLIT  (8128 -> 8248)  ion 4: T2 -> Seg3 (swap_cnt=1, swap_hops=6, ion_hops=0, i1=4, i2=26)
    - MOVE   (8248 -> 8262)  ion 4: Seg3 -> Seg4 via J1
    - MOVE   (8262 -> 8276)  ion 4: Seg4 -> Seg0 via J0
    - MERGE  (8276 -> 8356)  ion 4: Seg0 -> T0
[SHUTTLE 21] ion=3  T0 -> T2  route=T0->J0->J1->T2
    - SPLIT  (9476 -> 9596)  ion 3: T0 -> Seg0 (swap_cnt=1, swap_hops=1, ion_hops=0, i1=3, i2=4)
    - MOVE   (9596 -> 9610)  ion 3: Seg0 -> Seg4 via J0
    - MOVE   (9610 -> 9624)  ion 3: Seg4 -> Seg3 via J1
    - MERGE  (9624 -> 9704)  ion 3: Seg3 -> T2
[SHUTTLE 22] ion=21  T2 -> T0  route=T2->J1->J0->T0
    - SPLIT  (10064 -> 10184)  ion 21: T2 -> Seg3 (swap_cnt=1, swap_hops=5, ion_hops=0, i1=21, i2=3)
    - MOVE   (10184 -> 10198)  ion 21: Seg3 -> Seg4 via J1
    - MOVE   (10198 -> 10212)  ion 21: Seg4 -> Seg0 via J0
    - MERGE  (10212 -> 10292)  ion 21: Seg0 -> T0
[SHUTTLE 23] ion=21  T0 -> T2  route=T0->J0->J1->T2
    - SPLIT  (10332 -> 10412)  ion 21: T0 -> Seg0 (swap_cnt=0, swap_hops=0, ion_hops=0, i1=0, i2=0)
    - MOVE   (10412 -> 10426)  ion 21: Seg0 -> Seg4 via J0
    - MOVE   (10426 -> 10440)  ion 21: Seg4 -> Seg3 via J1
    - MERGE  (10440 -> 10520)  ion 21: Seg3 -> T2
[SHUTTLE 24] ion=12  T2 -> T0  route=T2->J1->J0->T0
    - SPLIT  (10560 -> 10680)  ion 12: T2 -> Seg3 (swap_cnt=1, swap_hops=9, ion_hops=0, i1=12, i2=21)
    - MOVE   (10680 -> 10694)  ion 12: Seg3 -> Seg4 via J1
    - MOVE   (10694 -> 10708)  ion 12: Seg4 -> Seg0 via J0
    - MERGE  (10708 -> 10788)  ion 12: Seg0 -> T0
[SHUTTLE 25] ion=22  T0 -> T2  route=T0->J0->J1->T2
    - SPLIT  (10828 -> 10948)  ion 22: T0 -> Seg0 (swap_cnt=1, swap_hops=2, ion_hops=0, i1=22, i2=12)
    - MOVE   (10948 -> 10962)  ion 22: Seg0 -> Seg4 via J0
    - MOVE   (10962 -> 10976)  ion 22: Seg4 -> Seg3 via J1
    - MERGE  (10976 -> 11056)  ion 22: Seg3 -> T2
[SHUTTLE 26] ion=21  T2 -> T0  route=T2->J1->J0->T0
    - SPLIT  (11096 -> 11216)  ion 21: T2 -> Seg3 (swap_cnt=1, swap_hops=1, ion_hops=0, i1=21, i2=22)
    - MOVE   (11216 -> 11230)  ion 21: Seg3 -> Seg4 via J1
    - MOVE   (11230 -> 11244)  ion 21: Seg4 -> Seg0 via J0
    - MERGE  (11244 -> 11324)  ion 21: Seg0 -> T0
[SHUTTLE 27] ion=12  T0 -> T2  route=T0->J0->J1->T2
    - SPLIT  (11364 -> 11484)  ion 12: T0 -> Seg0 (swap_cnt=1, swap_hops=1, ion_hops=0, i1=12, i2=21)
    - MOVE   (11484 -> 11498)  ion 12: Seg0 -> Seg4 via J0
    - MOVE   (11498 -> 11512)  ion 12: Seg4 -> Seg3 via J1
    - MERGE  (11512 -> 11592)  ion 12: Seg3 -> T2
[SHUTTLE 28] ion=22  T2 -> T0  route=T2->J1->J0->T0
    - SPLIT  (11632 -> 11752)  ion 22: T2 -> Seg3 (swap_cnt=1, swap_hops=1, ion_hops=0, i1=22, i2=12)
    - MOVE   (11752 -> 11766)  ion 22: Seg3 -> Seg4 via J1
    - MOVE   (11766 -> 11780)  ion 22: Seg4 -> Seg0 via J0
    - MERGE  (11780 -> 11860)  ion 22: Seg0 -> T0
[SHUTTLE 29] ion=13  T0 -> T2  route=T0->J0->J1->T2
    - SPLIT  (11940 -> 12060)  ion 13: T0 -> Seg0 (swap_cnt=1, swap_hops=6, ion_hops=0, i1=13, i2=22)
    - MOVE   (12060 -> 12074)  ion 13: Seg0 -> Seg4 via J0
    - MOVE   (12074 -> 12088)  ion 13: Seg4 -> Seg3 via J1
    - MERGE  (12088 -> 12168)  ion 13: Seg3 -> T2
[SHUTTLE 30] ion=13  T2 -> T0  route=T2->J1->J0->T0
    - SPLIT  (12448 -> 12528)  ion 13: T2 -> Seg3 (swap_cnt=0, swap_hops=0, ion_hops=0, i1=0, i2=0)
    - MOVE   (12528 -> 12542)  ion 13: Seg3 -> Seg4 via J1
    - MOVE   (12542 -> 12556)  ion 13: Seg4 -> Seg0 via J0
    - MERGE  (12556 -> 12636)  ion 13: Seg0 -> T0
[SHUTTLE 31] ion=24  T0 -> T1  route=T0->J0->J1->T1
    - SPLIT  (12676 -> 12796)  ion 24: T0 -> Seg0 (swap_cnt=1, swap_hops=5, ion_hops=0, i1=24, i2=13)
    - MOVE   (12796 -> 12810)  ion 24: Seg0 -> Seg4 via J0
    - MOVE   (12810 -> 12824)  ion 24: Seg4 -> Seg2 via J1
    - MERGE  (12824 -> 12904)  ion 24: Seg2 -> T1
[SHUTTLE 32] ion=13  T0 -> T1  route=T0->J0->J1->T1
    - SPLIT  (12944 -> 13024)  ion 13: T0 -> Seg0 (swap_cnt=0, swap_hops=0, ion_hops=0, i1=0, i2=0)
    - MOVE   (13024 -> 13038)  ion 13: Seg0 -> Seg4 via J0
    - MOVE   (13038 -> 13052)  ion 13: Seg4 -> Seg2 via J1
    - MERGE  (13052 -> 13132)  ion 13: Seg2 -> T1
[SHUTTLE 33] ion=13  T1 -> T2  route=T1->J1->T2
    - SPLIT  (13612 -> 13692)  ion 13: T1 -> Seg2 (swap_cnt=0, swap_hops=0, ion_hops=0, i1=0, i2=0)
    - MOVE   (13692 -> 13706)  ion 13: Seg2 -> Seg3 via J1
    - MERGE  (13706 -> 13786)  ion 13: Seg3 -> T2
[SHUTTLE 34] ion=12  T2 -> T0  route=T2->J1->J0->T0
    - SPLIT  (14026 -> 14146)  ion 12: T2 -> Seg3 (swap_cnt=1, swap_hops=1, ion_hops=0, i1=12, i2=13)
    - MOVE   (14146 -> 14160)  ion 12: Seg3 -> Seg4 via J1
    - MOVE   (14160 -> 14174)  ion 12: Seg4 -> Seg0 via J0
    - MERGE  (14174 -> 14254)  ion 12: Seg0 -> T0
[SHUTTLE 35] ion=21  T0 -> T2  route=T0->J0->J1->T2
    - SPLIT  (14534 -> 14654)  ion 21: T0 -> Seg0 (swap_cnt=1, swap_hops=2, ion_hops=0, i1=21, i2=12)
    - MOVE   (14654 -> 14668)  ion 21: Seg0 -> Seg4 via J0
    - MOVE   (14668 -> 14682)  ion 21: Seg4 -> Seg3 via J1
    - MERGE  (14682 -> 14762)  ion 21: Seg3 -> T2
[SHUTTLE 36] ion=24  T1 -> T0  route=T1->J1->J0->T0
    - SPLIT  (14882 -> 14962)  ion 24: T1 -> Seg2 (swap_cnt=0, swap_hops=0, ion_hops=0, i1=0, i2=0)
    - MOVE   (14962 -> 14976)  ion 24: Seg2 -> Seg4 via J1
    - MOVE   (14976 -> 14990)  ion 24: Seg4 -> Seg0 via J0
    - MERGE  (14990 -> 15070)  ion 24: Seg0 -> T0
[SHUTTLE 37] ion=25  T2 -> T0  route=T2->J1->J0->T0
    - SPLIT  (15150 -> 15270)  ion 25: T2 -> Seg3 (swap_cnt=1, swap_hops=4, ion_hops=0, i1=25, i2=21)
    - MOVE   (15270 -> 15284)  ion 25: Seg3 -> Seg4 via J1
    - MOVE   (15284 -> 15298)  ion 25: Seg4 -> Seg0 via J0
    - MERGE  (15298 -> 15378)  ion 25: Seg0 -> T0
[SHUTTLE 38] ion=6  T0 -> T2  route=T0->J0->J1->T2
    - SPLIT  (15418 -> 15538)  ion 6: T0 -> Seg0 (swap_cnt=1, swap_hops=9, ion_hops=0, i1=6, i2=25)
    - MOVE   (15538 -> 15552)  ion 6: Seg0 -> Seg4 via J0
    - MOVE   (15552 -> 15566)  ion 6: Seg4 -> Seg3 via J1
    - MERGE  (15566 -> 15646)  ion 6: Seg3 -> T2
[SHUTTLE 39] ion=26  T2 -> T0  route=T2->J1->J0->T0
    - SPLIT  (15686 -> 15806)  ion 26: T2 -> Seg3 (swap_cnt=1, swap_hops=4, ion_hops=0, i1=26, i2=6)
    - MOVE   (15806 -> 15820)  ion 26: Seg3 -> Seg4 via J1
    - MOVE   (15820 -> 15834)  ion 26: Seg4 -> Seg0 via J0
    - MERGE  (15834 -> 15914)  ion 26: Seg0 -> T0
[SHUTTLE 40] ion=25  T0 -> T2  route=T0->J0->J1->T2
    - SPLIT  (15954 -> 16074)  ion 25: T0 -> Seg0 (swap_cnt=1, swap_hops=1, ion_hops=0, i1=25, i2=26)
    - MOVE   (16074 -> 16088)  ion 25: Seg0 -> Seg4 via J0
    - MOVE   (16088 -> 16102)  ion 25: Seg4 -> Seg3 via J1
    - MERGE  (16102 -> 16182)  ion 25: Seg3 -> T2
[SHUTTLE 41] ion=6  T2 -> T0  route=T2->J1->J0->T0
    - SPLIT  (16222 -> 16342)  ion 6: T2 -> Seg3 (swap_cnt=1, swap_hops=1, ion_hops=0, i1=6, i2=25)
    - MOVE   (16342 -> 16356)  ion 6: Seg3 -> Seg4 via J1
    - MOVE   (16356 -> 16370)  ion 6: Seg4 -> Seg0 via J0
    - MERGE  (16370 -> 16450)  ion 6: Seg0 -> T0
[SHUTTLE 42] ion=26  T0 -> T2  route=T0->J0->J1->T2
    - SPLIT  (16490 -> 16610)  ion 26: T0 -> Seg0 (swap_cnt=1, swap_hops=1, ion_hops=0, i1=26, i2=6)
    - MOVE   (16610 -> 16624)  ion 26: Seg0 -> Seg4 via J0
    - MOVE   (16624 -> 16638)  ion 26: Seg4 -> Seg3 via J1
    - MERGE  (16638 -> 16718)  ion 26: Seg3 -> T2
[SHUTTLE 43] ion=8  T2 -> T0  route=T2->J1->J0->T0
    - SPLIT  (16810 -> 16930)  ion 8: T2 -> Seg3 (swap_cnt=1, swap_hops=8, ion_hops=0, i1=8, i2=26)
    - MOVE   (16930 -> 16944)  ion 8: Seg3 -> Seg4 via J1
    - MOVE   (16944 -> 16958)  ion 8: Seg4 -> Seg0 via J0
    - MERGE  (16958 -> 17038)  ion 8: Seg0 -> T0
[SHUTTLE 44] ion=6  T0 -> T2  route=T0->J0->J1->T2
    - SPLIT  (17918 -> 18038)  ion 6: T0 -> Seg0 (swap_cnt=1, swap_hops=1, ion_hops=0, i1=6, i2=8)
    - MOVE   (18038 -> 18052)  ion 6: Seg0 -> Seg4 via J0
    - MOVE   (18052 -> 18066)  ion 6: Seg4 -> Seg3 via J1
    - MERGE  (18066 -> 18146)  ion 6: Seg3 -> T2
[SHUTTLE 45] ion=21  T2 -> T0  route=T2->J1->J0->T0
    - SPLIT  (18506 -> 18626)  ion 21: T2 -> Seg3 (swap_cnt=1, swap_hops=3, ion_hops=0, i1=21, i2=6)
    - MOVE   (18626 -> 18640)  ion 21: Seg3 -> Seg4 via J1
    - MOVE   (18640 -> 18654)  ion 21: Seg4 -> Seg0 via J0
    - MERGE  (18654 -> 18734)  ion 21: Seg0 -> T0
[SHUTTLE 46] ion=21  T0 -> T1  route=T0->J0->J1->T1
    - SPLIT  (18774 -> 18854)  ion 21: T0 -> Seg0 (swap_cnt=0, swap_hops=0, ion_hops=0, i1=0, i2=0)
    - MOVE   (18854 -> 18868)  ion 21: Seg0 -> Seg4 via J0
    - MOVE   (18868 -> 18882)  ion 21: Seg4 -> Seg2 via J1
    - MERGE  (18882 -> 18962)  ion 21: Seg2 -> T1
[SHUTTLE 47] ion=22  T0 -> T1  route=T0->J0->J1->T1
    - SPLIT  (19002 -> 19122)  ion 22: T0 -> Seg0 (swap_cnt=1, swap_hops=3, ion_hops=0, i1=22, i2=8)
    - MOVE   (19122 -> 19136)  ion 22: Seg0 -> Seg4 via J0
    - MOVE   (19136 -> 19150)  ion 22: Seg4 -> Seg2 via J1
    - MERGE  (19150 -> 19230)  ion 22: Seg2 -> T1
[SHUTTLE 48] ion=23  T2 -> T1  route=T2->J1->T1
    - SPLIT  (19470 -> 19590)  ion 23: T2 -> Seg3 (swap_cnt=1, swap_hops=6, ion_hops=0, i1=23, i2=6)
    - MOVE   (19590 -> 19604)  ion 23: Seg3 -> Seg2 via J1
    - MERGE  (19604 -> 19684)  ion 23: Seg2 -> T1
[SHUTTLE 49] ion=24  T0 -> T1  route=T0->J0->J1->T1
    - SPLIT  (20004 -> 20124)  ion 24: T0 -> Seg0 (swap_cnt=1, swap_hops=1, ion_hops=0, i1=24, i2=8)
    - MOVE   (20124 -> 20138)  ion 24: Seg0 -> Seg4 via J0
    - MOVE   (20138 -> 20152)  ion 24: Seg4 -> Seg2 via J1
    - MERGE  (20152 -> 20232)  ion 24: Seg2 -> T1
[SHUTTLE 50] ion=17  T2 -> T1  route=T2->J1->T1
    - SPLIT  (20272 -> 20392)  ion 17: T2 -> Seg3 (swap_cnt=1, swap_hops=8, ion_hops=0, i1=17, i2=6)
    - MOVE   (20392 -> 20406)  ion 17: Seg3 -> Seg2 via J1
    - MERGE  (20406 -> 20486)  ion 17: Seg2 -> T1
[SHUTTLE 51] ion=21  T1 -> T2  route=T1->J1->T2
    - SPLIT  (21486 -> 21606)  ion 21: T1 -> Seg2 (swap_cnt=1, swap_hops=4, ion_hops=0, i1=21, i2=17)
    - MOVE   (21606 -> 21620)  ion 21: Seg2 -> Seg3 via J1
    - MERGE  (21620 -> 21700)  ion 21: Seg3 -> T2
[SHUTTLE 52] ion=27  T0 -> T1  route=T0->J0->J1->T1
    - SPLIT  (21740 -> 21860)  ion 27: T0 -> Seg0 (swap_cnt=1, swap_hops=3, ion_hops=0, i1=27, i2=8)
    - MOVE   (21860 -> 21874)  ion 27: Seg0 -> Seg4 via J0
    - MOVE   (21874 -> 21888)  ion 27: Seg4 -> Seg2 via J1
    - MERGE  (21888 -> 21968)  ion 27: Seg2 -> T1
[SHUTTLE 53] ion=23  T1 -> T2  route=T1->J1->T2
    - SPLIT  (22048 -> 22168)  ion 23: T1 -> Seg2 (swap_cnt=1, swap_hops=3, ion_hops=0, i1=23, i2=27)
    - MOVE   (22168 -> 22182)  ion 23: Seg2 -> Seg3 via J1
    - MERGE  (22182 -> 22262)  ion 23: Seg3 -> T2
[SHUTTLE 54] ion=28  T0 -> T1  route=T0->J0->J1->T1
    - SPLIT  (22342 -> 22462)  ion 28: T0 -> Seg0 (swap_cnt=1, swap_hops=3, ion_hops=0, i1=28, i2=8)
    - MOVE   (22462 -> 22476)  ion 28: Seg0 -> Seg4 via J0
    - MOVE   (22476 -> 22490)  ion 28: Seg4 -> Seg2 via J1
    - MERGE  (22490 -> 22570)  ion 28: Seg2 -> T1
[SHUTTLE 55] ion=18  T1 -> T2  route=T1->J1->T2
    - SPLIT  (22610 -> 22730)  ion 18: T1 -> Seg2 (swap_cnt=1, swap_hops=8, ion_hops=0, i1=18, i2=28)
    - MOVE   (22730 -> 22744)  ion 18: Seg2 -> Seg3 via J1
    - MERGE  (22744 -> 22824)  ion 18: Seg3 -> T2
[SHUTTLE 56] ion=18  T2 -> T1  route=T2->J1->T1
    - SPLIT  (23104 -> 23184)  ion 18: T2 -> Seg3 (swap_cnt=0, swap_hops=0, ion_hops=0, i1=0, i2=0)
    - MOVE   (23184 -> 23198)  ion 18: Seg3 -> Seg2 via J1
    - MERGE  (23198 -> 23278)  ion 18: Seg2 -> T1
[SHUTTLE 57] ion=28  T1 -> T2  route=T1->J1->T2
    - SPLIT  (23598 -> 23718)  ion 28: T1 -> Seg2 (swap_cnt=1, swap_hops=1, ion_hops=0, i1=28, i2=18)
    - MOVE   (23718 -> 23732)  ion 28: Seg2 -> Seg3 via J1
    - MERGE  (23732 -> 23812)  ion 28: Seg3 -> T2
[SHUTTLE 58] ion=20  T2 -> T1  route=T2->J1->T1
    - SPLIT  (23852 -> 23972)  ion 20: T2 -> Seg3 (swap_cnt=1, swap_hops=11, ion_hops=0, i1=20, i2=28)
    - MOVE   (23972 -> 23986)  ion 20: Seg3 -> Seg2 via J1
    - MERGE  (23986 -> 24066)  ion 20: Seg2 -> T1
[SHUTTLE 59] ion=19  T1 -> T2  route=T1->J1->T2
    - SPLIT  (24106 -> 24226)  ion 19: T1 -> Seg2 (swap_cnt=1, swap_hops=8, ion_hops=0, i1=19, i2=20)
    - MOVE   (24226 -> 24240)  ion 19: Seg2 -> Seg3 via J1
    - MERGE  (24240 -> 24320)  ion 19: Seg3 -> T2
[SHUTTLE 60] ion=28  T2 -> T1  route=T2->J1->T1
    - SPLIT  (24360 -> 24480)  ion 28: T2 -> Seg3 (swap_cnt=1, swap_hops=1, ion_hops=0, i1=28, i2=19)
    - MOVE   (24480 -> 24494)  ion 28: Seg3 -> Seg2 via J1
    - MERGE  (24494 -> 24574)  ion 28: Seg2 -> T1
[SHUTTLE 61] ion=20  T1 -> T2  route=T1->J1->T2
    - SPLIT  (24614 -> 24734)  ion 20: T1 -> Seg2 (swap_cnt=1, swap_hops=1, ion_hops=0, i1=20, i2=28)
    - MOVE   (24734 -> 24748)  ion 20: Seg2 -> Seg3 via J1
    - MERGE  (24748 -> 24828)  ion 20: Seg3 -> T2
[SHUTTLE 62] ion=19  T2 -> T1  route=T2->J1->T1
    - SPLIT  (24868 -> 24988)  ion 19: T2 -> Seg3 (swap_cnt=1, swap_hops=1, ion_hops=0, i1=19, i2=20)
    - MOVE   (24988 -> 25002)  ion 19: Seg3 -> Seg2 via J1
    - MERGE  (25002 -> 25082)  ion 19: Seg2 -> T1
[SHUTTLE 63] ion=29  T1 -> T2  route=T1->J1->T2
    - SPLIT  (25162 -> 25282)  ion 29: T1 -> Seg2 (swap_cnt=1, swap_hops=8, ion_hops=0, i1=29, i2=19)
    - MOVE   (25282 -> 25296)  ion 29: Seg2 -> Seg3 via J1
    - MERGE  (25296 -> 25376)  ion 29: Seg3 -> T2
[SHUTTLE 64] ion=20  T2 -> T1  route=T2->J1->T1
    - SPLIT  (25416 -> 25536)  ion 20: T2 -> Seg3 (swap_cnt=1, swap_hops=1, ion_hops=0, i1=20, i2=29)
    - MOVE   (25536 -> 25550)  ion 20: Seg3 -> Seg2 via J1
    - MERGE  (25550 -> 25630)  ion 20: Seg2 -> T1
[SHUTTLE 65] ion=18  T1 -> T2  route=T1->J1->T2
    - SPLIT  (26110 -> 26230)  ion 18: T1 -> Seg2 (swap_cnt=1, swap_hops=3, ion_hops=0, i1=18, i2=20)
    - MOVE   (26230 -> 26244)  ion 18: Seg2 -> Seg3 via J1
    - MERGE  (26244 -> 26324)  ion 18: Seg3 -> T2
SplitSWAP: 56
SchedulerFiredShuttle: 66
ReportedTotalShuttle: 66
----------------
