Simulation
Program:           ./programs/SQRT30.qasm
Machine:           G2x3
Model:             MUSS_Params
Ions/Region:       8
Mapper:            SABRE
Reorder:           Naive
SerialTrap:        1
SerialComm:        1
SerialAll:         1
GateType:          FM
SwapType:          PaperSwapDirect
Scheduler Family:  MUSS
Scheduler Version: V2
qbit 1: 21 qbit 2: 25 dep gates: 0
qbit 1: 22 qbit 2: 27 dep gates: 1
qbit 1: 23 qbit 2: 25 dep gates: 2
qbit 1: 23 qbit 2: 25 dep gates: 4
qbit 1: 23 qbit 2: 26 dep gates: 6
qbit 1: 24 qbit 2: 27 dep gates: 3
qbit 1: 24 qbit 2: 27 dep gates: 5
qbit 1: 24 qbit 2: 28 dep gates: 8
qbit 25 dep gates: 6
qbit 27 dep gates: 8
qbit 28 dep gates: 9
qbit 26 dep gates: 7
qbit 25 dep gates: 10
qbit 0 dep gates: 13
qbit 1: 25 qbit 2: 26 dep gates: 15
qbit 1: 25 qbit 2: 26 dep gates: 14
qbit 1: 0 qbit 2: 25 dep gates: 16
qbit 1: 0 qbit 2: 25 dep gates: 17
qbit 1: 26 qbit 2: 0 dep gates: 17
qbit 1: 26 qbit 2: 0 dep gates: 18
qbit 25 dep gates: 18
qbit 0 dep gates: 19
qbit 1: 26 qbit 2: 25 dep gates: 19
qbit 1: 26 qbit 2: 25 dep gates: 20
qbit 26 dep gates: 22
qbit 25 dep gates: 22
qbit 1: 0 qbit 2: 25 dep gates: 21
qbit 1: 0 qbit 2: 25 dep gates: 24
qbit 1: 26 qbit 2: 0 dep gates: 23
qbit 1: 26 qbit 2: 0 dep gates: 25
qbit 1: 25 qbit 2: 26 dep gates: 25
qbit 1: 25 qbit 2: 26 dep gates: 26
qbit 0 dep gates: 26
qbit 0 dep gates: 28
qbit 27 dep gates: 11
qbit 1 dep gates: 29
qbit 1: 27 qbit 2: 0 dep gates: 31
qbit 1: 27 qbit 2: 0 dep gates: 30
qbit 1: 1 qbit 2: 27 dep gates: 32
qbit 1: 1 qbit 2: 27 dep gates: 33
qbit 1: 0 qbit 2: 1 dep gates: 33
qbit 1: 0 qbit 2: 1 dep gates: 34
qbit 27 dep gates: 34
qbit 1 dep gates: 35
qbit 1: 0 qbit 2: 27 dep gates: 35
qbit 1: 0 qbit 2: 27 dep gates: 36
qbit 0 dep gates: 38
qbit 27 dep gates: 38
qbit 1: 1 qbit 2: 27 dep gates: 37
qbit 1: 1 qbit 2: 27 dep gates: 40
qbit 1: 0 qbit 2: 1 dep gates: 39
qbit 1: 0 qbit 2: 1 dep gates: 41
qbit 1: 27 qbit 2: 0 dep gates: 41
qbit 1: 27 qbit 2: 0 dep gates: 42
qbit 1 dep gates: 42
qbit 1 dep gates: 44
qbit 28 dep gates: 12
qbit 2 dep gates: 45
qbit 1: 28 qbit 2: 1 dep gates: 47
qbit 1: 28 qbit 2: 1 dep gates: 46
qbit 1: 2 qbit 2: 28 dep gates: 48
qbit 1: 2 qbit 2: 28 dep gates: 49
qbit 1: 1 qbit 2: 2 dep gates: 49
qbit 1: 1 qbit 2: 2 dep gates: 50
qbit 28 dep gates: 50
qbit 2 dep gates: 51
qbit 1: 1 qbit 2: 28 dep gates: 51
qbit 1: 1 qbit 2: 28 dep gates: 52
qbit 1 dep gates: 54
qbit 28 dep gates: 54
qbit 1: 2 qbit 2: 28 dep gates: 53
qbit 1: 2 qbit 2: 28 dep gates: 56
qbit 1: 1 qbit 2: 2 dep gates: 55
qbit 1: 1 qbit 2: 2 dep gates: 57
qbit 1: 28 qbit 2: 1 dep gates: 57
qbit 1: 28 qbit 2: 1 dep gates: 58
qbit 2 dep gates: 58
qbit 2 dep gates: 60
qbit 2 dep gates: 61
qbit 1 dep gates: 59
qbit 28 dep gates: 59
qbit 2 dep gates: 62
qbit 1: 28 qbit 2: 1 dep gates: 64
qbit 1: 28 qbit 2: 1 dep gates: 63
qbit 1: 2 qbit 2: 28 dep gates: 65
qbit 1: 2 qbit 2: 28 dep gates: 66
qbit 1: 1 qbit 2: 2 dep gates: 66
qbit 1: 1 qbit 2: 2 dep gates: 67
qbit 28 dep gates: 67
qbit 2 dep gates: 68
qbit 1: 1 qbit 2: 28 dep gates: 68
qbit 1: 1 qbit 2: 28 dep gates: 69
qbit 1 dep gates: 71
qbit 28 dep gates: 71
qbit 1: 2 qbit 2: 28 dep gates: 70
qbit 1: 2 qbit 2: 28 dep gates: 73
qbit 1: 1 qbit 2: 2 dep gates: 72
qbit 1: 1 qbit 2: 2 dep gates: 74
qbit 1: 28 qbit 2: 1 dep gates: 74
qbit 1: 28 qbit 2: 1 dep gates: 75
qbit 2 dep gates: 75
qbit 1 dep gates: 76
qbit 0 dep gates: 43
qbit 27 dep gates: 43
qbit 1 dep gates: 78
qbit 1: 27 qbit 2: 0 dep gates: 80
qbit 1: 27 qbit 2: 0 dep gates: 79
qbit 1: 1 qbit 2: 27 dep gates: 81
qbit 1: 1 qbit 2: 27 dep gates: 82
qbit 1: 0 qbit 2: 1 dep gates: 82
qbit 1: 0 qbit 2: 1 dep gates: 83
qbit 27 dep gates: 83
qbit 1 dep gates: 84
qbit 1: 0 qbit 2: 27 dep gates: 84
qbit 1: 0 qbit 2: 27 dep gates: 85
qbit 0 dep gates: 87
qbit 27 dep gates: 87
qbit 1: 1 qbit 2: 27 dep gates: 86
qbit 1: 1 qbit 2: 27 dep gates: 89
qbit 1: 0 qbit 2: 1 dep gates: 88
qbit 1: 0 qbit 2: 1 dep gates: 90
qbit 1: 27 qbit 2: 0 dep gates: 90
qbit 1: 27 qbit 2: 0 dep gates: 91
qbit 1 dep gates: 91
qbit 0 dep gates: 92
qbit 26 dep gates: 27
qbit 25 dep gates: 27
qbit 0 dep gates: 94
qbit 1: 25 qbit 2: 26 dep gates: 96
qbit 1: 25 qbit 2: 26 dep gates: 95
qbit 1: 0 qbit 2: 25 dep gates: 97
qbit 1: 0 qbit 2: 25 dep gates: 98
qbit 1: 26 qbit 2: 0 dep gates: 98
qbit 1: 26 qbit 2: 0 dep gates: 99
qbit 25 dep gates: 99
qbit 0 dep gates: 100
qbit 1: 26 qbit 2: 25 dep gates: 100
qbit 1: 26 qbit 2: 25 dep gates: 101
qbit 26 dep gates: 103
qbit 25 dep gates: 103
qbit 1: 0 qbit 2: 25 dep gates: 102
qbit 1: 0 qbit 2: 25 dep gates: 105
qbit 1: 26 qbit 2: 0 dep gates: 104
qbit 1: 26 qbit 2: 0 dep gates: 106
qbit 1: 25 qbit 2: 26 dep gates: 106
qbit 1: 25 qbit 2: 26 dep gates: 107
qbit 0 dep gates: 107
qbit 25 dep gates: 108
qbit 27 dep gates: 92
qbit 28 dep gates: 76
qbit 1: 21 qbit 2: 25 dep gates: 4
qbit 1: 21 qbit 2: 25 dep gates: 110
qbit 1: 22 qbit 2: 27 dep gates: 5
qbit 1: 22 qbit 2: 27 dep gates: 111
qbit 1: 23 qbit 2: 25 dep gates: 7
qbit 1: 23 qbit 2: 25 dep gates: 113
qbit 1: 23 qbit 2: 26 dep gates: 115
qbit 1: 23 qbit 2: 26 dep gates: 108
qbit 1: 24 qbit 2: 27 dep gates: 9
qbit 1: 24 qbit 2: 27 dep gates: 114
qbit 1: 24 qbit 2: 28 dep gates: 117
qbit 1: 24 qbit 2: 28 dep gates: 112
qbit 21 dep gates: 113
qbit 22 dep gates: 114
qbit 23 dep gates: 116
qbit 24 dep gates: 118
qbit 21 dep gates: 119
qbit 22 dep gates: 120
qbit 23 dep gates: 121
qbit 24 dep gates: 122
qbit 22 dep gates: 124
qbit 21 dep gates: 123
qbit 9 dep gates: 127
qbit 1: 21 qbit 2: 22 dep gates: 129
qbit 1: 21 qbit 2: 22 dep gates: 128
qbit 1: 9 qbit 2: 21 dep gates: 130
qbit 1: 9 qbit 2: 21 dep gates: 131
qbit 1: 22 qbit 2: 9 dep gates: 131
qbit 1: 22 qbit 2: 9 dep gates: 132
qbit 21 dep gates: 132
qbit 9 dep gates: 133
qbit 1: 22 qbit 2: 21 dep gates: 133
qbit 1: 22 qbit 2: 21 dep gates: 134
qbit 22 dep gates: 136
qbit 21 dep gates: 136
qbit 1: 9 qbit 2: 21 dep gates: 135
qbit 1: 9 qbit 2: 21 dep gates: 138
qbit 1: 22 qbit 2: 9 dep gates: 137
qbit 1: 22 qbit 2: 9 dep gates: 139
qbit 1: 21 qbit 2: 22 dep gates: 139
qbit 1: 21 qbit 2: 22 dep gates: 140
qbit 9 dep gates: 140
qbit 9 dep gates: 142
qbit 23 dep gates: 125
qbit 10 dep gates: 143
qbit 1: 23 qbit 2: 9 dep gates: 145
qbit 1: 23 qbit 2: 9 dep gates: 144
qbit 1: 10 qbit 2: 23 dep gates: 146
qbit 1: 10 qbit 2: 23 dep gates: 147
qbit 1: 9 qbit 2: 10 dep gates: 147
qbit 1: 9 qbit 2: 10 dep gates: 148
qbit 23 dep gates: 148
qbit 10 dep gates: 149
qbit 1: 9 qbit 2: 23 dep gates: 149
qbit 1: 9 qbit 2: 23 dep gates: 150
qbit 9 dep gates: 152
qbit 23 dep gates: 152
qbit 1: 10 qbit 2: 23 dep gates: 151
qbit 1: 10 qbit 2: 23 dep gates: 154
qbit 1: 9 qbit 2: 10 dep gates: 153
qbit 1: 9 qbit 2: 10 dep gates: 155
qbit 1: 23 qbit 2: 9 dep gates: 155
qbit 1: 23 qbit 2: 9 dep gates: 156
qbit 10 dep gates: 156
qbit 10 dep gates: 158
qbit 24 dep gates: 126
qbit 11 dep gates: 159
qbit 1: 24 qbit 2: 10 dep gates: 161
qbit 1: 24 qbit 2: 10 dep gates: 160
qbit 1: 11 qbit 2: 24 dep gates: 162
qbit 1: 11 qbit 2: 24 dep gates: 163
qbit 1: 10 qbit 2: 11 dep gates: 163
qbit 1: 10 qbit 2: 11 dep gates: 164
qbit 24 dep gates: 164
qbit 11 dep gates: 165
qbit 1: 10 qbit 2: 24 dep gates: 165
qbit 1: 10 qbit 2: 24 dep gates: 166
qbit 10 dep gates: 168
qbit 24 dep gates: 168
qbit 1: 11 qbit 2: 24 dep gates: 167
qbit 1: 11 qbit 2: 24 dep gates: 170
qbit 1: 10 qbit 2: 11 dep gates: 169
qbit 1: 10 qbit 2: 11 dep gates: 171
qbit 1: 24 qbit 2: 10 dep gates: 171
qbit 1: 24 qbit 2: 10 dep gates: 172
qbit 11 dep gates: 172
qbit 11 dep gates: 174
qbit 11 dep gates: 175
qbit 10 dep gates: 173
qbit 24 dep gates: 173
qbit 11 dep gates: 176
qbit 1: 24 qbit 2: 10 dep gates: 178
qbit 1: 24 qbit 2: 10 dep gates: 177
qbit 1: 11 qbit 2: 24 dep gates: 179
qbit 1: 11 qbit 2: 24 dep gates: 180
qbit 1: 10 qbit 2: 11 dep gates: 180
qbit 1: 10 qbit 2: 11 dep gates: 181
qbit 24 dep gates: 181
qbit 11 dep gates: 182
qbit 1: 10 qbit 2: 24 dep gates: 182
qbit 1: 10 qbit 2: 24 dep gates: 183
qbit 10 dep gates: 185
qbit 24 dep gates: 185
qbit 1: 11 qbit 2: 24 dep gates: 184
qbit 1: 11 qbit 2: 24 dep gates: 187
qbit 1: 10 qbit 2: 11 dep gates: 186
qbit 1: 10 qbit 2: 11 dep gates: 188
qbit 1: 24 qbit 2: 10 dep gates: 188
qbit 1: 24 qbit 2: 10 dep gates: 189
qbit 11 dep gates: 189
qbit 10 dep gates: 190
qbit 9 dep gates: 157
qbit 23 dep gates: 157
qbit 10 dep gates: 192
qbit 1: 23 qbit 2: 9 dep gates: 194
qbit 1: 23 qbit 2: 9 dep gates: 193
qbit 1: 10 qbit 2: 23 dep gates: 195
qbit 1: 10 qbit 2: 23 dep gates: 196
qbit 1: 9 qbit 2: 10 dep gates: 196
qbit 1: 9 qbit 2: 10 dep gates: 197
qbit 23 dep gates: 197
qbit 10 dep gates: 198
qbit 1: 9 qbit 2: 23 dep gates: 198
qbit 1: 9 qbit 2: 23 dep gates: 199
qbit 9 dep gates: 201
qbit 23 dep gates: 201
qbit 1: 10 qbit 2: 23 dep gates: 200
qbit 1: 10 qbit 2: 23 dep gates: 203
qbit 1: 9 qbit 2: 10 dep gates: 202
qbit 1: 9 qbit 2: 10 dep gates: 204
qbit 1: 23 qbit 2: 9 dep gates: 204
qbit 1: 23 qbit 2: 9 dep gates: 205
qbit 10 dep gates: 205
qbit 9 dep gates: 206
qbit 22 dep gates: 141
qbit 21 dep gates: 141
qbit 9 dep gates: 208
qbit 1: 21 qbit 2: 22 dep gates: 210
qbit 1: 21 qbit 2: 22 dep gates: 209
qbit 1: 9 qbit 2: 21 dep gates: 211
qbit 1: 9 qbit 2: 21 dep gates: 212
qbit 1: 22 qbit 2: 9 dep gates: 212
qbit 1: 22 qbit 2: 9 dep gates: 213
qbit 21 dep gates: 213
qbit 9 dep gates: 214
qbit 1: 22 qbit 2: 21 dep gates: 214
qbit 1: 22 qbit 2: 21 dep gates: 215
qbit 22 dep gates: 217
qbit 21 dep gates: 217
qbit 1: 9 qbit 2: 21 dep gates: 216
qbit 1: 9 qbit 2: 21 dep gates: 219
qbit 1: 22 qbit 2: 9 dep gates: 218
qbit 1: 22 qbit 2: 9 dep gates: 220
qbit 1: 21 qbit 2: 22 dep gates: 220
qbit 1: 21 qbit 2: 22 dep gates: 221
qbit 9 dep gates: 221
qbit 21 dep gates: 222
qbit 22 dep gates: 222
qbit 23 dep gates: 206
qbit 24 dep gates: 190
qbit 21 dep gates: 224
qbit 22 dep gates: 225
qbit 23 dep gates: 226
qbit 24 dep gates: 227
qbit 1: 21 qbit 2: 25 dep gates: 228
qbit 1: 21 qbit 2: 25 dep gates: 115
qbit 1: 22 qbit 2: 27 dep gates: 229
qbit 1: 22 qbit 2: 27 dep gates: 117
qbit 1: 23 qbit 2: 25 dep gates: 230
qbit 1: 23 qbit 2: 25 dep gates: 232
qbit 1: 23 qbit 2: 26 dep gates: 234
qbit 1: 23 qbit 2: 26 dep gates: 116
qbit 1: 24 qbit 2: 27 dep gates: 231
qbit 1: 24 qbit 2: 27 dep gates: 233
qbit 1: 24 qbit 2: 28 dep gates: 236
qbit 1: 24 qbit 2: 28 dep gates: 118
qbit 25 dep gates: 234
qbit 27 dep gates: 236
qbit 28 dep gates: 237
qbit 26 dep gates: 235
qbit 25 dep gates: 238
qbit 3 dep gates: 241
qbit 1: 25 qbit 2: 26 dep gates: 243
qbit 1: 25 qbit 2: 26 dep gates: 242
qbit 1: 3 qbit 2: 25 dep gates: 244
qbit 1: 3 qbit 2: 25 dep gates: 245
qbit 1: 26 qbit 2: 3 dep gates: 245
qbit 1: 26 qbit 2: 3 dep gates: 246
qbit 25 dep gates: 246
qbit 3 dep gates: 247
qbit 1: 26 qbit 2: 25 dep gates: 247
qbit 1: 26 qbit 2: 25 dep gates: 248
qbit 26 dep gates: 250
qbit 25 dep gates: 250
qbit 1: 3 qbit 2: 25 dep gates: 249
qbit 1: 3 qbit 2: 25 dep gates: 252
qbit 1: 26 qbit 2: 3 dep gates: 251
qbit 1: 26 qbit 2: 3 dep gates: 253
qbit 1: 25 qbit 2: 26 dep gates: 253
qbit 1: 25 qbit 2: 26 dep gates: 254
qbit 3 dep gates: 254
qbit 3 dep gates: 256
qbit 27 dep gates: 239
qbit 4 dep gates: 257
qbit 1: 27 qbit 2: 3 dep gates: 259
qbit 1: 27 qbit 2: 3 dep gates: 258
qbit 1: 4 qbit 2: 27 dep gates: 260
qbit 1: 4 qbit 2: 27 dep gates: 261
qbit 1: 3 qbit 2: 4 dep gates: 261
qbit 1: 3 qbit 2: 4 dep gates: 262
qbit 27 dep gates: 262
qbit 4 dep gates: 263
qbit 1: 3 qbit 2: 27 dep gates: 263
qbit 1: 3 qbit 2: 27 dep gates: 264
qbit 3 dep gates: 266
qbit 27 dep gates: 266
qbit 1: 4 qbit 2: 27 dep gates: 265
qbit 1: 4 qbit 2: 27 dep gates: 268
qbit 1: 3 qbit 2: 4 dep gates: 267
qbit 1: 3 qbit 2: 4 dep gates: 269
qbit 1: 27 qbit 2: 3 dep gates: 269
qbit 1: 27 qbit 2: 3 dep gates: 270
qbit 4 dep gates: 270
qbit 4 dep gates: 272
qbit 28 dep gates: 240
qbit 5 dep gates: 273
qbit 1: 28 qbit 2: 4 dep gates: 275
qbit 1: 28 qbit 2: 4 dep gates: 274
qbit 1: 5 qbit 2: 28 dep gates: 276
qbit 1: 5 qbit 2: 28 dep gates: 277
qbit 1: 4 qbit 2: 5 dep gates: 277
qbit 1: 4 qbit 2: 5 dep gates: 278
qbit 28 dep gates: 278
qbit 5 dep gates: 279
qbit 1: 4 qbit 2: 28 dep gates: 279
qbit 1: 4 qbit 2: 28 dep gates: 280
qbit 4 dep gates: 282
qbit 28 dep gates: 282
qbit 1: 5 qbit 2: 28 dep gates: 281
qbit 1: 5 qbit 2: 28 dep gates: 284
qbit 1: 4 qbit 2: 5 dep gates: 283
qbit 1: 4 qbit 2: 5 dep gates: 285
qbit 1: 28 qbit 2: 4 dep gates: 285
qbit 1: 28 qbit 2: 4 dep gates: 286
qbit 5 dep gates: 286
qbit 5 dep gates: 288
qbit 5 dep gates: 289
qbit 4 dep gates: 287
qbit 28 dep gates: 287
qbit 5 dep gates: 290
qbit 1: 28 qbit 2: 4 dep gates: 292
qbit 1: 28 qbit 2: 4 dep gates: 291
qbit 1: 5 qbit 2: 28 dep gates: 293
qbit 1: 5 qbit 2: 28 dep gates: 294
qbit 1: 4 qbit 2: 5 dep gates: 294
qbit 1: 4 qbit 2: 5 dep gates: 295
qbit 28 dep gates: 295
qbit 5 dep gates: 296
qbit 1: 4 qbit 2: 28 dep gates: 296
qbit 1: 4 qbit 2: 28 dep gates: 297
qbit 4 dep gates: 299
qbit 28 dep gates: 299
qbit 1: 5 qbit 2: 28 dep gates: 298
qbit 1: 5 qbit 2: 28 dep gates: 301
qbit 1: 4 qbit 2: 5 dep gates: 300
qbit 1: 4 qbit 2: 5 dep gates: 302
qbit 1: 28 qbit 2: 4 dep gates: 302
qbit 1: 28 qbit 2: 4 dep gates: 303
qbit 5 dep gates: 303
qbit 4 dep gates: 304
qbit 3 dep gates: 271
qbit 27 dep gates: 271
qbit 4 dep gates: 306
qbit 1: 27 qbit 2: 3 dep gates: 308
qbit 1: 27 qbit 2: 3 dep gates: 307
qbit 1: 4 qbit 2: 27 dep gates: 309
qbit 1: 4 qbit 2: 27 dep gates: 310
qbit 1: 3 qbit 2: 4 dep gates: 310
qbit 1: 3 qbit 2: 4 dep gates: 311
qbit 27 dep gates: 311
qbit 4 dep gates: 312
qbit 1: 3 qbit 2: 27 dep gates: 312
qbit 1: 3 qbit 2: 27 dep gates: 313
qbit 3 dep gates: 315
qbit 27 dep gates: 315
qbit 1: 4 qbit 2: 27 dep gates: 314
qbit 1: 4 qbit 2: 27 dep gates: 317
qbit 1: 3 qbit 2: 4 dep gates: 316
qbit 1: 3 qbit 2: 4 dep gates: 318
qbit 1: 27 qbit 2: 3 dep gates: 318
qbit 1: 27 qbit 2: 3 dep gates: 319
qbit 4 dep gates: 319
qbit 3 dep gates: 320
qbit 26 dep gates: 255
qbit 25 dep gates: 255
qbit 3 dep gates: 322
qbit 1: 25 qbit 2: 26 dep gates: 324
qbit 1: 25 qbit 2: 26 dep gates: 323
qbit 1: 3 qbit 2: 25 dep gates: 325
qbit 1: 3 qbit 2: 25 dep gates: 326
qbit 1: 26 qbit 2: 3 dep gates: 326
qbit 1: 26 qbit 2: 3 dep gates: 327
qbit 25 dep gates: 327
qbit 3 dep gates: 328
qbit 1: 26 qbit 2: 25 dep gates: 328
qbit 1: 26 qbit 2: 25 dep gates: 329
qbit 26 dep gates: 331
qbit 25 dep gates: 331
qbit 1: 3 qbit 2: 25 dep gates: 330
qbit 1: 3 qbit 2: 25 dep gates: 333
qbit 1: 26 qbit 2: 3 dep gates: 332
qbit 1: 26 qbit 2: 3 dep gates: 334
qbit 1: 25 qbit 2: 26 dep gates: 334
qbit 1: 25 qbit 2: 26 dep gates: 335
qbit 3 dep gates: 335
qbit 25 dep gates: 336
qbit 27 dep gates: 320
qbit 28 dep gates: 304
qbit 1: 21 qbit 2: 25 dep gates: 232
qbit 1: 21 qbit 2: 25 dep gates: 338
qbit 1: 22 qbit 2: 27 dep gates: 233
qbit 1: 22 qbit 2: 27 dep gates: 339
qbit 1: 23 qbit 2: 25 dep gates: 235
qbit 1: 23 qbit 2: 25 dep gates: 341
qbit 1: 23 qbit 2: 26 dep gates: 343
qbit 1: 23 qbit 2: 26 dep gates: 336
qbit 1: 24 qbit 2: 27 dep gates: 237
qbit 1: 24 qbit 2: 27 dep gates: 342
qbit 1: 24 qbit 2: 28 dep gates: 345
qbit 1: 24 qbit 2: 28 dep gates: 340
qbit 21 dep gates: 341
qbit 22 dep gates: 342
qbit 23 dep gates: 344
qbit 24 dep gates: 346
qbit 21 dep gates: 347
qbit 22 dep gates: 348
qbit 23 dep gates: 349
qbit 24 dep gates: 350
qbit 22 dep gates: 352
qbit 21 dep gates: 351
qbit 12 dep gates: 355
qbit 1: 21 qbit 2: 22 dep gates: 357
qbit 1: 21 qbit 2: 22 dep gates: 356
qbit 1: 12 qbit 2: 21 dep gates: 358
qbit 1: 12 qbit 2: 21 dep gates: 359
qbit 1: 22 qbit 2: 12 dep gates: 359
qbit 1: 22 qbit 2: 12 dep gates: 360
qbit 21 dep gates: 360
qbit 12 dep gates: 361
qbit 1: 22 qbit 2: 21 dep gates: 361
qbit 1: 22 qbit 2: 21 dep gates: 362
qbit 22 dep gates: 364
qbit 21 dep gates: 364
qbit 1: 12 qbit 2: 21 dep gates: 363
qbit 1: 12 qbit 2: 21 dep gates: 366
qbit 1: 22 qbit 2: 12 dep gates: 365
qbit 1: 22 qbit 2: 12 dep gates: 367
qbit 1: 21 qbit 2: 22 dep gates: 367
qbit 1: 21 qbit 2: 22 dep gates: 368
qbit 12 dep gates: 368
qbit 12 dep gates: 370
qbit 23 dep gates: 353
qbit 13 dep gates: 371
qbit 1: 23 qbit 2: 12 dep gates: 373
qbit 1: 23 qbit 2: 12 dep gates: 372
qbit 1: 13 qbit 2: 23 dep gates: 374
qbit 1: 13 qbit 2: 23 dep gates: 375
qbit 1: 12 qbit 2: 13 dep gates: 375
qbit 1: 12 qbit 2: 13 dep gates: 376
qbit 23 dep gates: 376
qbit 13 dep gates: 377
qbit 1: 12 qbit 2: 23 dep gates: 377
qbit 1: 12 qbit 2: 23 dep gates: 378
qbit 12 dep gates: 380
qbit 23 dep gates: 380
qbit 1: 13 qbit 2: 23 dep gates: 379
qbit 1: 13 qbit 2: 23 dep gates: 382
qbit 1: 12 qbit 2: 13 dep gates: 381
qbit 1: 12 qbit 2: 13 dep gates: 383
qbit 1: 23 qbit 2: 12 dep gates: 383
qbit 1: 23 qbit 2: 12 dep gates: 384
qbit 13 dep gates: 384
qbit 13 dep gates: 386
qbit 24 dep gates: 354
qbit 14 dep gates: 387
qbit 1: 24 qbit 2: 13 dep gates: 389
qbit 1: 24 qbit 2: 13 dep gates: 388
qbit 1: 14 qbit 2: 24 dep gates: 390
qbit 1: 14 qbit 2: 24 dep gates: 391
qbit 1: 13 qbit 2: 14 dep gates: 391
qbit 1: 13 qbit 2: 14 dep gates: 392
qbit 24 dep gates: 392
qbit 14 dep gates: 393
qbit 1: 13 qbit 2: 24 dep gates: 393
qbit 1: 13 qbit 2: 24 dep gates: 394
qbit 13 dep gates: 396
qbit 24 dep gates: 396
qbit 1: 14 qbit 2: 24 dep gates: 395
qbit 1: 14 qbit 2: 24 dep gates: 398
qbit 1: 13 qbit 2: 14 dep gates: 397
qbit 1: 13 qbit 2: 14 dep gates: 399
qbit 1: 24 qbit 2: 13 dep gates: 399
qbit 1: 24 qbit 2: 13 dep gates: 400
qbit 14 dep gates: 400
qbit 14 dep gates: 402
qbit 14 dep gates: 403
qbit 13 dep gates: 401
qbit 24 dep gates: 401
qbit 14 dep gates: 404
qbit 1: 24 qbit 2: 13 dep gates: 406
qbit 1: 24 qbit 2: 13 dep gates: 405
qbit 1: 14 qbit 2: 24 dep gates: 407
qbit 1: 14 qbit 2: 24 dep gates: 408
qbit 1: 13 qbit 2: 14 dep gates: 408
qbit 1: 13 qbit 2: 14 dep gates: 409
qbit 24 dep gates: 409
qbit 14 dep gates: 410
qbit 1: 13 qbit 2: 24 dep gates: 410
qbit 1: 13 qbit 2: 24 dep gates: 411
qbit 13 dep gates: 413
qbit 24 dep gates: 413
qbit 1: 14 qbit 2: 24 dep gates: 412
qbit 1: 14 qbit 2: 24 dep gates: 415
qbit 1: 13 qbit 2: 14 dep gates: 414
qbit 1: 13 qbit 2: 14 dep gates: 416
qbit 1: 24 qbit 2: 13 dep gates: 416
qbit 1: 24 qbit 2: 13 dep gates: 417
qbit 14 dep gates: 417
qbit 13 dep gates: 418
qbit 12 dep gates: 385
qbit 23 dep gates: 385
qbit 13 dep gates: 420
qbit 1: 23 qbit 2: 12 dep gates: 422
qbit 1: 23 qbit 2: 12 dep gates: 421
qbit 1: 13 qbit 2: 23 dep gates: 423
qbit 1: 13 qbit 2: 23 dep gates: 424
qbit 1: 12 qbit 2: 13 dep gates: 424
qbit 1: 12 qbit 2: 13 dep gates: 425
qbit 23 dep gates: 425
qbit 13 dep gates: 426
qbit 1: 12 qbit 2: 23 dep gates: 426
qbit 1: 12 qbit 2: 23 dep gates: 427
qbit 12 dep gates: 429
qbit 23 dep gates: 429
qbit 1: 13 qbit 2: 23 dep gates: 428
qbit 1: 13 qbit 2: 23 dep gates: 431
qbit 1: 12 qbit 2: 13 dep gates: 430
qbit 1: 12 qbit 2: 13 dep gates: 432
qbit 1: 23 qbit 2: 12 dep gates: 432
qbit 1: 23 qbit 2: 12 dep gates: 433
qbit 13 dep gates: 433
qbit 12 dep gates: 434
qbit 22 dep gates: 369
qbit 21 dep gates: 369
qbit 12 dep gates: 436
qbit 1: 21 qbit 2: 22 dep gates: 438
qbit 1: 21 qbit 2: 22 dep gates: 437
qbit 1: 12 qbit 2: 21 dep gates: 439
qbit 1: 12 qbit 2: 21 dep gates: 440
qbit 1: 22 qbit 2: 12 dep gates: 440
qbit 1: 22 qbit 2: 12 dep gates: 441
qbit 21 dep gates: 441
qbit 12 dep gates: 442
qbit 1: 22 qbit 2: 21 dep gates: 442
qbit 1: 22 qbit 2: 21 dep gates: 443
qbit 22 dep gates: 445
qbit 21 dep gates: 445
qbit 1: 12 qbit 2: 21 dep gates: 444
qbit 1: 12 qbit 2: 21 dep gates: 447
qbit 1: 22 qbit 2: 12 dep gates: 446
qbit 1: 22 qbit 2: 12 dep gates: 448
qbit 1: 21 qbit 2: 22 dep gates: 448
qbit 1: 21 qbit 2: 22 dep gates: 449
qbit 12 dep gates: 449
qbit 21 dep gates: 450
qbit 22 dep gates: 450
qbit 23 dep gates: 434
qbit 24 dep gates: 418
qbit 21 dep gates: 452
qbit 22 dep gates: 453
qbit 23 dep gates: 454
qbit 24 dep gates: 455
qbit 1: 21 qbit 2: 25 dep gates: 456
qbit 1: 21 qbit 2: 25 dep gates: 343
qbit 1: 22 qbit 2: 27 dep gates: 457
qbit 1: 22 qbit 2: 27 dep gates: 345
qbit 1: 23 qbit 2: 25 dep gates: 458
qbit 1: 23 qbit 2: 25 dep gates: 460
qbit 1: 23 qbit 2: 26 dep gates: 462
qbit 1: 23 qbit 2: 26 dep gates: 344
qbit 1: 24 qbit 2: 27 dep gates: 459
qbit 1: 24 qbit 2: 27 dep gates: 461
qbit 1: 24 qbit 2: 28 dep gates: 464
qbit 1: 24 qbit 2: 28 dep gates: 346
qbit 25 dep gates: 462
qbit 27 dep gates: 464
qbit 28 dep gates: 465
qbit 26 dep gates: 463
qbit 25 dep gates: 466
qbit 6 dep gates: 469
qbit 1: 25 qbit 2: 26 dep gates: 471
qbit 1: 25 qbit 2: 26 dep gates: 470
qbit 1: 6 qbit 2: 25 dep gates: 472
qbit 1: 6 qbit 2: 25 dep gates: 473
qbit 1: 26 qbit 2: 6 dep gates: 473
qbit 1: 26 qbit 2: 6 dep gates: 474
qbit 25 dep gates: 474
qbit 6 dep gates: 475
qbit 1: 26 qbit 2: 25 dep gates: 475
qbit 1: 26 qbit 2: 25 dep gates: 476
qbit 26 dep gates: 478
qbit 25 dep gates: 478
qbit 1: 6 qbit 2: 25 dep gates: 477
qbit 1: 6 qbit 2: 25 dep gates: 480
qbit 1: 26 qbit 2: 6 dep gates: 479
qbit 1: 26 qbit 2: 6 dep gates: 481
qbit 1: 25 qbit 2: 26 dep gates: 481
qbit 1: 25 qbit 2: 26 dep gates: 482
qbit 6 dep gates: 482
qbit 6 dep gates: 484
qbit 27 dep gates: 467
qbit 7 dep gates: 485
qbit 1: 27 qbit 2: 6 dep gates: 487
qbit 1: 27 qbit 2: 6 dep gates: 486
qbit 1: 7 qbit 2: 27 dep gates: 488
qbit 1: 7 qbit 2: 27 dep gates: 489
qbit 1: 6 qbit 2: 7 dep gates: 489
qbit 1: 6 qbit 2: 7 dep gates: 490
qbit 27 dep gates: 490
qbit 7 dep gates: 491
qbit 1: 6 qbit 2: 27 dep gates: 491
qbit 1: 6 qbit 2: 27 dep gates: 492
qbit 6 dep gates: 494
qbit 27 dep gates: 494
qbit 1: 7 qbit 2: 27 dep gates: 493
qbit 1: 7 qbit 2: 27 dep gates: 496
qbit 1: 6 qbit 2: 7 dep gates: 495
qbit 1: 6 qbit 2: 7 dep gates: 497
qbit 1: 27 qbit 2: 6 dep gates: 497
qbit 1: 27 qbit 2: 6 dep gates: 498
qbit 7 dep gates: 498
qbit 7 dep gates: 500
qbit 28 dep gates: 468
qbit 8 dep gates: 501
qbit 1: 28 qbit 2: 7 dep gates: 503
qbit 1: 28 qbit 2: 7 dep gates: 502
qbit 1: 8 qbit 2: 28 dep gates: 504
qbit 1: 8 qbit 2: 28 dep gates: 505
qbit 1: 7 qbit 2: 8 dep gates: 505
qbit 1: 7 qbit 2: 8 dep gates: 506
qbit 28 dep gates: 506
qbit 8 dep gates: 507
qbit 1: 7 qbit 2: 28 dep gates: 507
qbit 1: 7 qbit 2: 28 dep gates: 508
qbit 7 dep gates: 510
qbit 28 dep gates: 510
qbit 1: 8 qbit 2: 28 dep gates: 509
qbit 1: 8 qbit 2: 28 dep gates: 512
qbit 1: 7 qbit 2: 8 dep gates: 511
qbit 1: 7 qbit 2: 8 dep gates: 513
qbit 1: 28 qbit 2: 7 dep gates: 513
qbit 1: 28 qbit 2: 7 dep gates: 514
qbit 8 dep gates: 514
qbit 8 dep gates: 516
qbit 8 dep gates: 517
qbit 7 dep gates: 515
qbit 28 dep gates: 515
qbit 8 dep gates: 518
qbit 1: 28 qbit 2: 7 dep gates: 520
qbit 1: 28 qbit 2: 7 dep gates: 519
qbit 1: 8 qbit 2: 28 dep gates: 521
qbit 1: 8 qbit 2: 28 dep gates: 522
qbit 1: 7 qbit 2: 8 dep gates: 522
qbit 1: 7 qbit 2: 8 dep gates: 523
qbit 28 dep gates: 523
qbit 8 dep gates: 524
qbit 1: 7 qbit 2: 28 dep gates: 524
qbit 1: 7 qbit 2: 28 dep gates: 525
qbit 7 dep gates: 527
qbit 28 dep gates: 527
qbit 1: 8 qbit 2: 28 dep gates: 526
qbit 1: 8 qbit 2: 28 dep gates: 529
qbit 1: 7 qbit 2: 8 dep gates: 528
qbit 1: 7 qbit 2: 8 dep gates: 530
qbit 1: 28 qbit 2: 7 dep gates: 530
qbit 1: 28 qbit 2: 7 dep gates: 531
qbit 8 dep gates: 531
qbit 7 dep gates: 532
qbit 6 dep gates: 499
qbit 27 dep gates: 499
qbit 7 dep gates: 534
qbit 1: 27 qbit 2: 6 dep gates: 536
qbit 1: 27 qbit 2: 6 dep gates: 535
qbit 1: 7 qbit 2: 27 dep gates: 537
qbit 1: 7 qbit 2: 27 dep gates: 538
qbit 1: 6 qbit 2: 7 dep gates: 538
qbit 1: 6 qbit 2: 7 dep gates: 539
qbit 27 dep gates: 539
qbit 7 dep gates: 540
qbit 1: 6 qbit 2: 27 dep gates: 540
qbit 1: 6 qbit 2: 27 dep gates: 541
qbit 6 dep gates: 543
qbit 27 dep gates: 543
qbit 1: 7 qbit 2: 27 dep gates: 542
qbit 1: 7 qbit 2: 27 dep gates: 545
qbit 1: 6 qbit 2: 7 dep gates: 544
qbit 1: 6 qbit 2: 7 dep gates: 546
qbit 1: 27 qbit 2: 6 dep gates: 546
qbit 1: 27 qbit 2: 6 dep gates: 547
qbit 7 dep gates: 547
qbit 6 dep gates: 548
qbit 26 dep gates: 483
qbit 25 dep gates: 483
qbit 6 dep gates: 550
qbit 1: 25 qbit 2: 26 dep gates: 552
qbit 1: 25 qbit 2: 26 dep gates: 551
qbit 1: 6 qbit 2: 25 dep gates: 553
qbit 1: 6 qbit 2: 25 dep gates: 554
qbit 1: 26 qbit 2: 6 dep gates: 554
qbit 1: 26 qbit 2: 6 dep gates: 555
qbit 25 dep gates: 555
qbit 6 dep gates: 556
qbit 1: 26 qbit 2: 25 dep gates: 556
qbit 1: 26 qbit 2: 25 dep gates: 557
qbit 26 dep gates: 559
qbit 25 dep gates: 559
qbit 1: 6 qbit 2: 25 dep gates: 558
qbit 1: 6 qbit 2: 25 dep gates: 561
qbit 1: 26 qbit 2: 6 dep gates: 560
qbit 1: 26 qbit 2: 6 dep gates: 562
qbit 1: 25 qbit 2: 26 dep gates: 562
qbit 1: 25 qbit 2: 26 dep gates: 563
qbit 6 dep gates: 563
qbit 25 dep gates: 564
qbit 27 dep gates: 548
qbit 28 dep gates: 532
qbit 1: 21 qbit 2: 25 dep gates: 460
qbit 1: 21 qbit 2: 25 dep gates: 566
qbit 1: 22 qbit 2: 27 dep gates: 461
qbit 1: 22 qbit 2: 27 dep gates: 567
qbit 1: 23 qbit 2: 25 dep gates: 463
qbit 1: 23 qbit 2: 25 dep gates: 569
qbit 1: 23 qbit 2: 26 dep gates: 571
qbit 1: 23 qbit 2: 26 dep gates: 564
qbit 1: 24 qbit 2: 27 dep gates: 465
qbit 1: 24 qbit 2: 27 dep gates: 570
qbit 1: 24 qbit 2: 28 dep gates: 573
qbit 1: 24 qbit 2: 28 dep gates: 568
qbit 21 dep gates: 569
qbit 22 dep gates: 570
qbit 23 dep gates: 572
qbit 24 dep gates: 574
qbit 21 dep gates: 575
qbit 22 dep gates: 576
qbit 23 dep gates: 577
qbit 24 dep gates: 578
qbit 22 dep gates: 580
qbit 21 dep gates: 579
qbit 15 dep gates: 583
qbit 1: 21 qbit 2: 22 dep gates: 585
qbit 1: 21 qbit 2: 22 dep gates: 584
qbit 1: 15 qbit 2: 21 dep gates: 586
qbit 1: 15 qbit 2: 21 dep gates: 587
qbit 1: 22 qbit 2: 15 dep gates: 587
qbit 1: 22 qbit 2: 15 dep gates: 588
qbit 21 dep gates: 588
qbit 15 dep gates: 589
qbit 1: 22 qbit 2: 21 dep gates: 589
qbit 1: 22 qbit 2: 21 dep gates: 590
qbit 22 dep gates: 592
qbit 21 dep gates: 592
qbit 1: 15 qbit 2: 21 dep gates: 591
qbit 1: 15 qbit 2: 21 dep gates: 594
qbit 1: 22 qbit 2: 15 dep gates: 593
qbit 1: 22 qbit 2: 15 dep gates: 595
qbit 1: 21 qbit 2: 22 dep gates: 595
qbit 1: 21 qbit 2: 22 dep gates: 596
qbit 15 dep gates: 596
qbit 15 dep gates: 598
qbit 23 dep gates: 581
qbit 16 dep gates: 599
qbit 1: 23 qbit 2: 15 dep gates: 601
qbit 1: 23 qbit 2: 15 dep gates: 600
qbit 1: 16 qbit 2: 23 dep gates: 602
qbit 1: 16 qbit 2: 23 dep gates: 603
qbit 1: 15 qbit 2: 16 dep gates: 603
qbit 1: 15 qbit 2: 16 dep gates: 604
qbit 23 dep gates: 604
qbit 16 dep gates: 605
qbit 1: 15 qbit 2: 23 dep gates: 605
qbit 1: 15 qbit 2: 23 dep gates: 606
qbit 15 dep gates: 608
qbit 23 dep gates: 608
qbit 1: 16 qbit 2: 23 dep gates: 607
qbit 1: 16 qbit 2: 23 dep gates: 610
qbit 1: 15 qbit 2: 16 dep gates: 609
qbit 1: 15 qbit 2: 16 dep gates: 611
qbit 1: 23 qbit 2: 15 dep gates: 611
qbit 1: 23 qbit 2: 15 dep gates: 612
qbit 16 dep gates: 612
qbit 16 dep gates: 614
qbit 24 dep gates: 582
qbit 17 dep gates: 615
qbit 1: 24 qbit 2: 16 dep gates: 617
qbit 1: 24 qbit 2: 16 dep gates: 616
qbit 1: 17 qbit 2: 24 dep gates: 618
qbit 1: 17 qbit 2: 24 dep gates: 619
qbit 1: 16 qbit 2: 17 dep gates: 619
qbit 1: 16 qbit 2: 17 dep gates: 620
qbit 24 dep gates: 620
qbit 17 dep gates: 621
qbit 1: 16 qbit 2: 24 dep gates: 621
qbit 1: 16 qbit 2: 24 dep gates: 622
qbit 16 dep gates: 624
qbit 24 dep gates: 624
qbit 1: 17 qbit 2: 24 dep gates: 623
qbit 1: 17 qbit 2: 24 dep gates: 626
qbit 1: 16 qbit 2: 17 dep gates: 625
qbit 1: 16 qbit 2: 17 dep gates: 627
qbit 1: 24 qbit 2: 16 dep gates: 627
qbit 1: 24 qbit 2: 16 dep gates: 628
qbit 17 dep gates: 628
qbit 17 dep gates: 630
qbit 17 dep gates: 631
qbit 16 dep gates: 629
qbit 24 dep gates: 629
qbit 17 dep gates: 632
qbit 1: 24 qbit 2: 16 dep gates: 634
qbit 1: 24 qbit 2: 16 dep gates: 633
qbit 1: 17 qbit 2: 24 dep gates: 635
qbit 1: 17 qbit 2: 24 dep gates: 636
qbit 1: 16 qbit 2: 17 dep gates: 636
qbit 1: 16 qbit 2: 17 dep gates: 637
qbit 24 dep gates: 637
qbit 17 dep gates: 638
qbit 1: 16 qbit 2: 24 dep gates: 638
qbit 1: 16 qbit 2: 24 dep gates: 639
qbit 16 dep gates: 641
qbit 24 dep gates: 641
qbit 1: 17 qbit 2: 24 dep gates: 640
qbit 1: 17 qbit 2: 24 dep gates: 643
qbit 1: 16 qbit 2: 17 dep gates: 642
qbit 1: 16 qbit 2: 17 dep gates: 644
qbit 1: 24 qbit 2: 16 dep gates: 644
qbit 1: 24 qbit 2: 16 dep gates: 645
qbit 17 dep gates: 645
qbit 16 dep gates: 646
qbit 15 dep gates: 613
qbit 23 dep gates: 613
qbit 16 dep gates: 648
qbit 1: 23 qbit 2: 15 dep gates: 650
qbit 1: 23 qbit 2: 15 dep gates: 649
qbit 1: 16 qbit 2: 23 dep gates: 651
qbit 1: 16 qbit 2: 23 dep gates: 652
qbit 1: 15 qbit 2: 16 dep gates: 652
qbit 1: 15 qbit 2: 16 dep gates: 653
qbit 23 dep gates: 653
qbit 16 dep gates: 654
qbit 1: 15 qbit 2: 23 dep gates: 654
qbit 1: 15 qbit 2: 23 dep gates: 655
qbit 15 dep gates: 657
qbit 23 dep gates: 657
qbit 1: 16 qbit 2: 23 dep gates: 656
qbit 1: 16 qbit 2: 23 dep gates: 659
qbit 1: 15 qbit 2: 16 dep gates: 658
qbit 1: 15 qbit 2: 16 dep gates: 660
qbit 1: 23 qbit 2: 15 dep gates: 660
qbit 1: 23 qbit 2: 15 dep gates: 661
qbit 16 dep gates: 661
qbit 15 dep gates: 662
qbit 22 dep gates: 597
qbit 21 dep gates: 597
qbit 15 dep gates: 664
qbit 1: 21 qbit 2: 22 dep gates: 666
qbit 1: 21 qbit 2: 22 dep gates: 665
qbit 1: 15 qbit 2: 21 dep gates: 667
qbit 1: 15 qbit 2: 21 dep gates: 668
qbit 1: 22 qbit 2: 15 dep gates: 668
qbit 1: 22 qbit 2: 15 dep gates: 669
qbit 21 dep gates: 669
qbit 15 dep gates: 670
qbit 1: 22 qbit 2: 21 dep gates: 670
qbit 1: 22 qbit 2: 21 dep gates: 671
qbit 22 dep gates: 673
qbit 21 dep gates: 673
qbit 1: 15 qbit 2: 21 dep gates: 672
qbit 1: 15 qbit 2: 21 dep gates: 675
qbit 1: 22 qbit 2: 15 dep gates: 674
qbit 1: 22 qbit 2: 15 dep gates: 676
qbit 1: 21 qbit 2: 22 dep gates: 676
qbit 1: 21 qbit 2: 22 dep gates: 677
qbit 15 dep gates: 677
qbit 21 dep gates: 678
qbit 22 dep gates: 678
qbit 23 dep gates: 662
qbit 24 dep gates: 646
qbit 21 dep gates: 680
qbit 22 dep gates: 681
qbit 23 dep gates: 682
qbit 24 dep gates: 683
qbit 1: 21 qbit 2: 25 dep gates: 684
qbit 1: 21 qbit 2: 25 dep gates: 571
qbit 1: 22 qbit 2: 27 dep gates: 685
qbit 1: 22 qbit 2: 27 dep gates: 573
qbit 1: 23 qbit 2: 25 dep gates: 686
qbit 1: 23 qbit 2: 25 dep gates: 688
qbit 1: 23 qbit 2: 26 dep gates: 690
qbit 1: 23 qbit 2: 26 dep gates: 572
qbit 1: 24 qbit 2: 27 dep gates: 687
qbit 1: 24 qbit 2: 27 dep gates: 689
qbit 1: 24 qbit 2: 28 dep gates: 692
qbit 1: 24 qbit 2: 28 dep gates: 574
qbit 25 dep gates: 690
qbit 27 dep gates: 692
qbit 28 dep gates: 693
qbit 26 dep gates: 691
qbit 25 dep gates: 694
qbit 18 dep gates: 697
qbit 1: 25 qbit 2: 26 dep gates: 699
qbit 1: 25 qbit 2: 26 dep gates: 698
qbit 1: 18 qbit 2: 25 dep gates: 700
qbit 1: 18 qbit 2: 25 dep gates: 701
qbit 1: 26 qbit 2: 18 dep gates: 701
qbit 1: 26 qbit 2: 18 dep gates: 702
qbit 25 dep gates: 702
qbit 18 dep gates: 703
qbit 1: 26 qbit 2: 25 dep gates: 703
qbit 1: 26 qbit 2: 25 dep gates: 704
qbit 26 dep gates: 706
qbit 25 dep gates: 706
qbit 1: 18 qbit 2: 25 dep gates: 705
qbit 1: 18 qbit 2: 25 dep gates: 708
qbit 1: 26 qbit 2: 18 dep gates: 707
qbit 1: 26 qbit 2: 18 dep gates: 709
qbit 1: 25 qbit 2: 26 dep gates: 709
qbit 1: 25 qbit 2: 26 dep gates: 710
qbit 18 dep gates: 710
qbit 18 dep gates: 712
qbit 27 dep gates: 695
qbit 19 dep gates: 713
qbit 1: 27 qbit 2: 18 dep gates: 715
qbit 1: 27 qbit 2: 18 dep gates: 714
qbit 1: 19 qbit 2: 27 dep gates: 716
qbit 1: 19 qbit 2: 27 dep gates: 717
qbit 1: 18 qbit 2: 19 dep gates: 717
qbit 1: 18 qbit 2: 19 dep gates: 718
qbit 27 dep gates: 718
qbit 19 dep gates: 719
qbit 1: 18 qbit 2: 27 dep gates: 719
qbit 1: 18 qbit 2: 27 dep gates: 720
qbit 18 dep gates: 722
qbit 27 dep gates: 722
qbit 1: 19 qbit 2: 27 dep gates: 721
qbit 1: 19 qbit 2: 27 dep gates: 724
qbit 1: 18 qbit 2: 19 dep gates: 723
qbit 1: 18 qbit 2: 19 dep gates: 725
qbit 1: 27 qbit 2: 18 dep gates: 725
qbit 1: 27 qbit 2: 18 dep gates: 726
qbit 19 dep gates: 726
qbit 19 dep gates: 728
qbit 28 dep gates: 696
qbit 20 dep gates: 729
qbit 1: 28 qbit 2: 19 dep gates: 731
qbit 1: 28 qbit 2: 19 dep gates: 730
qbit 1: 20 qbit 2: 28 dep gates: 732
qbit 1: 20 qbit 2: 28 dep gates: 733
qbit 1: 19 qbit 2: 20 dep gates: 733
qbit 1: 19 qbit 2: 20 dep gates: 734
qbit 28 dep gates: 734
qbit 20 dep gates: 735
qbit 1: 19 qbit 2: 28 dep gates: 735
qbit 1: 19 qbit 2: 28 dep gates: 736
qbit 19 dep gates: 738
qbit 28 dep gates: 738
qbit 1: 20 qbit 2: 28 dep gates: 737
qbit 1: 20 qbit 2: 28 dep gates: 740
qbit 1: 19 qbit 2: 20 dep gates: 739
qbit 1: 19 qbit 2: 20 dep gates: 741
qbit 1: 28 qbit 2: 19 dep gates: 741
qbit 1: 28 qbit 2: 19 dep gates: 742
qbit 20 dep gates: 742
qbit 1: 20 qbit 2: 29 dep gates: 744
qbit 20 dep gates: 745
qbit 19 dep gates: 743
qbit 28 dep gates: 743
qbit 20 dep gates: 746
qbit 1: 28 qbit 2: 19 dep gates: 748
qbit 1: 28 qbit 2: 19 dep gates: 747
qbit 1: 20 qbit 2: 28 dep gates: 749
qbit 1: 20 qbit 2: 28 dep gates: 750
qbit 1: 19 qbit 2: 20 dep gates: 750
qbit 1: 19 qbit 2: 20 dep gates: 751
qbit 28 dep gates: 751
qbit 20 dep gates: 752
qbit 1: 19 qbit 2: 28 dep gates: 752
qbit 1: 19 qbit 2: 28 dep gates: 753
qbit 19 dep gates: 755
qbit 28 dep gates: 755
qbit 1: 20 qbit 2: 28 dep gates: 754
qbit 1: 20 qbit 2: 28 dep gates: 757
qbit 1: 19 qbit 2: 20 dep gates: 756
qbit 1: 19 qbit 2: 20 dep gates: 758
qbit 1: 28 qbit 2: 19 dep gates: 758
qbit 1: 28 qbit 2: 19 dep gates: 759
qbit 20 dep gates: 759
qbit 19 dep gates: 760
qbit 18 dep gates: 727
qbit 27 dep gates: 727
qbit 19 dep gates: 762
qbit 1: 27 qbit 2: 18 dep gates: 764
qbit 1: 27 qbit 2: 18 dep gates: 763
qbit 1: 19 qbit 2: 27 dep gates: 765
qbit 1: 19 qbit 2: 27 dep gates: 766
qbit 1: 18 qbit 2: 19 dep gates: 766
qbit 1: 18 qbit 2: 19 dep gates: 767
qbit 27 dep gates: 767
qbit 19 dep gates: 768
qbit 1: 18 qbit 2: 27 dep gates: 768
qbit 1: 18 qbit 2: 27 dep gates: 769
qbit 18 dep gates: 771
qbit 27 dep gates: 771
qbit 1: 19 qbit 2: 27 dep gates: 770
qbit 1: 19 qbit 2: 27 dep gates: 773
qbit 1: 18 qbit 2: 19 dep gates: 772
qbit 1: 18 qbit 2: 19 dep gates: 774
qbit 1: 27 qbit 2: 18 dep gates: 774
qbit 1: 27 qbit 2: 18 dep gates: 775
qbit 19 dep gates: 775
qbit 18 dep gates: 776
qbit 26 dep gates: 711
qbit 25 dep gates: 711
qbit 18 dep gates: 778
qbit 1: 25 qbit 2: 26 dep gates: 780
qbit 1: 25 qbit 2: 26 dep gates: 779
qbit 1: 18 qbit 2: 25 dep gates: 781
qbit 1: 18 qbit 2: 25 dep gates: 782
qbit 1: 26 qbit 2: 18 dep gates: 782
qbit 1: 26 qbit 2: 18 dep gates: 783
qbit 25 dep gates: 783
qbit 18 dep gates: 784
qbit 1: 26 qbit 2: 25 dep gates: 784
qbit 1: 26 qbit 2: 25 dep gates: 785
qbit 26 dep gates: 787
qbit 25 dep gates: 787
qbit 1: 18 qbit 2: 25 dep gates: 786
qbit 1: 18 qbit 2: 25 dep gates: 789
qbit 1: 26 qbit 2: 18 dep gates: 788
qbit 1: 26 qbit 2: 18 dep gates: 790
qbit 1: 25 qbit 2: 26 dep gates: 790
qbit 1: 25 qbit 2: 26 dep gates: 791
qbit 18 dep gates: 791
qbit 25 dep gates: 792
qbit 27 dep gates: 776
qbit 28 dep gates: 760
qbit 29 dep gates: 745
qbit 21 dep gates: 688
qbit 22 dep gates: 689
qbit 23 dep gates: 691
qbit 24 dep gates: 693
parse object map:
{4: [21, 25], 5: [22, 27], 6: [23, 25], 7: [23, 26], 8: [24, 27], 9: [24, 28], 17: [25, 26], 18: [0, 25], 19: [26, 0], 22: [26, 25], 25: [0, 25], 26: [26, 0], 27: [25, 26], 33: [27, 0], 34: [1, 27], 35: [0, 1], 38: [0, 27], 41: [1, 27], 42: [0, 1], 43: [27, 0], 49: [28, 1], 50: [2, 28], 51: [1, 2], 54: [1, 28], 57: [2, 28], 58: [1, 2], 59: [28, 1], 66: [28, 1], 67: [2, 28], 68: [1, 2], 71: [1, 28], 74: [2, 28], 75: [1, 2], 76: [28, 1], 82: [27, 0], 83: [1, 27], 84: [0, 1], 87: [0, 27], 90: [1, 27], 91: [0, 1], 92: [27, 0], 98: [25, 26], 99: [0, 25], 100: [26, 0], 103: [26, 25], 106: [0, 25], 107: [26, 0], 108: [25, 26], 113: [21, 25], 114: [22, 27], 115: [23, 25], 116: [23, 26], 117: [24, 27], 118: [24, 28], 131: [21, 22], 132: [9, 21], 133: [22, 9], 136: [22, 21], 139: [9, 21], 140: [22, 9], 141: [21, 22], 147: [23, 9], 148: [10, 23], 149: [9, 10], 152: [9, 23], 155: [10, 23], 156: [9, 10], 157: [23, 9], 163: [24, 10], 164: [11, 24], 165: [10, 11], 168: [10, 24], 171: [11, 24], 172: [10, 11], 173: [24, 10], 180: [24, 10], 181: [11, 24], 182: [10, 11], 185: [10, 24], 188: [11, 24], 189: [10, 11], 190: [24, 10], 196: [23, 9], 197: [10, 23], 198: [9, 10], 201: [9, 23], 204: [10, 23], 205: [9, 10], 206: [23, 9], 212: [21, 22], 213: [9, 21], 214: [22, 9], 217: [22, 21], 220: [9, 21], 221: [22, 9], 222: [21, 22], 232: [21, 25], 233: [22, 27], 234: [23, 25], 235: [23, 26], 236: [24, 27], 237: [24, 28], 245: [25, 26], 246: [3, 25], 247: [26, 3], 250: [26, 25], 253: [3, 25], 254: [26, 3], 255: [25, 26], 261: [27, 3], 262: [4, 27], 263: [3, 4], 266: [3, 27], 269: [4, 27], 270: [3, 4], 271: [27, 3], 277: [28, 4], 278: [5, 28], 279: [4, 5], 282: [4, 28], 285: [5, 28], 286: [4, 5], 287: [28, 4], 294: [28, 4], 295: [5, 28], 296: [4, 5], 299: [4, 28], 302: [5, 28], 303: [4, 5], 304: [28, 4], 310: [27, 3], 311: [4, 27], 312: [3, 4], 315: [3, 27], 318: [4, 27], 319: [3, 4], 320: [27, 3], 326: [25, 26], 327: [3, 25], 328: [26, 3], 331: [26, 25], 334: [3, 25], 335: [26, 3], 336: [25, 26], 341: [21, 25], 342: [22, 27], 343: [23, 25], 344: [23, 26], 345: [24, 27], 346: [24, 28], 359: [21, 22], 360: [12, 21], 361: [22, 12], 364: [22, 21], 367: [12, 21], 368: [22, 12], 369: [21, 22], 375: [23, 12], 376: [13, 23], 377: [12, 13], 380: [12, 23], 383: [13, 23], 384: [12, 13], 385: [23, 12], 391: [24, 13], 392: [14, 24], 393: [13, 14], 396: [13, 24], 399: [14, 24], 400: [13, 14], 401: [24, 13], 408: [24, 13], 409: [14, 24], 410: [13, 14], 413: [13, 24], 416: [14, 24], 417: [13, 14], 418: [24, 13], 424: [23, 12], 425: [13, 23], 426: [12, 13], 429: [12, 23], 432: [13, 23], 433: [12, 13], 434: [23, 12], 440: [21, 22], 441: [12, 21], 442: [22, 12], 445: [22, 21], 448: [12, 21], 449: [22, 12], 450: [21, 22], 460: [21, 25], 461: [22, 27], 462: [23, 25], 463: [23, 26], 464: [24, 27], 465: [24, 28], 473: [25, 26], 474: [6, 25], 475: [26, 6], 478: [26, 25], 481: [6, 25], 482: [26, 6], 483: [25, 26], 489: [27, 6], 490: [7, 27], 491: [6, 7], 494: [6, 27], 497: [7, 27], 498: [6, 7], 499: [27, 6], 505: [28, 7], 506: [8, 28], 507: [7, 8], 510: [7, 28], 513: [8, 28], 514: [7, 8], 515: [28, 7], 522: [28, 7], 523: [8, 28], 524: [7, 8], 527: [7, 28], 530: [8, 28], 531: [7, 8], 532: [28, 7], 538: [27, 6], 539: [7, 27], 540: [6, 7], 543: [6, 27], 546: [7, 27], 547: [6, 7], 548: [27, 6], 554: [25, 26], 555: [6, 25], 556: [26, 6], 559: [26, 25], 562: [6, 25], 563: [26, 6], 564: [25, 26], 569: [21, 25], 570: [22, 27], 571: [23, 25], 572: [23, 26], 573: [24, 27], 574: [24, 28], 587: [21, 22], 588: [15, 21], 589: [22, 15], 592: [22, 21], 595: [15, 21], 596: [22, 15], 597: [21, 22], 603: [23, 15], 604: [16, 23], 605: [15, 16], 608: [15, 23], 611: [16, 23], 612: [15, 16], 613: [23, 15], 619: [24, 16], 620: [17, 24], 621: [16, 17], 624: [16, 24], 627: [17, 24], 628: [16, 17], 629: [24, 16], 636: [24, 16], 637: [17, 24], 638: [16, 17], 641: [16, 24], 644: [17, 24], 645: [16, 17], 646: [24, 16], 652: [23, 15], 653: [16, 23], 654: [15, 16], 657: [15, 23], 660: [16, 23], 661: [15, 16], 662: [23, 15], 668: [21, 22], 669: [15, 21], 670: [22, 15], 673: [22, 21], 676: [15, 21], 677: [22, 15], 678: [21, 22], 688: [21, 25], 689: [22, 27], 690: [23, 25], 691: [23, 26], 692: [24, 27], 693: [24, 28], 701: [25, 26], 702: [18, 25], 703: [26, 18], 706: [26, 25], 709: [18, 25], 710: [26, 18], 711: [25, 26], 717: [27, 18], 718: [19, 27], 719: [18, 19], 722: [18, 27], 725: [19, 27], 726: [18, 19], 727: [27, 18], 733: [28, 19], 734: [20, 28], 735: [19, 20], 738: [19, 28], 741: [20, 28], 742: [19, 20], 743: [28, 19], 745: [20, 29], 750: [28, 19], 751: [20, 28], 752: [19, 20], 755: [19, 28], 758: [20, 28], 759: [19, 20], 760: [28, 19], 766: [27, 18], 767: [19, 27], 768: [18, 19], 771: [18, 27], 774: [19, 27], 775: [18, 19], 776: [27, 18], 782: [25, 26], 783: [18, 25], 784: [26, 18], 787: [26, 25], 790: [18, 25], 791: [26, 18], 792: [25, 26]}
parse object graph:
DiGraph with 802 nodes and 1109 edges
ˇú Using SABRE2 mapper (matches muss_schedule2 paper version)
init_qubit_layout:
{0: [1, 4, 5, 8, 24, 28], 1: [9, 11, 13, 14, 16, 22, 27], 2: [6, 15, 18, 19, 20, 29], 3: [0, 3, 10, 12, 21, 23, 25, 26], 4: [7, 17], 5: [2]}
Using MUSS Scheduler (V2) with SABRE Mapping
ˇú muss_schedule2.py old_vision
Analyzer mode: aggregate shuttle fidelity (detected shuttle_id annotations)
Program Finish Time: 30112 us
OPCOUNTS Gate: 337 Split: 72 Move: 136 Merge: 72

Two-qubit gate chain statistics
Mean: 7.121661721068249 Max: 8.0
Fidelity: 0.0003188981672874462
[DBG SUMMARY] gates=337  gate_mult=0.000509442  avg_gate_nbar=25.9949
[DBG SUMMARY] shuttles=72  shuttle_mult=0.625976  min_shuttle=0.99095
[DBG SUMMARY] worst_B: Trap 3 -> 0.944813 (heat_state=56.768750, alpha_bg=0.001, move_bg_fraction=0.175, model=exp)

========== ANALYSIS RESULT ==========
{'fidelity': 0.0003188981672874462, 'total_shuttle': 72, 'time': 30112}

========== SHUTTLE TRACE ==========
[SHUTTLE 0] ion=27  T1 -> T0  route=T1->J1->J0->T0
    - SPLIT  (440 -> 520)  ion 27: T1 -> Seg1 (swap_cnt=0, swap_hops=0, ion_hops=0, i1=0, i2=0)
    - MOVE   (520 -> 542)  ion 27: Seg1 -> Seg6 via J1
    - MOVE   (542 -> 564)  ion 27: Seg6 -> Seg0 via J0
    - MERGE  (564 -> 644)  ion 27: Seg0 -> T0
[SHUTTLE 1] ion=0  T3 -> T0  route=T3->J2->J1->J0->T0
    - SPLIT  (724 -> 804)  ion 0: T3 -> Seg3 (swap_cnt=0, swap_hops=0, ion_hops=0, i1=0, i2=0)
    - MOVE   (804 -> 826)  ion 0: Seg3 -> Seg7 via J2
    - MOVE   (826 -> 848)  ion 0: Seg7 -> Seg6 via J1
    - MOVE   (848 -> 870)  ion 0: Seg6 -> Seg0 via J0
    - MERGE  (870 -> 950)  ion 0: Seg0 -> T0
[SHUTTLE 2] ion=28  T0 -> T5  route=T0->J0->T5
    - SPLIT  (1270 -> 1390)  ion 28: T0 -> Seg0 (swap_cnt=1, swap_hops=2, ion_hops=0, i1=28, i2=0)
    - MOVE   (1390 -> 1412)  ion 28: Seg0 -> Seg5 via J0
    - MERGE  (1412 -> 1492)  ion 28: Seg5 -> T5
[SHUTTLE 3] ion=1  T0 -> T5  route=T0->J0->T5
    - SPLIT  (1532 -> 1652)  ion 1: T0 -> Seg0 (swap_cnt=1, swap_hops=6, ion_hops=0, i1=1, i2=0)
    - MOVE   (1652 -> 1674)  ion 1: Seg0 -> Seg5 via J0
    - MERGE  (1674 -> 1754)  ion 1: Seg5 -> T5
[SHUTTLE 4] ion=1  T5 -> T0  route=T5->J0->T0
    - SPLIT  (2234 -> 2314)  ion 1: T5 -> Seg5 (swap_cnt=0, swap_hops=0, ion_hops=0, i1=0, i2=0)
    - MOVE   (2314 -> 2336)  ion 1: Seg5 -> Seg0 via J0
    - MERGE  (2336 -> 2416)  ion 1: Seg0 -> T0
[SHUTTLE 5] ion=27  T0 -> T1  route=T0->J0->J1->T1
    - SPLIT  (2656 -> 2776)  ion 27: T0 -> Seg0 (swap_cnt=1, swap_hops=2, ion_hops=0, i1=27, i2=1)
    - MOVE   (2776 -> 2798)  ion 27: Seg0 -> Seg6 via J0
    - MOVE   (2798 -> 2820)  ion 27: Seg6 -> Seg1 via J1
    - MERGE  (2820 -> 2900)  ion 27: Seg1 -> T1
[SHUTTLE 6] ion=0  T0 -> T3  route=T0->J0->J1->J2->T3
    - SPLIT  (2940 -> 3060)  ion 0: T0 -> Seg0 (swap_cnt=1, swap_hops=1, ion_hops=0, i1=0, i2=1)
    - MOVE   (3060 -> 3082)  ion 0: Seg0 -> Seg6 via J0
    - MOVE   (3082 -> 3104)  ion 0: Seg6 -> Seg7 via J1
    - MOVE   (3104 -> 3126)  ion 0: Seg7 -> Seg3 via J2
    - MERGE  (3126 -> 3206)  ion 0: Seg3 -> T3
[SHUTTLE 7] ion=24  T0 -> T1  route=T0->J0->J1->T1
    - SPLIT  (3566 -> 3686)  ion 24: T0 -> Seg0 (swap_cnt=1, swap_hops=1, ion_hops=0, i1=24, i2=1)
    - MOVE   (3686 -> 3708)  ion 24: Seg0 -> Seg6 via J0
    - MOVE   (3708 -> 3730)  ion 24: Seg6 -> Seg1 via J1
    - MERGE  (3730 -> 3810)  ion 24: Seg1 -> T1
[SHUTTLE 8] ion=24  T1 -> T5  route=T1->J1->J0->T5
    - SPLIT  (3850 -> 3930)  ion 24: T1 -> Seg1 (swap_cnt=0, swap_hops=0, ion_hops=0, i1=0, i2=0)
    - MOVE   (3930 -> 3952)  ion 24: Seg1 -> Seg6 via J1
    - MOVE   (3952 -> 3974)  ion 24: Seg6 -> Seg5 via J0
    - MERGE  (3974 -> 4054)  ion 24: Seg5 -> T5
[SHUTTLE 9] ion=21  T3 -> T1  route=T3->J2->J1->T1
    - SPLIT  (4094 -> 4214)  ion 21: T3 -> Seg3 (swap_cnt=1, swap_hops=4, ion_hops=0, i1=21, i2=0)
    - MOVE   (4214 -> 4236)  ion 21: Seg3 -> Seg7 via J2
    - MOVE   (4236 -> 4258)  ion 21: Seg7 -> Seg1 via J1
    - MERGE  (4258 -> 4338)  ion 21: Seg1 -> T1
[SHUTTLE 10] ion=9  T1 -> T3  route=T1->J1->J2->T3
    - SPLIT  (4658 -> 4778)  ion 9: T1 -> Seg1 (swap_cnt=1, swap_hops=7, ion_hops=0, i1=9, i2=21)
    - MOVE   (4778 -> 4800)  ion 9: Seg1 -> Seg7 via J1
    - MOVE   (4800 -> 4822)  ion 9: Seg7 -> Seg3 via J2
    - MERGE  (4822 -> 4902)  ion 9: Seg3 -> T3
[SHUTTLE 11] ion=10  T3 -> T5  route=T3->J2->J1->J0->T5
    - SPLIT  (5222 -> 5342)  ion 10: T3 -> Seg3 (swap_cnt=1, swap_hops=3, ion_hops=0, i1=10, i2=9)
    - MOVE   (5342 -> 5364)  ion 10: Seg3 -> Seg7 via J2
    - MOVE   (5364 -> 5386)  ion 10: Seg7 -> Seg6 via J1
    - MOVE   (5386 -> 5408)  ion 10: Seg6 -> Seg5 via J0
    - MERGE  (5408 -> 5488)  ion 10: Seg5 -> T5
[SHUTTLE 12] ion=11  T1 -> T5  route=T1->J1->J0->T5
    - SPLIT  (5528 -> 5648)  ion 11: T1 -> Seg1 (swap_cnt=1, swap_hops=6, ion_hops=0, i1=11, i2=21)
    - MOVE   (5648 -> 5670)  ion 11: Seg1 -> Seg6 via J1
    - MOVE   (5670 -> 5692)  ion 11: Seg6 -> Seg5 via J0
    - MERGE  (5692 -> 5772)  ion 11: Seg5 -> T5
[SHUTTLE 13] ion=10  T5 -> T3  route=T5->J0->J1->J2->T3
    - SPLIT  (6292 -> 6412)  ion 10: T5 -> Seg5 (swap_cnt=1, swap_hops=1, ion_hops=0, i1=10, i2=11)
    - MOVE   (6412 -> 6434)  ion 10: Seg5 -> Seg6 via J0
    - MOVE   (6434 -> 6456)  ion 10: Seg6 -> Seg7 via J1
    - MOVE   (6456 -> 6478)  ion 10: Seg7 -> Seg3 via J2
    - MERGE  (6478 -> 6558)  ion 10: Seg3 -> T3
[SHUTTLE 14] ion=9  T3 -> T1  route=T3->J2->J1->T1
    - SPLIT  (6798 -> 6918)  ion 9: T3 -> Seg3 (swap_cnt=1, swap_hops=1, ion_hops=0, i1=9, i2=10)
    - MOVE   (6918 -> 6940)  ion 9: Seg3 -> Seg7 via J2
    - MOVE   (6940 -> 6962)  ion 9: Seg7 -> Seg1 via J1
    - MERGE  (6962 -> 7042)  ion 9: Seg1 -> T1
[SHUTTLE 15] ion=21  T1 -> T3  route=T1->J1->J2->T3
    - SPLIT  (7322 -> 7442)  ion 21: T1 -> Seg1 (swap_cnt=1, swap_hops=1, ion_hops=0, i1=21, i2=9)
    - MOVE   (7442 -> 7464)  ion 21: Seg1 -> Seg7 via J1
    - MOVE   (7464 -> 7486)  ion 21: Seg7 -> Seg3 via J2
    - MERGE  (7486 -> 7566)  ion 21: Seg3 -> T3
[SHUTTLE 16] ion=24  T5 -> T1  route=T5->J0->J1->T1
    - SPLIT  (8006 -> 8126)  ion 24: T5 -> Seg5 (swap_cnt=1, swap_hops=1, ion_hops=0, i1=24, i2=11)
    - MOVE   (8126 -> 8148)  ion 24: Seg5 -> Seg6 via J0
    - MOVE   (8148 -> 8170)  ion 24: Seg6 -> Seg1 via J1
    - MERGE  (8170 -> 8250)  ion 24: Seg1 -> T1
[SHUTTLE 17] ion=28  T5 -> T1  route=T5->J0->J1->T1
    - SPLIT  (8290 -> 8410)  ion 28: T5 -> Seg5 (swap_cnt=1, swap_hops=1, ion_hops=0, i1=28, i2=11)
    - MOVE   (8410 -> 8432)  ion 28: Seg5 -> Seg6 via J0
    - MOVE   (8432 -> 8454)  ion 28: Seg6 -> Seg1 via J1
    - MERGE  (8454 -> 8534)  ion 28: Seg1 -> T1
[SHUTTLE 18] ion=13  T1 -> T0  route=T1->J1->J0->T0
    - SPLIT  (8574 -> 8694)  ion 13: T1 -> Seg1 (swap_cnt=1, swap_hops=7, ion_hops=0, i1=13, i2=28)
    - MOVE   (8694 -> 8716)  ion 13: Seg1 -> Seg6 via J1
    - MOVE   (8716 -> 8738)  ion 13: Seg6 -> Seg0 via J0
    - MERGE  (8738 -> 8818)  ion 13: Seg0 -> T0
[SHUTTLE 19] ion=12  T3 -> T0  route=T3->J2->J1->J0->T0
    - SPLIT  (8818 -> 8938)  ion 12: T3 -> Seg3 (swap_cnt=1, swap_hops=4, ion_hops=0, i1=12, i2=21)
    - MOVE   (8938 -> 8960)  ion 12: Seg3 -> Seg7 via J2
    - MOVE   (8960 -> 8982)  ion 12: Seg7 -> Seg6 via J1
    - MOVE   (8982 -> 9004)  ion 12: Seg6 -> Seg0 via J0
    - MERGE  (9004 -> 9084)  ion 12: Seg0 -> T0
[SHUTTLE 20] ion=3  T3 -> T1  route=T3->J2->J1->T1
    - SPLIT  (9084 -> 9204)  ion 3: T3 -> Seg3 (swap_cnt=1, swap_hops=3, ion_hops=0, i1=3, i2=21)
    - MOVE   (9204 -> 9226)  ion 3: Seg3 -> Seg7 via J2
    - MOVE   (9226 -> 9248)  ion 3: Seg7 -> Seg1 via J1
    - MERGE  (9248 -> 9328)  ion 3: Seg1 -> T1
[SHUTTLE 21] ion=27  T1 -> T0  route=T1->J1->J0->T0
    - SPLIT  (9368 -> 9488)  ion 27: T1 -> Seg1 (swap_cnt=1, swap_hops=4, ion_hops=0, i1=27, i2=3)
    - MOVE   (9488 -> 9510)  ion 27: Seg1 -> Seg6 via J1
    - MOVE   (9510 -> 9532)  ion 27: Seg6 -> Seg0 via J0
    - MERGE  (9532 -> 9612)  ion 27: Seg0 -> T0
[SHUTTLE 22] ion=3  T1 -> T0  route=T1->J1->J0->T0
    - SPLIT  (9652 -> 9732)  ion 3: T1 -> Seg1 (swap_cnt=0, swap_hops=0, ion_hops=0, i1=0, i2=0)
    - MOVE   (9732 -> 9754)  ion 3: Seg1 -> Seg6 via J1
    - MOVE   (9754 -> 9776)  ion 3: Seg6 -> Seg0 via J0
    - MERGE  (9776 -> 9856)  ion 3: Seg0 -> T0
[SHUTTLE 23] ion=4  T0 -> T1  route=T0->J0->J1->T1
    - SPLIT  (10096 -> 10216)  ion 4: T0 -> Seg0 (swap_cnt=1, swap_hops=7, ion_hops=0, i1=4, i2=3)
    - MOVE   (10216 -> 10238)  ion 4: Seg0 -> Seg6 via J0
    - MOVE   (10238 -> 10260)  ion 4: Seg6 -> Seg1 via J1
    - MERGE  (10260 -> 10340)  ion 4: Seg1 -> T1
[SHUTTLE 24] ion=5  T0 -> T1  route=T0->J0->J1->T1
    - SPLIT  (10380 -> 10500)  ion 5: T0 -> Seg0 (swap_cnt=1, swap_hops=6, ion_hops=0, i1=5, i2=3)
    - MOVE   (10500 -> 10522)  ion 5: Seg0 -> Seg6 via J0
    - MOVE   (10522 -> 10544)  ion 5: Seg6 -> Seg1 via J1
    - MERGE  (10544 -> 10624)  ion 5: Seg1 -> T1
[SHUTTLE 25] ion=4  T1 -> T0  route=T1->J1->J0->T0
    - SPLIT  (11144 -> 11264)  ion 4: T1 -> Seg1 (swap_cnt=1, swap_hops=1, ion_hops=0, i1=4, i2=5)
    - MOVE   (11264 -> 11286)  ion 4: Seg1 -> Seg6 via J1
    - MOVE   (11286 -> 11308)  ion 4: Seg6 -> Seg0 via J0
    - MERGE  (11308 -> 11388)  ion 4: Seg0 -> T0
[SHUTTLE 26] ion=27  T0 -> T1  route=T0->J0->J1->T1
    - SPLIT  (11628 -> 11748)  ion 27: T0 -> Seg0 (swap_cnt=1, swap_hops=2, ion_hops=0, i1=27, i2=4)
    - MOVE   (11748 -> 11770)  ion 27: Seg0 -> Seg6 via J0
    - MOVE   (11770 -> 11792)  ion 27: Seg6 -> Seg1 via J1
    - MERGE  (11792 -> 11872)  ion 27: Seg1 -> T1
[SHUTTLE 27] ion=3  T0 -> T3  route=T0->J0->J1->J2->T3
    - SPLIT  (11992 -> 12112)  ion 3: T0 -> Seg0 (swap_cnt=1, swap_hops=1, ion_hops=0, i1=3, i2=4)
    - MOVE   (12112 -> 12134)  ion 3: Seg0 -> Seg6 via J0
    - MOVE   (12134 -> 12156)  ion 3: Seg6 -> Seg7 via J1
    - MOVE   (12156 -> 12178)  ion 3: Seg7 -> Seg3 via J2
    - MERGE  (12178 -> 12258)  ion 3: Seg3 -> T3
[SHUTTLE 28] ion=22  T1 -> T3  route=T1->J1->J2->T3
    - SPLIT  (12618 -> 12738)  ion 22: T1 -> Seg1 (swap_cnt=1, swap_hops=5, ion_hops=0, i1=22, i2=27)
    - MOVE   (12738 -> 12760)  ion 22: Seg1 -> Seg7 via J1
    - MOVE   (12760 -> 12782)  ion 22: Seg7 -> Seg3 via J2
    - MERGE  (12782 -> 12862)  ion 22: Seg3 -> T3
[SHUTTLE 29] ion=21  T3 -> T0  route=T3->J2->J1->J0->T0
    - SPLIT  (12902 -> 13022)  ion 21: T3 -> Seg3 (swap_cnt=1, swap_hops=2, ion_hops=0, i1=21, i2=22)
    - MOVE   (13022 -> 13044)  ion 21: Seg3 -> Seg7 via J2
    - MOVE   (13044 -> 13066)  ion 21: Seg7 -> Seg6 via J1
    - MOVE   (13066 -> 13088)  ion 21: Seg6 -> Seg0 via J0
    - MERGE  (13088 -> 13168)  ion 21: Seg0 -> T0
[SHUTTLE 30] ion=22  T3 -> T0  route=T3->J2->J1->J0->T0
    - SPLIT  (13208 -> 13288)  ion 22: T3 -> Seg3 (swap_cnt=0, swap_hops=0, ion_hops=0, i1=0, i2=0)
    - MOVE   (13288 -> 13310)  ion 22: Seg3 -> Seg7 via J2
    - MOVE   (13310 -> 13332)  ion 22: Seg7 -> Seg6 via J1
    - MOVE   (13332 -> 13354)  ion 22: Seg6 -> Seg0 via J0
    - MERGE  (13354 -> 13434)  ion 22: Seg0 -> T0
[SHUTTLE 31] ion=23  T3 -> T0  route=T3->J2->J1->J0->T0
    - SPLIT  (13674 -> 13794)  ion 23: T3 -> Seg3 (swap_cnt=1, swap_hops=3, ion_hops=0, i1=23, i2=3)
    - MOVE   (13794 -> 13816)  ion 23: Seg3 -> Seg7 via J2
    - MOVE   (13816 -> 13838)  ion 23: Seg7 -> Seg6 via J1
    - MOVE   (13838 -> 13860)  ion 23: Seg6 -> Seg0 via J0
    - MERGE  (13860 -> 13940)  ion 23: Seg0 -> T0
[SHUTTLE 32] ion=13  T0 -> T1  route=T0->J0->J1->T1
    - SPLIT  (14260 -> 14380)  ion 13: T0 -> Seg0 (swap_cnt=1, swap_hops=5, ion_hops=0, i1=13, i2=23)
    - MOVE   (14380 -> 14402)  ion 13: Seg0 -> Seg6 via J0
    - MOVE   (14402 -> 14424)  ion 13: Seg6 -> Seg1 via J1
    - MERGE  (14424 -> 14504)  ion 13: Seg1 -> T1
[SHUTTLE 33] ion=13  T1 -> T0  route=T1->J1->J0->T0
    - SPLIT  (15064 -> 15144)  ion 13: T1 -> Seg1 (swap_cnt=0, swap_hops=0, ion_hops=0, i1=0, i2=0)
    - MOVE   (15144 -> 15166)  ion 13: Seg1 -> Seg6 via J1
    - MOVE   (15166 -> 15188)  ion 13: Seg6 -> Seg0 via J0
    - MERGE  (15188 -> 15268)  ion 13: Seg0 -> T0
[SHUTTLE 34] ion=21  T0 -> T3  route=T0->J0->J1->J2->T3
    - SPLIT  (15748 -> 15868)  ion 21: T0 -> Seg0 (swap_cnt=1, swap_hops=3, ion_hops=0, i1=21, i2=13)
    - MOVE   (15868 -> 15890)  ion 21: Seg0 -> Seg6 via J0
    - MOVE   (15890 -> 15912)  ion 21: Seg6 -> Seg7 via J1
    - MOVE   (15912 -> 15934)  ion 21: Seg7 -> Seg3 via J2
    - MERGE  (15934 -> 16014)  ion 21: Seg3 -> T3
[SHUTTLE 35] ion=22  T0 -> T1  route=T0->J0->J1->T1
    - SPLIT  (16054 -> 16174)  ion 22: T0 -> Seg0 (swap_cnt=1, swap_hops=2, ion_hops=0, i1=22, i2=13)
    - MOVE   (16174 -> 16196)  ion 22: Seg0 -> Seg6 via J0
    - MOVE   (16196 -> 16218)  ion 22: Seg6 -> Seg1 via J1
    - MERGE  (16218 -> 16298)  ion 22: Seg1 -> T1
[SHUTTLE 36] ion=23  T0 -> T3  route=T0->J0->J1->J2->T3
    - SPLIT  (16418 -> 16538)  ion 23: T0 -> Seg0 (swap_cnt=1, swap_hops=1, ion_hops=0, i1=23, i2=13)
    - MOVE   (16538 -> 16560)  ion 23: Seg0 -> Seg6 via J0
    - MOVE   (16560 -> 16582)  ion 23: Seg6 -> Seg7 via J1
    - MOVE   (16582 -> 16604)  ion 23: Seg7 -> Seg3 via J2
    - MERGE  (16604 -> 16684)  ion 23: Seg3 -> T3
[SHUTTLE 37] ion=6  T2 -> T3  route=T2->J2->T3
    - SPLIT  (16804 -> 16924)  ion 6: T2 -> Seg2 (swap_cnt=1, swap_hops=5, ion_hops=0, i1=6, i2=29)
    - MOVE   (16924 -> 16946)  ion 6: Seg2 -> Seg3 via J2
    - MERGE  (16946 -> 17026)  ion 6: Seg3 -> T3
[SHUTTLE 38] ion=16  T1 -> T0  route=T1->J1->J0->T0
    - SPLIT  (17306 -> 17426)  ion 16: T1 -> Seg1 (swap_cnt=1, swap_hops=6, ion_hops=0, i1=16, i2=22)
    - MOVE   (17426 -> 17448)  ion 16: Seg1 -> Seg6 via J1
    - MOVE   (17448 -> 17470)  ion 16: Seg6 -> Seg0 via J0
    - MERGE  (17470 -> 17550)  ion 16: Seg0 -> T0
[SHUTTLE 39] ion=0  T3 -> T0  route=T3->J2->J1->J0->T0
    - SPLIT  (17550 -> 17670)  ion 0: T3 -> Seg3 (swap_cnt=1, swap_hops=5, ion_hops=0, i1=0, i2=6)
    - MOVE   (17670 -> 17692)  ion 0: Seg3 -> Seg7 via J2
    - MOVE   (17692 -> 17714)  ion 0: Seg7 -> Seg6 via J1
    - MOVE   (17714 -> 17736)  ion 0: Seg6 -> Seg0 via J0
    - MERGE  (17736 -> 17816)  ion 0: Seg0 -> T0
[SHUTTLE 40] ion=6  T3 -> T1  route=T3->J2->J1->T1
    - SPLIT  (17816 -> 17896)  ion 6: T3 -> Seg3 (swap_cnt=0, swap_hops=0, ion_hops=0, i1=0, i2=0)
    - MOVE   (17896 -> 17918)  ion 6: Seg3 -> Seg7 via J2
    - MOVE   (17918 -> 17940)  ion 6: Seg7 -> Seg1 via J1
    - MERGE  (17940 -> 18020)  ion 6: Seg1 -> T1
[SHUTTLE 41] ion=27  T1 -> T4  route=T1->J1->T4
    - SPLIT  (18060 -> 18180)  ion 27: T1 -> Seg1 (swap_cnt=1, swap_hops=2, ion_hops=0, i1=27, i2=6)
    - MOVE   (18180 -> 18202)  ion 27: Seg1 -> Seg4 via J1
    - MERGE  (18202 -> 18282)  ion 27: Seg4 -> T4
[SHUTTLE 42] ion=6  T1 -> T4  route=T1->J1->T4
    - SPLIT  (18322 -> 18402)  ion 6: T1 -> Seg1 (swap_cnt=0, swap_hops=0, ion_hops=0, i1=0, i2=0)
    - MOVE   (18402 -> 18424)  ion 6: Seg1 -> Seg4 via J1
    - MERGE  (18424 -> 18504)  ion 6: Seg4 -> T4
[SHUTTLE 43] ion=7  T4 -> T1  route=T4->J1->T1
    - SPLIT  (18744 -> 18864)  ion 7: T4 -> Seg4 (swap_cnt=1, swap_hops=2, ion_hops=0, i1=7, i2=6)
    - MOVE   (18864 -> 18886)  ion 7: Seg4 -> Seg1 via J1
    - MERGE  (18886 -> 18966)  ion 7: Seg1 -> T1
[SHUTTLE 44] ion=8  T0 -> T1  route=T0->J0->J1->T1
    - SPLIT  (19006 -> 19126)  ion 8: T0 -> Seg0 (swap_cnt=1, swap_hops=6, ion_hops=0, i1=8, i2=0)
    - MOVE   (19126 -> 19148)  ion 8: Seg0 -> Seg6 via J0
    - MOVE   (19148 -> 19170)  ion 8: Seg6 -> Seg1 via J1
    - MERGE  (19170 -> 19250)  ion 8: Seg1 -> T1
[SHUTTLE 45] ion=7  T1 -> T4  route=T1->J1->T4
    - SPLIT  (19770 -> 19890)  ion 7: T1 -> Seg1 (swap_cnt=1, swap_hops=1, ion_hops=0, i1=7, i2=8)
    - MOVE   (19890 -> 19912)  ion 7: Seg1 -> Seg4 via J1
    - MERGE  (19912 -> 19992)  ion 7: Seg4 -> T4
[SHUTTLE 46] ion=27  T4 -> T1  route=T4->J1->T1
    - SPLIT  (20232 -> 20352)  ion 27: T4 -> Seg4 (swap_cnt=1, swap_hops=2, ion_hops=0, i1=27, i2=7)
    - MOVE   (20352 -> 20374)  ion 27: Seg4 -> Seg1 via J1
    - MERGE  (20374 -> 20454)  ion 27: Seg1 -> T1
[SHUTTLE 47] ion=6  T4 -> T3  route=T4->J1->J2->T3
    - SPLIT  (20574 -> 20694)  ion 6: T4 -> Seg4 (swap_cnt=1, swap_hops=1, ion_hops=0, i1=6, i2=7)
    - MOVE   (20694 -> 20716)  ion 6: Seg4 -> Seg7 via J1
    - MOVE   (20716 -> 20738)  ion 6: Seg7 -> Seg3 via J2
    - MERGE  (20738 -> 20818)  ion 6: Seg3 -> T3
[SHUTTLE 48] ion=22  T1 -> T3  route=T1->J1->J2->T3
    - SPLIT  (21178 -> 21298)  ion 22: T1 -> Seg1 (swap_cnt=1, swap_hops=2, ion_hops=0, i1=22, i2=27)
    - MOVE   (21298 -> 21320)  ion 22: Seg1 -> Seg7 via J1
    - MOVE   (21320 -> 21342)  ion 22: Seg7 -> Seg3 via J2
    - MERGE  (21342 -> 21422)  ion 22: Seg3 -> T3
[SHUTTLE 49] ion=21  T3 -> T2  route=T3->J2->T2
    - SPLIT  (21462 -> 21582)  ion 21: T3 -> Seg3 (swap_cnt=1, swap_hops=3, ion_hops=0, i1=21, i2=22)
    - MOVE   (21582 -> 21604)  ion 21: Seg3 -> Seg2 via J2
    - MERGE  (21604 -> 21684)  ion 21: Seg2 -> T2
[SHUTTLE 50] ion=22  T3 -> T2  route=T3->J2->T2
    - SPLIT  (21724 -> 21804)  ion 22: T3 -> Seg3 (swap_cnt=0, swap_hops=0, ion_hops=0, i1=0, i2=0)
    - MOVE   (21804 -> 21826)  ion 22: Seg3 -> Seg2 via J2
    - MERGE  (21826 -> 21906)  ion 22: Seg2 -> T2
[SHUTTLE 51] ion=15  T2 -> T3  route=T2->J2->T3
    - SPLIT  (22146 -> 22266)  ion 15: T2 -> Seg2 (swap_cnt=1, swap_hops=6, ion_hops=0, i1=15, i2=22)
    - MOVE   (22266 -> 22288)  ion 15: Seg2 -> Seg3 via J2
    - MERGE  (22288 -> 22368)  ion 15: Seg3 -> T3
[SHUTTLE 52] ion=16  T0 -> T3  route=T0->J0->J1->J2->T3
    - SPLIT  (22408 -> 22528)  ion 16: T0 -> Seg0 (swap_cnt=1, swap_hops=1, ion_hops=0, i1=16, i2=0)
    - MOVE   (22528 -> 22550)  ion 16: Seg0 -> Seg6 via J0
    - MOVE   (22550 -> 22572)  ion 16: Seg6 -> Seg7 via J1
    - MOVE   (22572 -> 22594)  ion 16: Seg7 -> Seg3 via J2
    - MERGE  (22594 -> 22674)  ion 16: Seg3 -> T3
[SHUTTLE 53] ion=16  T3 -> T1  route=T3->J2->J1->T1
    - SPLIT  (22954 -> 23034)  ion 16: T3 -> Seg3 (swap_cnt=0, swap_hops=0, ion_hops=0, i1=0, i2=0)
    - MOVE   (23034 -> 23056)  ion 16: Seg3 -> Seg7 via J2
    - MOVE   (23056 -> 23078)  ion 16: Seg7 -> Seg1 via J1
    - MERGE  (23078 -> 23158)  ion 16: Seg1 -> T1
[SHUTTLE 54] ion=24  T1 -> T4  route=T1->J1->T4
    - SPLIT  (23198 -> 23318)  ion 24: T1 -> Seg1 (swap_cnt=1, swap_hops=5, ion_hops=0, i1=24, i2=16)
    - MOVE   (23318 -> 23340)  ion 24: Seg1 -> Seg4 via J1
    - MERGE  (23340 -> 23420)  ion 24: Seg4 -> T4
[SHUTTLE 55] ion=16  T1 -> T4  route=T1->J1->T4
    - SPLIT  (23460 -> 23540)  ion 16: T1 -> Seg1 (swap_cnt=0, swap_hops=0, ion_hops=0, i1=0, i2=0)
    - MOVE   (23540 -> 23562)  ion 16: Seg1 -> Seg4 via J1
    - MERGE  (23562 -> 23642)  ion 16: Seg4 -> T4
[SHUTTLE 56] ion=16  T4 -> T3  route=T4->J1->J2->T3
    - SPLIT  (24122 -> 24202)  ion 16: T4 -> Seg4 (swap_cnt=0, swap_hops=0, ion_hops=0, i1=0, i2=0)
    - MOVE   (24202 -> 24224)  ion 16: Seg4 -> Seg7 via J1
    - MOVE   (24224 -> 24246)  ion 16: Seg7 -> Seg3 via J2
    - MERGE  (24246 -> 24326)  ion 16: Seg3 -> T3
[SHUTTLE 57] ion=15  T3 -> T2  route=T3->J2->T2
    - SPLIT  (24566 -> 24686)  ion 15: T3 -> Seg3 (swap_cnt=1, swap_hops=1, ion_hops=0, i1=15, i2=16)
    - MOVE   (24686 -> 24708)  ion 15: Seg3 -> Seg2 via J2
    - MERGE  (24708 -> 24788)  ion 15: Seg2 -> T2
[SHUTTLE 58] ion=21  T2 -> T3  route=T2->J2->T3
    - SPLIT  (25028 -> 25148)  ion 21: T2 -> Seg2 (swap_cnt=1, swap_hops=2, ion_hops=0, i1=21, i2=15)
    - MOVE   (25148 -> 25170)  ion 21: Seg2 -> Seg3 via J2
    - MERGE  (25170 -> 25250)  ion 21: Seg3 -> T3
[SHUTTLE 59] ion=27  T1 -> T2  route=T1->J1->J2->T2
    - SPLIT  (25410 -> 25490)  ion 27: T1 -> Seg1 (swap_cnt=0, swap_hops=0, ion_hops=0, i1=0, i2=0)
    - MOVE   (25490 -> 25512)  ion 27: Seg1 -> Seg7 via J1
    - MOVE   (25512 -> 25534)  ion 27: Seg7 -> Seg2 via J2
    - MERGE  (25534 -> 25614)  ion 27: Seg2 -> T2
[SHUTTLE 60] ion=24  T4 -> T2  route=T4->J1->J2->T2
    - SPLIT  (25654 -> 25734)  ion 24: T4 -> Seg4 (swap_cnt=0, swap_hops=0, ion_hops=0, i1=0, i2=0)
    - MOVE   (25734 -> 25756)  ion 24: Seg4 -> Seg7 via J1
    - MOVE   (25756 -> 25778)  ion 24: Seg7 -> Seg2 via J2
    - MERGE  (25778 -> 25858)  ion 24: Seg2 -> T2
[SHUTTLE 61] ion=24  T2 -> T1  route=T2->J2->J1->T1
    - SPLIT  (25898 -> 25978)  ion 24: T2 -> Seg2 (swap_cnt=0, swap_hops=0, ion_hops=0, i1=0, i2=0)
    - MOVE   (25978 -> 26000)  ion 24: Seg2 -> Seg7 via J2
    - MOVE   (26000 -> 26022)  ion 24: Seg7 -> Seg1 via J1
    - MERGE  (26022 -> 26102)  ion 24: Seg1 -> T1
[SHUTTLE 62] ion=25  T3 -> T2  route=T3->J2->T2
    - SPLIT  (26142 -> 26262)  ion 25: T3 -> Seg3 (swap_cnt=1, swap_hops=6, ion_hops=0, i1=25, i2=21)
    - MOVE   (26262 -> 26284)  ion 25: Seg3 -> Seg2 via J2
    - MERGE  (26284 -> 26364)  ion 25: Seg2 -> T2
[SHUTTLE 63] ion=18  T2 -> T3  route=T2->J2->T3
    - SPLIT  (26404 -> 26524)  ion 18: T2 -> Seg2 (swap_cnt=1, swap_hops=7, ion_hops=0, i1=18, i2=25)
    - MOVE   (26524 -> 26546)  ion 18: Seg2 -> Seg3 via J2
    - MERGE  (26546 -> 26626)  ion 18: Seg3 -> T3
[SHUTTLE 64] ion=26  T3 -> T2  route=T3->J2->T2
    - SPLIT  (26666 -> 26786)  ion 26: T3 -> Seg3 (swap_cnt=1, swap_hops=7, ion_hops=0, i1=26, i2=18)
    - MOVE   (26786 -> 26808)  ion 26: Seg3 -> Seg2 via J2
    - MERGE  (26808 -> 26888)  ion 26: Seg2 -> T2
[SHUTTLE 65] ion=25  T2 -> T3  route=T2->J2->T3
    - SPLIT  (26928 -> 27048)  ion 25: T2 -> Seg2 (swap_cnt=1, swap_hops=1, ion_hops=0, i1=25, i2=26)
    - MOVE   (27048 -> 27070)  ion 25: Seg2 -> Seg3 via J2
    - MERGE  (27070 -> 27150)  ion 25: Seg3 -> T3
[SHUTTLE 66] ion=18  T3 -> T2  route=T3->J2->T2
    - SPLIT  (27190 -> 27310)  ion 18: T3 -> Seg3 (swap_cnt=1, swap_hops=1, ion_hops=0, i1=18, i2=25)
    - MOVE   (27310 -> 27332)  ion 18: Seg3 -> Seg2 via J2
    - MERGE  (27332 -> 27412)  ion 18: Seg2 -> T2
[SHUTTLE 67] ion=26  T2 -> T3  route=T2->J2->T3
    - SPLIT  (27772 -> 27892)  ion 26: T2 -> Seg2 (swap_cnt=1, swap_hops=1, ion_hops=0, i1=26, i2=18)
    - MOVE   (27892 -> 27914)  ion 26: Seg2 -> Seg3 via J2
    - MERGE  (27914 -> 27994)  ion 26: Seg3 -> T3
[SHUTTLE 68] ion=28  T1 -> T2  route=T1->J1->J2->T2
    - SPLIT  (28074 -> 28194)  ion 28: T1 -> Seg1 (swap_cnt=1, swap_hops=3, ion_hops=0, i1=28, i2=24)
    - MOVE   (28194 -> 28216)  ion 28: Seg1 -> Seg7 via J1
    - MOVE   (28216 -> 28238)  ion 28: Seg7 -> Seg2 via J2
    - MERGE  (28238 -> 28318)  ion 28: Seg2 -> T2
[SHUTTLE 69] ion=15  T2 -> T0  route=T2->J2->J1->J0->T0
    - SPLIT  (29118 -> 29238)  ion 15: T2 -> Seg2 (swap_cnt=1, swap_hops=3, ion_hops=0, i1=15, i2=28)
    - MOVE   (29238 -> 29260)  ion 15: Seg2 -> Seg7 via J2
    - MOVE   (29260 -> 29282)  ion 15: Seg7 -> Seg6 via J1
    - MOVE   (29282 -> 29304)  ion 15: Seg6 -> Seg0 via J0
    - MERGE  (29304 -> 29384)  ion 15: Seg0 -> T0
[SHUTTLE 70] ion=10  T3 -> T0  route=T3->J2->J1->J0->T0
    - SPLIT  (29384 -> 29504)  ion 10: T3 -> Seg3 (swap_cnt=1, swap_hops=7, ion_hops=0, i1=10, i2=26)
    - MOVE   (29504 -> 29526)  ion 10: Seg3 -> Seg7 via J2
    - MOVE   (29526 -> 29548)  ion 10: Seg7 -> Seg6 via J1
    - MOVE   (29548 -> 29570)  ion 10: Seg6 -> Seg0 via J0
    - MERGE  (29570 -> 29650)  ion 10: Seg0 -> T0
[SHUTTLE 71] ion=18  T2 -> T3  route=T2->J2->T3
    - SPLIT  (29650 -> 29770)  ion 18: T2 -> Seg2 (swap_cnt=1, swap_hops=1, ion_hops=0, i1=18, i2=28)
    - MOVE   (29770 -> 29792)  ion 18: Seg2 -> Seg3 via J2
    - MERGE  (29792 -> 29872)  ion 18: Seg3 -> T3
SplitSWAP: 56
TotalShuttle: 72
----------------
